1 CPUs
HOSTNAME = c4305
USER = tranchau
Simple Linux Utility for Resource Management (SLURM) job
SLURM_NODELIST = c4305
SLURM_TASKS_PER_NODE = 1
Mahti - CSC, Kajaani, Finland
Running job: 5293411
Non-MPI version
datadir = data
-- DEBUG CONFIG --
$mpi            =  <0>
$ncpus          =  <1>
$npops          =  <>
$local_disc     =  <0>
$one_local_disc =  <0>
$remote_top     =  <0>
$local_binary   =  <0>
$datadir        =  <data>
$SCRATCH_DIR    =  </scratch/pencil-2444244>
$hn             =  <c4305.mahti.csc.fi>
$masterhost     =  <>
$mpirun         =  <>
$mpirunops      =  <>
$mpirunops2     =  <>
$x_ops          =  <>
$NODELIST       =  <c4305>
$SSH            =  <ssh>
$SCP            =  <scp>
$PARENT_PID     =  <2444244>
$copysnapshots  =  <copy-snapshots>
$particles      =  <0>
$pointmasses    =  <0>
--
Revision: 

Tue Oct 21 00:23:07 EEST 2025
    src/run.x 
SVN: -------            v.         (                   ) $Id$
SVN: -------            v.         (                   )                    
SVN: -------            v.         (                   )                    
WARNING:  run: quad precision suppressed!
SVN: -------            v.         (                   ) $Id$
SVN: -------            v.         (                   ) $Id$
SVN: -------            v.         (                   ) $Id$
SVN: -------            v.         (                   ) $Id$
SVN: -------            v.         (                   ) $Id$
SVN: -------            v.         (                   ) $Id$
SVN: -------            v.         (                   ) $Id$
SVN: -------            v.         (                   ) $Id$
SVN: -------            v.         (                   ) $Id$
SVN: -------            v.         (                   ) $Id$
SVN: -------            v.         (                   ) $Id$
SVN: -------            v.         (                   ) $Id$
SVN: -------            v.         (                   ) $Id$
SVN: -------            v.         (                   ) $Id$
SVN: -------            v.         (                   ) $Id$
SVN: -------            v.         (                   ) $Id$
SVN: -------            v.         (                   ) $Id$
SVN: -------            v.         (                   ) $Id$
SVN: -------            v.         (                   ) $Id$
SVN: -------            v.         (                   ) $Id$
SVN: -------            v.         (                   ) $Id$
SVN: -------            v.         (                   ) $Id$
SVN: -------            v.         (                   ) $Id$
SVN: -------            v.         (                   ) $Id$
SVN: -------            v.         (                   ) $Id$
SVN: -------            v.         (                   ) $Id$
SVN: -------            v.         (                   ) $Id$
SVN: -------            v.         (                   ) $Id$
SVN: -------            v.         (                   ) $Id$
 The verbose level is ip=          14  (ldebug= F )
 This is a 1-D run
 nxgrid, nygrid, nzgrid=        4000           1           1
 Lx, Ly, Lz=   1.00000000       1.00000000       1.00000000    
       Vbox=   1.00000000    
 rsnap: read snapshot var.dat in    0.0000000000000000       seconds
 setup_slices: slice_position = p
 setup_slices: ix_loc,iy_loc,iz_loc, (video files) = 4 4 4                                                                           
 units_general: unit_velocity=   97781.229948950713     
 units_general: unit_density=   1.6737236000000002E-024
 units_general: unit_length=   3.0856775800000002E+021
 units_general: unit_magnetic=   4.4843790064030054E-007
 units_eos: unit_temperature=   68.996576501564562     
 units_eos: cp, lnTT0, cs0, pp0, Rgas=   1.50000000       1.19209282E-07   1.00000000      0.600000083      0.600000024    
 alpha_fine =   7.2973525643000000E-003
 sigma_Thomson_cgs =   6.6524587321600003E-025
 diffusion: shock diffusion
WARNING:  initialize_density: For diffusion energy/momentum correction should use lmassdiff_fix=T!
 initialize_density: no need to read initial stratification for lanti_shockdiffusion=F.
 select_eos_variable: Using rho and ss
 initialize_energy: nheatc_max,iheatcond=           4 shock                                   nothing                                 nothing                                 nothing                                 
 heat conduction: shock
 viscous force: nu_shock*(XXXXXXXXXXX)
 pencil_consistency_check: checking pencil case
 pencil_consistency_check: checking requested pencils
 pencil_consistency_check: performing small pencil check
 pencil_consistency_check: the small pencil check reported no problems
 pencil_consistency_check: checking dependence on pencil initialization
 pencil_consistency_check: results are independent of pencil initialization
 pencil_consistency_check: checking diagnostics pencils
 pencil_consistency_check: performing small pencil check
 pencil_consistency_check: the small pencil check reported no problems
 pencil_consistency_check: set lpencil_check_diagnos_opti=T in run.in to report
 pencil_consistency_check: optimisation possibilities for diagnostics pencils
 pencil_consistency_check: checking dependence on pencil initialization
 pencil_consistency_check: diagnostics are independent of pencil initialization
 pencil_consistency_check: all tests passed
 pde: ENTER
SVN: -------            v.         (                   ) $Id$
 calc_pencils_energy: max(advec_cs2) =   1.07003314E+12
 duu_dt: SOLVE
Bcs for         ux,  x: <       a>, y: <       p>,  z: <       p>
Bcs for         uy,  x: <       s>, y: <       p>,  z: <       p>
Bcs for         uz,  x: <       s>, y: <       p>,  z: <       p>
 duu_dt: max(advec_uu) =   0.00000000    
 dlnrho_dt: SOLVE
Bcs for      lnrho,  x: <       s>, y: <       p>,  z: <       p>
 dlnrho_dt: diffrho_shock=  0.500000000    
 dlnrho_dt: max(diffus_diffrho ) =   0.00000000    
 dlnrho_dt: max(diffus_diffrho3) =   0.00000000    
 denergy_dt: SOLVE denergy_dt
Bcs for         ss,  x: <       s>, y: <       p>,  z: <       p>
 denergy_dt: lnTT,cs2,cp1=   11.1111116       66910.5312       1.17283905    
 calc_heatcond_shock: use shock diffusion
 calc_heatcond_shock: chi_shock=  0.500000000    
 calc_heatcond_shock: added thdiff

 ---it--------t-----------dt---------umax--------ekin--------ethm-------TTmax--------epsK-----visc_heatm----pdivum-------ruxm-------rhomin------rhomax-------ssm-----
      0   0.0000E+00  4.8336E-09  0.0000E+00  0.0000E+00  2.9153E+04  6.6911E+04  0.0000E+00  0.0000E+00  0.0000E+00  0.0000E+00  2.5000E-02  1.0000E+00  9.0000E+00
   1000   4.8336E-06  4.8336E-09  1.6509E+01  1.0464E+00  2.9152E+04  6.6911E+04  8.9519E+00  3.7275E+01  4.3197E+05  1.9396E-01  2.5000E-02  1.0000E+00  9.0000E+00
   2000   9.6672E-06  4.8336E-09  3.2834E+01  4.1571E+00  2.9148E+04  6.6911E+04  1.2055E+02  5.0333E+02  8.5260E+05  3.8790E-01  2.5000E-02  1.0000E+00  9.0001E+00
   3000   1.4496E-05  4.8106E-09  4.8812E+01  9.2455E+00  2.9143E+04  6.6911E+04  5.4777E+02  2.2961E+03  1.2519E+06  5.8161E-01  2.5000E-02  1.0000E+00  9.0003E+00
   4000   1.9255E-05  4.5960E-09  6.4126E+01  1.6075E+01  2.9136E+04  6.6911E+04  1.5628E+03  6.5867E+03  1.6179E+06  7.7241E-01  2.5000E-02  1.0000E+00  9.0006E+00
   5000   2.3298E-05  3.5881E-09  7.6726E+01  2.3184E+01  2.9129E+04  6.6911E+04  3.1185E+03  1.3225E+04  1.9038E+06  9.3444E-01  2.5000E-02  1.0000E+00  9.0009E+00
   6000   2.6563E-05  2.9869E-09  8.6730E+01  2.9723E+01  2.9122E+04  6.6911E+04  4.9615E+03  2.1179E+04  2.1166E+06  1.0651E+00  2.5000E-02  1.0000E+00  9.0013E+00
   7000   2.9342E-05  2.5965E-09  9.4884E+01  3.5806E+01  2.9115E+04  6.6911E+04  7.0020E+03  3.0090E+04  2.2849E+06  1.1763E+00  2.5000E-02  1.0000E+00  9.0016E+00
   8000   3.1793E-05  2.3197E-09  1.0168E+02  4.1535E+01  2.9109E+04  6.6911E+04  9.1878E+03  3.9755E+04  2.4234E+06  1.2743E+00  2.5000E-02  1.0000E+00  9.0019E+00
   9000   3.4004E-05  2.1119E-09  1.0788E+02  4.6977E+01  2.9103E+04  6.6911E+04  1.1475E+04  5.0011E+04  2.5406E+06  1.3626E+00  2.5000E-02  1.0000E+00  9.0022E+00
  10000   3.6032E-05  1.9489E-09  1.1330E+02  5.2177E+01  2.9097E+04  6.6911E+04  1.3833E+04  6.0738E+04  2.6418E+06  1.4435E+00  2.5000E-02  1.0000E+00  9.0025E+00
  11000   3.7912E-05  1.8165E-09  1.1820E+02  5.7168E+01  2.9092E+04  6.6911E+04  1.6240E+04  7.1846E+04  2.7305E+06  1.5185E+00  2.5000E-02  1.0000E+00  9.0028E+00
  12000   3.9673E-05  1.7072E-09  1.2266E+02  6.1978E+01  2.9087E+04  6.6911E+04  1.8676E+04  8.3257E+04  2.8091E+06  1.5887E+00  2.5000E-02  1.0000E+00  9.0031E+00
  13000   4.1333E-05  1.6156E-09  1.2669E+02  6.6629E+01  2.9082E+04  6.6911E+04  2.1125E+04  9.4916E+04  2.8793E+06  1.6548E+00  2.5000E-02  1.0000E+00  9.0034E+00
  14000   4.2908E-05  1.5367E-09  1.3038E+02  7.1138E+01  2.9077E+04  6.6911E+04  2.3573E+04  1.0677E+05  2.9427E+06  1.7174E+00  2.5000E-02  1.0000E+00  9.0037E+00
  15000   4.4410E-05  1.4681E-09  1.3384E+02  7.5520E+01  2.9072E+04  6.6911E+04  2.6013E+04  1.1878E+05  3.0002E+06  1.7771E+00  2.5000E-02  1.0000E+00  9.0040E+00
  16000   4.5848E-05  1.4084E-09  1.3710E+02  7.9786E+01  2.9067E+04  6.6911E+04  2.8438E+04  1.3090E+05  3.0527E+06  1.8342E+00  2.5000E-02  1.0000E+00  9.0043E+00
  17000   4.7229E-05  1.3557E-09  1.4010E+02  8.3947E+01  2.9062E+04  6.6911E+04  3.0842E+04  1.4312E+05  3.1010E+06  1.8891E+00  2.5000E-02  1.0000E+00  9.0047E+00
  18000   4.8561E-05  1.3088E-09  1.4292E+02  8.8013E+01  2.9058E+04  6.6911E+04  3.3221E+04  1.5540E+05  3.1455E+06  1.9419E+00  2.5000E-02  1.0000E+00  9.0050E+00
  19000   4.9848E-05  1.2663E-09  1.4559E+02  9.1990E+01  2.9053E+04  6.6911E+04  3.5567E+04  1.6773E+05  3.1867E+06  1.9929E+00  2.5000E-02  1.0000E+00  9.0053E+00
  20000   5.1095E-05  1.2280E-09  1.4810E+02  9.5886E+01  2.9049E+04  6.6911E+04  3.7878E+04  1.8006E+05  3.2250E+06  2.0423E+00  2.5000E-02  1.0000E+00  9.0056E+00
  21000   5.2305E-05  1.1934E-09  1.5049E+02  9.9706E+01  2.9045E+04  6.6911E+04  4.0149E+04  1.9241E+05  3.2606E+06  2.0902E+00  2.5000E-02  1.0000E+00  9.0059E+00
  22000   5.3483E-05  1.1614E-09  1.5280E+02  1.0346E+02  2.9040E+04  6.6911E+04  4.2378E+04  2.0474E+05  3.2939E+06  2.1367E+00  2.5000E-02  1.0000E+00  9.0062E+00
  23000   5.4629E-05  1.1327E-09  1.5499E+02  1.0714E+02  2.9036E+04  6.6911E+04  4.4566E+04  2.1703E+05  3.3252E+06  2.1821E+00  2.5000E-02  1.0000E+00  9.0066E+00
  24000   5.5749E-05  1.1057E-09  1.5705E+02  1.1076E+02  2.9032E+04  6.6911E+04  4.6709E+04  2.2929E+05  3.3546E+06  2.2263E+00  2.5000E-02  1.0000E+00  9.0069E+00
  25000   5.6842E-05  1.0812E-09  1.5897E+02  1.1433E+02  2.9028E+04  6.6911E+04  4.8806E+04  2.4149E+05  3.3823E+06  2.2694E+00  2.5000E-02  1.0000E+00  9.0072E+00
  26000   5.7912E-05  1.0583E-09  1.6076E+02  1.1784E+02  2.9024E+04  6.6911E+04  5.0855E+04  2.5363E+05  3.4084E+06  2.3116E+00  2.5000E-02  1.0000E+00  9.0075E+00
  27000   5.8960E-05  1.0375E-09  1.6253E+02  1.2130E+02  2.9020E+04  6.6911E+04  5.2854E+04  2.6570E+05  3.4331E+06  2.3529E+00  2.5000E-02  1.0000E+00  9.0079E+00
  28000   5.9987E-05  1.0180E-09  1.6424E+02  1.2472E+02  2.9016E+04  6.6911E+04  5.4804E+04  2.7768E+05  3.4565E+06  2.3934E+00  2.5000E-02  1.0000E+00  9.0082E+00
  29000   6.0996E-05  9.9959E-10  1.6589E+02  1.2809E+02  2.9012E+04  6.6911E+04  5.6703E+04  2.8958E+05  3.4788E+06  2.4331E+00  2.5000E-02  1.0000E+00  9.0085E+00
  30000   6.1987E-05  9.8250E-10  1.6748E+02  1.3142E+02  2.9008E+04  6.6911E+04  5.8550E+04  3.0138E+05  3.4999E+06  2.4721E+00  2.5000E-02  1.0000E+00  9.0089E+00
  31000   6.2962E-05  9.6623E-10  1.6907E+02  1.3470E+02  2.9004E+04  6.6911E+04  6.0345E+04  3.1308E+05  3.5201E+06  2.5104E+00  2.5000E-02  1.0000E+00  9.0092E+00
  32000   6.3920E-05  9.5116E-10  1.7063E+02  1.3795E+02  2.9001E+04  6.6911E+04  6.2087E+04  3.2467E+05  3.5393E+06  2.5481E+00  2.5000E-02  1.0000E+00  9.0096E+00
  33000   6.4865E-05  9.3681E-10  1.7210E+02  1.4117E+02  2.8997E+04  6.6911E+04  6.3778E+04  3.3613E+05  3.5576E+06  2.5852E+00  2.5000E-02  1.0000E+00  9.0099E+00
  34000   6.5795E-05  9.2335E-10  1.7348E+02  1.4434E+02  2.8993E+04  6.6911E+04  6.5417E+04  3.4748E+05  3.5750E+06  2.6217E+00  2.5000E-02  1.0000E+00  9.0102E+00
  35000   6.6712E-05  9.1054E-10  1.7481E+02  1.4749E+02  2.8989E+04  6.6911E+04  6.7005E+04  3.5869E+05  3.5917E+06  2.6577E+00  2.5000E-02  1.0000E+00  9.0106E+00
  36000   6.7616E-05  8.9842E-10  1.7614E+02  1.5060E+02  2.8986E+04  6.6911E+04  6.8539E+04  3.6977E+05  3.6077E+06  2.6932E+00  2.5000E-02  1.0000E+00  9.0109E+00
  37000   6.8509E-05  8.8696E-10  1.7739E+02  1.5368E+02  2.8982E+04  6.6911E+04  7.0019E+04  3.8070E+05  3.6230E+06  2.7282E+00  2.5000E-02  1.0000E+00  9.0113E+00
  38000   6.9390E-05  8.7599E-10  1.7855E+02  1.5674E+02  2.8979E+04  6.6911E+04  7.1445E+04  3.9149E+05  3.6376E+06  2.7627E+00  2.5000E-02  1.0000E+00  9.0116E+00
  39000   7.0261E-05  8.6548E-10  1.7974E+02  1.5976E+02  2.8975E+04  6.6911E+04  7.2818E+04  4.0213E+05  3.6517E+06  2.7968E+00  2.5000E-02  1.0000E+00  9.0120E+00
  40000   7.1121E-05  8.5524E-10  1.8091E+02  1.6276E+02  2.8971E+04  6.6911E+04  7.4138E+04  4.1261E+05  3.6653E+06  2.8304E+00  2.5000E-02  1.0000E+00  9.0123E+00
  41000   7.1971E-05  8.4591E-10  1.8201E+02  1.6573E+02  2.8968E+04  6.6911E+04  7.5406E+04  4.2295E+05  3.6783E+06  2.8637E+00  2.5000E-02  1.0000E+00  9.0127E+00
  42000   7.2813E-05  8.3663E-10  1.8310E+02  1.6868E+02  2.8965E+04  6.6911E+04  7.6624E+04  4.3313E+05  3.6909E+06  2.8966E+00  2.5000E-02  1.0000E+00  9.0130E+00
  43000   7.3645E-05  8.2802E-10  1.8420E+02  1.7160E+02  2.8961E+04  6.6911E+04  7.7795E+04  4.4315E+05  3.7031E+06  2.9292E+00  2.5000E-02  1.0000E+00  9.0134E+00
  44000   7.4469E-05  8.1980E-10  1.8523E+02  1.7450E+02  2.8958E+04  6.6911E+04  7.8918E+04  4.5302E+05  3.7148E+06  2.9614E+00  2.5000E-02  1.0000E+00  9.0138E+00
  45000   7.5285E-05  8.1183E-10  1.8618E+02  1.7738E+02  2.8954E+04  6.6911E+04  7.9997E+04  4.6273E+05  3.7262E+06  2.9933E+00  2.5000E-02  1.0000E+00  9.0141E+00
  46000   7.6093E-05  8.0435E-10  1.8720E+02  1.8024E+02  2.8951E+04  6.6911E+04  8.1033E+04  4.7229E+05  3.7372E+06  3.0248E+00  2.5000E-02  1.0000E+00  9.0145E+00
  47000   7.6893E-05  7.9694E-10  1.8813E+02  1.8308E+02  2.8947E+04  6.6911E+04  8.2027E+04  4.8170E+05  3.7478E+06  3.0561E+00  2.5000E-02  1.0000E+00  9.0148E+00
  48000   7.7687E-05  7.8991E-10  1.8895E+02  1.8590E+02  2.8944E+04  6.6911E+04  8.2980E+04  4.9096E+05  3.7581E+06  3.0870E+00  2.5000E-02  1.0000E+00  9.0152E+00
  49000   7.8474E-05  7.8332E-10  1.8987E+02  1.8870E+02  2.8941E+04  6.6911E+04  8.3892E+04  5.0008E+05  3.7680E+06  3.1177E+00  2.5000E-02  1.0000E+00  9.0156E+00
  50000   7.9254E-05  7.7705E-10  1.9072E+02  1.9148E+02  2.8937E+04  6.6911E+04  8.4763E+04  5.0905E+05  3.7777E+06  3.1482E+00  2.5000E-02  1.0000E+00  9.0159E+00
  51000   8.0028E-05  7.7101E-10  1.9149E+02  1.9425E+02  2.8934E+04  6.6911E+04  8.5593E+04  5.1789E+05  3.7870E+06  3.1783E+00  2.5000E-02  1.0000E+00  9.0163E+00
  52000   8.0795E-05  7.6495E-10  1.9235E+02  1.9700E+02  2.8931E+04  6.6911E+04  8.6383E+04  5.2660E+05  3.7960E+06  3.2083E+00  2.5000E-02  1.0000E+00  9.0166E+00
  53000   8.1558E-05  7.5915E-10  1.9317E+02  1.9973E+02  2.8927E+04  6.6911E+04  8.7134E+04  5.3518E+05  3.8048E+06  3.2380E+00  2.5000E-02  1.0000E+00  9.0170E+00
  54000   8.2314E-05  7.5364E-10  1.9393E+02  2.0245E+02  2.8924E+04  6.6911E+04  8.7845E+04  5.4363E+05  3.8133E+06  3.2674E+00  2.5000E-02  1.0000E+00  9.0174E+00
  55000   8.3065E-05  7.4837E-10  1.9477E+02  2.0515E+02  2.8921E+04  6.6911E+04  8.8522E+04  5.5196E+05  3.8216E+06  3.2967E+00  2.5000E-02  1.0000E+00  9.0177E+00
  56000   8.3811E-05  7.4341E-10  1.9557E+02  2.0784E+02  2.8918E+04  6.6911E+04  8.9163E+04  5.6017E+05  3.8297E+06  3.3257E+00  2.5000E-02  1.0000E+00  9.0181E+00
  57000   8.4552E-05  7.3826E-10  1.9633E+02  2.1052E+02  2.8914E+04  6.6911E+04  8.9775E+04  5.6826E+05  3.8375E+06  3.3546E+00  2.5000E-02  1.0000E+00  9.0185E+00
  58000   8.5287E-05  7.3331E-10  1.9715E+02  2.1318E+02  2.8911E+04  6.6911E+04  9.0355E+04  5.7625E+05  3.8452E+06  3.3832E+00  2.5000E-02  1.0000E+00  9.0188E+00
  59000   8.6019E-05  7.2866E-10  1.9791E+02  2.1583E+02  2.8908E+04  6.6911E+04  9.0905E+04  5.8413E+05  3.8527E+06  3.4117E+00  2.5000E-02  1.0000E+00  9.0192E+00
  60000   8.6745E-05  7.2419E-10  1.9862E+02  2.1846E+02  2.8905E+04  6.6911E+04  9.1429E+04  5.9191E+05  3.8601E+06  3.4399E+00  2.5000E-02  1.0000E+00  9.0196E+00
  61000   8.7467E-05  7.1978E-10  1.9940E+02  2.2108E+02  2.8902E+04  6.6911E+04  9.1927E+04  5.9958E+05  3.8672E+06  3.4680E+00  2.5000E-02  1.0000E+00  9.0199E+00
  62000   8.8184E-05  7.1532E-10  2.0010E+02  2.2369E+02  2.8899E+04  6.6911E+04  9.2400E+04  6.0715E+05  3.8742E+06  3.4959E+00  2.5000E-02  1.0000E+00  9.0203E+00
  63000   8.8898E-05  7.1101E-10  2.0074E+02  2.2629E+02  2.8895E+04  6.6911E+04  9.2848E+04  6.1464E+05  3.8811E+06  3.5237E+00  2.5000E-02  1.0000E+00  9.0207E+00
  64000   8.9607E-05  7.0695E-10  2.0146E+02  2.2887E+02  2.8892E+04  6.6911E+04  9.3273E+04  6.2204E+05  3.8878E+06  3.5512E+00  2.5000E-02  1.0000E+00  9.0210E+00
  65000   9.0311E-05  7.0304E-10  2.0209E+02  2.3145E+02  2.8889E+04  6.6911E+04  9.3673E+04  6.2935E+05  3.8942E+06  3.5786E+00  2.5000E-02  1.0000E+00  9.0214E+00
  66000   9.1012E-05  6.9897E-10  2.0267E+02  2.3401E+02  2.8886E+04  6.6911E+04  9.4050E+04  6.3658E+05  3.9006E+06  3.6059E+00  2.5000E-02  1.0000E+00  9.0218E+00
  67000   9.1710E-05  6.9517E-10  2.0333E+02  2.3656E+02  2.8883E+04  6.6911E+04  9.4407E+04  6.4373E+05  3.9068E+06  3.6330E+00  2.5000E-02  1.0000E+00  9.0222E+00
  68000   9.2403E-05  6.9154E-10  2.0392E+02  2.3910E+02  2.8880E+04  6.6911E+04  9.4743E+04  6.5079E+05  3.9129E+06  3.6599E+00  2.5000E-02  1.0000E+00  9.0225E+00
  69000   9.3093E-05  6.8811E-10  2.0447E+02  2.4164E+02  2.8877E+04  6.6911E+04  9.5061E+04  6.5779E+05  3.9188E+06  3.6867E+00  2.5000E-02  1.0000E+00  9.0229E+00
  70000   9.3779E-05  6.8444E-10  2.0510E+02  2.4416E+02  2.8874E+04  6.6911E+04  9.5358E+04  6.6471E+05  3.9246E+06  3.7133E+00  2.5000E-02  1.0000E+00  9.0233E+00
  71000   9.4462E-05  6.8095E-10  2.0565E+02  2.4667E+02  2.8871E+04  6.6911E+04  9.5636E+04  6.7157E+05  3.9304E+06  3.7399E+00  2.5000E-02  1.0000E+00  9.0236E+00
  72000   9.5141E-05  6.7764E-10  2.0621E+02  2.4917E+02  2.8868E+04  6.6911E+04  9.5898E+04  6.7835E+05  3.9360E+06  3.7663E+00  2.5000E-02  1.0000E+00  9.0240E+00
  73000   9.5817E-05  6.7441E-10  2.0680E+02  2.5167E+02  2.8865E+04  6.6911E+04  9.6143E+04  6.8508E+05  3.9414E+06  3.7925E+00  2.5000E-02  1.0000E+00  9.0244E+00
  74000   9.6490E-05  6.7103E-10  2.0733E+02  2.5415E+02  2.8862E+04  6.6911E+04  9.6374E+04  6.9176E+05  3.9468E+06  3.8186E+00  2.5000E-02  1.0000E+00  9.0247E+00
  75000   9.7159E-05  6.6781E-10  2.0791E+02  2.5662E+02  2.8859E+04  6.6911E+04  9.6587E+04  6.9838E+05  3.9520E+06  3.8446E+00  2.5000E-02  1.0000E+00  9.0251E+00
  76000   9.7825E-05  6.6481E-10  2.0848E+02  2.5909E+02  2.8856E+04  6.6911E+04  9.6790E+04  7.0496E+05  3.9572E+06  3.8705E+00  2.5000E-02  1.0000E+00  9.0255E+00
  77000   9.8489E-05  6.6173E-10  2.0900E+02  2.6155E+02  2.8853E+04  6.6911E+04  9.6977E+04  7.1148E+05  3.9622E+06  3.8962E+00  2.5000E-02  1.0000E+00  9.0258E+00
  78000   9.9149E-05  6.5863E-10  2.0960E+02  2.6399E+02  2.8850E+04  6.6911E+04  9.7150E+04  7.1796E+05  3.9671E+06  3.9218E+00  2.5000E-02  1.0000E+00  9.0262E+00
  79000   9.9806E-05  6.5569E-10  2.1013E+02  2.6643E+02  2.8847E+04  6.6911E+04  9.7311E+04  7.2440E+05  3.9720E+06  3.9474E+00  2.5000E-02  1.0000E+00  9.0266E+00
  80000   1.0046E-04  6.5298E-10  2.1067E+02  2.6886E+02  2.8844E+04  6.6911E+04  9.7464E+04  7.3080E+05  3.9768E+06  3.9728E+00  2.5000E-02  1.0000E+00  9.0269E+00
  81000   1.0111E-04  6.4993E-10  2.1123E+02  2.7129E+02  2.8841E+04  6.6911E+04  9.7607E+04  7.3717E+05  3.9816E+06  3.9980E+00  2.5000E-02  1.0000E+00  9.0273E+00
  82000   1.0176E-04  6.4707E-10  2.1170E+02  2.7370E+02  2.8838E+04  6.6911E+04  9.7743E+04  7.4349E+05  3.9862E+06  4.0232E+00  2.5000E-02  1.0000E+00  9.0277E+00
  83000   1.0241E-04  6.4440E-10  2.1226E+02  2.7611E+02  2.8835E+04  6.6911E+04  9.7869E+04  7.4978E+05  3.9908E+06  4.0483E+00  2.5000E-02  1.0000E+00  9.0280E+00
  84000   1.0305E-04  6.4166E-10  2.1276E+02  2.7851E+02  2.8832E+04  6.6911E+04  9.7992E+04  7.5604E+05  3.9954E+06  4.0732E+00  2.5000E-02  1.0000E+00  9.0284E+00
  85000   1.0369E-04  6.3893E-10  2.1321E+02  2.8090E+02  2.8829E+04  6.6911E+04  9.8108E+04  7.6226E+05  3.9998E+06  4.0981E+00  2.5000E-02  1.0000E+00  9.0288E+00
  86000   1.0433E-04  6.3638E-10  2.1374E+02  2.8329E+02  2.8826E+04  6.6911E+04  9.8217E+04  7.6845E+05  4.0041E+06  4.1228E+00  2.5000E-02  1.0000E+00  9.0291E+00
  87000   1.0496E-04  6.3394E-10  2.1421E+02  2.8566E+02  2.8823E+04  6.6911E+04  9.8320E+04  7.7462E+05  4.0084E+06  4.1475E+00  2.5000E-02  1.0000E+00  9.0295E+00
  88000   1.0559E-04  6.3123E-10  2.1464E+02  2.8803E+02  2.8821E+04  6.6911E+04  9.8419E+04  7.8077E+05  4.0126E+06  4.1720E+00  2.5000E-02  1.0000E+00  9.0298E+00
  89000   1.0622E-04  6.2877E-10  2.1514E+02  2.9040E+02  2.8818E+04  6.6911E+04  9.8516E+04  7.8690E+05  4.0168E+06  4.1965E+00  2.5000E-02  1.0000E+00  9.0302E+00
  90000   1.0685E-04  6.2648E-10  2.1559E+02  2.9275E+02  2.8815E+04  6.6911E+04  9.8606E+04  7.9298E+05  4.0209E+06  4.2209E+00  2.5000E-02  1.0000E+00  9.0306E+00
  91000   1.0748E-04  6.2391E-10  2.1599E+02  2.9510E+02  2.8812E+04  6.6911E+04  9.8691E+04  7.9905E+05  4.0249E+06  4.2451E+00  2.5000E-02  1.0000E+00  9.0309E+00
  92000   1.0810E-04  6.2149E-10  2.1648E+02  2.9744E+02  2.8809E+04  6.6911E+04  9.8775E+04  8.0509E+05  4.0289E+06  4.2693E+00  2.5000E-02  1.0000E+00  9.0313E+00
  93000   1.0872E-04  6.1927E-10  2.1690E+02  2.9977E+02  2.8806E+04  6.6911E+04  9.8853E+04  8.1108E+05  4.0327E+06  4.2933E+00  2.5000E-02  1.0000E+00  9.0316E+00
  94000   1.0934E-04  6.1689E-10  2.1727E+02  3.0210E+02  2.8803E+04  6.6911E+04  9.8927E+04  8.1705E+05  4.0366E+06  4.3173E+00  2.5000E-02  1.0000E+00  9.0320E+00
slurmstepd: error: *** STEP 5293411.1 ON c4305 CANCELLED AT 2025-10-21T00:37:03 DUE TO TIME LIMIT ***
