2025-10-20 18:59:42.773 | INFO     | src.core.logging:setup_file_logging:61 - 📝 Logging to file: logs/submission/shocktube_phase1/2025-10-20_18-59-42_submission.log
2025-10-20 18:59:42.774 | DEBUG    | src.core.logging:setup_file_logging:62 - Log directory: logs/submission/shocktube_phase1
2025-10-20 18:59:42.774 | INFO     | src.experiment.job_manager:submit_suite:20 - Attempting to submit job to SLURM...
2025-10-20 18:59:42.801 | INFO     | src.experiment.job_manager:submit_suite:32 - ==================================================
2025-10-20 18:59:42.802 | INFO     | src.experiment.job_manager:submit_suite:33 -            JOB SUBMITTED SUCCESSFULLY
2025-10-20 18:59:42.802 | INFO     | src.experiment.job_manager:submit_suite:34 - ==================================================
2025-10-20 18:59:42.802 | INFO     | src.experiment.job_manager:submit_suite:35 -   Submission Script: /scratch/project_2008296/chau/pencil_platform/runs/shocktube_phase1/submit_suite.sh
2025-10-20 18:59:42.803 | INFO     | src.experiment.job_manager:submit_suite:36 -   HPC Run Directory: /scratch/project_2008296/chau/runs/shocktube_phase1
2025-10-20 18:59:42.803 | INFO     | src.experiment.job_manager:submit_suite:37 -   SLURM Batch Job ID: 5292100
2025-10-20 18:59:42.804 | INFO     | src.experiment.job_manager:submit_suite:38 -   You can check the status with: python main.py shocktube_phase1 --check
2025-10-20 18:59:42.804 | INFO     | __main__:main:170 - Auto-check enabled, checking job status...
2025-10-20 18:59:42.813 | INFO     | src.core.logging:setup_file_logging:61 - 📝 Logging to file: logs/status/shocktube_phase1/2025-10-20_18-59-42_status.log
2025-10-20 18:59:42.813 | DEBUG    | src.core.logging:setup_file_logging:62 - Log directory: logs/status/shocktube_phase1
2025-10-20 18:59:42.814 | INFO     | src.experiment.job_manager:check_suite_status:63 - --- STATUS CHECK MODE for 'shocktube_phase1' ---
2025-10-20 18:59:42.816 | INFO     | src.experiment.job_manager:check_suite_status:81 - Querying SLURM for batch job ID: 5292100
2025-10-20 18:59:42.831 | WARNING  | src.experiment.job_manager:check_suite_status:113 - No active or recent job tasks found for Job ID 5292100.
2025-10-20 18:59:42.831 | WARNING  | src.experiment.job_manager:check_suite_status:114 - This usually means the job array has completed successfully and is no longer in the recent accounting database.
2025-10-20 18:59:42.831 | INFO     | src.experiment.job_manager:check_suite_status:135 - --- Job Status Summary ---
2025-10-20 18:59:42.832 | INFO     | src.experiment.job_manager:check_suite_status:136 -   Total Simulations: 12
2025-10-20 18:59:42.832 | INFO     | src.experiment.job_manager:check_suite_status:137 -   Completed: 12
2025-10-20 18:59:42.833 | INFO     | src.experiment.job_manager:check_suite_status:138 -   Failed/Cancelled: 0
2025-10-20 18:59:42.834 | INFO     | src.experiment.job_manager:check_suite_status:139 -   Running: 0
2025-10-20 18:59:42.834 | INFO     | src.experiment.job_manager:check_suite_status:140 -   Pending: 0
2025-10-20 18:59:42.834 | INFO     | __main__:main:174 - Auto-postprocessing enabled.
2025-10-20 18:59:42.835 | INFO     | __main__:main:175 - Note: Postprocessing should be run after jobs complete.
2025-10-20 18:59:42.835 | INFO     | __main__:main:176 - To run analysis: python main.py shocktube_phase1 --analyze
2025-10-20 18:59:42.835 | INFO     | __main__:main:177 - To run visualization: python main.py shocktube_phase1 --viz
