1 CPUs
HOSTNAME = c4305
USER = tranchau
Simple Linux Utility for Resource Management (SLURM) job
SLURM_NODELIST = c4305
SLURM_TASKS_PER_NODE = 1
Mahti - CSC, Kajaani, Finland
Running job: 5293401
Non-MPI version
datadir = data
-- DEBUG CONFIG --
$mpi            =  <0>
$ncpus          =  <1>
$npops          =  <>
$local_disc     =  <0>
$one_local_disc =  <0>
$remote_top     =  <0>
$local_binary   =  <0>
$datadir        =  <data>
$SCRATCH_DIR    =  </scratch/pencil-2444258>
$hn             =  <c4305.mahti.csc.fi>
$masterhost     =  <>
$mpirun         =  <>
$mpirunops      =  <>
$mpirunops2     =  <>
$x_ops          =  <>
$NODELIST       =  <c4305>
$SSH            =  <ssh>
$SCP            =  <scp>
$PARENT_PID     =  <2444258>
$copysnapshots  =  <copy-snapshots>
$particles      =  <0>
$pointmasses    =  <0>
--
Revision: 

Tue Oct 21 00:23:07 EEST 2025
    src/run.x 
SVN: -------            v.         (                   ) $Id$
SVN: -------            v.         (                   )                    
SVN: -------            v.         (                   )                    
WARNING:  run: quad precision suppressed!
SVN: -------            v.         (                   ) $Id$
SVN: -------            v.         (                   ) $Id$
SVN: -------            v.         (                   ) $Id$
SVN: -------            v.         (                   ) $Id$
SVN: -------            v.         (                   ) $Id$
SVN: -------            v.         (                   ) $Id$
SVN: -------            v.         (                   ) $Id$
SVN: -------            v.         (                   ) $Id$
SVN: -------            v.         (                   ) $Id$
SVN: -------            v.         (                   ) $Id$
SVN: -------            v.         (                   ) $Id$
SVN: -------            v.         (                   ) $Id$
SVN: -------            v.         (                   ) $Id$
SVN: -------            v.         (                   ) $Id$
SVN: -------            v.         (                   ) $Id$
SVN: -------            v.         (                   ) $Id$
SVN: -------            v.         (                   ) $Id$
SVN: -------            v.         (                   ) $Id$
SVN: -------            v.         (                   ) $Id$
SVN: -------            v.         (                   ) $Id$
SVN: -------            v.         (                   ) $Id$
SVN: -------            v.         (                   ) $Id$
SVN: -------            v.         (                   ) $Id$
SVN: -------            v.         (                   ) $Id$
SVN: -------            v.         (                   ) $Id$
SVN: -------            v.         (                   ) $Id$
SVN: -------            v.         (                   ) $Id$
SVN: -------            v.         (                   ) $Id$
SVN: -------            v.         (                   ) $Id$
 The verbose level is ip=          14  (ldebug= F )
 This is a 1-D run
 nxgrid, nygrid, nzgrid=        4000           1           1
 Lx, Ly, Lz=   1.00000000       1.00000000       1.00000000    
       Vbox=   1.00000000    
 rsnap: read snapshot var.dat in    0.0000000000000000       seconds
 setup_slices: slice_position = p
 setup_slices: ix_loc,iy_loc,iz_loc, (video files) = 4 4 4                                                                           
 units_general: unit_velocity=   97781.229948950713     
 units_general: unit_density=   1.6737236000000002E-024
 units_general: unit_length=   3.0856775800000002E+021
 units_general: unit_magnetic=   4.4843790064030054E-007
 units_eos: unit_temperature=   68.996576501564562     
 units_eos: cp, lnTT0, cs0, pp0, Rgas=   1.50000000       1.19209282E-07   1.00000000      0.600000083      0.600000024    
 alpha_fine =   7.2973525643000000E-003
 sigma_Thomson_cgs =   6.6524587321600003E-025
 diffusion: shock diffusion
WARNING:  initialize_density: For diffusion energy/momentum correction should use lmassdiff_fix=T!
 initialize_density: no need to read initial stratification for lanti_shockdiffusion=F.
 select_eos_variable: Using rho and ss
 initialize_energy: nheatc_max,iheatcond=           4 shock                                   nothing                                 nothing                                 nothing                                 
 heat conduction: shock
 viscous force: nu_shock*(XXXXXXXXXXX)
 pencil_consistency_check: checking pencil case
 pencil_consistency_check: checking requested pencils
 pencil_consistency_check: performing small pencil check
 pencil_consistency_check: the small pencil check reported no problems
 pencil_consistency_check: checking dependence on pencil initialization
 pencil_consistency_check: results are independent of pencil initialization
 pencil_consistency_check: checking diagnostics pencils
 pencil_consistency_check: performing small pencil check
 pencil_consistency_check: the small pencil check reported no problems
 pencil_consistency_check: set lpencil_check_diagnos_opti=T in run.in to report
 pencil_consistency_check: optimisation possibilities for diagnostics pencils
 pencil_consistency_check: checking dependence on pencil initialization
 pencil_consistency_check: diagnostics are independent of pencil initialization
 pencil_consistency_check: all tests passed
 pde: ENTER
SVN: -------            v.         (                   ) $Id$
 calc_pencils_energy: max(advec_cs2) =   1.07003314E+12
 duu_dt: SOLVE
Bcs for         ux,  x: <       a>, y: <       p>,  z: <       p>
Bcs for         uy,  x: <       s>, y: <       p>,  z: <       p>
Bcs for         uz,  x: <       s>, y: <       p>,  z: <       p>
 duu_dt: max(advec_uu) =   0.00000000    
 dlnrho_dt: SOLVE
Bcs for      lnrho,  x: <       s>, y: <       p>,  z: <       p>
 dlnrho_dt: diffrho_shock=   5.00000000    
 dlnrho_dt: max(diffus_diffrho ) =   0.00000000    
 dlnrho_dt: max(diffus_diffrho3) =   0.00000000    
 denergy_dt: SOLVE denergy_dt
Bcs for         ss,  x: <       s>, y: <       p>,  z: <       p>
 denergy_dt: lnTT,cs2,cp1=   11.1111116       66910.5312       1.17283905    
 calc_heatcond_shock: use shock diffusion
 calc_heatcond_shock: chi_shock=   5.00000000    
 calc_heatcond_shock: added thdiff

 ---it--------t-----------dt---------umax--------ekin--------ethm-------TTmax--------epsK-----visc_heatm----pdivum-------ruxm-------rhomin------rhomax-------ssm-----
      0   0.0000E+00  4.8336E-09  0.0000E+00  0.0000E+00  2.9153E+04  6.6911E+04  0.0000E+00  0.0000E+00  0.0000E+00  0.0000E+00  2.5000E-02  1.0000E+00  9.0000E+00
   1000   4.8336E-06  4.8336E-09  1.6535E+01  1.0462E+00  2.9152E+04  6.6911E+04  8.8031E+01  3.6605E+02  4.3197E+05  1.9395E-01  2.5000E-02  1.0000E+00  9.0001E+00
   2000   8.2754E-06  2.4715E-09  2.8525E+01  3.0513E+00  2.9149E+04  6.6911E+04  6.4653E+02  2.6530E+03  7.3315E+05  3.3198E-01  2.5000E-02  1.0000E+00  9.0002E+00
   3000   1.0352E-05  1.7825E-09  3.5838E+01  4.7536E+00  2.9147E+04  6.6911E+04  1.5628E+03  6.1454E+03  9.1033E+05  4.1518E-01  2.5000E-02  1.0000E+00  9.0003E+00
   4000   1.1953E-05  1.4529E-09  4.1309E+01  6.3123E+00  2.9146E+04  6.6911E+04  2.5573E+03  1.0062E+04  1.0439E+06  4.7931E-01  2.5000E-02  1.0000E+00  9.0005E+00
   5000   1.3300E-05  1.2534E-09  4.5606E+01  7.7832E+00  2.9144E+04  6.6911E+04  3.6005E+03  1.4271E+04  1.1538E+06  5.3317E-01  2.5000E-02  1.0000E+00  9.0006E+00
   6000   1.4481E-05  1.1168E-09  4.9509E+01  9.1920E+00  2.9142E+04  6.6911E+04  4.7306E+03  1.8808E+04  1.2483E+06  5.8040E-01  2.5000E-02  1.0000E+00  9.0008E+00
   7000   1.5546E-05  1.0173E-09  5.3280E+01  1.0554E+01  2.9140E+04  6.6911E+04  5.9004E+03  2.3554E+04  1.3319E+06  6.2293E-01  2.5000E-02  1.0000E+00  9.0009E+00
   8000   1.6523E-05  9.4126E-10  5.6952E+01  1.1880E+01  2.9139E+04  6.6911E+04  7.1293E+03  2.8518E+04  1.4074E+06  6.6196E-01  2.5000E-02  1.0000E+00  9.0010E+00
   9000   1.7434E-05  8.8138E-10  6.0235E+01  1.3177E+01  2.9137E+04  6.6911E+04  8.5398E+03  3.3907E+04  1.4762E+06  6.9826E-01  2.5000E-02  1.0000E+00  9.0012E+00
  10000   1.8290E-05  8.3223E-10  6.3295E+01  1.4451E+01  2.9135E+04  6.6911E+04  9.7146E+03  3.8937E+04  1.5400E+06  7.3237E-01  2.5000E-02  1.0000E+00  9.0013E+00
  11000   1.9101E-05  7.9147E-10  6.5980E+01  1.5706E+01  2.9134E+04  6.6911E+04  1.1184E+04  4.4568E+04  1.5989E+06  7.6468E-01  2.5000E-02  1.0000E+00  9.0015E+00
  12000   1.9875E-05  7.5640E-10  6.8636E+01  1.6945E+01  2.9132E+04  6.6911E+04  1.2309E+04  4.9613E+04  1.6543E+06  7.9546E-01  2.5000E-02  1.0000E+00  9.0016E+00
  13000   2.0616E-05  7.2626E-10  7.0960E+01  1.8169E+01  2.9130E+04  6.6911E+04  1.3825E+04  5.5438E+04  1.7061E+06  8.2494E-01  2.5000E-02  1.0000E+00  9.0018E+00
  14000   2.1328E-05  6.9985E-10  7.3370E+01  1.9380E+01  2.9129E+04  6.6911E+04  1.4898E+04  6.0485E+04  1.7553E+06  8.5326E-01  2.5000E-02  1.0000E+00  9.0019E+00
  15000   2.2016E-05  6.7648E-10  7.5687E+01  2.0581E+01  2.9127E+04  6.6911E+04  1.5964E+04  6.5593E+04  1.8022E+06  8.8059E-01  2.5000E-02  1.0000E+00  9.0020E+00
  16000   2.2682E-05  6.5571E-10  7.7786E+01  2.1771E+01  2.9126E+04  6.6911E+04  1.7580E+04  7.1682E+04  1.8468E+06  9.0702E-01  2.5000E-02  1.0000E+00  9.0022E+00
  17000   2.3329E-05  6.3701E-10  7.9767E+01  2.2953E+01  2.9124E+04  6.6911E+04  1.8539E+04  7.6661E+04  1.8892E+06  9.3265E-01  2.5000E-02  1.0000E+00  9.0023E+00
  18000   2.3957E-05  6.2020E-10  8.1690E+01  2.4125E+01  2.9122E+04  6.6911E+04  1.9749E+04  8.2080E+04  1.9301E+06  9.5755E-01  2.5000E-02  1.0000E+00  9.0025E+00
  19000   2.4569E-05  6.0481E-10  8.3608E+01  2.5291E+01  2.9121E+04  6.6911E+04  2.0908E+04  8.7446E+04  1.9691E+06  9.8181E-01  2.5000E-02  1.0000E+00  9.0026E+00
  20000   2.5167E-05  5.9094E-10  8.5527E+01  2.6450E+01  2.9119E+04  6.6911E+04  2.1956E+04  9.2657E+04  2.0065E+06  1.0055E+00  2.5000E-02  1.0000E+00  9.0028E+00
  21000   2.5751E-05  5.7795E-10  8.7342E+01  2.7603E+01  2.9118E+04  6.6911E+04  2.3387E+04  9.8503E+04  2.0422E+06  1.0286E+00  2.5000E-02  1.0000E+00  9.0029E+00
  22000   2.6324E-05  5.6624E-10  8.9017E+01  2.8750E+01  2.9116E+04  6.6911E+04  2.4405E+04  1.0368E+05  2.0766E+06  1.0512E+00  2.5000E-02  1.0000E+00  9.0031E+00
  23000   2.6884E-05  5.5525E-10  9.0597E+01  2.9892E+01  2.9115E+04  6.6911E+04  2.5371E+04  1.0878E+05  2.1102E+06  1.0734E+00  2.5000E-02  1.0000E+00  9.0032E+00
  24000   2.7434E-05  5.4522E-10  9.2134E+01  3.1029E+01  2.9113E+04  6.6911E+04  2.6539E+04  1.1420E+05  2.1428E+06  1.0951E+00  2.5000E-02  1.0000E+00  9.0034E+00
  25000   2.7975E-05  5.3577E-10  9.3646E+01  3.2161E+01  2.9112E+04  6.6911E+04  2.7610E+04  1.1947E+05  2.1740E+06  1.1165E+00  2.5000E-02  1.0000E+00  9.0036E+00
  26000   2.8506E-05  5.2687E-10  9.5127E+01  3.3290E+01  2.9110E+04  6.6911E+04  2.8621E+04  1.2466E+05  2.2043E+06  1.1374E+00  2.5000E-02  1.0000E+00  9.0037E+00
  27000   2.9029E-05  5.1864E-10  9.6550E+01  3.4415E+01  2.9109E+04  6.6911E+04  2.9696E+04  1.2994E+05  2.2336E+06  1.1580E+00  2.5000E-02  1.0000E+00  9.0039E+00
  28000   2.9544E-05  5.1090E-10  9.7914E+01  3.5535E+01  2.9107E+04  6.6911E+04  3.0816E+04  1.3528E+05  2.2621E+06  1.1783E+00  2.5000E-02  1.0000E+00  9.0040E+00
  29000   3.0051E-05  5.0357E-10  9.9227E+01  3.6653E+01  2.9106E+04  6.6911E+04  3.1752E+04  1.4034E+05  2.2896E+06  1.1983E+00  2.5000E-02  1.0000E+00  9.0042E+00
  30000   3.0551E-05  4.9684E-10  1.0052E+02  3.7767E+01  2.9104E+04  6.6911E+04  3.2643E+04  1.4531E+05  2.3163E+06  1.2180E+00  2.5000E-02  1.0000E+00  9.0043E+00
  31000   3.1044E-05  4.9026E-10  1.0180E+02  3.8878E+01  2.9102E+04  6.6911E+04  3.3586E+04  1.5036E+05  2.3420E+06  1.2375E+00  2.5000E-02  1.0000E+00  9.0045E+00
  32000   3.1532E-05  4.8420E-10  1.0306E+02  3.9986E+01  2.9101E+04  6.6911E+04  3.4612E+04  1.5553E+05  2.3669E+06  1.2566E+00  2.5000E-02  1.0000E+00  9.0046E+00
  33000   3.2013E-05  4.7841E-10  1.0428E+02  4.1091E+01  2.9099E+04  6.6911E+04  3.5541E+04  1.6055E+05  2.3913E+06  1.2756E+00  2.5000E-02  1.0000E+00  9.0048E+00
  34000   3.2488E-05  4.7290E-10  1.0548E+02  4.2193E+01  2.9098E+04  6.6911E+04  3.6431E+04  1.6550E+05  2.4151E+06  1.2943E+00  2.5000E-02  1.0000E+00  9.0049E+00
  35000   3.2959E-05  4.6762E-10  1.0663E+02  4.3293E+01  2.9096E+04  6.6911E+04  3.7315E+04  1.7043E+05  2.4382E+06  1.3128E+00  2.5000E-02  1.0000E+00  9.0051E+00
  36000   3.3424E-05  4.6282E-10  1.0772E+02  4.4390E+01  2.9095E+04  6.6911E+04  3.8257E+04  1.7544E+05  2.4607E+06  1.3310E+00  2.5000E-02  1.0000E+00  9.0053E+00
  37000   3.3884E-05  4.5797E-10  1.0874E+02  4.5485E+01  2.9093E+04  6.6911E+04  3.9167E+04  1.8040E+05  2.4826E+06  1.3491E+00  2.5000E-02  1.0000E+00  9.0054E+00
  38000   3.4340E-05  4.5355E-10  1.0970E+02  4.6578E+01  2.9092E+04  6.6911E+04  4.0023E+04  1.8526E+05  2.5041E+06  1.3670E+00  2.5000E-02  1.0000E+00  9.0056E+00
  39000   3.4791E-05  4.4909E-10  1.1072E+02  4.7669E+01  2.9090E+04  6.6911E+04  4.0854E+04  1.9008E+05  2.5250E+06  1.3847E+00  2.5000E-02  1.0000E+00  9.0058E+00
  40000   3.5238E-05  4.4514E-10  1.1174E+02  4.8758E+01  2.9089E+04  6.6911E+04  4.1664E+04  1.9485E+05  2.5456E+06  1.4023E+00  2.5000E-02  1.0000E+00  9.0059E+00
  41000   3.5681E-05  4.4109E-10  1.1274E+02  4.9846E+01  2.9087E+04  6.6911E+04  4.2476E+04  1.9962E+05  2.5656E+06  1.4197E+00  2.5000E-02  1.0000E+00  9.0061E+00
  42000   3.6121E-05  4.3726E-10  1.1372E+02  5.0931E+01  2.9086E+04  6.6911E+04  4.3297E+04  2.0437E+05  2.5852E+06  1.4369E+00  2.5000E-02  1.0000E+00  9.0062E+00
  43000   3.6556E-05  4.3362E-10  1.1467E+02  5.2016E+01  2.9084E+04  6.6911E+04  4.4085E+04  2.0908E+05  2.6043E+06  1.4539E+00  2.5000E-02  1.0000E+00  9.0064E+00
  44000   3.6988E-05  4.2996E-10  1.1560E+02  5.3097E+01  2.9083E+04  6.6911E+04  4.4855E+04  2.1373E+05  2.6231E+06  1.4709E+00  2.5000E-02  1.0000E+00  9.0066E+00
  45000   3.7416E-05  4.2653E-10  1.1649E+02  5.4178E+01  2.9081E+04  6.6911E+04  4.5613E+04  2.1835E+05  2.6415E+06  1.4876E+00  2.5000E-02  1.0000E+00  9.0067E+00
  46000   3.7841E-05  4.2318E-10  1.1737E+02  5.5256E+01  2.9079E+04  6.6911E+04  4.6361E+04  2.2294E+05  2.6596E+06  1.5043E+00  2.5000E-02  1.0000E+00  9.0069E+00
  47000   3.8263E-05  4.2004E-10  1.1832E+02  5.6333E+01  2.9078E+04  6.6911E+04  4.7118E+04  2.2753E+05  2.6772E+06  1.5208E+00  2.5000E-02  1.0000E+00  9.0070E+00
  48000   3.8681E-05  4.1700E-10  1.1925E+02  5.7409E+01  2.9076E+04  6.6911E+04  4.7855E+04  2.3208E+05  2.6945E+06  1.5372E+00  2.5000E-02  1.0000E+00  9.0072E+00
  49000   3.9097E-05  4.1403E-10  1.2016E+02  5.8483E+01  2.9075E+04  6.6911E+04  4.8569E+04  2.3658E+05  2.7113E+06  1.5535E+00  2.5000E-02  1.0000E+00  9.0074E+00
  50000   3.9509E-05  4.1112E-10  1.2103E+02  5.9556E+01  2.9073E+04  6.6911E+04  4.9273E+04  2.4104E+05  2.7278E+06  1.5696E+00  2.5000E-02  1.0000E+00  9.0075E+00
  51000   3.9919E-05  4.0841E-10  1.2186E+02  6.0628E+01  2.9072E+04  6.6911E+04  4.9974E+04  2.4548E+05  2.7440E+06  1.5856E+00  2.5000E-02  1.0000E+00  9.0077E+00
  52000   4.0326E-05  4.0576E-10  1.2263E+02  6.1697E+01  2.9070E+04  6.6911E+04  5.0664E+04  2.4990E+05  2.7599E+06  1.6016E+00  2.5000E-02  1.0000E+00  9.0079E+00
  53000   4.0730E-05  4.0326E-10  1.2336E+02  6.2766E+01  2.9069E+04  6.6911E+04  5.1345E+04  2.5429E+05  2.7755E+06  1.6174E+00  2.5000E-02  1.0000E+00  9.0080E+00
  54000   4.1132E-05  4.0063E-10  1.2420E+02  6.3833E+01  2.9067E+04  6.6911E+04  5.2013E+04  2.5863E+05  2.7908E+06  1.6331E+00  2.5000E-02  1.0000E+00  9.0082E+00
  55000   4.1532E-05  3.9823E-10  1.2504E+02  6.4899E+01  2.9066E+04  6.6911E+04  5.2664E+04  2.6294E+05  2.8058E+06  1.6487E+00  2.5000E-02  1.0000E+00  9.0084E+00
  56000   4.1929E-05  3.9589E-10  1.2588E+02  6.5964E+01  2.9064E+04  6.6911E+04  5.3303E+04  2.6722E+05  2.8206E+06  1.6642E+00  2.5000E-02  1.0000E+00  9.0085E+00
  57000   4.2324E-05  3.9354E-10  1.2670E+02  6.7028E+01  2.9063E+04  6.6911E+04  5.3935E+04  2.7147E+05  2.8350E+06  1.6796E+00  2.5000E-02  1.0000E+00  9.0087E+00
  58000   4.2716E-05  3.9127E-10  1.2748E+02  6.8090E+01  2.9061E+04  6.6911E+04  5.4565E+04  2.7570E+05  2.8491E+06  1.6949E+00  2.5000E-02  1.0000E+00  9.0089E+00
  59000   4.3106E-05  3.8916E-10  1.2823E+02  6.9151E+01  2.9060E+04  6.6911E+04  5.5193E+04  2.7990E+05  2.8630E+06  1.7102E+00  2.5000E-02  1.0000E+00  9.0091E+00
  60000   4.3494E-05  3.8709E-10  1.2892E+02  7.0211E+01  2.9058E+04  6.6911E+04  5.5810E+04  2.8408E+05  2.8765E+06  1.7253E+00  2.5000E-02  1.0000E+00  9.0092E+00
  61000   4.3880E-05  3.8504E-10  1.2959E+02  7.1270E+01  2.9057E+04  6.6911E+04  5.6413E+04  2.8823E+05  2.8899E+06  1.7404E+00  2.5000E-02  1.0000E+00  9.0094E+00
  62000   4.4264E-05  3.8305E-10  1.3034E+02  7.2328E+01  2.9055E+04  6.6911E+04  5.7001E+04  2.9233E+05  2.9031E+06  1.7553E+00  2.5000E-02  1.0000E+00  9.0096E+00
  63000   4.4647E-05  3.8120E-10  1.3107E+02  7.3385E+01  2.9054E+04  6.6911E+04  5.7578E+04  2.9641E+05  2.9160E+06  1.7702E+00  2.5000E-02  1.0000E+00  9.0097E+00
  64000   4.5027E-05  3.7942E-10  1.3175E+02  7.4441E+01  2.9052E+04  6.6911E+04  5.8155E+04  3.0047E+05  2.9287E+06  1.7851E+00  2.5000E-02  1.0000E+00  9.0099E+00
  65000   4.5405E-05  3.7751E-10  1.3238E+02  7.5496E+01  2.9051E+04  6.6911E+04  5.8728E+04  3.0449E+05  2.9412E+06  1.7998E+00  2.5000E-02  1.0000E+00  9.0101E+00
  66000   4.5782E-05  3.7579E-10  1.3307E+02  7.6550E+01  2.9049E+04  6.6911E+04  5.9292E+04  3.0848E+05  2.9535E+06  1.8145E+00  2.5000E-02  1.0000E+00  9.0102E+00
  67000   4.6157E-05  3.7399E-10  1.3380E+02  7.7603E+01  2.9048E+04  6.6911E+04  5.9845E+04  3.1245E+05  2.9656E+06  1.8291E+00  2.5000E-02  1.0000E+00  9.0104E+00
  68000   4.6530E-05  3.7235E-10  1.3448E+02  7.8655E+01  2.9046E+04  6.6911E+04  6.0385E+04  3.1639E+05  2.9775E+06  1.8437E+00  2.5000E-02  1.0000E+00  9.0106E+00
  69000   4.6902E-05  3.7074E-10  1.3512E+02  7.9707E+01  2.9045E+04  6.6911E+04  6.0916E+04  3.2030E+05  2.9892E+06  1.8581E+00  2.5000E-02  1.0000E+00  9.0108E+00
  70000   4.7271E-05  3.6923E-10  1.3572E+02  8.0757E+01  2.9044E+04  6.6911E+04  6.1435E+04  3.2417E+05  3.0008E+06  1.8725E+00  2.5000E-02  1.0000E+00  9.0109E+00
  71000   4.7640E-05  3.6762E-10  1.3630E+02  8.1806E+01  2.9042E+04  6.6911E+04  6.1948E+04  3.2799E+05  3.0122E+06  1.8869E+00  2.5000E-02  1.0000E+00  9.0111E+00
  72000   4.8007E-05  3.6604E-10  1.3699E+02  8.2855E+01  2.9041E+04  6.6911E+04  6.2454E+04  3.3180E+05  3.0234E+06  1.9011E+00  2.5000E-02  1.0000E+00  9.0113E+00
  73000   4.8372E-05  3.6455E-10  1.3765E+02  8.3903E+01  2.9039E+04  6.6911E+04  6.2952E+04  3.3559E+05  3.0344E+06  1.9153E+00  2.5000E-02  1.0000E+00  9.0114E+00
  74000   4.8736E-05  3.6304E-10  1.3830E+02  8.4950E+01  2.9038E+04  6.6911E+04  6.3443E+04  3.3936E+05  3.0453E+06  1.9295E+00  2.5000E-02  1.0000E+00  9.0116E+00
  75000   4.9098E-05  3.6158E-10  1.3892E+02  8.5996E+01  2.9036E+04  6.6911E+04  6.3929E+04  3.4309E+05  3.0561E+06  1.9436E+00  2.5000E-02  1.0000E+00  9.0118E+00
  76000   4.9459E-05  3.6022E-10  1.3951E+02  8.7042E+01  2.9035E+04  6.6911E+04  6.4409E+04  3.4681E+05  3.0666E+06  1.9576E+00  2.5000E-02  1.0000E+00  9.0120E+00
  77000   4.9819E-05  3.5883E-10  1.4006E+02  8.8086E+01  2.9033E+04  6.6911E+04  6.4880E+04  3.5049E+05  3.0769E+06  1.9716E+00  2.5000E-02  1.0000E+00  9.0121E+00
  78000   5.0177E-05  3.5752E-10  1.4069E+02  8.9130E+01  2.9032E+04  6.6911E+04  6.5342E+04  3.5414E+05  3.0871E+06  1.9855E+00  2.5000E-02  1.0000E+00  9.0123E+00
  79000   5.0534E-05  3.5619E-10  1.4131E+02  9.0173E+01  2.9030E+04  6.6911E+04  6.5803E+04  3.5777E+05  3.0971E+06  1.9994E+00  2.5000E-02  1.0000E+00  9.0125E+00
  80000   5.0889E-05  3.5498E-10  1.4190E+02  9.1216E+01  2.9029E+04  6.6911E+04  6.6258E+04  3.6137E+05  3.1070E+06  2.0132E+00  2.5000E-02  1.0000E+00  9.0126E+00
  81000   5.1243E-05  3.5371E-10  1.4245E+02  9.2258E+01  2.9027E+04  6.6911E+04  6.6704E+04  3.6495E+05  3.1168E+06  2.0270E+00  2.5000E-02  1.0000E+00  9.0128E+00
  82000   5.1597E-05  3.5248E-10  1.4296E+02  9.3299E+01  2.9026E+04  6.6911E+04  6.7139E+04  3.6850E+05  3.1264E+06  2.0407E+00  2.5000E-02  1.0000E+00  9.0130E+00
  83000   5.1948E-05  3.5132E-10  1.4358E+02  9.4341E+01  2.9024E+04  6.6911E+04  6.7565E+04  3.7203E+05  3.1359E+06  2.0544E+00  2.5000E-02  1.0000E+00  9.0132E+00
  84000   5.2299E-05  3.5013E-10  1.4416E+02  9.5380E+01  2.9023E+04  6.6911E+04  6.7985E+04  3.7554E+05  3.1451E+06  2.0681E+00  2.5000E-02  1.0000E+00  9.0133E+00
  85000   5.2649E-05  3.4894E-10  1.4471E+02  9.6419E+01  2.9021E+04  6.6911E+04  6.8402E+04  3.7902E+05  3.1542E+06  2.0816E+00  2.5000E-02  1.0000E+00  9.0135E+00
  86000   5.2997E-05  3.4773E-10  1.4525E+02  9.7458E+01  2.9020E+04  6.6911E+04  6.8810E+04  3.8248E+05  3.1633E+06  2.0952E+00  2.5000E-02  1.0000E+00  9.0137E+00
  87000   5.3344E-05  3.4657E-10  1.4577E+02  9.8496E+01  2.9018E+04  6.6911E+04  6.9219E+04  3.8593E+05  3.1722E+06  2.1087E+00  2.5000E-02  1.0000E+00  9.0139E+00
  88000   5.3690E-05  3.4538E-10  1.4631E+02  9.9533E+01  2.9017E+04  6.6911E+04  6.9616E+04  3.8934E+05  3.1810E+06  2.1221E+00  2.5000E-02  1.0000E+00  9.0140E+00
  89000   5.4035E-05  3.4424E-10  1.4689E+02  1.0057E+02  2.9015E+04  6.6911E+04  7.0003E+04  3.9273E+05  3.1897E+06  2.1355E+00  2.5000E-02  1.0000E+00  9.0142E+00
  90000   5.4379E-05  3.4322E-10  1.4745E+02  1.0161E+02  2.9014E+04  6.6911E+04  7.0381E+04  3.9609E+05  3.1983E+06  2.1489E+00  2.5000E-02  1.0000E+00  9.0144E+00
  91000   5.4721E-05  3.4217E-10  1.4800E+02  1.0264E+02  2.9013E+04  6.6911E+04  7.0760E+04  3.9943E+05  3.2068E+06  2.1622E+00  2.5000E-02  1.0000E+00  9.0146E+00
  92000   5.5063E-05  3.4125E-10  1.4854E+02  1.0367E+02  2.9011E+04  6.6911E+04  7.1139E+04  4.0274E+05  3.2152E+06  2.1755E+00  2.5000E-02  1.0000E+00  9.0147E+00
  93000   5.5404E-05  3.4035E-10  1.4903E+02  1.0471E+02  2.9010E+04  6.6911E+04  7.1517E+04  4.0603E+05  3.2235E+06  2.1887E+00  2.5000E-02  1.0000E+00  9.0149E+00
  94000   5.5744E-05  3.3952E-10  1.4953E+02  1.0574E+02  2.9008E+04  6.6911E+04  7.1885E+04  4.0930E+05  3.2316E+06  2.2019E+00  2.5000E-02  1.0000E+00  9.0151E+00
srun: Job step aborted: Waiting up to 62 seconds for job step to finish.
slurmstepd: error: *** STEP 5293401.1 ON c4305 CANCELLED AT 2025-10-21T00:37:03 DUE TO TIME LIMIT ***
