1 CPUs
HOSTNAME = c4305
USER = tranchau
Simple Linux Utility for Resource Management (SLURM) job
SLURM_NODELIST = c4305
SLURM_TASKS_PER_NODE = 1
Mahti - CSC, Kajaani, Finland
Running job: 5293409
Non-MPI version
datadir = data
-- DEBUG CONFIG --
$mpi            =  <0>
$ncpus          =  <1>
$npops          =  <>
$local_disc     =  <0>
$one_local_disc =  <0>
$remote_top     =  <0>
$local_binary   =  <0>
$datadir        =  <data>
$SCRATCH_DIR    =  </scratch/pencil-2444223>
$hn             =  <c4305.mahti.csc.fi>
$masterhost     =  <>
$mpirun         =  <>
$mpirunops      =  <>
$mpirunops2     =  <>
$x_ops          =  <>
$NODELIST       =  <c4305>
$SSH            =  <ssh>
$SCP            =  <scp>
$PARENT_PID     =  <2444223>
$copysnapshots  =  <copy-snapshots>
$particles      =  <0>
$pointmasses    =  <0>
--
Revision: 

Tue Oct 21 00:23:07 EEST 2025
    src/run.x 
SVN: -------            v.         (                   ) $Id$
SVN: -------            v.         (                   )                    
SVN: -------            v.         (                   )                    
WARNING:  run: quad precision suppressed!
SVN: -------            v.         (                   ) $Id$
SVN: -------            v.         (                   ) $Id$
SVN: -------            v.         (                   ) $Id$
SVN: -------            v.         (                   ) $Id$
SVN: -------            v.         (                   ) $Id$
SVN: -------            v.         (                   ) $Id$
SVN: -------            v.         (                   ) $Id$
SVN: -------            v.         (                   ) $Id$
SVN: -------            v.         (                   ) $Id$
SVN: -------            v.         (                   ) $Id$
SVN: -------            v.         (                   ) $Id$
SVN: -------            v.         (                   ) $Id$
SVN: -------            v.         (                   ) $Id$
SVN: -------            v.         (                   ) $Id$
SVN: -------            v.         (                   ) $Id$
SVN: -------            v.         (                   ) $Id$
SVN: -------            v.         (                   ) $Id$
SVN: -------            v.         (                   ) $Id$
SVN: -------            v.         (                   ) $Id$
SVN: -------            v.         (                   ) $Id$
SVN: -------            v.         (                   ) $Id$
SVN: -------            v.         (                   ) $Id$
SVN: -------            v.         (                   ) $Id$
SVN: -------            v.         (                   ) $Id$
SVN: -------            v.         (                   ) $Id$
SVN: -------            v.         (                   ) $Id$
SVN: -------            v.         (                   ) $Id$
SVN: -------            v.         (                   ) $Id$
SVN: -------            v.         (                   ) $Id$
 The verbose level is ip=          14  (ldebug= F )
 This is a 1-D run
 nxgrid, nygrid, nzgrid=        4000           1           1
 Lx, Ly, Lz=   1.00000000       1.00000000       1.00000000    
       Vbox=   1.00000000    
 rsnap: read snapshot var.dat in    0.0000000000000000       seconds
 setup_slices: slice_position = p
 setup_slices: ix_loc,iy_loc,iz_loc, (video files) = 4 4 4                                                                           
 units_general: unit_velocity=   97781.229948950713     
 units_general: unit_density=   1.6737236000000002E-024
 units_general: unit_length=   3.0856775800000002E+021
 units_general: unit_magnetic=   4.4843790064030054E-007
 units_eos: unit_temperature=   68.996576501564562     
 units_eos: cp, lnTT0, cs0, pp0, Rgas=   1.50000000       1.19209282E-07   1.00000000      0.600000083      0.600000024    
 alpha_fine =   7.2973525643000000E-003
 sigma_Thomson_cgs =   6.6524587321600003E-025
 diffusion: shock diffusion
WARNING:  initialize_density: set lgamma_is_1=F if gamma/=1 with entropy!
 initialize_density: no need to read initial stratification for lanti_shockdiffusion=F.
 select_eos_variable: Using rho and ss
 initialize_energy: nheatc_max,iheatcond=           4 shock                                   nothing                                 nothing                                 nothing                                 
 heat conduction: shock
 viscous force: nu_shock*(XXXXXXXXXXX)
 pencil_consistency_check: checking pencil case
 pencil_consistency_check: checking requested pencils
 pencil_consistency_check: performing small pencil check
 pencil_consistency_check: the small pencil check reported no problems
 pencil_consistency_check: checking dependence on pencil initialization
 pencil_consistency_check: results are independent of pencil initialization
 pencil_consistency_check: checking diagnostics pencils
 pencil_consistency_check: performing small pencil check
 pencil_consistency_check: the small pencil check reported no problems
 pencil_consistency_check: set lpencil_check_diagnos_opti=T in run.in to report
 pencil_consistency_check: optimisation possibilities for diagnostics pencils
 pencil_consistency_check: checking dependence on pencil initialization
 pencil_consistency_check: diagnostics are independent of pencil initialization
 pencil_consistency_check: all tests passed
 pde: ENTER
SVN: -------            v.         (                   ) $Id$
 calc_pencils_energy: max(advec_cs2) =   1.07003314E+12
 duu_dt: SOLVE
Bcs for         ux,  x: <       a>, y: <       p>,  z: <       p>
Bcs for         uy,  x: <       s>, y: <       p>,  z: <       p>
Bcs for         uz,  x: <       s>, y: <       p>,  z: <       p>
 duu_dt: max(advec_uu) =   0.00000000    
 dlnrho_dt: SOLVE
Bcs for      lnrho,  x: <       s>, y: <       p>,  z: <       p>
 dlnrho_dt: diffrho_shock=   5.00000000    
 dlnrho_dt: max(diffus_diffrho ) =   0.00000000    
 dlnrho_dt: max(diffus_diffrho3) =   0.00000000    
 denergy_dt: SOLVE denergy_dt
Bcs for         ss,  x: <       s>, y: <       p>,  z: <       p>
 denergy_dt: lnTT,cs2,cp1=   11.1111116       66910.5312       1.17283905    
 calc_heatcond_shock: use shock diffusion
 calc_heatcond_shock: chi_shock=   5.00000000    
 calc_heatcond_shock: added thdiff

 ---it--------t-----------dt---------umax--------ekin--------ethm-------TTmax--------epsK-----visc_heatm----pdivum-------ruxm-------rhomin------rhomax-------ssm-----
      0   0.0000E+00  4.8336E-09  0.0000E+00  0.0000E+00  2.9153E+04  6.6911E+04  0.0000E+00  0.0000E+00  0.0000E+00  0.0000E+00  2.5000E-02  1.0000E+00  9.0000E+00
   1000   4.8336E-06  4.8336E-09  1.6524E+01  1.0465E+00  2.9152E+04  6.6911E+04  8.9171E+01  3.7038E+02  4.3201E+05  1.9396E-01  2.5000E-02  1.0000E+00  9.0000E+00
   2000   8.2214E-06  2.4056E-09  2.8110E+01  3.0149E+00  2.9150E+04  6.6911E+04  6.4688E+02  2.6698E+03  7.2878E+05  3.2990E-01  2.5000E-02  1.0000E+00  9.0002E+00
   3000   1.0226E-05  1.7116E-09  3.5154E+01  4.6490E+00  2.9148E+04  6.6911E+04  1.4694E+03  5.9870E+03  9.0038E+05  4.1035E-01  2.5000E-02  1.0000E+00  9.0003E+00
   4000   1.1759E-05  1.3836E-09  4.0568E+01  6.1278E+00  2.9146E+04  6.6911E+04  2.5322E+03  1.0104E+04  1.0290E+06  4.7184E-01  2.5000E-02  1.0000E+00  9.0004E+00
   5000   1.3036E-05  1.1845E-09  4.5221E+01  7.5099E+00  2.9145E+04  6.6911E+04  3.7373E+03  1.4730E+04  1.1343E+06  5.2309E-01  2.5000E-02  1.0000E+00  9.0005E+00
   6000   1.4149E-05  1.0496E-09  4.9505E+01  8.8236E+00  2.9143E+04  6.6911E+04  5.0940E+03  1.9822E+04  1.2246E+06  5.6777E-01  2.5000E-02  1.0000E+00  9.0006E+00
   7000   1.5147E-05  9.5082E-10  5.2882E+01  1.0086E+01  2.9142E+04  6.6911E+04  6.5341E+03  2.5224E+04  1.3042E+06  6.0782E-01  2.5000E-02  1.0000E+00  9.0007E+00
   8000   1.6058E-05  8.7458E-10  5.5903E+01  1.1308E+01  2.9140E+04  6.6911E+04  8.0831E+03  3.0968E+04  1.3757E+06  6.4439E-01  2.5000E-02  1.0000E+00  9.0008E+00
   9000   1.6901E-05  8.1350E-10  5.8526E+01  1.2496E+01  2.9139E+04  6.6911E+04  9.6004E+03  3.6779E+04  1.4409E+06  6.7823E-01  2.5000E-02  1.0000E+00  9.0009E+00
  10000   1.7689E-05  7.6359E-10  6.1947E+01  1.3656E+01  2.9137E+04  6.6911E+04  1.1205E+04  4.2897E+04  1.5011E+06  7.0985E-01  2.5000E-02  1.0000E+00  9.0010E+00
  11000   1.8431E-05  7.2189E-10  6.4771E+01  1.4793E+01  2.9136E+04  6.6911E+04  1.3257E+04  4.9912E+04  1.5566E+06  7.3964E-01  2.5000E-02  1.0000E+00  9.0011E+00
  12000   1.9135E-05  6.8634E-10  6.7377E+01  1.5908E+01  2.9135E+04  6.6911E+04  1.4797E+04  5.5977E+04  1.6084E+06  7.6789E-01  2.5000E-02  1.0000E+00  9.0012E+00
  13000   1.9806E-05  6.5558E-10  6.9536E+01  1.7004E+01  2.9133E+04  6.6911E+04  1.6459E+04  6.2487E+04  1.6570E+06  7.9480E-01  2.5000E-02  1.0000E+00  9.0013E+00
  14000   2.0447E-05  6.2865E-10  7.1738E+01  1.8083E+01  2.9132E+04  6.6911E+04  1.8045E+04  6.8802E+04  1.7029E+06  8.2057E-01  2.5000E-02  1.0000E+00  9.0014E+00
  15000   2.1064E-05  6.0507E-10  7.3905E+01  1.9149E+01  2.9131E+04  6.6911E+04  1.9270E+04  7.4643E+04  1.7465E+06  8.4532E-01  2.5000E-02  1.0000E+00  9.0015E+00
  16000   2.1658E-05  5.8413E-10  7.5946E+01  2.0201E+01  2.9129E+04  6.6911E+04  2.1205E+04  8.1787E+04  1.7879E+06  8.6917E-01  2.5000E-02  1.0000E+00  9.0016E+00
  17000   2.2233E-05  5.6519E-10  7.8006E+01  2.1241E+01  2.9128E+04  6.6911E+04  2.2798E+04  8.8374E+04  1.8274E+06  8.9222E-01  2.5000E-02  1.0000E+00  9.0017E+00
  18000   2.2789E-05  5.4775E-10  8.0183E+01  2.2269E+01  2.9127E+04  6.6911E+04  2.4448E+04  9.5145E+04  1.8653E+06  9.1454E-01  2.5000E-02  1.0000E+00  9.0018E+00
  19000   2.3329E-05  5.3191E-10  8.2070E+01  2.3288E+01  2.9126E+04  6.6911E+04  2.6500E+04  1.0261E+05  1.9016E+06  9.3620E-01  2.5000E-02  1.0000E+00  9.0019E+00
  20000   2.3854E-05  5.1734E-10  8.3664E+01  2.4296E+01  2.9124E+04  6.6911E+04  2.8108E+04  1.0937E+05  1.9362E+06  9.5725E-01  2.5000E-02  1.0000E+00  9.0020E+00
  21000   2.4364E-05  5.0410E-10  8.5351E+01  2.5296E+01  2.9123E+04  6.6911E+04  2.9639E+04  1.1603E+05  1.9694E+06  9.7774E-01  2.5000E-02  1.0000E+00  9.0021E+00
  22000   2.4862E-05  4.9156E-10  8.6929E+01  2.6286E+01  2.9122E+04  6.6911E+04  3.1555E+04  1.2336E+05  2.0013E+06  9.9772E-01  2.5000E-02  1.0000E+00  9.0022E+00
  23000   2.5348E-05  4.7995E-10  8.8399E+01  2.7268E+01  2.9121E+04  6.6911E+04  3.3234E+04  1.3035E+05  2.0319E+06  1.0172E+00  2.5000E-02  1.0000E+00  9.0023E+00
  24000   2.5822E-05  4.6924E-10  8.9958E+01  2.8241E+01  2.9120E+04  6.6911E+04  3.4857E+04  1.3728E+05  2.0616E+06  1.0363E+00  2.5000E-02  1.0000E+00  9.0024E+00
  25000   2.6287E-05  4.5942E-10  9.1602E+01  2.9207E+01  2.9118E+04  6.6911E+04  3.6640E+04  1.4449E+05  2.0902E+06  1.0549E+00  2.5000E-02  1.0000E+00  9.0025E+00
  26000   2.6741E-05  4.5044E-10  9.3064E+01  3.0165E+01  2.9117E+04  6.6911E+04  3.8525E+04  1.5188E+05  2.1178E+06  1.0731E+00  2.5000E-02  1.0000E+00  9.0027E+00
  27000   2.7188E-05  4.4206E-10  9.4377E+01  3.1118E+01  2.9116E+04  6.6911E+04  4.0138E+04  1.5885E+05  2.1445E+06  1.0910E+00  2.5000E-02  1.0000E+00  9.0028E+00
  28000   2.7626E-05  4.3384E-10  9.5616E+01  3.2065E+01  2.9115E+04  6.6911E+04  4.1766E+04  1.6587E+05  2.1704E+06  1.1086E+00  2.5000E-02  1.0000E+00  9.0029E+00
  29000   2.8055E-05  4.2594E-10  9.6817E+01  3.3005E+01  2.9114E+04  6.6911E+04  4.3501E+04  1.7307E+05  2.1956E+06  1.1258E+00  2.5000E-02  1.0000E+00  9.0030E+00
  30000   2.8478E-05  4.1895E-10  9.8002E+01  3.3940E+01  2.9112E+04  6.6911E+04  4.5352E+04  1.8047E+05  2.2200E+06  1.1428E+00  2.5000E-02  1.0000E+00  9.0031E+00
  31000   2.8893E-05  4.1223E-10  9.9166E+01  3.4870E+01  2.9111E+04  6.6911E+04  4.6976E+04  1.8752E+05  2.2437E+06  1.1594E+00  2.5000E-02  1.0000E+00  9.0032E+00
  32000   2.9303E-05  4.0606E-10  1.0032E+02  3.5794E+01  2.9110E+04  6.6911E+04  4.8570E+04  1.9454E+05  2.2668E+06  1.1759E+00  2.5000E-02  1.0000E+00  9.0033E+00
  33000   2.9705E-05  3.9986E-10  1.0148E+02  3.6715E+01  2.9109E+04  6.6911E+04  5.0193E+04  2.0161E+05  2.2893E+06  1.1920E+00  2.5000E-02  1.0000E+00  9.0034E+00
  34000   3.0102E-05  3.9417E-10  1.0267E+02  3.7630E+01  2.9108E+04  6.6911E+04  5.1883E+04  2.0879E+05  2.3111E+06  1.2079E+00  2.5000E-02  1.0000E+00  9.0035E+00
  35000   3.0494E-05  3.8845E-10  1.0383E+02  3.8540E+01  2.9107E+04  6.6911E+04  5.3626E+04  2.1606E+05  2.3323E+06  1.2236E+00  2.5000E-02  1.0000E+00  9.0036E+00
  36000   3.0880E-05  3.8341E-10  1.0494E+02  3.9447E+01  2.9106E+04  6.6911E+04  5.5231E+04  2.2311E+05  2.3531E+06  1.2391E+00  2.5000E-02  1.0000E+00  9.0037E+00
  37000   3.1261E-05  3.7839E-10  1.0601E+02  4.0349E+01  2.9104E+04  6.6911E+04  5.6792E+04  2.3010E+05  2.3734E+06  1.2544E+00  2.5000E-02  1.0000E+00  9.0038E+00
  38000   3.1636E-05  3.7362E-10  1.0705E+02  4.1247E+01  2.9103E+04  6.6911E+04  5.8345E+04  2.3707E+05  2.3932E+06  1.2695E+00  2.5000E-02  1.0000E+00  9.0040E+00
  39000   3.2008E-05  3.6947E-10  1.0803E+02  4.2142E+01  2.9102E+04  6.6911E+04  5.9896E+04  2.4404E+05  2.4126E+06  1.2844E+00  2.5000E-02  1.0000E+00  9.0041E+00
  40000   3.2375E-05  3.6501E-10  1.0896E+02  4.3034E+01  2.9101E+04  6.6911E+04  6.1468E+04  2.5105E+05  2.4314E+06  1.2991E+00  2.5000E-02  1.0000E+00  9.0042E+00
  41000   3.2738E-05  3.6087E-10  1.0987E+02  4.3921E+01  2.9100E+04  6.6911E+04  6.3043E+04  2.5805E+05  2.4499E+06  1.3137E+00  2.5000E-02  1.0000E+00  9.0043E+00
  42000   3.3097E-05  3.5685E-10  1.1075E+02  4.4806E+01  2.9099E+04  6.6911E+04  6.4561E+04  2.6498E+05  2.4680E+06  1.3281E+00  2.5000E-02  1.0000E+00  9.0044E+00
  43000   3.3452E-05  3.5304E-10  1.1165E+02  4.5688E+01  2.9098E+04  6.6911E+04  6.6071E+04  2.7189E+05  2.4857E+06  1.3423E+00  2.5000E-02  1.0000E+00  9.0045E+00
  44000   3.3803E-05  3.4948E-10  1.1260E+02  4.6566E+01  2.9097E+04  6.6911E+04  6.7571E+04  2.7877E+05  2.5030E+06  1.3564E+00  2.5000E-02  1.0000E+00  9.0046E+00
  45000   3.4151E-05  3.4599E-10  1.1355E+02  4.7442E+01  2.9095E+04  6.6911E+04  6.9066E+04  2.8565E+05  2.5199E+06  1.3703E+00  2.5000E-02  1.0000E+00  9.0047E+00
  46000   3.4495E-05  3.4240E-10  1.1447E+02  4.8315E+01  2.9094E+04  6.6911E+04  7.0552E+04  2.9251E+05  2.5364E+06  1.3841E+00  2.5000E-02  1.0000E+00  9.0049E+00
  47000   3.4836E-05  3.3913E-10  1.1539E+02  4.9184E+01  2.9093E+04  6.6911E+04  7.2044E+04  2.9936E+05  2.5527E+06  1.3978E+00  2.5000E-02  1.0000E+00  9.0050E+00
  48000   3.5174E-05  3.3609E-10  1.1627E+02  5.0051E+01  2.9092E+04  6.6911E+04  7.3526E+04  3.0621E+05  2.5686E+06  1.4114E+00  2.5000E-02  1.0000E+00  9.0051E+00
  49000   3.5508E-05  3.3334E-10  1.1713E+02  5.0916E+01  2.9091E+04  6.6911E+04  7.4962E+04  3.1298E+05  2.5842E+06  1.4248E+00  2.5000E-02  1.0000E+00  9.0052E+00
  50000   3.5840E-05  3.3045E-10  1.1794E+02  5.1779E+01  2.9090E+04  6.6911E+04  7.6373E+04  3.1970E+05  2.5996E+06  1.4381E+00  2.5000E-02  1.0000E+00  9.0053E+00
  51000   3.6169E-05  3.2771E-10  1.1870E+02  5.2639E+01  2.9089E+04  6.6911E+04  7.7773E+04  3.2641E+05  2.6146E+06  1.4513E+00  2.5000E-02  1.0000E+00  9.0054E+00
  52000   3.6496E-05  3.2504E-10  1.1943E+02  5.3497E+01  2.9088E+04  6.6911E+04  7.9178E+04  3.3312E+05  2.6293E+06  1.4644E+00  2.5000E-02  1.0000E+00  9.0055E+00
  53000   3.6819E-05  3.2255E-10  1.2025E+02  5.4353E+01  2.9087E+04  6.6911E+04  8.0573E+04  3.3979E+05  2.6438E+06  1.4774E+00  2.5000E-02  1.0000E+00  9.0056E+00
  54000   3.7141E-05  3.2008E-10  1.2107E+02  5.5207E+01  2.9086E+04  6.6911E+04  8.1960E+04  3.4645E+05  2.6580E+06  1.4902E+00  2.5000E-02  1.0000E+00  9.0058E+00
  55000   3.7459E-05  3.1732E-10  1.2187E+02  5.6059E+01  2.9085E+04  6.6911E+04  8.3350E+04  3.5311E+05  2.6719E+06  1.5030E+00  2.5000E-02  1.0000E+00  9.0059E+00
  56000   3.7775E-05  3.1499E-10  1.2266E+02  5.6908E+01  2.9083E+04  6.6911E+04  8.4728E+04  3.5974E+05  2.6857E+06  1.5157E+00  2.5000E-02  1.0000E+00  9.0060E+00
  57000   3.8089E-05  3.1258E-10  1.2340E+02  5.7755E+01  2.9082E+04  6.6911E+04  8.6078E+04  3.6631E+05  2.6992E+06  1.5283E+00  2.5000E-02  1.0000E+00  9.0061E+00
  58000   3.8401E-05  3.1054E-10  1.2410E+02  5.8601E+01  2.9081E+04  6.6911E+04  8.7404E+04  3.7283E+05  2.7125E+06  1.5408E+00  2.5000E-02  1.0000E+00  9.0062E+00
  59000   3.8710E-05  3.0860E-10  1.2478E+02  5.9446E+01  2.9080E+04  6.6911E+04  8.8712E+04  3.7933E+05  2.7256E+06  1.5532E+00  2.5000E-02  1.0000E+00  9.0063E+00
  60000   3.9018E-05  3.0659E-10  1.2548E+02  6.0290E+01  2.9079E+04  6.6911E+04  9.0017E+04  3.8582E+05  2.7384E+06  1.5655E+00  2.5000E-02  1.0000E+00  9.0065E+00
  61000   3.9324E-05  3.0459E-10  1.2622E+02  6.1131E+01  2.9078E+04  6.6911E+04  9.1315E+04  3.9229E+05  2.7510E+06  1.5778E+00  2.5000E-02  1.0000E+00  9.0066E+00
  62000   3.9627E-05  3.0269E-10  1.2695E+02  6.1971E+01  2.9077E+04  6.6911E+04  9.2607E+04  3.9873E+05  2.7633E+06  1.5900E+00  2.5000E-02  1.0000E+00  9.0067E+00
  63000   3.9929E-05  3.0065E-10  1.2769E+02  6.2809E+01  2.9076E+04  6.6911E+04  9.3902E+04  4.0518E+05  2.7755E+06  1.6021E+00  2.5000E-02  1.0000E+00  9.0068E+00
  64000   4.0229E-05  2.9867E-10  1.2839E+02  6.3646E+01  2.9075E+04  6.6911E+04  9.5192E+04  4.1162E+05  2.7875E+06  1.6141E+00  2.5000E-02  1.0000E+00  9.0069E+00
  65000   4.0526E-05  2.9699E-10  1.2906E+02  6.4482E+01  2.9074E+04  6.6911E+04  9.6459E+04  4.1801E+05  2.7993E+06  1.6261E+00  2.5000E-02  1.0000E+00  9.0070E+00
  66000   4.0823E-05  2.9538E-10  1.2968E+02  6.5316E+01  2.9073E+04  6.6911E+04  9.7713E+04  4.2436E+05  2.8109E+06  1.6379E+00  2.5000E-02  1.0000E+00  9.0072E+00
slurmstepd: error: *** STEP 5293409.1 ON c4305 CANCELLED AT 2025-10-21T00:37:03 DUE TO TIME LIMIT ***
