1 CPUs
HOSTNAME = c1108
USER = tranchau
Simple Linux Utility for Resource Management (SLURM) job
SLURM_NODELIST = c1108
SLURM_TASKS_PER_NODE = 1
Mahti - CSC, Kajaani, Finland
Running job: 5293237
Non-MPI version
datadir = data
-- DEBUG CONFIG --
$mpi            =  <0>
$ncpus          =  <1>
$npops          =  <>
$local_disc     =  <0>
$one_local_disc =  <0>
$remote_top     =  <0>
$local_binary   =  <0>
$datadir        =  <data>
$SCRATCH_DIR    =  </scratch/pencil-324576>
$hn             =  <c1108.mahti.csc.fi>
$masterhost     =  <>
$mpirun         =  <>
$mpirunops      =  <>
$mpirunops2     =  <>
$x_ops          =  <>
$NODELIST       =  <c1108>
$SSH            =  <ssh>
$SCP            =  <scp>
$PARENT_PID     =  <324576>
$copysnapshots  =  <copy-snapshots>
$particles      =  <0>
$pointmasses    =  <0>
--
Revision: 

Mon Oct 20 23:44:44 EEST 2025
    src/run.x 
SVN: -------            v.         (                   ) $Id$
SVN: -------            v.         (                   )                    
SVN: -------            v.         (                   )                    
WARNING:  run: quad precision suppressed!
SVN: -------            v.         (                   ) $Id$
SVN: -------            v.         (                   ) $Id$
SVN: -------            v.         (                   ) $Id$
SVN: -------            v.         (                   ) $Id$
SVN: -------            v.         (                   ) $Id$
SVN: -------            v.         (                   ) $Id$
SVN: -------            v.         (                   ) $Id$
SVN: -------            v.         (                   ) $Id$
SVN: -------            v.         (                   ) $Id$
SVN: -------            v.         (                   ) $Id$
SVN: -------            v.         (                   ) $Id$
SVN: -------            v.         (                   ) $Id$
SVN: -------            v.         (                   ) $Id$
SVN: -------            v.         (                   ) $Id$
SVN: -------            v.         (                   ) $Id$
SVN: -------            v.         (                   ) $Id$
SVN: -------            v.         (                   ) $Id$
SVN: -------            v.         (                   ) $Id$
SVN: -------            v.         (                   ) $Id$
SVN: -------            v.         (                   ) $Id$
SVN: -------            v.         (                   ) $Id$
SVN: -------            v.         (                   ) $Id$
SVN: -------            v.         (                   ) $Id$
SVN: -------            v.         (                   ) $Id$
SVN: -------            v.         (                   ) $Id$
SVN: -------            v.         (                   ) $Id$
SVN: -------            v.         (                   ) $Id$
SVN: -------            v.         (                   ) $Id$
SVN: -------            v.         (                   ) $Id$
 The verbose level is ip=          14  (ldebug= F )
 This is a 1-D run
 nxgrid, nygrid, nzgrid=        4000           1           1
 Lx, Ly, Lz=   1.00000000       1.00000000       1.00000000    
       Vbox=   1.00000000    
 rsnap: read snapshot var.dat in    0.0000000000000000       seconds
 setup_slices: slice_position = p
 setup_slices: ix_loc,iy_loc,iz_loc, (video files) = 4 4 4                                                                           
 units_general: unit_velocity=   97781.229948950713     
 units_general: unit_density=   1.6737236000000002E-024
 units_general: unit_length=   3.0856775800000002E+021
 units_general: unit_magnetic=   4.4843790064030054E-007
 units_eos: unit_temperature=   68.996576501564562     
 units_eos: cp, lnTT0, cs0, pp0, Rgas=   1.50000000       1.19209282E-07   1.00000000      0.600000083      0.600000024    
 alpha_fine =   7.2973525643000000E-003
 sigma_Thomson_cgs =   6.6524587321600003E-025
 diffusion: shock diffusion
WARNING:  initialize_density: set lgamma_is_1=F if gamma/=1 with entropy!
 initialize_density: no need to read initial stratification for lanti_shockdiffusion=F.
 select_eos_variable: Using rho and ss
 initialize_energy: nheatc_max,iheatcond=           4 shock                                   nothing                                 nothing                                 nothing                                 
 heat conduction: shock
 viscous force: nu_shock*(XXXXXXXXXXX)
 pencil_consistency_check: checking pencil case
 pencil_consistency_check: checking requested pencils
 pencil_consistency_check: performing small pencil check
 pencil_consistency_check: the small pencil check reported no problems
 pencil_consistency_check: checking dependence on pencil initialization
 pencil_consistency_check: results are independent of pencil initialization
 pencil_consistency_check: checking diagnostics pencils
 pencil_consistency_check: performing small pencil check
 pencil_consistency_check: the small pencil check reported no problems
 pencil_consistency_check: set lpencil_check_diagnos_opti=T in run.in to report
 pencil_consistency_check: optimisation possibilities for diagnostics pencils
 pencil_consistency_check: checking dependence on pencil initialization
 pencil_consistency_check: diagnostics are independent of pencil initialization
 pencil_consistency_check: all tests passed
 pde: ENTER
SVN: -------            v.         (                   ) $Id$
 calc_pencils_energy: max(advec_cs2) =   1.07003314E+12
 duu_dt: SOLVE
Bcs for         ux,  x: <       a>, y: <       p>,  z: <       p>
Bcs for         uy,  x: <       s>, y: <       p>,  z: <       p>
Bcs for         uz,  x: <       s>, y: <       p>,  z: <       p>
 duu_dt: max(advec_uu) =   0.00000000    
 dlnrho_dt: SOLVE
Bcs for      lnrho,  x: <       s>, y: <       p>,  z: <       p>
 dlnrho_dt: diffrho_shock=   5.00000000    
 dlnrho_dt: max(diffus_diffrho ) =   0.00000000    
 dlnrho_dt: max(diffus_diffrho3) =   0.00000000    
 denergy_dt: SOLVE denergy_dt
Bcs for         ss,  x: <       s>, y: <       p>,  z: <       p>
 denergy_dt: lnTT,cs2,cp1=   11.1111116       66910.5312       1.17283905    
 calc_heatcond_shock: use shock diffusion
 calc_heatcond_shock: chi_shock=   5.00000000    
 calc_heatcond_shock: added thdiff

 ---it--------t-----------dt---------umax--------ekin--------ethm-------TTmax--------epsK-----visc_heatm----pdivum-------ruxm-------rhomin------rhomax-------ssm-----
      0   0.0000E+00  4.8336E-09  0.0000E+00  0.0000E+00  2.9153E+04  6.6911E+04  0.0000E+00  0.0000E+00  0.0000E+00  0.0000E+00  2.5000E-02  1.0000E+00  9.0000E+00
   1000   4.8336E-06  4.8336E-09  1.6524E+01  1.0465E+00  2.9152E+04  6.6911E+04  8.9171E+01  3.7038E+02  4.3201E+05  1.9396E-01  2.5000E-02  1.0000E+00  9.0000E+00
   2000   8.2214E-06  2.4056E-09  2.8110E+01  3.0149E+00  2.9150E+04  6.6911E+04  6.4688E+02  2.6698E+03  7.2878E+05  3.2990E-01  2.5000E-02  1.0000E+00  9.0002E+00
   3000   1.0226E-05  1.7116E-09  3.5154E+01  4.6490E+00  2.9148E+04  6.6911E+04  1.4694E+03  5.9870E+03  9.0038E+05  4.1035E-01  2.5000E-02  1.0000E+00  9.0003E+00
   4000   1.1759E-05  1.3836E-09  4.0568E+01  6.1278E+00  2.9146E+04  6.6911E+04  2.5322E+03  1.0104E+04  1.0290E+06  4.7184E-01  2.5000E-02  1.0000E+00  9.0004E+00
   5000   1.3036E-05  1.1845E-09  4.5221E+01  7.5099E+00  2.9145E+04  6.6911E+04  3.7373E+03  1.4730E+04  1.1343E+06  5.2309E-01  2.5000E-02  1.0000E+00  9.0005E+00
   6000   1.4149E-05  1.0496E-09  4.9505E+01  8.8236E+00  2.9143E+04  6.6911E+04  5.0940E+03  1.9822E+04  1.2246E+06  5.6777E-01  2.5000E-02  1.0000E+00  9.0006E+00
   7000   1.5147E-05  9.5082E-10  5.2882E+01  1.0086E+01  2.9142E+04  6.6911E+04  6.5341E+03  2.5224E+04  1.3042E+06  6.0782E-01  2.5000E-02  1.0000E+00  9.0007E+00
   8000   1.6058E-05  8.7458E-10  5.5903E+01  1.1308E+01  2.9140E+04  6.6911E+04  8.0831E+03  3.0968E+04  1.3757E+06  6.4439E-01  2.5000E-02  1.0000E+00  9.0008E+00
   9000   1.6901E-05  8.1350E-10  5.8526E+01  1.2496E+01  2.9139E+04  6.6911E+04  9.6004E+03  3.6779E+04  1.4409E+06  6.7823E-01  2.5000E-02  1.0000E+00  9.0009E+00
  10000   1.7689E-05  7.6359E-10  6.1947E+01  1.3656E+01  2.9137E+04  6.6911E+04  1.1205E+04  4.2897E+04  1.5011E+06  7.0985E-01  2.5000E-02  1.0000E+00  9.0010E+00
  11000   1.8431E-05  7.2189E-10  6.4771E+01  1.4793E+01  2.9136E+04  6.6911E+04  1.3257E+04  4.9912E+04  1.5566E+06  7.3964E-01  2.5000E-02  1.0000E+00  9.0011E+00
  12000   1.9135E-05  6.8634E-10  6.7377E+01  1.5908E+01  2.9135E+04  6.6911E+04  1.4797E+04  5.5977E+04  1.6084E+06  7.6789E-01  2.5000E-02  1.0000E+00  9.0012E+00
  13000   1.9806E-05  6.5558E-10  6.9536E+01  1.7004E+01  2.9133E+04  6.6911E+04  1.6459E+04  6.2487E+04  1.6570E+06  7.9480E-01  2.5000E-02  1.0000E+00  9.0013E+00
  14000   2.0447E-05  6.2865E-10  7.1738E+01  1.8083E+01  2.9132E+04  6.6911E+04  1.8045E+04  6.8802E+04  1.7029E+06  8.2057E-01  2.5000E-02  1.0000E+00  9.0014E+00
  15000   2.1064E-05  6.0507E-10  7.3905E+01  1.9149E+01  2.9131E+04  6.6911E+04  1.9270E+04  7.4643E+04  1.7465E+06  8.4532E-01  2.5000E-02  1.0000E+00  9.0015E+00
  16000   2.1658E-05  5.8413E-10  7.5946E+01  2.0201E+01  2.9129E+04  6.6911E+04  2.1205E+04  8.1787E+04  1.7879E+06  8.6917E-01  2.5000E-02  1.0000E+00  9.0016E+00
  17000   2.2233E-05  5.6519E-10  7.8006E+01  2.1241E+01  2.9128E+04  6.6911E+04  2.2798E+04  8.8374E+04  1.8274E+06  8.9222E-01  2.5000E-02  1.0000E+00  9.0017E+00
  18000   2.2789E-05  5.4775E-10  8.0183E+01  2.2269E+01  2.9127E+04  6.6911E+04  2.4448E+04  9.5145E+04  1.8653E+06  9.1454E-01  2.5000E-02  1.0000E+00  9.0018E+00
  19000   2.3329E-05  5.3191E-10  8.2070E+01  2.3288E+01  2.9126E+04  6.6911E+04  2.6500E+04  1.0261E+05  1.9016E+06  9.3620E-01  2.5000E-02  1.0000E+00  9.0019E+00
  20000   2.3854E-05  5.1734E-10  8.3664E+01  2.4296E+01  2.9124E+04  6.6911E+04  2.8108E+04  1.0937E+05  1.9362E+06  9.5725E-01  2.5000E-02  1.0000E+00  9.0020E+00
  21000   2.4364E-05  5.0410E-10  8.5351E+01  2.5296E+01  2.9123E+04  6.6911E+04  2.9639E+04  1.1603E+05  1.9694E+06  9.7774E-01  2.5000E-02  1.0000E+00  9.0021E+00
  22000   2.4862E-05  4.9156E-10  8.6929E+01  2.6286E+01  2.9122E+04  6.6911E+04  3.1555E+04  1.2336E+05  2.0013E+06  9.9772E-01  2.5000E-02  1.0000E+00  9.0022E+00
  23000   2.5348E-05  4.7995E-10  8.8399E+01  2.7268E+01  2.9121E+04  6.6911E+04  3.3234E+04  1.3035E+05  2.0319E+06  1.0172E+00  2.5000E-02  1.0000E+00  9.0023E+00
  24000   2.5822E-05  4.6924E-10  8.9958E+01  2.8241E+01  2.9120E+04  6.6911E+04  3.4857E+04  1.3728E+05  2.0616E+06  1.0363E+00  2.5000E-02  1.0000E+00  9.0024E+00
  25000   2.6287E-05  4.5942E-10  9.1602E+01  2.9207E+01  2.9118E+04  6.6911E+04  3.6640E+04  1.4449E+05  2.0902E+06  1.0549E+00  2.5000E-02  1.0000E+00  9.0025E+00
  26000   2.6741E-05  4.5044E-10  9.3064E+01  3.0165E+01  2.9117E+04  6.6911E+04  3.8525E+04  1.5188E+05  2.1178E+06  1.0731E+00  2.5000E-02  1.0000E+00  9.0027E+00
  27000   2.7188E-05  4.4206E-10  9.4377E+01  3.1118E+01  2.9116E+04  6.6911E+04  4.0138E+04  1.5885E+05  2.1445E+06  1.0910E+00  2.5000E-02  1.0000E+00  9.0028E+00
  28000   2.7626E-05  4.3384E-10  9.5616E+01  3.2065E+01  2.9115E+04  6.6911E+04  4.1766E+04  1.6587E+05  2.1704E+06  1.1086E+00  2.5000E-02  1.0000E+00  9.0029E+00
  29000   2.8055E-05  4.2594E-10  9.6817E+01  3.3005E+01  2.9114E+04  6.6911E+04  4.3501E+04  1.7307E+05  2.1956E+06  1.1258E+00  2.5000E-02  1.0000E+00  9.0030E+00
  30000   2.8478E-05  4.1895E-10  9.8002E+01  3.3940E+01  2.9112E+04  6.6911E+04  4.5352E+04  1.8047E+05  2.2200E+06  1.1428E+00  2.5000E-02  1.0000E+00  9.0031E+00
  31000   2.8893E-05  4.1223E-10  9.9166E+01  3.4870E+01  2.9111E+04  6.6911E+04  4.6976E+04  1.8752E+05  2.2437E+06  1.1594E+00  2.5000E-02  1.0000E+00  9.0032E+00
  32000   2.9303E-05  4.0606E-10  1.0032E+02  3.5794E+01  2.9110E+04  6.6911E+04  4.8570E+04  1.9454E+05  2.2668E+06  1.1759E+00  2.5000E-02  1.0000E+00  9.0033E+00
  33000   2.9705E-05  3.9986E-10  1.0148E+02  3.6715E+01  2.9109E+04  6.6911E+04  5.0193E+04  2.0161E+05  2.2893E+06  1.1920E+00  2.5000E-02  1.0000E+00  9.0034E+00
  34000   3.0102E-05  3.9417E-10  1.0267E+02  3.7630E+01  2.9108E+04  6.6911E+04  5.1883E+04  2.0879E+05  2.3111E+06  1.2079E+00  2.5000E-02  1.0000E+00  9.0035E+00
  35000   3.0494E-05  3.8845E-10  1.0383E+02  3.8540E+01  2.9107E+04  6.6911E+04  5.3626E+04  2.1606E+05  2.3323E+06  1.2236E+00  2.5000E-02  1.0000E+00  9.0036E+00
  36000   3.0880E-05  3.8341E-10  1.0494E+02  3.9447E+01  2.9106E+04  6.6911E+04  5.5231E+04  2.2311E+05  2.3531E+06  1.2391E+00  2.5000E-02  1.0000E+00  9.0037E+00
  37000   3.1261E-05  3.7839E-10  1.0601E+02  4.0349E+01  2.9104E+04  6.6911E+04  5.6792E+04  2.3010E+05  2.3734E+06  1.2544E+00  2.5000E-02  1.0000E+00  9.0038E+00
  38000   3.1636E-05  3.7362E-10  1.0705E+02  4.1247E+01  2.9103E+04  6.6911E+04  5.8345E+04  2.3707E+05  2.3932E+06  1.2695E+00  2.5000E-02  1.0000E+00  9.0040E+00
  39000   3.2008E-05  3.6947E-10  1.0803E+02  4.2142E+01  2.9102E+04  6.6911E+04  5.9896E+04  2.4404E+05  2.4126E+06  1.2844E+00  2.5000E-02  1.0000E+00  9.0041E+00
  40000   3.2375E-05  3.6501E-10  1.0896E+02  4.3034E+01  2.9101E+04  6.6911E+04  6.1468E+04  2.5105E+05  2.4314E+06  1.2991E+00  2.5000E-02  1.0000E+00  9.0042E+00
  41000   3.2738E-05  3.6087E-10  1.0987E+02  4.3921E+01  2.9100E+04  6.6911E+04  6.3043E+04  2.5805E+05  2.4499E+06  1.3137E+00  2.5000E-02  1.0000E+00  9.0043E+00
  42000   3.3097E-05  3.5685E-10  1.1075E+02  4.4806E+01  2.9099E+04  6.6911E+04  6.4561E+04  2.6498E+05  2.4680E+06  1.3281E+00  2.5000E-02  1.0000E+00  9.0044E+00
  43000   3.3452E-05  3.5304E-10  1.1165E+02  4.5688E+01  2.9098E+04  6.6911E+04  6.6071E+04  2.7189E+05  2.4857E+06  1.3423E+00  2.5000E-02  1.0000E+00  9.0045E+00
  44000   3.3803E-05  3.4948E-10  1.1260E+02  4.6566E+01  2.9097E+04  6.6911E+04  6.7571E+04  2.7877E+05  2.5030E+06  1.3564E+00  2.5000E-02  1.0000E+00  9.0046E+00
  45000   3.4151E-05  3.4599E-10  1.1355E+02  4.7442E+01  2.9095E+04  6.6911E+04  6.9066E+04  2.8565E+05  2.5199E+06  1.3703E+00  2.5000E-02  1.0000E+00  9.0047E+00
  46000   3.4495E-05  3.4240E-10  1.1447E+02  4.8315E+01  2.9094E+04  6.6911E+04  7.0552E+04  2.9251E+05  2.5364E+06  1.3841E+00  2.5000E-02  1.0000E+00  9.0049E+00
  47000   3.4836E-05  3.3913E-10  1.1539E+02  4.9184E+01  2.9093E+04  6.6911E+04  7.2044E+04  2.9936E+05  2.5527E+06  1.3978E+00  2.5000E-02  1.0000E+00  9.0050E+00
  48000   3.5174E-05  3.3609E-10  1.1627E+02  5.0051E+01  2.9092E+04  6.6911E+04  7.3526E+04  3.0621E+05  2.5686E+06  1.4114E+00  2.5000E-02  1.0000E+00  9.0051E+00
  49000   3.5508E-05  3.3334E-10  1.1713E+02  5.0916E+01  2.9091E+04  6.6911E+04  7.4962E+04  3.1298E+05  2.5842E+06  1.4248E+00  2.5000E-02  1.0000E+00  9.0052E+00
  50000   3.5840E-05  3.3045E-10  1.1794E+02  5.1779E+01  2.9090E+04  6.6911E+04  7.6373E+04  3.1970E+05  2.5996E+06  1.4381E+00  2.5000E-02  1.0000E+00  9.0053E+00
  51000   3.6169E-05  3.2771E-10  1.1870E+02  5.2639E+01  2.9089E+04  6.6911E+04  7.7773E+04  3.2641E+05  2.6146E+06  1.4513E+00  2.5000E-02  1.0000E+00  9.0054E+00
  52000   3.6496E-05  3.2504E-10  1.1943E+02  5.3497E+01  2.9088E+04  6.6911E+04  7.9178E+04  3.3312E+05  2.6293E+06  1.4644E+00  2.5000E-02  1.0000E+00  9.0055E+00
  53000   3.6819E-05  3.2255E-10  1.2025E+02  5.4353E+01  2.9087E+04  6.6911E+04  8.0573E+04  3.3979E+05  2.6438E+06  1.4774E+00  2.5000E-02  1.0000E+00  9.0056E+00
  54000   3.7141E-05  3.2008E-10  1.2107E+02  5.5207E+01  2.9086E+04  6.6911E+04  8.1960E+04  3.4645E+05  2.6580E+06  1.4902E+00  2.5000E-02  1.0000E+00  9.0058E+00
  55000   3.7459E-05  3.1732E-10  1.2187E+02  5.6059E+01  2.9085E+04  6.6911E+04  8.3350E+04  3.5311E+05  2.6719E+06  1.5030E+00  2.5000E-02  1.0000E+00  9.0059E+00
  56000   3.7775E-05  3.1499E-10  1.2266E+02  5.6908E+01  2.9083E+04  6.6911E+04  8.4728E+04  3.5974E+05  2.6857E+06  1.5157E+00  2.5000E-02  1.0000E+00  9.0060E+00
  57000   3.8089E-05  3.1258E-10  1.2340E+02  5.7755E+01  2.9082E+04  6.6911E+04  8.6078E+04  3.6631E+05  2.6992E+06  1.5283E+00  2.5000E-02  1.0000E+00  9.0061E+00
  58000   3.8401E-05  3.1054E-10  1.2410E+02  5.8601E+01  2.9081E+04  6.6911E+04  8.7404E+04  3.7283E+05  2.7125E+06  1.5408E+00  2.5000E-02  1.0000E+00  9.0062E+00
  59000   3.8710E-05  3.0860E-10  1.2478E+02  5.9446E+01  2.9080E+04  6.6911E+04  8.8712E+04  3.7933E+05  2.7256E+06  1.5532E+00  2.5000E-02  1.0000E+00  9.0063E+00
  60000   3.9018E-05  3.0659E-10  1.2548E+02  6.0290E+01  2.9079E+04  6.6911E+04  9.0017E+04  3.8582E+05  2.7384E+06  1.5655E+00  2.5000E-02  1.0000E+00  9.0065E+00
  61000   3.9324E-05  3.0459E-10  1.2622E+02  6.1131E+01  2.9078E+04  6.6911E+04  9.1315E+04  3.9229E+05  2.7510E+06  1.5778E+00  2.5000E-02  1.0000E+00  9.0066E+00
  62000   3.9627E-05  3.0269E-10  1.2695E+02  6.1971E+01  2.9077E+04  6.6911E+04  9.2607E+04  3.9873E+05  2.7633E+06  1.5900E+00  2.5000E-02  1.0000E+00  9.0067E+00
  63000   3.9929E-05  3.0065E-10  1.2769E+02  6.2809E+01  2.9076E+04  6.6911E+04  9.3902E+04  4.0518E+05  2.7755E+06  1.6021E+00  2.5000E-02  1.0000E+00  9.0068E+00
  64000   4.0229E-05  2.9867E-10  1.2839E+02  6.3646E+01  2.9075E+04  6.6911E+04  9.5192E+04  4.1162E+05  2.7875E+06  1.6141E+00  2.5000E-02  1.0000E+00  9.0069E+00
  65000   4.0526E-05  2.9699E-10  1.2906E+02  6.4482E+01  2.9074E+04  6.6911E+04  9.6459E+04  4.1801E+05  2.7993E+06  1.6261E+00  2.5000E-02  1.0000E+00  9.0070E+00
  66000   4.0823E-05  2.9538E-10  1.2968E+02  6.5316E+01  2.9073E+04  6.6911E+04  9.7713E+04  4.2436E+05  2.8109E+06  1.6379E+00  2.5000E-02  1.0000E+00  9.0072E+00
  67000   4.1117E-05  2.9353E-10  1.3032E+02  6.6148E+01  2.9072E+04  6.6911E+04  9.8950E+04  4.3067E+05  2.8223E+06  1.6497E+00  2.5000E-02  1.0000E+00  9.0073E+00
  68000   4.1410E-05  2.9194E-10  1.3101E+02  6.6978E+01  2.9071E+04  6.6911E+04  1.0018E+05  4.3695E+05  2.8336E+06  1.6615E+00  2.5000E-02  1.0000E+00  9.0074E+00
  69000   4.1701E-05  2.9035E-10  1.3168E+02  6.7807E+01  2.9070E+04  6.6911E+04  1.0139E+05  4.4321E+05  2.8447E+06  1.6732E+00  2.5000E-02  1.0000E+00  9.0075E+00
  70000   4.1990E-05  2.8877E-10  1.3235E+02  6.8636E+01  2.9069E+04  6.6911E+04  1.0259E+05  4.4945E+05  2.8556E+06  1.6848E+00  2.5000E-02  1.0000E+00  9.0076E+00
  71000   4.2278E-05  2.8721E-10  1.3298E+02  6.9462E+01  2.9067E+04  6.6911E+04  1.0379E+05  4.5567E+05  2.8663E+06  1.6963E+00  2.5000E-02  1.0000E+00  9.0078E+00
  72000   4.2565E-05  2.8570E-10  1.3356E+02  7.0288E+01  2.9066E+04  6.6911E+04  1.0498E+05  4.6186E+05  2.8768E+06  1.7078E+00  2.5000E-02  1.0000E+00  9.0079E+00
  73000   4.2850E-05  2.8419E-10  1.3411E+02  7.1112E+01  2.9065E+04  6.6911E+04  1.0616E+05  4.6802E+05  2.8873E+06  1.7192E+00  2.5000E-02  1.0000E+00  9.0080E+00
  74000   4.3133E-05  2.8280E-10  1.3472E+02  7.1934E+01  2.9064E+04  6.6911E+04  1.0732E+05  4.7414E+05  2.8976E+06  1.7306E+00  2.5000E-02  1.0000E+00  9.0081E+00
  75000   4.3415E-05  2.8149E-10  1.3534E+02  7.2755E+01  2.9063E+04  6.6911E+04  1.0846E+05  4.8018E+05  2.9078E+06  1.7419E+00  2.5000E-02  1.0000E+00  9.0082E+00
  76000   4.3696E-05  2.8026E-10  1.3597E+02  7.3574E+01  2.9062E+04  6.6911E+04  1.0959E+05  4.8619E+05  2.9179E+06  1.7531E+00  2.5000E-02  1.0000E+00  9.0084E+00
  77000   4.3976E-05  2.7896E-10  1.3659E+02  7.4394E+01  2.9061E+04  6.6911E+04  1.1071E+05  4.9221E+05  2.9278E+06  1.7643E+00  2.5000E-02  1.0000E+00  9.0085E+00
  78000   4.4254E-05  2.7773E-10  1.3720E+02  7.5213E+01  2.9060E+04  6.6911E+04  1.1183E+05  4.9821E+05  2.9376E+06  1.7755E+00  2.5000E-02  1.0000E+00  9.0086E+00
  79000   4.4531E-05  2.7647E-10  1.3780E+02  7.6032E+01  2.9059E+04  6.6911E+04  1.1294E+05  5.0419E+05  2.9472E+06  1.7866E+00  2.5000E-02  1.0000E+00  9.0087E+00
  80000   4.4807E-05  2.7517E-10  1.3836E+02  7.6850E+01  2.9058E+04  6.6911E+04  1.1404E+05  5.1014E+05  2.9567E+06  1.7977E+00  2.5000E-02  1.0000E+00  9.0088E+00
  81000   4.5082E-05  2.7396E-10  1.3891E+02  7.7666E+01  2.9057E+04  6.6911E+04  1.1512E+05  5.1606E+05  2.9660E+06  1.8087E+00  2.5000E-02  1.0000E+00  9.0090E+00
  82000   4.5355E-05  2.7276E-10  1.3949E+02  7.8480E+01  2.9056E+04  6.6911E+04  1.1620E+05  5.2195E+05  2.9752E+06  1.8196E+00  2.5000E-02  1.0000E+00  9.0091E+00
  83000   4.5627E-05  2.7164E-10  1.4010E+02  7.9294E+01  2.9055E+04  6.6911E+04  1.1728E+05  5.2780E+05  2.9843E+06  1.8306E+00  2.5000E-02  1.0000E+00  9.0092E+00
  84000   4.5898E-05  2.7053E-10  1.4071E+02  8.0107E+01  2.9054E+04  6.6911E+04  1.1836E+05  5.3366E+05  2.9933E+06  1.8414E+00  2.5000E-02  1.0000E+00  9.0093E+00
  85000   4.6168E-05  2.6948E-10  1.4131E+02  8.0920E+01  2.9053E+04  6.6911E+04  1.1942E+05  5.3949E+05  3.0021E+06  1.8522E+00  2.5000E-02  1.0000E+00  9.0094E+00
  86000   4.6437E-05  2.6849E-10  1.4190E+02  8.1732E+01  2.9052E+04  6.6911E+04  1.2048E+05  5.4531E+05  3.0109E+06  1.8630E+00  2.5000E-02  1.0000E+00  9.0096E+00
  87000   4.6705E-05  2.6742E-10  1.4246E+02  8.2544E+01  2.9051E+04  6.6911E+04  1.2153E+05  5.5111E+05  3.0195E+06  1.8738E+00  2.5000E-02  1.0000E+00  9.0097E+00
  88000   4.6972E-05  2.6627E-10  1.4298E+02  8.3354E+01  2.9050E+04  6.6911E+04  1.2257E+05  5.5688E+05  3.0280E+06  1.8845E+00  2.5000E-02  1.0000E+00  9.0098E+00
  89000   4.7238E-05  2.6528E-10  1.4346E+02  8.4164E+01  2.9049E+04  6.6911E+04  1.2360E+05  5.6263E+05  3.0364E+06  1.8952E+00  2.5000E-02  1.0000E+00  9.0099E+00
  90000   4.7503E-05  2.6430E-10  1.4397E+02  8.4973E+01  2.9048E+04  6.6911E+04  1.2463E+05  5.6836E+05  3.0447E+06  1.9058E+00  2.5000E-02  1.0000E+00  9.0101E+00
  91000   4.7767E-05  2.6322E-10  1.4452E+02  8.5780E+01  2.9047E+04  6.6911E+04  1.2564E+05  5.7404E+05  3.0530E+06  1.9164E+00  2.5000E-02  1.0000E+00  9.0102E+00
  92000   4.8029E-05  2.6218E-10  1.4507E+02  8.6587E+01  2.9046E+04  6.6911E+04  1.2666E+05  5.7972E+05  3.0611E+06  1.9269E+00  2.5000E-02  1.0000E+00  9.0103E+00
  93000   4.8291E-05  2.6128E-10  1.4558E+02  8.7394E+01  2.9045E+04  6.6911E+04  1.2767E+05  5.8538E+05  3.0691E+06  1.9374E+00  2.5000E-02  1.0000E+00  9.0104E+00
  94000   4.8552E-05  2.6026E-10  1.4606E+02  8.8198E+01  2.9044E+04  6.6911E+04  1.2868E+05  5.9099E+05  3.0771E+06  1.9479E+00  2.5000E-02  1.0000E+00  9.0106E+00
  95000   4.8811E-05  2.5915E-10  1.4649E+02  8.9001E+01  2.9043E+04  6.6911E+04  1.2967E+05  5.9658E+05  3.0849E+06  1.9583E+00  2.5000E-02  1.0000E+00  9.0107E+00
  96000   4.9070E-05  2.5829E-10  1.4704E+02  8.9803E+01  2.9042E+04  6.6911E+04  1.3066E+05  6.0215E+05  3.0927E+06  1.9686E+00  2.5000E-02  1.0000E+00  9.0108E+00
  97000   4.9328E-05  2.5746E-10  1.4759E+02  9.0604E+01  2.9041E+04  6.6911E+04  1.3164E+05  6.0769E+05  3.1005E+06  1.9790E+00  2.5000E-02  1.0000E+00  9.0109E+00
  98000   4.9585E-05  2.5662E-10  1.4809E+02  9.1406E+01  2.9040E+04  6.6911E+04  1.3261E+05  6.1325E+05  3.1081E+06  1.9893E+00  2.5000E-02  1.0000E+00  9.0110E+00
  99000   4.9841E-05  2.5579E-10  1.4855E+02  9.2208E+01  2.9039E+04  6.6911E+04  1.3358E+05  6.1877E+05  3.1157E+06  1.9996E+00  2.5000E-02  1.0000E+00  9.0112E+00
 100000   5.0097E-05  2.5495E-10  1.4898E+02  9.3008E+01  2.9038E+04  6.6911E+04  1.3453E+05  6.2424E+05  3.1231E+06  2.0098E+00  2.5000E-02  1.0000E+00  9.0113E+00
 101000   5.0351E-05  2.5413E-10  1.4946E+02  9.3808E+01  2.9037E+04  6.6911E+04  1.3548E+05  6.2970E+05  3.1305E+06  2.0201E+00  2.5000E-02  1.0000E+00  9.0114E+00
 102000   5.0605E-05  2.5326E-10  1.4999E+02  9.4606E+01  2.9035E+04  6.6911E+04  1.3642E+05  6.3511E+05  3.1378E+06  2.0302E+00  2.5000E-02  1.0000E+00  9.0115E+00
 103000   5.0858E-05  2.5246E-10  1.5050E+02  9.5403E+01  2.9034E+04  6.6911E+04  1.3735E+05  6.4049E+05  3.1450E+06  2.0404E+00  2.5000E-02  1.0000E+00  9.0117E+00
 104000   5.1110E-05  2.5174E-10  1.5097E+02  9.6200E+01  2.9033E+04  6.6911E+04  1.3828E+05  6.4585E+05  3.1521E+06  2.0505E+00  2.5000E-02  1.0000E+00  9.0118E+00
 105000   5.1361E-05  2.5103E-10  1.5141E+02  9.6998E+01  2.9032E+04  6.6911E+04  1.3919E+05  6.5119E+05  3.1592E+06  2.0606E+00  2.5000E-02  1.0000E+00  9.0119E+00
 106000   5.1612E-05  2.5030E-10  1.5182E+02  9.7795E+01  2.9031E+04  6.6911E+04  1.4009E+05  6.5650E+05  3.1661E+06  2.0706E+00  2.5000E-02  1.0000E+00  9.0120E+00
 107000   5.1862E-05  2.4960E-10  1.5227E+02  9.8592E+01  2.9030E+04  6.6911E+04  1.4098E+05  6.6176E+05  3.1731E+06  2.0806E+00  2.5000E-02  1.0000E+00  9.0121E+00
 108000   5.2111E-05  2.4900E-10  1.5278E+02  9.9388E+01  2.9029E+04  6.6911E+04  1.4186E+05  6.6699E+05  3.1799E+06  2.0907E+00  2.5000E-02  1.0000E+00  9.0123E+00
 109000   5.2360E-05  2.4832E-10  1.5327E+02  1.0018E+02  2.9028E+04  6.6911E+04  1.4275E+05  6.7218E+05  3.1866E+06  2.1006E+00  2.5000E-02  1.0000E+00  9.0124E+00
 110000   5.2608E-05  2.4756E-10  1.5374E+02  1.0098E+02  2.9027E+04  6.6911E+04  1.4362E+05  6.7733E+05  3.1933E+06  2.1106E+00  2.5000E-02  1.0000E+00  9.0125E+00
 111000   5.2855E-05  2.4686E-10  1.5417E+02  1.0177E+02  2.9026E+04  6.6911E+04  1.4450E+05  6.8246E+05  3.1999E+06  2.1205E+00  2.5000E-02  1.0000E+00  9.0126E+00
 112000   5.3101E-05  2.4617E-10  1.5459E+02  1.0256E+02  2.9025E+04  6.6911E+04  1.4536E+05  6.8755E+05  3.2065E+06  2.1304E+00  2.5000E-02  1.0000E+00  9.0128E+00
 113000   5.3347E-05  2.4553E-10  1.5499E+02  1.0336E+02  2.9024E+04  6.6911E+04  1.4622E+05  6.9264E+05  3.2129E+06  2.1402E+00  2.5000E-02  1.0000E+00  9.0129E+00
 114000   5.3593E-05  2.4495E-10  1.5547E+02  1.0415E+02  2.9023E+04  6.6911E+04  1.4707E+05  6.9772E+05  3.2193E+06  2.1501E+00  2.5000E-02  1.0000E+00  9.0130E+00
 115000   5.3837E-05  2.4434E-10  1.5597E+02  1.0494E+02  2.9022E+04  6.6911E+04  1.4793E+05  7.0280E+05  3.2257E+06  2.1599E+00  2.5000E-02  1.0000E+00  9.0131E+00
 116000   5.4081E-05  2.4374E-10  1.5645E+02  1.0573E+02  2.9021E+04  6.6911E+04  1.4877E+05  7.0784E+05  3.2319E+06  2.1696E+00  2.5000E-02  1.0000E+00  9.0132E+00
 117000   5.4325E-05  2.4316E-10  1.5690E+02  1.0653E+02  2.9020E+04  6.6911E+04  1.4961E+05  7.1288E+05  3.2382E+06  2.1794E+00  2.5000E-02  1.0000E+00  9.0134E+00
 118000   5.4568E-05  2.4264E-10  1.5733E+02  1.0732E+02  2.9019E+04  6.6911E+04  1.5043E+05  7.1788E+05  3.2444E+06  2.1891E+00  2.5000E-02  1.0000E+00  9.0135E+00
 119000   5.4810E-05  2.4212E-10  1.5774E+02  1.0811E+02  2.9018E+04  6.6911E+04  1.5125E+05  7.2287E+05  3.2505E+06  2.1988E+00  2.5000E-02  1.0000E+00  9.0136E+00
 120000   5.5052E-05  2.4160E-10  1.5811E+02  1.0890E+02  2.9017E+04  6.6911E+04  1.5207E+05  7.2785E+05  3.2565E+06  2.2085E+00  2.5000E-02  1.0000E+00  9.0137E+00
 121000   5.5293E-05  2.4108E-10  1.5858E+02  1.0969E+02  2.9016E+04  6.6911E+04  1.5288E+05  7.3280E+05  3.2625E+06  2.2182E+00  2.5000E-02  1.0000E+00  9.0139E+00
 122000   5.5534E-05  2.4053E-10  1.5905E+02  1.1048E+02  2.9015E+04  6.6911E+04  1.5369E+05  7.3773E+05  3.2683E+06  2.2279E+00  2.5000E-02  1.0000E+00  9.0140E+00
 123000   5.5774E-05  2.4003E-10  1.5950E+02  1.1127E+02  2.9014E+04  6.6911E+04  1.5451E+05  7.4265E+05  3.2742E+06  2.2375E+00  2.5000E-02  1.0000E+00  9.0141E+00
 124000   5.6014E-05  2.3948E-10  1.5992E+02  1.1206E+02  2.9013E+04  6.6911E+04  1.5532E+05  7.4752E+05  3.2799E+06  2.2471E+00  2.5000E-02  1.0000E+00  9.0142E+00
 125000   5.6253E-05  2.3900E-10  1.6032E+02  1.1285E+02  2.9012E+04  6.6911E+04  1.5613E+05  7.5239E+05  3.2857E+06  2.2567E+00  2.5000E-02  1.0000E+00  9.0144E+00
 126000   5.6492E-05  2.3855E-10  1.6069E+02  1.1364E+02  2.9011E+04  6.6911E+04  1.5693E+05  7.5720E+05  3.2914E+06  2.2662E+00  2.5000E-02  1.0000E+00  9.0145E+00
 127000   5.6730E-05  2.3807E-10  1.6110E+02  1.1443E+02  2.9010E+04  6.6911E+04  1.5772E+05  7.6201E+05  3.2970E+06  2.2758E+00  2.5000E-02  1.0000E+00  9.0146E+00
 128000   5.6968E-05  2.3758E-10  1.6155E+02  1.1522E+02  2.9009E+04  6.6911E+04  1.5851E+05  7.6680E+05  3.3026E+06  2.2853E+00  2.5000E-02  1.0000E+00  9.0147E+00
 129000   5.7205E-05  2.3709E-10  1.6199E+02  1.1601E+02  2.9008E+04  6.6911E+04  1.5930E+05  7.7159E+05  3.3082E+06  2.2948E+00  2.5000E-02  1.0000E+00  9.0149E+00
 130000   5.7442E-05  2.3663E-10  1.6241E+02  1.1680E+02  2.9007E+04  6.6911E+04  1.6009E+05  7.7637E+05  3.3137E+06  2.3043E+00  2.5000E-02  1.0000E+00  9.0150E+00
slurmstepd: error: *** STEP 5293237.1 ON c1108 CANCELLED AT 2025-10-20T23:58:24 DUE TO TIME LIMIT ***
