1 CPUs
HOSTNAME = c4305
USER = tranchau
Simple Linux Utility for Resource Management (SLURM) job
SLURM_NODELIST = c4305
SLURM_TASKS_PER_NODE = 1
Mahti - CSC, Kajaani, Finland
Running job: 5293410
Non-MPI version
datadir = data
-- DEBUG CONFIG --
$mpi            =  <0>
$ncpus          =  <1>
$npops          =  <>
$local_disc     =  <0>
$one_local_disc =  <0>
$remote_top     =  <0>
$local_binary   =  <0>
$datadir        =  <data>
$SCRATCH_DIR    =  </scratch/pencil-2444279>
$hn             =  <c4305.mahti.csc.fi>
$masterhost     =  <>
$mpirun         =  <>
$mpirunops      =  <>
$mpirunops2     =  <>
$x_ops          =  <>
$NODELIST       =  <c4305>
$SSH            =  <ssh>
$SCP            =  <scp>
$PARENT_PID     =  <2444279>
$copysnapshots  =  <copy-snapshots>
$particles      =  <0>
$pointmasses    =  <0>
--
Revision: 

Tue Oct 21 00:23:07 EEST 2025
    src/run.x 
SVN: -------            v.         (                   ) $Id$
SVN: -------            v.         (                   )                    
SVN: -------            v.         (                   )                    
WARNING:  run: quad precision suppressed!
SVN: -------            v.         (                   ) $Id$
SVN: -------            v.         (                   ) $Id$
SVN: -------            v.         (                   ) $Id$
SVN: -------            v.         (                   ) $Id$
SVN: -------            v.         (                   ) $Id$
SVN: -------            v.         (                   ) $Id$
SVN: -------            v.         (                   ) $Id$
SVN: -------            v.         (                   ) $Id$
SVN: -------            v.         (                   ) $Id$
SVN: -------            v.         (                   ) $Id$
SVN: -------            v.         (                   ) $Id$
SVN: -------            v.         (                   ) $Id$
SVN: -------            v.         (                   ) $Id$
SVN: -------            v.         (                   ) $Id$
SVN: -------            v.         (                   ) $Id$
SVN: -------            v.         (                   ) $Id$
SVN: -------            v.         (                   ) $Id$
SVN: -------            v.         (                   ) $Id$
SVN: -------            v.         (                   ) $Id$
SVN: -------            v.         (                   ) $Id$
SVN: -------            v.         (                   ) $Id$
SVN: -------            v.         (                   ) $Id$
SVN: -------            v.         (                   ) $Id$
SVN: -------            v.         (                   ) $Id$
SVN: -------            v.         (                   ) $Id$
SVN: -------            v.         (                   ) $Id$
SVN: -------            v.         (                   ) $Id$
SVN: -------            v.         (                   ) $Id$
SVN: -------            v.         (                   ) $Id$
 The verbose level is ip=          14  (ldebug= F )
 This is a 1-D run
 nxgrid, nygrid, nzgrid=        4000           1           1
 Lx, Ly, Lz=   1.00000000       1.00000000       1.00000000    
       Vbox=   1.00000000    
 rsnap: read snapshot var.dat in    0.0000000000000000       seconds
 setup_slices: slice_position = p
 setup_slices: ix_loc,iy_loc,iz_loc, (video files) = 4 4 4                                                                           
 units_general: unit_velocity=   97781.229948950713     
 units_general: unit_density=   1.6737236000000002E-024
 units_general: unit_length=   3.0856775800000002E+021
 units_general: unit_magnetic=   4.4843790064030054E-007
 units_eos: unit_temperature=   68.996576501564562     
 units_eos: cp, lnTT0, cs0, pp0, Rgas=   1.50000000       1.19209282E-07   1.00000000      0.600000083      0.600000024    
 alpha_fine =   7.2973525643000000E-003
 sigma_Thomson_cgs =   6.6524587321600003E-025
 diffusion: shock diffusion
WARNING:  initialize_density: For diffusion energy/momentum correction should use lmassdiff_fix=T!
 initialize_density: no need to read initial stratification for lanti_shockdiffusion=F.
 select_eos_variable: Using rho and ss
 initialize_energy: nheatc_max,iheatcond=           4 shock                                   nothing                                 nothing                                 nothing                                 
 heat conduction: shock
 viscous force: nu_shock*(XXXXXXXXXXX)
 pencil_consistency_check: checking pencil case
 pencil_consistency_check: checking requested pencils
 pencil_consistency_check: performing small pencil check
 pencil_consistency_check: the small pencil check reported no problems
 pencil_consistency_check: checking dependence on pencil initialization
 pencil_consistency_check: results are independent of pencil initialization
 pencil_consistency_check: checking diagnostics pencils
 pencil_consistency_check: performing small pencil check
 pencil_consistency_check: the small pencil check reported no problems
 pencil_consistency_check: set lpencil_check_diagnos_opti=T in run.in to report
 pencil_consistency_check: optimisation possibilities for diagnostics pencils
 pencil_consistency_check: checking dependence on pencil initialization
 pencil_consistency_check: diagnostics are independent of pencil initialization
 pencil_consistency_check: all tests passed
 pde: ENTER
SVN: -------            v.         (                   ) $Id$
 calc_pencils_energy: max(advec_cs2) =   1.07003314E+12
 duu_dt: SOLVE
Bcs for         ux,  x: <       a>, y: <       p>,  z: <       p>
Bcs for         uy,  x: <       s>, y: <       p>,  z: <       p>
Bcs for         uz,  x: <       s>, y: <       p>,  z: <       p>
 duu_dt: max(advec_uu) =   0.00000000    
 dlnrho_dt: SOLVE
Bcs for      lnrho,  x: <       s>, y: <       p>,  z: <       p>
 dlnrho_dt: diffrho_shock=  0.100000001    
 dlnrho_dt: max(diffus_diffrho ) =   0.00000000    
 dlnrho_dt: max(diffus_diffrho3) =   0.00000000    
 denergy_dt: SOLVE denergy_dt
Bcs for         ss,  x: <       s>, y: <       p>,  z: <       p>
 denergy_dt: lnTT,cs2,cp1=   11.1111116       66910.5312       1.17283905    
 calc_heatcond_shock: use shock diffusion
 calc_heatcond_shock: chi_shock=  0.100000001    
 calc_heatcond_shock: added thdiff

 ---it--------t-----------dt---------umax--------ekin--------ethm-------TTmax--------epsK-----visc_heatm----pdivum-------ruxm-------rhomin------rhomax-------ssm-----
      0   0.0000E+00  4.8336E-09  0.0000E+00  0.0000E+00  2.9153E+04  6.6911E+04  0.0000E+00  0.0000E+00  0.0000E+00  0.0000E+00  2.5000E-02  1.0000E+00  9.0000E+00
   1000   4.8336E-06  4.8336E-09  1.6507E+01  1.0464E+00  2.9152E+04  6.6911E+04  1.7929E+00  7.4668E+00  4.3198E+05  1.9396E-01  2.5000E-02  1.0000E+00  9.0000E+00
   2000   9.6672E-06  4.8336E-09  3.2809E+01  4.1575E+00  2.9148E+04  6.6911E+04  2.4347E+01  1.0174E+02  8.5261E+05  3.8791E-01  2.5000E-02  1.0000E+00  9.0001E+00
   3000   1.4496E-05  4.8106E-09  4.8703E+01  9.2485E+00  2.9143E+04  6.6911E+04  1.1296E+02  4.7445E+02  1.2520E+06  5.8167E-01  2.5000E-02  1.0000E+00  9.0003E+00
   4000   1.9259E-05  4.7066E-09  6.3860E+01  1.6095E+01  2.9136E+04  6.6911E+04  3.3488E+02  1.4154E+03  1.6185E+06  7.7277E-01  2.5000E-02  1.0000E+00  9.0005E+00
   5000   2.3899E-05  4.5718E-09  7.8018E+01  2.4367E+01  2.9128E+04  6.6911E+04  7.7273E+02  3.2891E+03  1.9451E+06  9.5887E-01  2.5000E-02  1.0000E+00  9.0008E+00
   6000   2.8404E-05  4.4423E-09  9.1123E+01  3.3779E+01  2.9118E+04  6.6911E+04  1.5245E+03  6.5363E+03  2.2320E+06  1.1396E+00  2.5000E-02  1.0000E+00  9.0012E+00
   7000   3.2785E-05  4.3196E-09  1.0320E+02  4.4095E+01  2.9107E+04  6.6911E+04  2.7040E+03  1.1682E+04  2.4820E+06  1.3152E+00  2.5000E-02  1.0000E+00  9.0016E+00
   8000   3.7049E-05  4.2122E-09  1.1433E+02  5.5119E+01  2.9096E+04  6.6911E+04  4.4388E+03  1.9330E+04  2.6992E+06  1.4860E+00  2.5000E-02  1.0000E+00  9.0021E+00
   9000   4.1212E-05  4.1158E-09  1.2460E+02  6.6707E+01  2.9084E+04  6.6911E+04  6.8669E+03  3.0163E+04  2.8876E+06  1.6527E+00  2.5000E-02  1.0000E+00  9.0026E+00
  10000   4.5253E-05  3.8734E-09  1.3392E+02  7.8643E+01  2.9072E+04  6.6911E+04  1.0094E+04  4.4765E+04  3.0498E+06  1.8144E+00  2.5000E-02  1.0000E+00  9.0032E+00
  11000   4.8900E-05  3.4377E-09  1.4186E+02  8.9917E+01  2.9060E+04  6.6911E+04  1.3879E+04  6.2159E+04  3.1798E+06  1.9602E+00  2.5000E-02  1.0000E+00  9.0038E+00
  12000   5.2161E-05  3.0956E-09  1.4857E+02  1.0035E+02  2.9049E+04  6.6911E+04  1.8037E+04  8.1624E+04  3.2840E+06  2.0904E+00  2.5000E-02  1.0000E+00  9.0044E+00
  13000   5.5114E-05  2.8214E-09  1.5436E+02  1.1005E+02  2.9038E+04  6.6911E+04  2.2459E+04  1.0276E+05  3.3695E+06  2.2081E+00  2.5000E-02  1.0000E+00  9.0050E+00
  14000   5.7822E-05  2.6017E-09  1.5937E+02  1.1913E+02  2.9029E+04  6.6911E+04  2.7046E+04  1.2521E+05  3.4409E+06  2.3160E+00  2.5000E-02  1.0000E+00  9.0056E+00
  15000   6.0329E-05  2.4193E-09  1.6385E+02  1.2768E+02  2.9020E+04  6.6911E+04  3.1710E+04  1.4864E+05  3.5015E+06  2.4157E+00  2.5000E-02  1.0000E+00  9.0062E+00
  16000   6.2671E-05  2.2683E-09  1.6781E+02  1.3577E+02  2.9011E+04  6.6911E+04  3.6378E+04  1.7275E+05  3.5537E+06  2.5087E+00  2.5000E-02  1.0000E+00  9.0068E+00
  17000   6.4875E-05  2.1415E-09  1.7140E+02  1.4347E+02  2.9003E+04  6.6911E+04  4.0985E+04  1.9730E+05  3.5992E+06  2.5961E+00  2.5000E-02  1.0000E+00  9.0074E+00
  18000   6.6962E-05  2.0341E-09  1.7468E+02  1.5083E+02  2.8995E+04  6.6911E+04  4.5477E+04  2.2205E+05  3.6390E+06  2.6788E+00  2.5000E-02  1.0000E+00  9.0079E+00
  19000   6.8949E-05  1.9422E-09  1.7767E+02  1.5789E+02  2.8987E+04  6.6911E+04  4.9810E+04  2.4679E+05  3.6744E+06  2.7574E+00  2.5000E-02  1.0000E+00  9.0085E+00
  20000   7.0850E-05  1.8624E-09  1.8039E+02  1.6468E+02  2.8980E+04  6.6911E+04  5.3947E+04  2.7132E+05  3.7061E+06  2.8324E+00  2.5000E-02  1.0000E+00  9.0091E+00
  21000   7.2676E-05  1.7912E-09  1.8289E+02  1.7125E+02  2.8972E+04  6.6911E+04  5.7856E+04  2.9545E+05  3.7346E+06  2.9045E+00  2.5000E-02  1.0000E+00  9.0097E+00
  22000   7.4436E-05  1.7297E-09  1.8522E+02  1.7761E+02  2.8966E+04  6.6911E+04  6.1517E+04  3.1907E+05  3.7605E+06  2.9738E+00  2.5000E-02  1.0000E+00  9.0103E+00
  23000   7.6138E-05  1.6767E-09  1.8739E+02  1.8379E+02  2.8959E+04  6.6911E+04  6.4914E+04  3.4211E+05  3.7841E+06  3.0408E+00  2.5000E-02  1.0000E+00  9.0109E+00
  24000   7.7790E-05  1.6274E-09  1.8938E+02  1.8980E+02  2.8952E+04  6.6911E+04  6.8047E+04  3.6456E+05  3.8057E+06  3.1057E+00  2.5000E-02  1.0000E+00  9.0115E+00
  25000   7.9396E-05  1.5853E-09  1.9122E+02  1.9567E+02  2.8945E+04  6.6911E+04  7.0920E+04  3.8642E+05  3.8257E+06  3.1688E+00  2.5000E-02  1.0000E+00  9.0121E+00
  26000   8.0961E-05  1.5457E-09  1.9299E+02  2.0141E+02  2.8939E+04  6.6911E+04  7.3541E+04  4.0774E+05  3.8442E+06  3.2302E+00  2.5000E-02  1.0000E+00  9.0127E+00
  27000   8.2489E-05  1.5107E-09  1.9467E+02  2.0703E+02  2.8933E+04  6.6911E+04  7.5918E+04  4.2848E+05  3.8615E+06  3.2901E+00  2.5000E-02  1.0000E+00  9.0134E+00
  28000   8.3983E-05  1.4777E-09  1.9632E+02  2.1254E+02  2.8927E+04  6.6911E+04  7.8059E+04  4.4860E+05  3.8777E+06  3.3486E+00  2.5000E-02  1.0000E+00  9.0140E+00
  29000   8.5446E-05  1.4482E-09  1.9783E+02  2.1795E+02  2.8921E+04  6.6911E+04  7.9972E+04  4.6805E+05  3.8929E+06  3.4059E+00  2.5000E-02  1.0000E+00  9.0146E+00
  30000   8.6880E-05  1.4199E-09  1.9926E+02  2.2326E+02  2.8915E+04  6.6911E+04  8.1667E+04  4.8684E+05  3.9072E+06  3.4619E+00  2.5000E-02  1.0000E+00  9.0152E+00
  31000   8.8288E-05  1.3958E-09  2.0060E+02  2.2849E+02  2.8909E+04  6.6911E+04  8.3159E+04  5.0500E+05  3.9208E+06  3.5169E+00  2.5000E-02  1.0000E+00  9.0159E+00
  32000   8.9671E-05  1.3710E-09  2.0191E+02  2.3364E+02  2.8903E+04  6.6911E+04  8.4462E+04  5.2259E+05  3.9336E+06  3.5709E+00  2.5000E-02  1.0000E+00  9.0165E+00
  33000   9.1031E-05  1.3495E-09  2.0314E+02  2.3871E+02  2.8897E+04  6.6911E+04  8.5593E+04  5.3966E+05  3.9459E+06  3.6240E+00  2.5000E-02  1.0000E+00  9.0171E+00
  34000   9.2370E-05  1.3296E-09  2.0434E+02  2.4372E+02  2.8892E+04  6.6911E+04  8.6568E+04  5.5626E+05  3.9577E+06  3.6763E+00  2.5000E-02  1.0000E+00  9.0178E+00
  35000   9.3690E-05  1.3097E-09  2.0545E+02  2.4866E+02  2.8886E+04  6.6911E+04  8.7403E+04  5.7246E+05  3.9690E+06  3.7278E+00  2.5000E-02  1.0000E+00  9.0184E+00
  36000   9.4991E-05  1.2922E-09  2.0649E+02  2.5354E+02  2.8880E+04  6.6911E+04  8.8115E+04  5.8831E+05  3.9798E+06  3.7785E+00  2.5000E-02  1.0000E+00  9.0190E+00
  37000   9.6275E-05  1.2754E-09  2.0753E+02  2.5837E+02  2.8875E+04  6.6911E+04  8.8718E+04  6.0383E+05  3.9902E+06  3.8285E+00  2.5000E-02  1.0000E+00  9.0197E+00
  38000   9.7542E-05  1.2584E-09  2.0856E+02  2.6314E+02  2.8869E+04  6.6911E+04  8.9229E+04  6.1912E+05  4.0002E+06  3.8779E+00  2.5000E-02  1.0000E+00  9.0203E+00
  39000   9.8793E-05  1.2433E-09  2.0953E+02  2.6787E+02  2.8864E+04  6.6911E+04  8.9661E+04  6.3419E+05  4.0099E+06  3.9266E+00  2.5000E-02  1.0000E+00  9.0209E+00
  40000   1.0003E-04  1.2296E-09  2.1051E+02  2.7254E+02  2.8859E+04  6.6911E+04  9.0027E+04  6.4911E+05  4.0192E+06  3.9748E+00  2.5000E-02  1.0000E+00  9.0216E+00
  41000   1.0125E-04  1.2144E-09  2.1144E+02  2.7717E+02  2.8853E+04  6.6911E+04  9.0339E+04  6.6389E+05  4.0283E+06  4.0224E+00  2.5000E-02  1.0000E+00  9.0222E+00
  42000   1.0246E-04  1.2006E-09  2.1231E+02  2.8176E+02  2.8848E+04  6.6911E+04  9.0603E+04  6.7854E+05  4.0371E+06  4.0694E+00  2.5000E-02  1.0000E+00  9.0228E+00
  43000   1.0365E-04  1.1881E-09  2.1320E+02  2.8630E+02  2.8843E+04  6.6911E+04  9.0831E+04  6.9311E+05  4.0458E+06  4.1159E+00  2.5000E-02  1.0000E+00  9.0235E+00
  44000   1.0483E-04  1.1761E-09  2.1411E+02  2.9080E+02  2.8838E+04  6.6911E+04  9.1028E+04  7.0760E+05  4.0541E+06  4.1619E+00  2.5000E-02  1.0000E+00  9.0241E+00
  45000   1.0600E-04  1.1632E-09  2.1497E+02  2.9527E+02  2.8833E+04  6.6911E+04  9.1202E+04  7.2201E+05  4.0624E+06  4.2074E+00  2.5000E-02  1.0000E+00  9.0247E+00
  46000   1.0716E-04  1.1514E-09  2.1580E+02  2.9969E+02  2.8828E+04  6.6911E+04  9.1359E+04  7.3639E+05  4.0704E+06  4.2525E+00  2.5000E-02  1.0000E+00  9.0253E+00
  47000   1.0831E-04  1.1406E-09  2.1666E+02  3.0408E+02  2.8822E+04  6.6911E+04  9.1504E+04  7.5072E+05  4.0782E+06  4.2971E+00  2.5000E-02  1.0000E+00  9.0260E+00
  48000   1.0944E-04  1.1306E-09  2.1747E+02  3.0844E+02  2.8817E+04  6.6911E+04  9.1644E+04  7.6503E+05  4.0859E+06  4.3413E+00  2.5000E-02  1.0000E+00  9.0266E+00
  49000   1.1057E-04  1.1196E-09  2.1825E+02  3.1277E+02  2.8812E+04  6.6911E+04  9.1783E+04  7.7936E+05  4.0934E+06  4.3851E+00  2.5000E-02  1.0000E+00  9.0272E+00
  50000   1.1168E-04  1.1090E-09  2.1906E+02  3.1706E+02  2.8808E+04  6.6911E+04  9.1925E+04  7.9370E+05  4.1008E+06  4.4285E+00  2.5000E-02  1.0000E+00  9.0278E+00
  51000   1.1279E-04  1.0992E-09  2.1984E+02  3.2132E+02  2.8803E+04  6.6911E+04  9.2074E+04  8.0804E+05  4.1079E+06  4.4715E+00  2.5000E-02  1.0000E+00  9.0284E+00
  52000   1.1388E-04  1.0900E-09  2.2067E+02  3.2555E+02  2.8798E+04  6.6911E+04  9.2230E+04  8.2241E+05  4.1150E+06  4.5141E+00  2.5000E-02  1.0000E+00  9.0291E+00
  53000   1.1497E-04  1.0814E-09  2.2149E+02  3.2975E+02  2.8793E+04  6.6911E+04  9.2397E+04  8.3680E+05  4.1219E+06  4.5564E+00  2.5000E-02  1.0000E+00  9.0297E+00
  54000   1.1604E-04  1.0726E-09  2.2227E+02  3.3393E+02  2.8788E+04  6.6911E+04  9.2574E+04  8.5120E+05  4.1287E+06  4.5983E+00  2.5000E-02  1.0000E+00  9.0303E+00
  55000   1.1711E-04  1.0633E-09  2.2308E+02  3.3808E+02  2.8783E+04  6.6911E+04  9.2764E+04  8.6560E+05  4.1354E+06  4.6399E+00  2.5000E-02  1.0000E+00  9.0309E+00
  56000   1.1817E-04  1.0547E-09  2.2391E+02  3.4219E+02  2.8778E+04  6.6911E+04  9.2965E+04  8.8001E+05  4.1419E+06  4.6812E+00  2.5000E-02  1.0000E+00  9.0315E+00
  57000   1.1922E-04  1.0465E-09  2.2471E+02  3.4629E+02  2.8774E+04  6.6911E+04  9.3179E+04  8.9441E+05  4.1484E+06  4.7221E+00  2.5000E-02  1.0000E+00  9.0321E+00
  58000   1.2026E-04  1.0389E-09  2.2548E+02  3.5036E+02  2.8769E+04  6.6911E+04  9.3405E+04  9.0881E+05  4.1546E+06  4.7628E+00  2.5000E-02  1.0000E+00  9.0327E+00
  59000   1.2130E-04  1.0317E-09  2.2623E+02  3.5441E+02  2.8764E+04  6.6911E+04  9.3644E+04  9.2322E+05  4.1609E+06  4.8031E+00  2.5000E-02  1.0000E+00  9.0333E+00
  60000   1.2233E-04  1.0249E-09  2.2703E+02  3.5843E+02  2.8760E+04  6.6911E+04  9.3895E+04  9.3764E+05  4.1669E+06  4.8432E+00  2.5000E-02  1.0000E+00  9.0339E+00
  61000   1.2335E-04  1.0172E-09  2.2784E+02  3.6243E+02  2.8755E+04  6.6911E+04  9.4162E+04  9.5209E+05  4.1728E+06  4.8829E+00  2.5000E-02  1.0000E+00  9.0345E+00
  62000   1.2436E-04  1.0097E-09  2.2864E+02  3.6641E+02  2.8750E+04  6.6911E+04  9.4440E+04  9.6655E+05  4.1787E+06  4.9224E+00  2.5000E-02  1.0000E+00  9.0351E+00
  63000   1.2537E-04  1.0027E-09  2.2941E+02  3.7036E+02  2.8746E+04  6.6911E+04  9.4731E+04  9.8100E+05  4.1843E+06  4.9617E+00  2.5000E-02  1.0000E+00  9.0357E+00
  64000   1.2637E-04  9.9597E-10  2.3017E+02  3.7430E+02  2.8741E+04  6.6911E+04  9.5032E+04  9.9543E+05  4.1900E+06  5.0006E+00  2.5000E-02  1.0000E+00  9.0363E+00
  65000   1.2736E-04  9.8958E-10  2.3092E+02  3.7821E+02  2.8737E+04  6.6911E+04  9.5344E+04  1.0098E+06  4.1955E+06  5.0394E+00  2.5000E-02  1.0000E+00  9.0369E+00
  66000   1.2835E-04  9.8350E-10  2.3167E+02  3.8211E+02  2.8732E+04  6.6911E+04  9.5664E+04  1.0242E+06  4.2010E+06  5.0779E+00  2.5000E-02  1.0000E+00  9.0375E+00
  67000   1.2933E-04  9.7771E-10  2.3248E+02  3.8598E+02  2.8728E+04  6.6911E+04  9.5995E+04  1.0385E+06  4.2063E+06  5.1161E+00  2.5000E-02  1.0000E+00  9.0381E+00
slurmstepd: error: *** STEP 5293410.1 ON c4305 CANCELLED AT 2025-10-21T00:37:03 DUE TO TIME LIMIT ***
