2025-10-20 17:40:48.928 | INFO     | src.core.logging:setup_file_logging:61 - 📝 Logging to file: logs/analysis/shocktube_phase1_highres/2025-10-20_17-40-48_analysis.log
2025-10-20 17:40:48.929 | DEBUG    | src.core.logging:setup_file_logging:62 - Log directory: logs/analysis/shocktube_phase1_highres
2025-10-20 17:40:48.929 | INFO     | src.workflows.analysis_pipeline:analyze_suite_videos_only:228 - ================================================================================
2025-10-20 17:40:48.929 | INFO     | src.workflows.analysis_pipeline:analyze_suite_videos_only:229 - STARTING VIDEO-ONLY ANALYSIS: 'shocktube_phase1_highres'
2025-10-20 17:40:48.929 | INFO     | src.workflows.analysis_pipeline:analyze_suite_videos_only:231 - Combined error video generation ENABLED.
2025-10-20 17:40:48.930 | INFO     | src.workflows.analysis_pipeline:analyze_suite_videos_only:232 - ================================================================================
2025-10-20 17:40:48.938 | INFO     | src.workflows.analysis_pipeline:analyze_suite_videos_only:243 - Error analysis configuration:
2025-10-20 17:40:48.938 | INFO     | src.workflows.analysis_pipeline:analyze_suite_videos_only:244 -   ├─ Metrics to calculate: L1
2025-10-20 17:40:48.938 | INFO     | src.workflows.analysis_pipeline:analyze_suite_videos_only:245 -   └─ Combine in videos: True
2025-10-20 17:40:48.938 | INFO     | src.workflows.analysis_pipeline:analyze_suite_videos_only:260 - Clearing old visualization directories...
2025-10-20 17:40:48.939 | INFO     | src.workflows.analysis_pipeline:clear_directory:55 - Clearing existing directory: /scratch/project_2008296/chau/pencil_platform/analysis/shocktube_phase1_highres/var/evolution
2025-10-20 17:40:48.941 | INFO     | src.workflows.analysis_pipeline:clear_directory:55 - Clearing existing directory: /scratch/project_2008296/chau/pencil_platform/analysis/shocktube_phase1_highres/error/evolution
2025-10-20 17:40:48.943 | INFO     | src.workflows.analysis_pipeline:clear_directory:55 - Clearing existing directory: /scratch/project_2008296/chau/pencil_platform/analysis/shocktube_phase1_highres/error/frames
2025-10-20 17:40:48.945 | INFO     | src.workflows.analysis_pipeline:analyze_suite_videos_only:269 - Total experiments to process: 12
2025-10-20 17:40:48.946 | INFO     | src.workflows.analysis_pipeline:analyze_suite_videos_only:288 - 
================================================================================
2025-10-20 17:40:48.946 | INFO     | src.workflows.analysis_pipeline:analyze_suite_videos_only:289 - PHASE 1: Loading data and creating individual videos
2025-10-20 17:40:48.946 | INFO     | src.workflows.analysis_pipeline:analyze_suite_videos_only:290 - ================================================================================
2025-10-20 17:40:48.946 | INFO     | src.workflows.analysis_pipeline:analyze_suite_videos_only:300 - 
📂 Processing branch: massfix_default_gamma (4 runs)
2025-10-20 17:40:48.947 | INFO     | src.workflows.analysis_pipeline:analyze_suite_videos_only:307 -   ├─ [1/12] (8.3%) | Branch: [1/4] (25.0%) | Run: res100000_nohyper_massfix_default_gamma_nu0p1_chi0p1_diffrho0p1
2025-10-20 17:40:48.949 | WARNING  | src.workflows.analysis_pipeline:load_all_var_files:89 - No VAR files found in /scratch/project_2008296/chau/runs/shocktube_phase1_highres/res100000_nohyper_massfix_default_gamma_nu0p1_chi0p1_diffrho0p1/data
2025-10-20 17:40:48.949 | WARNING  | src.workflows.analysis_pipeline:analyze_suite_videos_only:314 -      └─ ✗ Failed to load VAR files
2025-10-20 17:40:48.949 | INFO     | src.workflows.analysis_pipeline:analyze_suite_videos_only:307 -   ├─ [2/12] (16.7%) | Branch: [2/4] (50.0%) | Run: res100000_nohyper_massfix_default_gamma_nu0p5_chi0p5_diffrho0p5
2025-10-20 17:40:48.951 | WARNING  | src.workflows.analysis_pipeline:load_all_var_files:89 - No VAR files found in /scratch/project_2008296/chau/runs/shocktube_phase1_highres/res100000_nohyper_massfix_default_gamma_nu0p5_chi0p5_diffrho0p5/data
2025-10-20 17:40:48.951 | WARNING  | src.workflows.analysis_pipeline:analyze_suite_videos_only:314 -      └─ ✗ Failed to load VAR files
2025-10-20 17:40:48.951 | INFO     | src.workflows.analysis_pipeline:analyze_suite_videos_only:307 -   ├─ [3/12] (25.0%) | Branch: [3/4] (75.0%) | Run: res100000_nohyper_massfix_default_gamma_nu1p0_chi1p0_diffrho1p0
2025-10-20 17:40:48.953 | WARNING  | src.workflows.analysis_pipeline:load_all_var_files:89 - No VAR files found in /scratch/project_2008296/chau/runs/shocktube_phase1_highres/res100000_nohyper_massfix_default_gamma_nu1p0_chi1p0_diffrho1p0/data
2025-10-20 17:40:48.953 | WARNING  | src.workflows.analysis_pipeline:analyze_suite_videos_only:314 -      └─ ✗ Failed to load VAR files
2025-10-20 17:40:48.953 | INFO     | src.workflows.analysis_pipeline:analyze_suite_videos_only:307 -   ├─ [4/12] (33.3%) | Branch: [4/4] (100.0%) | Run: res100000_nohyper_massfix_default_gamma_nu5p0_chi5p0_diffrho5p0
2025-10-20 17:40:48.955 | WARNING  | src.workflows.analysis_pipeline:load_all_var_files:89 - No VAR files found in /scratch/project_2008296/chau/runs/shocktube_phase1_highres/res100000_nohyper_massfix_default_gamma_nu5p0_chi5p0_diffrho5p0/data
2025-10-20 17:40:48.955 | WARNING  | src.workflows.analysis_pipeline:analyze_suite_videos_only:314 -      └─ ✗ Failed to load VAR files
2025-10-20 17:40:48.955 | INFO     | src.workflows.analysis_pipeline:analyze_suite_videos_only:300 - 
📂 Processing branch: massfix_gamma_is_1 (4 runs)
2025-10-20 17:40:48.955 | INFO     | src.workflows.analysis_pipeline:analyze_suite_videos_only:307 -   ├─ [5/12] (41.7%) | Branch: [1/4] (25.0%) | Run: res100000_nohyper_massfix_gamma_is_1_nu0p1_chi0p1_diffrho0p1
2025-10-20 17:40:48.957 | WARNING  | src.workflows.analysis_pipeline:load_all_var_files:89 - No VAR files found in /scratch/project_2008296/chau/runs/shocktube_phase1_highres/res100000_nohyper_massfix_gamma_is_1_nu0p1_chi0p1_diffrho0p1/data
2025-10-20 17:40:48.957 | WARNING  | src.workflows.analysis_pipeline:analyze_suite_videos_only:314 -      └─ ✗ Failed to load VAR files
2025-10-20 17:40:48.958 | INFO     | src.workflows.analysis_pipeline:analyze_suite_videos_only:307 -   ├─ [6/12] (50.0%) | Branch: [2/4] (50.0%) | Run: res100000_nohyper_massfix_gamma_is_1_nu0p5_chi0p5_diffrho0p5
2025-10-20 17:40:48.959 | WARNING  | src.workflows.analysis_pipeline:load_all_var_files:89 - No VAR files found in /scratch/project_2008296/chau/runs/shocktube_phase1_highres/res100000_nohyper_massfix_gamma_is_1_nu0p5_chi0p5_diffrho0p5/data
2025-10-20 17:40:48.959 | WARNING  | src.workflows.analysis_pipeline:analyze_suite_videos_only:314 -      └─ ✗ Failed to load VAR files
2025-10-20 17:40:48.959 | INFO     | src.workflows.analysis_pipeline:analyze_suite_videos_only:307 -   ├─ [7/12] (58.3%) | Branch: [3/4] (75.0%) | Run: res100000_nohyper_massfix_gamma_is_1_nu1p0_chi1p0_diffrho1p0
2025-10-20 17:40:48.961 | WARNING  | src.workflows.analysis_pipeline:load_all_var_files:89 - No VAR files found in /scratch/project_2008296/chau/runs/shocktube_phase1_highres/res100000_nohyper_massfix_gamma_is_1_nu1p0_chi1p0_diffrho1p0/data
2025-10-20 17:40:48.961 | WARNING  | src.workflows.analysis_pipeline:analyze_suite_videos_only:314 -      └─ ✗ Failed to load VAR files
2025-10-20 17:40:48.961 | INFO     | src.workflows.analysis_pipeline:analyze_suite_videos_only:307 -   ├─ [8/12] (66.7%) | Branch: [4/4] (100.0%) | Run: res100000_nohyper_massfix_gamma_is_1_nu5p0_chi5p0_diffrho5p0
2025-10-20 17:40:48.963 | WARNING  | src.workflows.analysis_pipeline:load_all_var_files:89 - No VAR files found in /scratch/project_2008296/chau/runs/shocktube_phase1_highres/res100000_nohyper_massfix_gamma_is_1_nu5p0_chi5p0_diffrho5p0/data
2025-10-20 17:40:48.963 | WARNING  | src.workflows.analysis_pipeline:analyze_suite_videos_only:314 -      └─ ✗ Failed to load VAR files
2025-10-20 17:40:48.963 | INFO     | src.workflows.analysis_pipeline:analyze_suite_videos_only:300 - 
📂 Processing branch: nomassfix (4 runs)
2025-10-20 17:40:48.964 | INFO     | src.workflows.analysis_pipeline:analyze_suite_videos_only:307 -   ├─ [9/12] (75.0%) | Branch: [1/4] (25.0%) | Run: res100000_nohyper_nomassfix_nu0p1_chi0p1_diffrho0p1
2025-10-20 17:40:48.965 | WARNING  | src.workflows.analysis_pipeline:load_all_var_files:89 - No VAR files found in /scratch/project_2008296/chau/runs/shocktube_phase1_highres/res100000_nohyper_nomassfix_nu0p1_chi0p1_diffrho0p1/data
2025-10-20 17:40:48.966 | WARNING  | src.workflows.analysis_pipeline:analyze_suite_videos_only:314 -      └─ ✗ Failed to load VAR files
2025-10-20 17:40:48.966 | INFO     | src.workflows.analysis_pipeline:analyze_suite_videos_only:307 -   ├─ [10/12] (83.3%) | Branch: [2/4] (50.0%) | Run: res100000_nohyper_nomassfix_nu0p5_chi0p5_diffrho0p5
2025-10-20 17:40:48.967 | WARNING  | src.workflows.analysis_pipeline:load_all_var_files:89 - No VAR files found in /scratch/project_2008296/chau/runs/shocktube_phase1_highres/res100000_nohyper_nomassfix_nu0p5_chi0p5_diffrho0p5/data
2025-10-20 17:40:48.968 | WARNING  | src.workflows.analysis_pipeline:analyze_suite_videos_only:314 -      └─ ✗ Failed to load VAR files
2025-10-20 17:40:48.968 | INFO     | src.workflows.analysis_pipeline:analyze_suite_videos_only:307 -   ├─ [11/12] (91.7%) | Branch: [3/4] (75.0%) | Run: res100000_nohyper_nomassfix_nu1p0_chi1p0_diffrho1p0
2025-10-20 17:40:48.969 | WARNING  | src.workflows.analysis_pipeline:load_all_var_files:89 - No VAR files found in /scratch/project_2008296/chau/runs/shocktube_phase1_highres/res100000_nohyper_nomassfix_nu1p0_chi1p0_diffrho1p0/data
2025-10-20 17:40:48.970 | WARNING  | src.workflows.analysis_pipeline:analyze_suite_videos_only:314 -      └─ ✗ Failed to load VAR files
2025-10-20 17:40:48.970 | INFO     | src.workflows.analysis_pipeline:analyze_suite_videos_only:307 -   ├─ [12/12] (100.0%) | Branch: [4/4] (100.0%) | Run: res100000_nohyper_nomassfix_nu5p0_chi5p0_diffrho5p0
2025-10-20 17:40:48.971 | WARNING  | src.workflows.analysis_pipeline:load_all_var_files:89 - No VAR files found in /scratch/project_2008296/chau/runs/shocktube_phase1_highres/res100000_nohyper_nomassfix_nu5p0_chi5p0_diffrho5p0/data
2025-10-20 17:40:48.972 | WARNING  | src.workflows.analysis_pipeline:analyze_suite_videos_only:314 -      └─ ✗ Failed to load VAR files
2025-10-20 17:40:48.972 | INFO     | src.workflows.analysis_pipeline:analyze_suite_videos_only:376 - 
================================================================================
2025-10-20 17:40:48.972 | INFO     | src.workflows.analysis_pipeline:analyze_suite_videos_only:377 - PHASE 2: Creating overlay videos
2025-10-20 17:40:48.972 | INFO     | src.workflows.analysis_pipeline:analyze_suite_videos_only:378 - ================================================================================
2025-10-20 17:40:48.973 | INFO     | src.workflows.analysis_pipeline:analyze_suite_videos_only:398 - 
🏆 Finding best performers in each branch...
2025-10-20 17:40:48.973 | INFO     | src.workflows.analysis_pipeline:analyze_suite_videos_only:411 - 
🎬 Creating branch overlay videos...
2025-10-20 17:40:48.973 | INFO     | src.workflows.analysis_pipeline:analyze_suite_videos_only:416 -   ├─ Branch: massfix_default_gamma (4 runs)
2025-10-20 17:40:48.973 | INFO     | src.workflows.analysis_pipeline:analyze_suite_videos_only:416 -   ├─ Branch: massfix_gamma_is_1 (4 runs)
2025-10-20 17:40:48.974 | INFO     | src.workflows.analysis_pipeline:analyze_suite_videos_only:416 -   ├─ Branch: nomassfix (4 runs)
2025-10-20 17:40:48.974 | INFO     | src.workflows.analysis_pipeline:analyze_suite_videos_only:440 - 
🏆 Finding top 3 best performers overall...
2025-10-20 17:40:48.974 | INFO     | src.workflows.analysis_pipeline:analyze_suite_videos_only:448 - 
🎬 Creating top 3 overlay video...
2025-10-20 17:40:48.975 | INFO     | src.workflows.analysis_pipeline:analyze_suite_videos_only:473 - 
================================================================================
2025-10-20 17:40:48.975 | INFO     | src.workflows.analysis_pipeline:analyze_suite_videos_only:474 - PHASE 3: Calculating error norms
2025-10-20 17:40:48.975 | INFO     | src.workflows.analysis_pipeline:analyze_suite_videos_only:475 - ================================================================================
2025-10-20 17:40:48.976 | INFO     | src.workflows.analysis_pipeline:analyze_suite_videos_only:482 - Clearing old error norm directories...
2025-10-20 17:40:48.976 | INFO     | src.workflows.analysis_pipeline:clear_directory:55 - Clearing existing directory: /scratch/project_2008296/chau/pencil_platform/analysis/shocktube_phase1_highres/error_norms
2025-10-20 17:40:48.981 | INFO     | src.workflows.analysis_pipeline:analyze_suite_videos_only:488 - Calculating error norms for 0 runs...
2025-10-20 17:40:48.982 | INFO     | src.workflows.analysis_pipeline:analyze_suite_videos_only:505 - 
Calculating combined scores (using DENSITY only)...
2025-10-20 17:40:48.982 | INFO     | src.workflows.analysis_pipeline:analyze_suite_videos_only:544 - 
================================================================================
2025-10-20 17:40:48.982 | INFO     | src.workflows.analysis_pipeline:analyze_suite_videos_only:545 - PHASE 4: Creating error norm visualizations
2025-10-20 17:40:48.982 | INFO     | src.workflows.analysis_pipeline:analyze_suite_videos_only:546 - ================================================================================
2025-10-20 17:40:48.983 | INFO     | src.workflows.analysis_pipeline:analyze_suite_videos_only:548 -   ├─ Combined scores comparison...
2025-10-20 17:40:50.791 | INFO     | src.visualization.plots:create_combined_scores_plot:137 -        └─ Saved to shocktube_phase1_highres_combined_scores.png
2025-10-20 17:40:50.791 | INFO     | src.workflows.analysis_pipeline:analyze_suite_videos_only:551 -   ├─ Per-metric comparisons...
2025-10-20 17:40:51.412 | INFO     | src.visualization.plots:create_per_metric_plots:184 -        └─ Saved L1 comparison to shocktube_phase1_highres_l1_comparison.png
2025-10-20 17:40:51.412 | INFO     | src.workflows.analysis_pipeline:analyze_suite_videos_only:554 -   ├─ Top 5 detailed view...
2025-10-20 17:40:52.525 | INFO     | src.visualization.plots:create_best_performers_plot:231 -        └─ Saved top 5 detailed comparison to shocktube_phase1_highres_top5_detailed.png
2025-10-20 17:40:52.525 | INFO     | src.workflows.analysis_pipeline:analyze_suite_videos_only:557 -   ├─ Branch comparison...
2025-10-20 17:40:52.561 | ERROR    | __main__:main:182 - An unexpected error occurred: attempt to get argmin of an empty sequence
Traceback (most recent call last):

  File "/scratch/project_2008296/chau/pencil_platform/main.py", line 186, in <module>
    main()
    └ <function main at 0x7fd51623ca40>

> File "/scratch/project_2008296/chau/pencil_platform/main.py", line 101, in main
    analyze_suite_videos_only(experiment_name, combined_video=True)
    │                         └ 'shocktube_phase1_highres'
    └ <function analyze_suite_videos_only at 0x7fd51623c400>

  File "/scratch/project_2008296/chau/pencil_platform/src/workflows/analysis_pipeline.py", line 558, in analyze_suite_videos_only
    create_branch_comparison_plot(branch_best, runs_per_branch, combined_scores, plots_dir, experiment_name)
    │                             │            │                │                │          └ 'shocktube_phase1_highres'
    │                             │            │                │                └ PosixPath('/scratch/project_2008296/chau/pencil_platform/analysis/shocktube_phase1_highres/error_norms/plots')
    │                             │            │                └ {}
    │                             │            └ {'massfix_default_gamma': ['res100000_nohyper_massfix_default_gamma_nu0p1_chi0p1_diffrho0p1', 'res100000_nohyper_massfix_defa...
    │                             └ {}
    └ <function create_branch_comparison_plot at 0x7fd517226200>

  File "/scratch/project_2008296/chau/pencil_platform/src/visualization/plots.py", line 249, in create_branch_comparison_plot
    min_idx = np.argmin(best_scores)
              │  │      └ []
              │  └ <function argmin at 0x7fd556e48270>
              └ <module 'numpy' from '/scratch/project_2008296/chau/pencil_platform/.venv/lib/python3.13/site-packages/numpy/__init__.py'>

  File "/scratch/project_2008296/chau/pencil_platform/.venv/lib/python3.13/site-packages/numpy/_core/fromnumeric.py", line 1439, in argmin
    return _wrapfunc(a, 'argmin', axis=axis, out=out, **kwds)
           │         │                 │         │      └ {}
           │         │                 │         └ None
           │         │                 └ None
           │         └ []
           └ <function _wrapfunc at 0x7fd556e29760>
  File "/scratch/project_2008296/chau/pencil_platform/.venv/lib/python3.13/site-packages/numpy/_core/fromnumeric.py", line 54, in _wrapfunc
    return _wrapit(obj, method, *args, **kwds)
           │       │    │        │       └ {'axis': None, 'out': None}
           │       │    │        └ ()
           │       │    └ 'argmin'
           │       └ []
           └ <function _wrapit at 0x7fd556e29800>
  File "/scratch/project_2008296/chau/pencil_platform/.venv/lib/python3.13/site-packages/numpy/_core/fromnumeric.py", line 46, in _wrapit
    result = getattr(arr, method)(*args, **kwds)
                     │    │        │       └ {'axis': None, 'out': None}
                     │    │        └ ()
                     │    └ 'argmin'
                     └ array([], dtype=float64)

ValueError: attempt to get argmin of an empty sequence
