1 CPUs
HOSTNAME = c1108
USER = tranchau
Simple Linux Utility for Resource Management (SLURM) job
SLURM_NODELIST = c1108
SLURM_TASKS_PER_NODE = 1
Mahti - CSC, Kajaani, Finland
Running job: 5293230
Non-MPI version
datadir = data
-- DEBUG CONFIG --
$mpi            =  <0>
$ncpus          =  <1>
$npops          =  <>
$local_disc     =  <0>
$one_local_disc =  <0>
$remote_top     =  <0>
$local_binary   =  <0>
$datadir        =  <data>
$SCRATCH_DIR    =  </scratch/pencil-321322>
$hn             =  <c1108.mahti.csc.fi>
$masterhost     =  <>
$mpirun         =  <>
$mpirunops      =  <>
$mpirunops2     =  <>
$x_ops          =  <>
$NODELIST       =  <c1108>
$SSH            =  <ssh>
$SCP            =  <scp>
$PARENT_PID     =  <321322>
$copysnapshots  =  <copy-snapshots>
$particles      =  <0>
$pointmasses    =  <0>
--
Revision: 

Mon Oct 20 23:44:28 EEST 2025
    src/run.x 
SVN: -------            v.         (                   ) $Id$
SVN: -------            v.         (                   )                    
SVN: -------            v.         (                   )                    
WARNING:  run: quad precision suppressed!
SVN: -------            v.         (                   ) $Id$
SVN: -------            v.         (                   ) $Id$
SVN: -------            v.         (                   ) $Id$
SVN: -------            v.         (                   ) $Id$
SVN: -------            v.         (                   ) $Id$
SVN: -------            v.         (                   ) $Id$
SVN: -------            v.         (                   ) $Id$
SVN: -------            v.         (                   ) $Id$
SVN: -------            v.         (                   ) $Id$
SVN: -------            v.         (                   ) $Id$
SVN: -------            v.         (                   ) $Id$
SVN: -------            v.         (                   ) $Id$
SVN: -------            v.         (                   ) $Id$
SVN: -------            v.         (                   ) $Id$
SVN: -------            v.         (                   ) $Id$
SVN: -------            v.         (                   ) $Id$
SVN: -------            v.         (                   ) $Id$
SVN: -------            v.         (                   ) $Id$
SVN: -------            v.         (                   ) $Id$
SVN: -------            v.         (                   ) $Id$
SVN: -------            v.         (                   ) $Id$
SVN: -------            v.         (                   ) $Id$
SVN: -------            v.         (                   ) $Id$
SVN: -------            v.         (                   ) $Id$
SVN: -------            v.         (                   ) $Id$
SVN: -------            v.         (                   ) $Id$
SVN: -------            v.         (                   ) $Id$
SVN: -------            v.         (                   ) $Id$
SVN: -------            v.         (                   ) $Id$
 The verbose level is ip=          14  (ldebug= F )
 This is a 1-D run
 nxgrid, nygrid, nzgrid=        4000           1           1
 Lx, Ly, Lz=   1.00000000       1.00000000       1.00000000    
       Vbox=   1.00000000    
 rsnap: read snapshot var.dat in    0.0000000000000000       seconds
 setup_slices: slice_position = p
 setup_slices: ix_loc,iy_loc,iz_loc, (video files) = 4 4 4                                                                           
 units_general: unit_velocity=   97781.229948950713     
 units_general: unit_density=   1.6737236000000002E-024
 units_general: unit_length=   3.0856775800000002E+021
 units_general: unit_magnetic=   4.4843790064030054E-007
 units_eos: unit_temperature=   68.996576501564562     
 units_eos: cp, lnTT0, cs0, pp0, Rgas=   1.50000000       1.19209282E-07   1.00000000      0.600000083      0.600000024    
 alpha_fine =   7.2973525643000000E-003
 sigma_Thomson_cgs =   6.6524587321600003E-025
 diffusion: shock diffusion
WARNING:  initialize_density: set lgamma_is_1=F if gamma/=1 with entropy!
 initialize_density: no need to read initial stratification for lanti_shockdiffusion=F.
 select_eos_variable: Using rho and ss
 initialize_energy: nheatc_max,iheatcond=           4 shock                                   nothing                                 nothing                                 nothing                                 
 heat conduction: shock
 viscous force: nu_shock*(XXXXXXXXXXX)
 pencil_consistency_check: checking pencil case
 pencil_consistency_check: checking requested pencils
 pencil_consistency_check: performing small pencil check
 pencil_consistency_check: the small pencil check reported no problems
 pencil_consistency_check: checking dependence on pencil initialization
 pencil_consistency_check: results are independent of pencil initialization
 pencil_consistency_check: checking diagnostics pencils
 pencil_consistency_check: performing small pencil check
 pencil_consistency_check: the small pencil check reported no problems
 pencil_consistency_check: set lpencil_check_diagnos_opti=T in run.in to report
 pencil_consistency_check: optimisation possibilities for diagnostics pencils
 pencil_consistency_check: checking dependence on pencil initialization
 pencil_consistency_check: diagnostics are independent of pencil initialization
 pencil_consistency_check: all tests passed
 pde: ENTER
SVN: -------            v.         (                   ) $Id$
 calc_pencils_energy: max(advec_cs2) =   1.07003314E+12
 duu_dt: SOLVE
Bcs for         ux,  x: <       a>, y: <       p>,  z: <       p>
Bcs for         uy,  x: <       s>, y: <       p>,  z: <       p>
Bcs for         uz,  x: <       s>, y: <       p>,  z: <       p>
 duu_dt: max(advec_uu) =   0.00000000    
 dlnrho_dt: SOLVE
Bcs for      lnrho,  x: <       s>, y: <       p>,  z: <       p>
 dlnrho_dt: diffrho_shock=  0.100000001    
 dlnrho_dt: max(diffus_diffrho ) =   0.00000000    
 dlnrho_dt: max(diffus_diffrho3) =   0.00000000    
 denergy_dt: SOLVE denergy_dt
Bcs for         ss,  x: <       s>, y: <       p>,  z: <       p>
 denergy_dt: lnTT,cs2,cp1=   11.1111116       66910.5312       1.17283905    
 calc_heatcond_shock: use shock diffusion
 calc_heatcond_shock: chi_shock=  0.100000001    
 calc_heatcond_shock: added thdiff

 ---it--------t-----------dt---------umax--------ekin--------ethm-------TTmax--------epsK-----visc_heatm----pdivum-------ruxm-------rhomin------rhomax-------ssm-----
      0   0.0000E+00  4.8336E-09  0.0000E+00  0.0000E+00  2.9153E+04  6.6911E+04  0.0000E+00  0.0000E+00  0.0000E+00  0.0000E+00  2.5000E-02  1.0000E+00  9.0000E+00
   1000   4.8336E-06  4.8336E-09  1.6507E+01  1.0464E+00  2.9152E+04  6.6911E+04  1.7934E+00  7.4685E+00  4.3198E+05  1.9396E-01  2.5000E-02  1.0000E+00  9.0000E+00
   2000   9.6672E-06  4.8336E-09  3.2808E+01  4.1577E+00  2.9148E+04  6.6911E+04  2.4388E+01  1.0190E+02  8.5262E+05  3.8792E-01  2.5000E-02  1.0000E+00  9.0001E+00
   3000   1.4496E-05  4.8106E-09  4.8698E+01  9.2494E+00  2.9143E+04  6.6911E+04  1.1356E+02  4.7675E+02  1.2520E+06  5.8169E-01  2.5000E-02  1.0000E+00  9.0003E+00
   4000   1.9259E-05  4.7066E-09  6.3848E+01  1.6098E+01  2.9136E+04  6.6911E+04  3.3901E+02  1.4313E+03  1.6187E+06  7.7282E-01  2.5000E-02  1.0000E+00  9.0005E+00
   5000   2.3899E-05  4.5718E-09  7.8003E+01  2.4378E+01  2.9128E+04  6.6911E+04  7.9131E+02  3.3605E+03  1.9455E+06  9.5897E-01  2.5000E-02  1.0000E+00  9.0008E+00
   6000   2.8404E-05  4.4423E-09  9.1093E+01  3.3803E+01  2.9118E+04  6.6911E+04  1.5883E+03  6.7821E+03  2.2327E+06  1.1398E+00  2.5000E-02  1.0000E+00  9.0012E+00
   7000   3.2785E-05  4.3196E-09  1.0318E+02  4.4142E+01  2.9107E+04  6.6911E+04  2.8871E+03  1.2388E+04  2.4832E+06  1.3156E+00  2.5000E-02  1.0000E+00  9.0016E+00
   8000   3.7049E-05  4.2119E-09  1.1429E+02  5.5204E+01  2.9096E+04  6.6911E+04  4.8988E+03  2.1105E+04  2.7010E+06  1.4867E+00  2.5000E-02  1.0000E+00  9.0021E+00
   9000   4.1211E-05  4.0973E-09  1.2460E+02  6.6849E+01  2.9084E+04  6.6911E+04  7.9075E+03  3.4188E+04  2.8902E+06  1.6537E+00  2.5000E-02  1.0000E+00  9.0026E+00
  10000   4.5000E-05  3.5071E-09  1.3344E+02  7.8096E+01  2.9073E+04  6.6911E+04  1.1918E+04  5.1690E+04  3.0434E+06  1.8057E+00  2.5000E-02  1.0000E+00  9.0031E+00
  11000   4.8268E-05  3.0483E-09  1.4066E+02  8.8239E+01  2.9062E+04  6.6911E+04  1.6692E+04  7.2602E+04  3.1623E+06  1.9369E+00  2.5000E-02  1.0000E+00  9.0036E+00
  12000   5.1132E-05  2.6963E-09  1.4673E+02  9.7434E+01  2.9052E+04  6.6911E+04  2.2143E+04  9.6612E+04  3.2569E+06  2.0518E+00  2.5000E-02  1.0000E+00  9.0041E+00
  13000   5.3682E-05  2.4171E-09  1.5192E+02  1.0584E+02  2.9044E+04  6.6911E+04  2.8187E+04  1.2342E+05  3.3342E+06  2.1541E+00  2.5000E-02  1.0000E+00  9.0046E+00
  14000   5.5982E-05  2.1946E-09  1.5641E+02  1.1358E+02  2.9036E+04  6.6911E+04  3.4728E+04  1.5268E+05  3.3986E+06  2.2464E+00  2.5000E-02  1.0000E+00  9.0051E+00
  15000   5.8082E-05  2.0123E-09  1.6041E+02  1.2078E+02  2.9028E+04  6.6911E+04  4.1674E+04  1.8407E+05  3.4532E+06  2.3307E+00  2.5000E-02  1.0000E+00  9.0055E+00
  16000   6.0019E-05  1.8644E-09  1.6402E+02  1.2751E+02  2.9021E+04  6.6911E+04  4.8940E+04  2.1727E+05  3.5002E+06  2.4084E+00  2.5000E-02  1.0000E+00  9.0060E+00
  17000   6.1821E-05  1.7420E-09  1.6726E+02  1.3385E+02  2.9015E+04  6.6911E+04  5.6435E+04  2.5195E+05  3.5412E+06  2.4807E+00  2.5000E-02  1.0000E+00  9.0064E+00
  18000   6.3509E-05  1.6378E-09  1.7021E+02  1.3986E+02  2.9008E+04  6.6911E+04  6.4084E+04  2.8783E+05  3.5772E+06  2.5484E+00  2.5000E-02  1.0000E+00  9.0069E+00
  19000   6.5102E-05  1.5495E-09  1.7293E+02  1.4558E+02  2.9003E+04  6.6911E+04  7.1808E+04  3.2459E+05  3.6092E+06  2.6124E+00  2.5000E-02  1.0000E+00  9.0073E+00
  20000   6.6614E-05  1.4756E-09  1.7535E+02  1.5105E+02  2.8997E+04  6.6911E+04  7.9545E+04  3.6196E+05  3.6379E+06  2.6730E+00  2.5000E-02  1.0000E+00  9.0077E+00
  21000   6.8055E-05  1.4086E-09  1.7771E+02  1.5631E+02  2.8991E+04  6.6911E+04  8.7234E+04  3.9968E+05  3.6637E+06  2.7308E+00  2.5000E-02  1.0000E+00  9.0082E+00
  22000   6.9434E-05  1.3507E-09  1.7986E+02  1.6137E+02  2.8986E+04  6.6911E+04  9.4815E+04  4.3746E+05  3.6872E+06  2.7862E+00  2.5000E-02  1.0000E+00  9.0086E+00
  23000   7.0760E-05  1.3006E-09  1.8190E+02  1.6627E+02  2.8981E+04  6.6911E+04  1.0223E+05  4.7507E+05  3.7087E+06  2.8394E+00  2.5000E-02  1.0000E+00  9.0091E+00
  24000   7.2038E-05  1.2567E-09  1.8375E+02  1.7103E+02  2.8976E+04  6.6911E+04  1.0945E+05  5.1235E+05  3.7284E+06  2.8907E+00  2.5000E-02  1.0000E+00  9.0095E+00
  25000   7.3275E-05  1.2181E-09  1.8561E+02  1.7565E+02  2.8971E+04  6.6911E+04  1.1644E+05  5.4920E+05  3.7466E+06  2.9403E+00  2.5000E-02  1.0000E+00  9.0100E+00
  26000   7.4474E-05  1.1835E-09  1.8735E+02  1.8015E+02  2.8966E+04  6.6911E+04  1.2319E+05  5.8557E+05  3.7635E+06  2.9884E+00  2.5000E-02  1.0000E+00  9.0104E+00
  27000   7.5641E-05  1.1514E-09  1.8900E+02  1.8455E+02  2.8962E+04  6.6911E+04  1.2968E+05  6.2143E+05  3.7791E+06  3.0352E+00  2.5000E-02  1.0000E+00  9.0108E+00
  28000   7.6777E-05  1.1225E-09  1.9056E+02  1.8885E+02  2.8957E+04  6.6911E+04  1.3592E+05  6.5678E+05  3.7937E+06  3.0808E+00  2.5000E-02  1.0000E+00  9.0113E+00
  29000   7.7886E-05  1.0962E-09  1.9212E+02  1.9306E+02  2.8953E+04  6.6911E+04  1.4190E+05  6.9160E+05  3.8073E+06  3.1253E+00  2.5000E-02  1.0000E+00  9.0118E+00
  30000   7.8970E-05  1.0721E-09  1.9361E+02  1.9720E+02  2.8949E+04  6.6911E+04  1.4763E+05  7.2590E+05  3.8201E+06  3.1688E+00  2.5000E-02  1.0000E+00  9.0122E+00
  31000   8.0031E-05  1.0500E-09  1.9503E+02  2.0126E+02  2.8944E+04  6.6911E+04  1.5312E+05  7.5968E+05  3.8322E+06  3.2114E+00  2.5000E-02  1.0000E+00  9.0127E+00
  32000   8.1071E-05  1.0297E-09  1.9631E+02  2.0525E+02  2.8940E+04  6.6911E+04  1.5838E+05  7.9292E+05  3.8436E+06  3.2531E+00  2.5000E-02  1.0000E+00  9.0131E+00
  33000   8.2091E-05  1.0111E-09  1.9761E+02  2.0918E+02  2.8936E+04  6.6911E+04  1.6340E+05  8.2559E+05  3.8545E+06  3.2941E+00  2.5000E-02  1.0000E+00  9.0136E+00
  34000   8.3093E-05  9.9385E-10  1.9882E+02  2.1306E+02  2.8932E+04  6.6911E+04  1.6819E+05  8.5773E+05  3.8648E+06  3.3343E+00  2.5000E-02  1.0000E+00  9.0140E+00
  35000   8.4079E-05  9.7771E-10  1.9990E+02  2.1688E+02  2.8928E+04  6.6911E+04  1.7277E+05  8.8935E+05  3.8747E+06  3.3738E+00  2.5000E-02  1.0000E+00  9.0145E+00
  36000   8.5049E-05  9.6282E-10  2.0105E+02  2.2065E+02  2.8924E+04  6.6911E+04  1.7714E+05  9.2049E+05  3.8841E+06  3.4127E+00  2.5000E-02  1.0000E+00  9.0150E+00
  37000   8.6004E-05  9.4887E-10  2.0217E+02  2.2437E+02  2.8920E+04  6.6911E+04  1.8133E+05  9.5124E+05  3.8931E+06  3.4511E+00  2.5000E-02  1.0000E+00  9.0154E+00
  38000   8.6946E-05  9.3579E-10  2.0325E+02  2.2804E+02  2.8916E+04  6.6911E+04  1.8533E+05  9.8163E+05  3.9017E+06  3.4889E+00  2.5000E-02  1.0000E+00  9.0159E+00
  39000   8.7874E-05  9.2314E-10  2.0423E+02  2.3168E+02  2.8912E+04  6.6911E+04  1.8918E+05  1.0117E+06  3.9101E+06  3.5261E+00  2.5000E-02  1.0000E+00  9.0164E+00
  40000   8.8790E-05  9.1079E-10  2.0522E+02  2.3528E+02  2.8909E+04  6.6911E+04  1.9287E+05  1.0416E+06  3.9181E+06  3.5629E+00  2.5000E-02  1.0000E+00  9.0168E+00
  41000   8.9695E-05  8.9905E-10  2.0617E+02  2.3883E+02  2.8905E+04  6.6911E+04  1.9643E+05  1.0714E+06  3.9259E+06  3.5992E+00  2.5000E-02  1.0000E+00  9.0173E+00
  42000   9.0588E-05  8.8788E-10  2.0710E+02  2.4235E+02  2.8901E+04  6.6911E+04  1.9986E+05  1.1010E+06  3.9335E+06  3.6350E+00  2.5000E-02  1.0000E+00  9.0178E+00
  43000   9.1471E-05  8.7712E-10  2.0802E+02  2.4584E+02  2.8897E+04  6.6911E+04  2.0317E+05  1.1306E+06  3.9408E+06  3.6704E+00  2.5000E-02  1.0000E+00  9.0183E+00
  44000   9.2343E-05  8.6681E-10  2.0889E+02  2.4929E+02  2.8894E+04  6.6911E+04  2.0637E+05  1.1602E+06  3.9480E+06  3.7054E+00  2.5000E-02  1.0000E+00  9.0187E+00
  45000   9.3206E-05  8.5701E-10  2.0985E+02  2.5271E+02  2.8890E+04  6.6911E+04  2.0947E+05  1.1897E+06  3.9549E+06  3.7400E+00  2.5000E-02  1.0000E+00  9.0192E+00
  46000   9.4059E-05  8.4756E-10  2.1073E+02  2.5610E+02  2.8887E+04  6.6911E+04  2.1246E+05  1.2193E+06  3.9617E+06  3.7742E+00  2.5000E-02  1.0000E+00  9.0197E+00
  47000   9.4902E-05  8.3855E-10  2.1161E+02  2.5946E+02  2.8883E+04  6.6911E+04  2.1537E+05  1.2490E+06  3.9684E+06  3.8081E+00  2.5000E-02  1.0000E+00  9.0201E+00
  48000   9.5736E-05  8.2986E-10  2.1244E+02  2.6278E+02  2.8880E+04  6.6911E+04  2.1817E+05  1.2787E+06  3.9749E+06  3.8416E+00  2.5000E-02  1.0000E+00  9.0206E+00
  49000   9.6562E-05  8.2151E-10  2.1326E+02  2.6608E+02  2.8876E+04  6.6911E+04  2.2088E+05  1.3084E+06  3.9812E+06  3.8747E+00  2.5000E-02  1.0000E+00  9.0211E+00
  50000   9.7379E-05  8.1353E-10  2.1405E+02  2.6935E+02  2.8873E+04  6.6911E+04  2.2351E+05  1.3383E+06  3.9874E+06  3.9075E+00  2.5000E-02  1.0000E+00  9.0216E+00
  51000   9.8187E-05  8.0506E-10  2.1481E+02  2.7259E+02  2.8869E+04  6.6911E+04  2.2603E+05  1.3683E+06  3.9936E+06  3.9399E+00  2.5000E-02  1.0000E+00  9.0220E+00
  52000   9.8988E-05  7.9680E-10  2.1555E+02  2.7580E+02  2.8866E+04  6.6911E+04  2.2847E+05  1.3983E+06  3.9996E+06  3.9720E+00  2.5000E-02  1.0000E+00  9.0225E+00
  53000   9.9781E-05  7.8872E-10  2.1627E+02  2.7899E+02  2.8862E+04  6.6911E+04  2.3080E+05  1.4284E+06  4.0055E+06  4.0039E+00  2.5000E-02  1.0000E+00  9.0230E+00
  54000   1.0057E-04  7.8101E-10  2.1693E+02  2.8215E+02  2.8859E+04  6.6911E+04  2.3304E+05  1.4585E+06  4.0112E+06  4.0354E+00  2.5000E-02  1.0000E+00  9.0235E+00
  55000   1.0134E-04  7.7360E-10  2.1759E+02  2.8528E+02  2.8856E+04  6.6911E+04  2.3518E+05  1.4886E+06  4.0169E+06  4.0666E+00  2.5000E-02  1.0000E+00  9.0239E+00
  56000   1.0211E-04  7.6650E-10  2.1825E+02  2.8839E+02  2.8852E+04  6.6911E+04  2.3722E+05  1.5187E+06  4.0226E+06  4.0975E+00  2.5000E-02  1.0000E+00  9.0244E+00
  57000   1.0288E-04  7.5971E-10  2.1887E+02  2.9148E+02  2.8849E+04  6.6911E+04  2.3915E+05  1.5487E+06  4.0282E+06  4.1281E+00  2.5000E-02  1.0000E+00  9.0249E+00
  58000   1.0363E-04  7.5321E-10  2.1960E+02  2.9454E+02  2.8846E+04  6.6911E+04  2.4096E+05  1.5786E+06  4.0336E+06  4.1584E+00  2.5000E-02  1.0000E+00  9.0254E+00
  59000   1.0438E-04  7.4714E-10  2.2045E+02  2.9758E+02  2.8843E+04  6.6911E+04  2.4266E+05  1.6085E+06  4.0390E+06  4.1885E+00  2.5000E-02  1.0000E+00  9.0258E+00
  60000   1.0513E-04  7.4051E-10  2.2130E+02  3.0059E+02  2.8840E+04  6.6911E+04  2.4426E+05  1.6383E+06  4.0444E+06  4.2184E+00  2.5000E-02  1.0000E+00  9.0263E+00
  61000   1.0586E-04  7.3395E-10  2.2216E+02  3.0358E+02  2.8836E+04  6.6911E+04  2.4575E+05  1.6681E+06  4.0497E+06  4.2479E+00  2.5000E-02  1.0000E+00  9.0268E+00
  62000   1.0659E-04  7.2766E-10  2.2302E+02  3.0656E+02  2.8833E+04  6.6911E+04  2.4714E+05  1.6977E+06  4.0549E+06  4.2773E+00  2.5000E-02  1.0000E+00  9.0273E+00
  63000   1.0732E-04  7.2170E-10  2.2390E+02  3.0951E+02  2.8830E+04  6.6911E+04  2.4843E+05  1.7272E+06  4.0602E+06  4.3063E+00  2.5000E-02  1.0000E+00  9.0277E+00
  64000   1.0804E-04  7.1596E-10  2.2478E+02  3.1244E+02  2.8827E+04  6.6911E+04  2.4962E+05  1.7566E+06  4.0654E+06  4.3352E+00  2.5000E-02  1.0000E+00  9.0282E+00
  65000   1.0875E-04  7.1052E-10  2.2563E+02  3.1535E+02  2.8824E+04  6.6911E+04  2.5065E+05  1.7856E+06  4.0705E+06  4.3638E+00  2.5000E-02  1.0000E+00  9.0287E+00
  66000   1.0946E-04  7.0529E-10  2.2646E+02  3.1824E+02  2.8821E+04  6.6911E+04  2.5143E+05  1.8139E+06  4.0756E+06  4.3922E+00  2.5000E-02  1.0000E+00  9.0292E+00
  67000   1.1016E-04  7.0042E-10  2.2726E+02  3.2112E+02  2.8818E+04  6.6911E+04  2.5187E+05  1.8412E+06  4.0808E+06  4.4204E+00  2.5000E-02  1.0000E+00  9.0297E+00
  68000   1.1086E-04  6.9508E-10  2.2805E+02  3.2397E+02  2.8815E+04  6.6911E+04  2.5194E+05  1.8674E+06  4.0859E+06  4.4484E+00  2.5000E-02  1.0000E+00  9.0301E+00
  69000   1.1155E-04  6.8952E-10  2.2884E+02  3.2681E+02  2.8812E+04  6.6911E+04  2.5159E+05  1.8920E+06  4.0910E+06  4.4762E+00  2.5000E-02  1.0000E+00  9.0306E+00
  70000   1.1224E-04  6.8423E-10  2.2963E+02  3.2963E+02  2.8809E+04  6.6911E+04  2.5081E+05  1.9149E+06  4.0962E+06  4.5037E+00  2.5000E-02  1.0000E+00  9.0311E+00
  71000   1.1292E-04  6.7935E-10  2.3042E+02  3.3243E+02  2.8806E+04  6.6911E+04  2.4962E+05  1.9358E+06  4.1014E+06  4.5311E+00  2.5000E-02  1.0000E+00  9.0316E+00
  72000   1.1360E-04  6.7493E-10  2.3123E+02  3.3522E+02  2.8803E+04  6.6911E+04  2.4806E+05  1.9546E+06  4.1065E+06  4.5583E+00  2.5000E-02  1.0000E+00  9.0321E+00
  73000   1.1427E-04  6.7101E-10  2.3206E+02  3.3799E+02  2.8800E+04  6.6911E+04  2.4610E+05  1.9708E+06  4.1115E+06  4.5853E+00  2.5000E-02  1.0000E+00  9.0325E+00
  74000   1.1494E-04  6.6777E-10  2.3290E+02  3.4074E+02  2.8797E+04  6.6911E+04  2.4367E+05  1.9840E+06  4.1166E+06  4.6122E+00  2.5000E-02  1.0000E+00  9.0330E+00
  75000   1.1561E-04  6.6508E-10  2.3379E+02  3.4349E+02  2.8794E+04  6.6911E+04  2.4068E+05  1.9933E+06  4.1218E+06  4.6389E+00  2.5000E-02  1.0000E+00  9.0335E+00
  76000   1.1627E-04  6.6305E-10  2.3476E+02  3.4623E+02  2.8791E+04  6.6911E+04  2.3725E+05  1.9983E+06  4.1266E+06  4.6656E+00  2.5000E-02  1.0000E+00  9.0340E+00
  77000   1.1693E-04  6.6175E-10  2.3572E+02  3.4897E+02  2.8788E+04  6.6911E+04  2.3370E+05  1.9994E+06  4.1311E+06  4.6921E+00  2.5000E-02  1.0000E+00  9.0344E+00
  78000   1.1760E-04  6.6173E-10  2.3653E+02  3.5171E+02  2.8785E+04  6.6911E+04  2.3068E+05  1.9988E+06  4.1355E+06  4.7186E+00  2.5000E-02  1.0000E+00  9.0349E+00
  79000   1.1826E-04  6.6440E-10  2.3710E+02  3.5446E+02  2.8782E+04  6.6911E+04  2.2912E+05  2.0005E+06  4.1397E+06  4.7452E+00  2.5000E-02  1.0000E+00  9.0354E+00
  80000   1.1893E-04  6.7121E-10  2.3773E+02  3.5723E+02  2.8779E+04  6.6911E+04  2.2972E+05  2.0093E+06  4.1437E+06  4.7720E+00  2.5000E-02  1.0000E+00  9.0359E+00
  81000   1.1960E-04  6.8084E-10  2.3843E+02  3.6005E+02  2.8776E+04  6.6911E+04  2.3235E+05  2.0281E+06  4.1475E+06  4.7991E+00  2.5000E-02  1.0000E+00  9.0364E+00
  82000   1.2029E-04  6.8875E-10  2.3944E+02  3.6290E+02  2.8773E+04  6.6911E+04  2.3655E+05  2.0577E+06  4.1515E+06  4.8267E+00  2.5000E-02  1.0000E+00  9.0369E+00
  83000   1.2098E-04  6.8970E-10  2.4059E+02  3.6578E+02  2.8769E+04  6.6911E+04  2.4176E+05  2.0977E+06  4.1554E+06  4.8543E+00  2.5000E-02  1.0000E+00  9.0374E+00
  84000   1.2166E-04  6.8381E-10  2.4166E+02  3.6864E+02  2.8766E+04  6.6911E+04  2.4698E+05  2.1441E+06  4.1592E+06  4.8819E+00  2.5000E-02  1.0000E+00  9.0379E+00
  85000   1.2234E-04  6.7213E-10  2.4261E+02  3.7147E+02  2.8763E+04  6.6911E+04  2.5147E+05  2.1929E+06  4.1627E+06  4.9091E+00  2.5000E-02  1.0000E+00  9.0383E+00
  86000   1.2301E-04  6.6028E-10  2.4374E+02  3.7425E+02  2.8760E+04  6.6911E+04  2.5489E+05  2.2408E+06  4.1664E+06  4.9358E+00  2.5000E-02  1.0000E+00  9.0388E+00
  87000   1.2366E-04  6.4935E-10  2.4483E+02  3.7699E+02  2.8757E+04  6.6911E+04  2.5723E+05  2.2856E+06  4.1705E+06  4.9620E+00  2.5000E-02  1.0000E+00  9.0393E+00
  88000   1.2431E-04  6.3899E-10  2.4584E+02  3.7967E+02  2.8754E+04  6.6911E+04  2.5853E+05  2.3259E+06  4.1747E+06  4.9879E+00  2.5000E-02  1.0000E+00  9.0397E+00
  89000   1.2494E-04  6.3050E-10  2.4678E+02  3.8232E+02  2.8751E+04  6.6911E+04  2.5855E+05  2.3599E+06  4.1789E+06  5.0133E+00  2.5000E-02  1.0000E+00  9.0402E+00
  90000   1.2557E-04  6.2359E-10  2.4766E+02  3.8494E+02  2.8749E+04  6.6911E+04  2.5741E+05  2.3871E+06  4.1830E+06  5.0385E+00  2.5000E-02  1.0000E+00  9.0407E+00
  91000   1.2619E-04  6.1822E-10  2.4847E+02  3.8754E+02  2.8746E+04  6.6911E+04  2.5532E+05  2.4075E+06  4.1872E+06  5.0634E+00  2.5000E-02  1.0000E+00  9.0411E+00
  92000   1.2681E-04  6.1418E-10  2.4923E+02  3.9012E+02  2.8743E+04  6.6911E+04  2.5224E+05  2.4205E+06  4.1914E+06  5.0881E+00  2.5000E-02  1.0000E+00  9.0416E+00
  93000   1.2742E-04  6.1134E-10  2.4993E+02  3.9268E+02  2.8740E+04  6.6911E+04  2.4821E+05  2.4256E+06  4.1957E+06  5.1127E+00  2.5000E-02  1.0000E+00  9.0421E+00
  94000   1.2803E-04  6.0957E-10  2.5058E+02  3.9524E+02  2.8737E+04  6.6911E+04  2.4337E+05  2.4229E+06  4.2000E+06  5.1372E+00  2.5000E-02  1.0000E+00  9.0425E+00
  95000   1.2864E-04  6.0882E-10  2.5119E+02  3.9779E+02  2.8735E+04  6.6911E+04  2.3801E+05  2.4127E+06  4.2042E+06  5.1616E+00  2.5000E-02  1.0000E+00  9.0430E+00
  96000   1.2925E-04  6.0908E-10  2.5198E+02  4.0035E+02  2.8732E+04  6.6911E+04  2.3267E+05  2.3963E+06  4.2080E+06  5.1860E+00  2.5000E-02  1.0000E+00  9.0435E+00
  97000   1.2986E-04  6.1098E-10  2.5348E+02  4.0292E+02  2.8729E+04  6.6911E+04  2.2831E+05  2.3776E+06  4.2114E+06  5.2105E+00  2.5000E-02  1.0000E+00  9.0440E+00
  98000   1.3047E-04  6.1637E-10  2.5491E+02  4.0550E+02  2.8726E+04  6.6911E+04  2.2592E+05  2.3629E+06  4.2142E+06  5.2351E+00  2.5000E-02  1.0000E+00  9.0444E+00
  99000   1.3109E-04  6.2720E-10  2.5616E+02  4.0812E+02  2.8723E+04  6.6911E+04  2.2595E+05  2.3577E+06  4.2166E+06  5.2600E+00  2.5000E-02  1.0000E+00  9.0449E+00
 100000   1.3173E-04  6.4024E-10  2.5716E+02  4.1080E+02  2.8721E+04  6.6911E+04  2.2903E+05  2.3690E+06  4.2186E+06  5.2854E+00  2.5000E-02  1.0000E+00  9.0454E+00
 101000   1.3237E-04  6.5315E-10  2.5787E+02  4.1353E+02  2.8718E+04  6.6911E+04  2.3500E+05  2.4004E+06  4.2209E+06  5.3113E+00  2.5000E-02  1.0000E+00  9.0459E+00
 102000   1.3303E-04  6.5918E-10  2.5819E+02  4.1631E+02  2.8714E+04  6.6911E+04  2.4303E+05  2.4507E+06  4.2235E+06  5.3376E+00  2.5000E-02  1.0000E+00  9.0464E+00
 103000   1.3369E-04  6.5788E-10  2.5798E+02  4.1910E+02  2.8711E+04  6.6911E+04  2.5165E+05  2.5138E+06  4.2261E+06  5.3641E+00  2.5000E-02  1.0000E+00  9.0469E+00
 104000   1.3434E-04  6.4836E-10  2.5730E+02  4.2187E+02  2.8708E+04  6.6911E+04  2.5924E+05  2.5811E+06  4.2285E+06  5.3903E+00  2.5000E-02  1.0000E+00  9.0474E+00
 105000   1.3498E-04  6.3452E-10  2.5724E+02  4.2458E+02  2.8705E+04  6.6911E+04  2.6513E+05  2.6476E+06  4.2307E+06  5.4160E+00  2.5000E-02  1.0000E+00  9.0479E+00
 106000   1.3561E-04  6.2065E-10  2.5825E+02  4.2724E+02  2.8703E+04  6.6911E+04  2.7035E+05  2.7151E+06  4.2330E+06  5.4412E+00  2.5000E-02  1.0000E+00  9.0483E+00
 107000   1.3623E-04  6.0767E-10  2.5933E+02  4.2983E+02  2.8700E+04  6.6911E+04  2.7451E+05  2.7793E+06  4.2355E+06  5.4658E+00  2.5000E-02  1.0000E+00  9.0488E+00
 108000   1.3683E-04  5.9664E-10  2.6029E+02  4.3238E+02  2.8697E+04  6.6911E+04  2.7760E+05  2.8382E+06  4.2381E+06  5.4900E+00  2.5000E-02  1.0000E+00  9.0493E+00
 109000   1.3742E-04  5.8748E-10  2.6114E+02  4.3488E+02  2.8694E+04  6.6911E+04  2.7977E+05  2.8911E+06  4.2408E+06  5.5137E+00  2.5000E-02  1.0000E+00  9.0497E+00
 110000   1.3800E-04  5.8002E-10  2.6186E+02  4.3735E+02  2.8692E+04  6.6911E+04  2.8105E+05  2.9371E+06  4.2438E+06  5.5371E+00  2.5000E-02  1.0000E+00  9.0502E+00
 111000   1.3858E-04  5.7395E-10  2.6259E+02  4.3979E+02  2.8689E+04  6.6911E+04  2.8139E+05  2.9757E+06  4.2470E+06  5.5603E+00  2.5000E-02  1.0000E+00  9.0506E+00
 112000   1.3915E-04  5.6919E-10  2.6341E+02  4.4221E+02  2.8686E+04  6.6911E+04  2.8082E+05  3.0065E+06  4.2502E+06  5.5832E+00  2.5000E-02  1.0000E+00  9.0511E+00
 113000   1.3972E-04  5.6548E-10  2.6420E+02  4.4461E+02  2.8684E+04  6.6911E+04  2.7931E+05  3.0293E+06  4.2533E+06  5.6060E+00  2.5000E-02  1.0000E+00  9.0515E+00
 114000   1.4028E-04  5.6272E-10  2.6495E+02  4.4699E+02  2.8681E+04  6.6911E+04  2.7686E+05  3.0439E+06  4.2561E+06  5.6286E+00  2.5000E-02  1.0000E+00  9.0520E+00
 115000   1.4084E-04  5.6092E-10  2.6564E+02  4.4937E+02  2.8679E+04  6.6911E+04  2.7361E+05  3.0509E+06  4.2590E+06  5.6511E+00  2.5000E-02  1.0000E+00  9.0525E+00
 116000   1.4140E-04  5.5980E-10  2.6627E+02  4.5174E+02  2.8676E+04  6.6911E+04  2.6960E+05  3.0502E+06  4.2621E+06  5.6735E+00  2.5000E-02  1.0000E+00  9.0530E+00
 117000   1.4196E-04  5.5892E-10  2.6689E+02  4.5411E+02  2.8673E+04  6.6911E+04  2.6485E+05  3.0421E+06  4.2655E+06  5.6959E+00  2.5000E-02  1.0000E+00  9.0534E+00
 118000   1.4252E-04  5.5858E-10  2.6749E+02  4.5647E+02  2.8671E+04  6.6911E+04  2.5954E+05  3.0273E+06  4.2687E+06  5.7183E+00  2.5000E-02  1.0000E+00  9.0539E+00
 119000   1.4308E-04  5.5887E-10  2.6806E+02  4.5884E+02  2.8668E+04  6.6911E+04  2.5380E+05  3.0065E+06  4.2717E+06  5.7407E+00  2.5000E-02  1.0000E+00  9.0544E+00
 120000   1.4364E-04  5.5966E-10  2.6861E+02  4.6121E+02  2.8666E+04  6.6911E+04  2.4774E+05  2.9802E+06  4.2745E+06  5.7632E+00  2.5000E-02  1.0000E+00  9.0548E+00
slurmstepd: error: *** STEP 5293230.1 ON c1108 CANCELLED AT 2025-10-20T23:58:24 DUE TO TIME LIMIT ***
