2025-10-20 10:44:43.254 | INFO     | src.core.logging:setup_file_logging:61 - 📝 Logging to file: logs/generation/shocktube_phase1_highres/2025-10-20_10-44-43_generation.log
2025-10-20 10:44:43.254 | DEBUG    | src.core.logging:setup_file_logging:62 - Log directory: logs/generation/shocktube_phase1_highres
2025-10-20 10:44:43.255 | INFO     | src.experiment.generator:run_suite:104 - Loading experiment plan from: /scratch/project_2008296/chau/pencil_platform/config/shocktube_phase1_highres/plan/sweep.yaml
2025-10-20 10:44:43.363 | INFO     | src.experiment.generator:run_suite:110 - Loaded 7 config file(s) from base experiment 'shocktube_base'
2025-10-20 10:44:43.375 | INFO     | src.experiment.generator:run_suite:118 - Loaded 7 config file(s) from specific experiment 'shocktube_phase1_highres'
2025-10-20 10:44:43.375 | INFO     | src.experiment.generator:run_suite:122 -   Merging 'video_in.yaml': base + specific overrides
2025-10-20 10:44:43.376 | INFO     | src.experiment.generator:run_suite:122 -   Merging 'run_in.yaml': base + specific overrides
2025-10-20 10:44:43.376 | INFO     | src.experiment.generator:run_suite:122 -   Merging 'print_in.yaml': base + specific overrides
2025-10-20 10:44:43.376 | INFO     | src.experiment.generator:run_suite:122 -   Merging 'start_in.yaml': base + specific overrides
2025-10-20 10:44:43.377 | INFO     | src.experiment.generator:run_suite:122 -   Merging 'Makefile_local.yaml': base + specific overrides
2025-10-20 10:44:43.377 | INFO     | src.experiment.generator:run_suite:122 -   Merging 'yzaver_in.yaml': base + specific overrides
2025-10-20 10:44:43.377 | INFO     | src.experiment.generator:run_suite:122 -   Merging 'cparam_local.yaml': base + specific overrides
2025-10-20 10:44:43.378 | WARNING  | src.experiment.generator:run_suite:151 - AUTOMATIC REBUILD ENACTED. Reason: Plan modifies 'cparam_local.yaml'.
2025-10-20 10:44:43.774 | SUCCESS  | src.experiment.generator:run_suite:206 - Generated config files for 12 run(s) in '/scratch/project_2008296/chau/pencil_platform/runs/shocktube_phase1_highres/generated_configs'
2025-10-20 10:44:43.775 | SUCCESS  | src.experiment.generator:run_suite:210 - Generated run manifest at '/scratch/project_2008296/chau/pencil_platform/runs/shocktube_phase1_highres/run_manifest.txt'
2025-10-20 10:44:43.790 | SUCCESS  | src.experiment.generator:run_suite:225 - Generated submission script at '/scratch/project_2008296/chau/pencil_platform/runs/shocktube_phase1_highres/submit_suite.sh'
2025-10-20 10:44:43.790 | INFO     | src.experiment.generator:run_suite:226 - --- Experiment Summary ---
Total Simulations to Generate: 12
2025-10-20 10:44:43.799 | INFO     | src.core.logging:setup_file_logging:61 - 📝 Logging to file: logs/submission/shocktube_phase1_highres/2025-10-20_10-44-43_submission.log
2025-10-20 10:44:43.799 | DEBUG    | src.core.logging:setup_file_logging:62 - Log directory: logs/submission/shocktube_phase1_highres
2025-10-20 10:44:43.800 | INFO     | src.experiment.job_manager:submit_suite:20 - Attempting to submit job to SLURM...
2025-10-20 10:44:43.830 | INFO     | src.experiment.job_manager:submit_suite:32 - ==================================================
2025-10-20 10:44:43.831 | INFO     | src.experiment.job_manager:submit_suite:33 -            JOB SUBMITTED SUCCESSFULLY
2025-10-20 10:44:43.831 | INFO     | src.experiment.job_manager:submit_suite:34 - ==================================================
2025-10-20 10:44:43.831 | INFO     | src.experiment.job_manager:submit_suite:35 -   Submission Script: /scratch/project_2008296/chau/pencil_platform/runs/shocktube_phase1_highres/submit_suite.sh
2025-10-20 10:44:43.832 | INFO     | src.experiment.job_manager:submit_suite:36 -   HPC Run Directory: /scratch/project_2008296/chau/runs/shocktube_phase1
2025-10-20 10:44:43.832 | INFO     | src.experiment.job_manager:submit_suite:37 -   SLURM Batch Job ID: 5289748
2025-10-20 10:44:43.833 | INFO     | src.experiment.job_manager:submit_suite:38 -   You can check the status with: python main.py shocktube_phase1_highres --check
2025-10-20 10:44:43.833 | INFO     | __main__:main:170 - Auto-check enabled, checking job status...
2025-10-20 10:44:43.842 | INFO     | src.core.logging:setup_file_logging:61 - 📝 Logging to file: logs/status/shocktube_phase1_highres/2025-10-20_10-44-43_status.log
2025-10-20 10:44:43.842 | DEBUG    | src.core.logging:setup_file_logging:62 - Log directory: logs/status/shocktube_phase1_highres
2025-10-20 10:44:43.842 | INFO     | src.experiment.job_manager:check_suite_status:63 - --- STATUS CHECK MODE for 'shocktube_phase1_highres' ---
2025-10-20 10:44:43.845 | INFO     | src.experiment.job_manager:check_suite_status:81 - Querying SLURM for batch job ID: 5289748
2025-10-20 10:44:43.860 | WARNING  | src.experiment.job_manager:check_suite_status:113 - No active or recent job tasks found for Job ID 5289748.
2025-10-20 10:44:43.860 | WARNING  | src.experiment.job_manager:check_suite_status:114 - This usually means the job array has completed successfully and is no longer in the recent accounting database.
2025-10-20 10:44:43.861 | INFO     | src.experiment.job_manager:check_suite_status:135 - --- Job Status Summary ---
2025-10-20 10:44:43.861 | INFO     | src.experiment.job_manager:check_suite_status:136 -   Total Simulations: 12
2025-10-20 10:44:43.861 | INFO     | src.experiment.job_manager:check_suite_status:137 -   Completed: 12
2025-10-20 10:44:43.861 | INFO     | src.experiment.job_manager:check_suite_status:138 -   Failed/Cancelled: 0
2025-10-20 10:44:43.862 | INFO     | src.experiment.job_manager:check_suite_status:139 -   Running: 0
2025-10-20 10:44:43.862 | INFO     | src.experiment.job_manager:check_suite_status:140 -   Pending: 0
2025-10-20 10:44:43.862 | INFO     | __main__:main:174 - Auto-postprocessing enabled.
2025-10-20 10:44:43.863 | INFO     | __main__:main:175 - Note: Postprocessing should be run after jobs complete.
2025-10-20 10:44:43.864 | INFO     | __main__:main:176 - To run analysis: python main.py shocktube_phase1_highres --analyze
2025-10-20 10:44:43.864 | INFO     | __main__:main:177 - To run visualization: python main.py shocktube_phase1_highres --viz
