1 CPUs
HOSTNAME = c4305
USER = tranchau
Simple Linux Utility for Resource Management (SLURM) job
SLURM_NODELIST = c4305
SLURM_TASKS_PER_NODE = 1
Mahti - CSC, Kajaani, Finland
Running job: 5293412
Non-MPI version
datadir = data
-- DEBUG CONFIG --
$mpi            =  <0>
$ncpus          =  <1>
$npops          =  <>
$local_disc     =  <0>
$one_local_disc =  <0>
$remote_top     =  <0>
$local_binary   =  <0>
$datadir        =  <data>
$SCRATCH_DIR    =  </scratch/pencil-2444259>
$hn             =  <c4305.mahti.csc.fi>
$masterhost     =  <>
$mpirun         =  <>
$mpirunops      =  <>
$mpirunops2     =  <>
$x_ops          =  <>
$NODELIST       =  <c4305>
$SSH            =  <ssh>
$SCP            =  <scp>
$PARENT_PID     =  <2444259>
$copysnapshots  =  <copy-snapshots>
$particles      =  <0>
$pointmasses    =  <0>
--
Revision: 

Tue Oct 21 00:23:07 EEST 2025
    src/run.x 
SVN: -------            v.         (                   ) $Id$
SVN: -------            v.         (                   )                    
SVN: -------            v.         (                   )                    
WARNING:  run: quad precision suppressed!
SVN: -------            v.         (                   ) $Id$
SVN: -------            v.         (                   ) $Id$
SVN: -------            v.         (                   ) $Id$
SVN: -------            v.         (                   ) $Id$
SVN: -------            v.         (                   ) $Id$
SVN: -------            v.         (                   ) $Id$
SVN: -------            v.         (                   ) $Id$
SVN: -------            v.         (                   ) $Id$
SVN: -------            v.         (                   ) $Id$
SVN: -------            v.         (                   ) $Id$
SVN: -------            v.         (                   ) $Id$
SVN: -------            v.         (                   ) $Id$
SVN: -------            v.         (                   ) $Id$
SVN: -------            v.         (                   ) $Id$
SVN: -------            v.         (                   ) $Id$
SVN: -------            v.         (                   ) $Id$
SVN: -------            v.         (                   ) $Id$
SVN: -------            v.         (                   ) $Id$
SVN: -------            v.         (                   ) $Id$
SVN: -------            v.         (                   ) $Id$
SVN: -------            v.         (                   ) $Id$
SVN: -------            v.         (                   ) $Id$
SVN: -------            v.         (                   ) $Id$
SVN: -------            v.         (                   ) $Id$
SVN: -------            v.         (                   ) $Id$
SVN: -------            v.         (                   ) $Id$
SVN: -------            v.         (                   ) $Id$
SVN: -------            v.         (                   ) $Id$
SVN: -------            v.         (                   ) $Id$
 The verbose level is ip=          14  (ldebug= F )
 This is a 1-D run
 nxgrid, nygrid, nzgrid=        4000           1           1
 Lx, Ly, Lz=   1.00000000       1.00000000       1.00000000    
       Vbox=   1.00000000    
 rsnap: read snapshot var.dat in    0.0000000000000000       seconds
 setup_slices: slice_position = p
 setup_slices: ix_loc,iy_loc,iz_loc, (video files) = 4 4 4                                                                           
 units_general: unit_velocity=   97781.229948950713     
 units_general: unit_density=   1.6737236000000002E-024
 units_general: unit_length=   3.0856775800000002E+021
 units_general: unit_magnetic=   4.4843790064030054E-007
 units_eos: unit_temperature=   68.996576501564562     
 units_eos: cp, lnTT0, cs0, pp0, Rgas=   1.50000000       1.19209282E-07   1.00000000      0.600000083      0.600000024    
 alpha_fine =   7.2973525643000000E-003
 sigma_Thomson_cgs =   6.6524587321600003E-025
 diffusion: shock diffusion
WARNING:  initialize_density: For diffusion energy/momentum correction should use lmassdiff_fix=T!
 initialize_density: no need to read initial stratification for lanti_shockdiffusion=F.
 select_eos_variable: Using rho and ss
 initialize_energy: nheatc_max,iheatcond=           4 shock                                   nothing                                 nothing                                 nothing                                 
 heat conduction: shock
 viscous force: nu_shock*(XXXXXXXXXXX)
 pencil_consistency_check: checking pencil case
 pencil_consistency_check: checking requested pencils
 pencil_consistency_check: performing small pencil check
 pencil_consistency_check: the small pencil check reported no problems
 pencil_consistency_check: checking dependence on pencil initialization
 pencil_consistency_check: results are independent of pencil initialization
 pencil_consistency_check: checking diagnostics pencils
 pencil_consistency_check: performing small pencil check
 pencil_consistency_check: the small pencil check reported no problems
 pencil_consistency_check: set lpencil_check_diagnos_opti=T in run.in to report
 pencil_consistency_check: optimisation possibilities for diagnostics pencils
 pencil_consistency_check: checking dependence on pencil initialization
 pencil_consistency_check: diagnostics are independent of pencil initialization
 pencil_consistency_check: all tests passed
 pde: ENTER
SVN: -------            v.         (                   ) $Id$
 calc_pencils_energy: max(advec_cs2) =   1.07003314E+12
 duu_dt: SOLVE
Bcs for         ux,  x: <       a>, y: <       p>,  z: <       p>
Bcs for         uy,  x: <       s>, y: <       p>,  z: <       p>
Bcs for         uz,  x: <       s>, y: <       p>,  z: <       p>
 duu_dt: max(advec_uu) =   0.00000000    
 dlnrho_dt: SOLVE
Bcs for      lnrho,  x: <       s>, y: <       p>,  z: <       p>
 dlnrho_dt: diffrho_shock=   1.00000000    
 dlnrho_dt: max(diffus_diffrho ) =   0.00000000    
 dlnrho_dt: max(diffus_diffrho3) =   0.00000000    
 denergy_dt: SOLVE denergy_dt
Bcs for         ss,  x: <       s>, y: <       p>,  z: <       p>
 denergy_dt: lnTT,cs2,cp1=   11.1111116       66910.5312       1.17283905    
 calc_heatcond_shock: use shock diffusion
 calc_heatcond_shock: chi_shock=   1.00000000    
 calc_heatcond_shock: added thdiff

 ---it--------t-----------dt---------umax--------ekin--------ethm-------TTmax--------epsK-----visc_heatm----pdivum-------ruxm-------rhomin------rhomax-------ssm-----
      0   0.0000E+00  4.8336E-09  0.0000E+00  0.0000E+00  2.9153E+04  6.6911E+04  0.0000E+00  0.0000E+00  0.0000E+00  0.0000E+00  2.5000E-02  1.0000E+00  9.0000E+00
   1000   4.8336E-06  4.8336E-09  1.6511E+01  1.0464E+00  2.9152E+04  6.6911E+04  1.7872E+01  7.4403E+01  4.3197E+05  1.9396E-01  2.5000E-02  1.0000E+00  9.0000E+00
   2000   9.6672E-06  4.8336E-09  3.2866E+01  4.1566E+00  2.9148E+04  6.6911E+04  2.3829E+02  9.9390E+02  8.5259E+05  3.8788E-01  2.5000E-02  1.0000E+00  9.0002E+00
   3000   1.4376E-05  4.1618E-09  4.8575E+01  9.0918E+00  2.9143E+04  6.6911E+04  1.0275E+03  4.2961E+03  1.2422E+06  5.7671E-01  2.5000E-02  1.0000E+00  9.0004E+00
   4000   1.7927E-05  3.0775E-09  6.0260E+01  1.3986E+01  2.9138E+04  6.6911E+04  2.2715E+03  9.5237E+03  1.5184E+06  7.1902E-01  2.5000E-02  1.0000E+00  9.0006E+00
   5000   2.0700E-05  2.5181E-09  6.9282E+01  1.8464E+01  2.9133E+04  6.6911E+04  3.7601E+03  1.5811E+04  1.7219E+06  8.3005E-01  2.5000E-02  1.0000E+00  9.0009E+00
   6000   2.3032E-05  2.1695E-09  7.6748E+01  2.2647E+01  2.9129E+04  6.6911E+04  5.4148E+03  2.2846E+04  1.8842E+06  9.2335E-01  2.5000E-02  1.0000E+00  9.0011E+00
   7000   2.5075E-05  1.9303E-09  8.3374E+01  2.6609E+01  2.9124E+04  6.6911E+04  7.1790E+03  3.0426E+04  2.0194E+06  1.0050E+00  2.5000E-02  1.0000E+00  9.0013E+00
   8000   2.6913E-05  1.7545E-09  8.8650E+01  3.0396E+01  2.9120E+04  6.6911E+04  9.0306E+03  3.8447E+04  2.1354E+06  1.0785E+00  2.5000E-02  1.0000E+00  9.0016E+00
   9000   2.8597E-05  1.6181E-09  9.3715E+01  3.4041E+01  2.9116E+04  6.6911E+04  1.0924E+04  4.6771E+04  2.2369E+06  1.1457E+00  2.5000E-02  1.0000E+00  9.0018E+00
  10000   3.0159E-05  1.5094E-09  9.8472E+01  3.7564E+01  2.9112E+04  6.6911E+04  1.2834E+04  5.5319E+04  2.3270E+06  1.2080E+00  2.5000E-02  1.0000E+00  9.0020E+00
  11000   3.1622E-05  1.4202E-09  1.0264E+02  4.0985E+01  2.9108E+04  6.6911E+04  1.4776E+04  6.4089E+04  2.4081E+06  1.2663E+00  2.5000E-02  1.0000E+00  9.0023E+00
  12000   3.3003E-05  1.3453E-09  1.0623E+02  4.4315E+01  2.9104E+04  6.6911E+04  1.6728E+04  7.3021E+04  2.4815E+06  1.3213E+00  2.5000E-02  1.0000E+00  9.0025E+00
  13000   3.4316E-05  1.2815E-09  1.0989E+02  4.7565E+01  2.9101E+04  6.6911E+04  1.8692E+04  8.2101E+04  2.5485E+06  1.3735E+00  2.5000E-02  1.0000E+00  9.0027E+00
  14000   3.5569E-05  1.2265E-09  1.1338E+02  5.0743E+01  2.9097E+04  6.6911E+04  2.0647E+04  9.1275E+04  2.6101E+06  1.4234E+00  2.5000E-02  1.0000E+00  9.0030E+00
  15000   3.6771E-05  1.1784E-09  1.1635E+02  5.3857E+01  2.9093E+04  6.6911E+04  2.2581E+04  1.0051E+05  2.6670E+06  1.4712E+00  2.5000E-02  1.0000E+00  9.0032E+00
  16000   3.7928E-05  1.1360E-09  1.1908E+02  5.6913E+01  2.9090E+04  6.6911E+04  2.4506E+04  1.0981E+05  2.7199E+06  1.5171E+00  2.5000E-02  1.0000E+00  9.0034E+00
  17000   3.9045E-05  1.0984E-09  1.2172E+02  5.9915E+01  2.9086E+04  6.6911E+04  2.6415E+04  1.1915E+05  2.7691E+06  1.5614E+00  2.5000E-02  1.0000E+00  9.0037E+00
  18000   4.0126E-05  1.0646E-09  1.2453E+02  6.2869E+01  2.9083E+04  6.6911E+04  2.8306E+04  1.2853E+05  2.8152E+06  1.6043E+00  2.5000E-02  1.0000E+00  9.0039E+00
  19000   4.1175E-05  1.0339E-09  1.2711E+02  6.5777E+01  2.9080E+04  6.6911E+04  3.0176E+04  1.3792E+05  2.8583E+06  1.6459E+00  2.5000E-02  1.0000E+00  9.0042E+00
  20000   4.2195E-05  1.0059E-09  1.2948E+02  6.8642E+01  2.9076E+04  6.6911E+04  3.2021E+04  1.4732E+05  2.8989E+06  1.6863E+00  2.5000E-02  1.0000E+00  9.0044E+00
  21000   4.3188E-05  9.8045E-10  1.3171E+02  7.1467E+01  2.9073E+04  6.6911E+04  3.3842E+04  1.5672E+05  2.9372E+06  1.7256E+00  2.5000E-02  1.0000E+00  9.0046E+00
  22000   4.4157E-05  9.5726E-10  1.3389E+02  7.4253E+01  2.9070E+04  6.6911E+04  3.5636E+04  1.6611E+05  2.9732E+06  1.7640E+00  2.5000E-02  1.0000E+00  9.0049E+00
  23000   4.5103E-05  9.3558E-10  1.3591E+02  7.7005E+01  2.9066E+04  6.6911E+04  3.7400E+04  1.7548E+05  3.0074E+06  1.8014E+00  2.5000E-02  1.0000E+00  9.0051E+00
  24000   4.6029E-05  9.1567E-10  1.3795E+02  7.9723E+01  2.9063E+04  6.6911E+04  3.9133E+04  1.8483E+05  3.0398E+06  1.8380E+00  2.5000E-02  1.0000E+00  9.0054E+00
  25000   4.6935E-05  8.9718E-10  1.3977E+02  8.2410E+01  2.9060E+04  6.6911E+04  4.0836E+04  1.9414E+05  3.0705E+06  1.8738E+00  2.5000E-02  1.0000E+00  9.0056E+00
  26000   4.7823E-05  8.7978E-10  1.4166E+02  8.5066E+01  2.9057E+04  6.6911E+04  4.2505E+04  2.0342E+05  3.0998E+06  1.9088E+00  2.5000E-02  1.0000E+00  9.0059E+00
  27000   4.8695E-05  8.6397E-10  1.4333E+02  8.7695E+01  2.9054E+04  6.6911E+04  4.4144E+04  2.1265E+05  3.1278E+06  1.9432E+00  2.5000E-02  1.0000E+00  9.0061E+00
  28000   4.9552E-05  8.4896E-10  1.4510E+02  9.0297E+01  2.9051E+04  6.6911E+04  4.5750E+04  2.2184E+05  3.1544E+06  1.9770E+00  2.5000E-02  1.0000E+00  9.0064E+00
  29000   5.0394E-05  8.3502E-10  1.4665E+02  9.2873E+01  2.9048E+04  6.6911E+04  4.7326E+04  2.3099E+05  3.1799E+06  2.0102E+00  2.5000E-02  1.0000E+00  9.0066E+00
  30000   5.1222E-05  8.2179E-10  1.4831E+02  9.5426E+01  2.9044E+04  6.6911E+04  4.8869E+04  2.4008E+05  3.2043E+06  2.0428E+00  2.5000E-02  1.0000E+00  9.0069E+00
  31000   5.2037E-05  8.0895E-10  1.4977E+02  9.7955E+01  2.9041E+04  6.6911E+04  5.0380E+04  2.4912E+05  3.2276E+06  2.0749E+00  2.5000E-02  1.0000E+00  9.0072E+00
  32000   5.2840E-05  7.9697E-10  1.5132E+02  1.0046E+02  2.9038E+04  6.6911E+04  5.1860E+04  2.5810E+05  3.2500E+06  2.1065E+00  2.5000E-02  1.0000E+00  9.0074E+00
  33000   5.3632E-05  7.8566E-10  1.5272E+02  1.0294E+02  2.9035E+04  6.6911E+04  5.3306E+04  2.6702E+05  3.2715E+06  2.1376E+00  2.5000E-02  1.0000E+00  9.0077E+00
  34000   5.4412E-05  7.7519E-10  1.5417E+02  1.0541E+02  2.9033E+04  6.6911E+04  5.4720E+04  2.7587E+05  3.2921E+06  2.1683E+00  2.5000E-02  1.0000E+00  9.0079E+00
  35000   5.5182E-05  7.6525E-10  1.5552E+02  1.0785E+02  2.9030E+04  6.6911E+04  5.6101E+04  2.8466E+05  3.3119E+06  2.1986E+00  2.5000E-02  1.0000E+00  9.0082E+00
  36000   5.5942E-05  7.5556E-10  1.5689E+02  1.1027E+02  2.9027E+04  6.6911E+04  5.7450E+04  2.9338E+05  3.3310E+06  2.2285E+00  2.5000E-02  1.0000E+00  9.0085E+00
  37000   5.6693E-05  7.4618E-10  1.5817E+02  1.1268E+02  2.9024E+04  6.6911E+04  5.8768E+04  3.0204E+05  3.3493E+06  2.2579E+00  2.5000E-02  1.0000E+00  9.0087E+00
  38000   5.7435E-05  7.3752E-10  1.5950E+02  1.1507E+02  2.9021E+04  6.6911E+04  6.0055E+04  3.1063E+05  3.3670E+06  2.2871E+00  2.5000E-02  1.0000E+00  9.0090E+00
  39000   5.8168E-05  7.2916E-10  1.6068E+02  1.1744E+02  2.9018E+04  6.6911E+04  6.1312E+04  3.1915E+05  3.3841E+06  2.3158E+00  2.5000E-02  1.0000E+00  9.0093E+00
  40000   5.8894E-05  7.2112E-10  1.6196E+02  1.1979E+02  2.9015E+04  6.6911E+04  6.2538E+04  3.2760E+05  3.4005E+06  2.3443E+00  2.5000E-02  1.0000E+00  9.0096E+00
  41000   5.9611E-05  7.1352E-10  1.6304E+02  1.2213E+02  2.9012E+04  6.6911E+04  6.3738E+04  3.3598E+05  3.4164E+06  2.3724E+00  2.5000E-02  1.0000E+00  9.0098E+00
  42000   6.0321E-05  7.0603E-10  1.6425E+02  1.2445E+02  2.9010E+04  6.6911E+04  6.4905E+04  3.4429E+05  3.4317E+06  2.4002E+00  2.5000E-02  1.0000E+00  9.0101E+00
  43000   6.1023E-05  6.9893E-10  1.6525E+02  1.2676E+02  2.9007E+04  6.6911E+04  6.6045E+04  3.5252E+05  3.4466E+06  2.4277E+00  2.5000E-02  1.0000E+00  9.0104E+00
  44000   6.1719E-05  6.9218E-10  1.6638E+02  1.2905E+02  2.9004E+04  6.6911E+04  6.7156E+04  3.6067E+05  3.4610E+06  2.4549E+00  2.5000E-02  1.0000E+00  9.0107E+00
  45000   6.2407E-05  6.8553E-10  1.6732E+02  1.3133E+02  2.9001E+04  6.6911E+04  6.8240E+04  3.6875E+05  3.4750E+06  2.4819E+00  2.5000E-02  1.0000E+00  9.0109E+00
  46000   6.3090E-05  6.7920E-10  1.6840E+02  1.3359E+02  2.8999E+04  6.6911E+04  6.9298E+04  3.7676E+05  3.4885E+06  2.5086E+00  2.5000E-02  1.0000E+00  9.0112E+00
  47000   6.3766E-05  6.7316E-10  1.6933E+02  1.3584E+02  2.8996E+04  6.6911E+04  7.0329E+04  3.8469E+05  3.5016E+06  2.5351E+00  2.5000E-02  1.0000E+00  9.0115E+00
  48000   6.4436E-05  6.6719E-10  1.7034E+02  1.3808E+02  2.8993E+04  6.6911E+04  7.1333E+04  3.9253E+05  3.5144E+06  2.5613E+00  2.5000E-02  1.0000E+00  9.0118E+00
  49000   6.5101E-05  6.6165E-10  1.7127E+02  1.4030E+02  2.8990E+04  6.6911E+04  7.2311E+04  4.0030E+05  3.5268E+06  2.5872E+00  2.5000E-02  1.0000E+00  9.0121E+00
  50000   6.5759E-05  6.5611E-10  1.7221E+02  1.4251E+02  2.8988E+04  6.6911E+04  7.3266E+04  4.0799E+05  3.5388E+06  2.6130E+00  2.5000E-02  1.0000E+00  9.0123E+00
  51000   6.6413E-05  6.5079E-10  1.7313E+02  1.4471E+02  2.8985E+04  6.6911E+04  7.4195E+04  4.1560E+05  3.5504E+06  2.6385E+00  2.5000E-02  1.0000E+00  9.0126E+00
  52000   6.7061E-05  6.4577E-10  1.7401E+02  1.4690E+02  2.8982E+04  6.6911E+04  7.5107E+04  4.2314E+05  3.5618E+06  2.6639E+00  2.5000E-02  1.0000E+00  9.0129E+00
  53000   6.7704E-05  6.4097E-10  1.7490E+02  1.4908E+02  2.8980E+04  6.6911E+04  7.5994E+04  4.3059E+05  3.5729E+06  2.6890E+00  2.5000E-02  1.0000E+00  9.0132E+00
  54000   6.8343E-05  6.3615E-10  1.7575E+02  1.5124E+02  2.8977E+04  6.6911E+04  7.6860E+04  4.3797E+05  3.5836E+06  2.7139E+00  2.5000E-02  1.0000E+00  9.0135E+00
  55000   6.8977E-05  6.3172E-10  1.7659E+02  1.5340E+02  2.8974E+04  6.6911E+04  7.7708E+04  4.4527E+05  3.5941E+06  2.7386E+00  2.5000E-02  1.0000E+00  9.0137E+00
  56000   6.9606E-05  6.2719E-10  1.7743E+02  1.5554E+02  2.8972E+04  6.6911E+04  7.8536E+04  4.5250E+05  3.6044E+06  2.7632E+00  2.5000E-02  1.0000E+00  9.0140E+00
  57000   7.0231E-05  6.2288E-10  1.7823E+02  1.5768E+02  2.8969E+04  6.6911E+04  7.9342E+04  4.5964E+05  3.6144E+06  2.7876E+00  2.5000E-02  1.0000E+00  9.0143E+00
  58000   7.0852E-05  6.1880E-10  1.7906E+02  1.5980E+02  2.8966E+04  6.6911E+04  8.0128E+04  4.6671E+05  3.6242E+06  2.8118E+00  2.5000E-02  1.0000E+00  9.0146E+00
  59000   7.1469E-05  6.1474E-10  1.7980E+02  1.6192E+02  2.8964E+04  6.6911E+04  8.0899E+04  4.7372E+05  3.6337E+06  2.8358E+00  2.5000E-02  1.0000E+00  9.0149E+00
  60000   7.2082E-05  6.1090E-10  1.8063E+02  1.6403E+02  2.8961E+04  6.6911E+04  8.1648E+04  4.8064E+05  3.6430E+06  2.8597E+00  2.5000E-02  1.0000E+00  9.0152E+00
  61000   7.2691E-05  6.0726E-10  1.8131E+02  1.6612E+02  2.8958E+04  6.6911E+04  8.2380E+04  4.8748E+05  3.6522E+06  2.8834E+00  2.5000E-02  1.0000E+00  9.0154E+00
  62000   7.3296E-05  6.0356E-10  1.8214E+02  1.6821E+02  2.8956E+04  6.6911E+04  8.3094E+04  4.9424E+05  3.6611E+06  2.9070E+00  2.5000E-02  1.0000E+00  9.0157E+00
  63000   7.3898E-05  5.9993E-10  1.8280E+02  1.7029E+02  2.8953E+04  6.6911E+04  8.3786E+04  5.0094E+05  3.6697E+06  2.9304E+00  2.5000E-02  1.0000E+00  9.0160E+00
  64000   7.4496E-05  5.9660E-10  1.8357E+02  1.7237E+02  2.8951E+04  6.6911E+04  8.4459E+04  5.0756E+05  3.6782E+06  2.9537E+00  2.5000E-02  1.0000E+00  9.0163E+00
  65000   7.5091E-05  5.9324E-10  1.8423E+02  1.7443E+02  2.8948E+04  6.6911E+04  8.5115E+04  5.1411E+05  3.6865E+06  2.9769E+00  2.5000E-02  1.0000E+00  9.0166E+00
  66000   7.5683E-05  5.8995E-10  1.8493E+02  1.7649E+02  2.8946E+04  6.6911E+04  8.5751E+04  5.2059E+05  3.6947E+06  2.9999E+00  2.5000E-02  1.0000E+00  9.0169E+00
  67000   7.6271E-05  5.8708E-10  1.8560E+02  1.7854E+02  2.8943E+04  6.6911E+04  8.6368E+04  5.2700E+05  3.7027E+06  3.0228E+00  2.5000E-02  1.0000E+00  9.0172E+00
  68000   7.6857E-05  5.8394E-10  1.8622E+02  1.8058E+02  2.8940E+04  6.6911E+04  8.6968E+04  5.3333E+05  3.7104E+06  3.0456E+00  2.5000E-02  1.0000E+00  9.0175E+00
  69000   7.7439E-05  5.8104E-10  1.8692E+02  1.8262E+02  2.8938E+04  6.6911E+04  8.7548E+04  5.3959E+05  3.7180E+06  3.0682E+00  2.5000E-02  1.0000E+00  9.0177E+00
  70000   7.8019E-05  5.7824E-10  1.8749E+02  1.8464E+02  2.8935E+04  6.6911E+04  8.8111E+04  5.4579E+05  3.7255E+06  3.0908E+00  2.5000E-02  1.0000E+00  9.0180E+00
  71000   7.8596E-05  5.7539E-10  1.8820E+02  1.8667E+02  2.8933E+04  6.6911E+04  8.8656E+04  5.5194E+05  3.7328E+06  3.1132E+00  2.5000E-02  1.0000E+00  9.0183E+00
  72000   7.9170E-05  5.7266E-10  1.8874E+02  1.8868E+02  2.8930E+04  6.6911E+04  8.9175E+04  5.5801E+05  3.7399E+06  3.1355E+00  2.5000E-02  1.0000E+00  9.0186E+00
  73000   7.9741E-05  5.6998E-10  1.8944E+02  1.9069E+02  2.8928E+04  6.6911E+04  8.9676E+04  5.6403E+05  3.7468E+06  3.1578E+00  2.5000E-02  1.0000E+00  9.0189E+00
  74000   8.0310E-05  5.6723E-10  1.8999E+02  1.9269E+02  2.8925E+04  6.6911E+04  9.0158E+04  5.7000E+05  3.7537E+06  3.1799E+00  2.5000E-02  1.0000E+00  9.0192E+00
  75000   8.0876E-05  5.6489E-10  1.9067E+02  1.9469E+02  2.8923E+04  6.6911E+04  9.0620E+04  5.7590E+05  3.7604E+06  3.2019E+00  2.5000E-02  1.0000E+00  9.0195E+00
  76000   8.1439E-05  5.6230E-10  1.9122E+02  1.9668E+02  2.8920E+04  6.6911E+04  9.1064E+04  5.8174E+05  3.7669E+06  3.2237E+00  2.5000E-02  1.0000E+00  9.0198E+00
  77000   8.2000E-05  5.5989E-10  1.9188E+02  1.9867E+02  2.8918E+04  6.6911E+04  9.1492E+04  5.8753E+05  3.7733E+06  3.2456E+00  2.5000E-02  1.0000E+00  9.0201E+00
  78000   8.2559E-05  5.5754E-10  1.9243E+02  2.0065E+02  2.8916E+04  6.6911E+04  9.1896E+04  5.9326E+05  3.7796E+06  3.2673E+00  2.5000E-02  1.0000E+00  9.0204E+00
  79000   8.3115E-05  5.5510E-10  1.9308E+02  2.0262E+02  2.8913E+04  6.6911E+04  9.2281E+04  5.9892E+05  3.7857E+06  3.2889E+00  2.5000E-02  1.0000E+00  9.0207E+00
  80000   8.3669E-05  5.5278E-10  1.9360E+02  2.0459E+02  2.8911E+04  6.6911E+04  9.2650E+04  6.0453E+05  3.7918E+06  3.3104E+00  2.5000E-02  1.0000E+00  9.0210E+00
  81000   8.4221E-05  5.5048E-10  1.9425E+02  2.0655E+02  2.8908E+04  6.6911E+04  9.3001E+04  6.1010E+05  3.7977E+06  3.3318E+00  2.5000E-02  1.0000E+00  9.0213E+00
  82000   8.4770E-05  5.4818E-10  1.9473E+02  2.0850E+02  2.8906E+04  6.6911E+04  9.3339E+04  6.1562E+05  3.8035E+06  3.3531E+00  2.5000E-02  1.0000E+00  9.0215E+00
  83000   8.5317E-05  5.4602E-10  1.9538E+02  2.1045E+02  2.8903E+04  6.6911E+04  9.3657E+04  6.2108E+05  3.8091E+06  3.3743E+00  2.5000E-02  1.0000E+00  9.0218E+00
  84000   8.5862E-05  5.4374E-10  1.9587E+02  2.1239E+02  2.8901E+04  6.6911E+04  9.3962E+04  6.2649E+05  3.8147E+06  3.3955E+00  2.5000E-02  1.0000E+00  9.0221E+00
  85000   8.6405E-05  5.4160E-10  1.9647E+02  2.1433E+02  2.8898E+04  6.6911E+04  9.4255E+04  6.3187E+05  3.8202E+06  3.4165E+00  2.5000E-02  1.0000E+00  9.0224E+00
  86000   8.6945E-05  5.3936E-10  1.9696E+02  2.1626E+02  2.8896E+04  6.6911E+04  9.4529E+04  6.3718E+05  3.8255E+06  3.4375E+00  2.5000E-02  1.0000E+00  9.0227E+00
  87000   8.7484E-05  5.3724E-10  1.9750E+02  2.1819E+02  2.8894E+04  6.6911E+04  9.4793E+04  6.4247E+05  3.8308E+06  3.4584E+00  2.5000E-02  1.0000E+00  9.0230E+00
  88000   8.8020E-05  5.3513E-10  1.9801E+02  2.2011E+02  2.8891E+04  6.6911E+04  9.5046E+04  6.4771E+05  3.8361E+06  3.4792E+00  2.5000E-02  1.0000E+00  9.0233E+00
  89000   8.8554E-05  5.3305E-10  1.9848E+02  2.2203E+02  2.8889E+04  6.6911E+04  9.5286E+04  6.5290E+05  3.8412E+06  3.4999E+00  2.5000E-02  1.0000E+00  9.0236E+00
  90000   8.9086E-05  5.3117E-10  1.9899E+02  2.2394E+02  2.8886E+04  6.6911E+04  9.5518E+04  6.5805E+05  3.8463E+06  3.5205E+00  2.5000E-02  1.0000E+00  9.0239E+00
  91000   8.9616E-05  5.2904E-10  1.9940E+02  2.2585E+02  2.8884E+04  6.6911E+04  9.5741E+04  6.6316E+05  3.8512E+06  3.5411E+00  2.5000E-02  1.0000E+00  9.0242E+00
  92000   9.0144E-05  5.2719E-10  1.9991E+02  2.2775E+02  2.8882E+04  6.6911E+04  9.5953E+04  6.6824E+05  3.8562E+06  3.5616E+00  2.5000E-02  1.0000E+00  9.0245E+00
  93000   9.0671E-05  5.2522E-10  2.0027E+02  2.2965E+02  2.8879E+04  6.6911E+04  9.6159E+04  6.7327E+05  3.8610E+06  3.5820E+00  2.5000E-02  1.0000E+00  9.0248E+00
  94000   9.1195E-05  5.2334E-10  2.0077E+02  2.3154E+02  2.8877E+04  6.6911E+04  9.6356E+04  6.7827E+05  3.8658E+06  3.6023E+00  2.5000E-02  1.0000E+00  9.0250E+00
  95000   9.1717E-05  5.2151E-10  2.0110E+02  2.3343E+02  2.8874E+04  6.6911E+04  9.6546E+04  6.8322E+05  3.8706E+06  3.6226E+00  2.5000E-02  1.0000E+00  9.0253E+00
slurmstepd: error: *** STEP 5293412.1 ON c4305 CANCELLED AT 2025-10-21T00:37:03 DUE TO TIME LIMIT ***
