1 CPUs
HOSTNAME = c1108
USER = tranchau
Simple Linux Utility for Resource Management (SLURM) job
SLURM_NODELIST = c1108
SLURM_TASKS_PER_NODE = 1
Mahti - CSC, Kajaani, Finland
Running job: 5293232
Non-MPI version
datadir = data
-- DEBUG CONFIG --
$mpi            =  <0>
$ncpus          =  <1>
$npops          =  <>
$local_disc     =  <0>
$one_local_disc =  <0>
$remote_top     =  <0>
$local_binary   =  <0>
$datadir        =  <data>
$SCRATCH_DIR    =  </scratch/pencil-321527>
$hn             =  <c1108.mahti.csc.fi>
$masterhost     =  <>
$mpirun         =  <>
$mpirunops      =  <>
$mpirunops2     =  <>
$x_ops          =  <>
$NODELIST       =  <c1108>
$SSH            =  <ssh>
$SCP            =  <scp>
$PARENT_PID     =  <321527>
$copysnapshots  =  <copy-snapshots>
$particles      =  <0>
$pointmasses    =  <0>
--
Revision: 

Mon Oct 20 23:44:28 EEST 2025
    src/run.x 
SVN: -------            v.         (                   ) $Id$
SVN: -------            v.         (                   )                    
SVN: -------            v.         (                   )                    
WARNING:  run: quad precision suppressed!
SVN: -------            v.         (                   ) $Id$
SVN: -------            v.         (                   ) $Id$
SVN: -------            v.         (                   ) $Id$
SVN: -------            v.         (                   ) $Id$
SVN: -------            v.         (                   ) $Id$
SVN: -------            v.         (                   ) $Id$
SVN: -------            v.         (                   ) $Id$
SVN: -------            v.         (                   ) $Id$
SVN: -------            v.         (                   ) $Id$
SVN: -------            v.         (                   ) $Id$
SVN: -------            v.         (                   ) $Id$
SVN: -------            v.         (                   ) $Id$
SVN: -------            v.         (                   ) $Id$
SVN: -------            v.         (                   ) $Id$
SVN: -------            v.         (                   ) $Id$
SVN: -------            v.         (                   ) $Id$
SVN: -------            v.         (                   ) $Id$
SVN: -------            v.         (                   ) $Id$
SVN: -------            v.         (                   ) $Id$
SVN: -------            v.         (                   ) $Id$
SVN: -------            v.         (                   ) $Id$
SVN: -------            v.         (                   ) $Id$
SVN: -------            v.         (                   ) $Id$
SVN: -------            v.         (                   ) $Id$
SVN: -------            v.         (                   ) $Id$
SVN: -------            v.         (                   ) $Id$
SVN: -------            v.         (                   ) $Id$
SVN: -------            v.         (                   ) $Id$
SVN: -------            v.         (                   ) $Id$
 The verbose level is ip=          14  (ldebug= F )
 This is a 1-D run
 nxgrid, nygrid, nzgrid=        4000           1           1
 Lx, Ly, Lz=   1.00000000       1.00000000       1.00000000    
       Vbox=   1.00000000    
 rsnap: read snapshot var.dat in    0.0000000000000000       seconds
 setup_slices: slice_position = p
 setup_slices: ix_loc,iy_loc,iz_loc, (video files) = 4 4 4                                                                           
 units_general: unit_velocity=   97781.229948950713     
 units_general: unit_density=   1.6737236000000002E-024
 units_general: unit_length=   3.0856775800000002E+021
 units_general: unit_magnetic=   4.4843790064030054E-007
 units_eos: unit_temperature=   68.996576501564562     
 units_eos: cp, lnTT0, cs0, pp0, Rgas=   1.50000000       1.19209282E-07   1.00000000      0.600000083      0.600000024    
 alpha_fine =   7.2973525643000000E-003
 sigma_Thomson_cgs =   6.6524587321600003E-025
 diffusion: shock diffusion
WARNING:  initialize_density: set lgamma_is_1=F if gamma/=1 with entropy!
 initialize_density: no need to read initial stratification for lanti_shockdiffusion=F.
 select_eos_variable: Using rho and ss
 initialize_energy: nheatc_max,iheatcond=           4 shock                                   nothing                                 nothing                                 nothing                                 
 heat conduction: shock
 viscous force: nu_shock*(XXXXXXXXXXX)
 pencil_consistency_check: checking pencil case
 pencil_consistency_check: checking requested pencils
 pencil_consistency_check: performing small pencil check
 pencil_consistency_check: the small pencil check reported no problems
 pencil_consistency_check: checking dependence on pencil initialization
 pencil_consistency_check: results are independent of pencil initialization
 pencil_consistency_check: checking diagnostics pencils
 pencil_consistency_check: performing small pencil check
 pencil_consistency_check: the small pencil check reported no problems
 pencil_consistency_check: set lpencil_check_diagnos_opti=T in run.in to report
 pencil_consistency_check: optimisation possibilities for diagnostics pencils
 pencil_consistency_check: checking dependence on pencil initialization
 pencil_consistency_check: diagnostics are independent of pencil initialization
 pencil_consistency_check: all tests passed
 pde: ENTER
SVN: -------            v.         (                   ) $Id$
 calc_pencils_energy: max(advec_cs2) =   1.07003314E+12
 duu_dt: SOLVE
Bcs for         ux,  x: <       a>, y: <       p>,  z: <       p>
Bcs for         uy,  x: <       s>, y: <       p>,  z: <       p>
Bcs for         uz,  x: <       s>, y: <       p>,  z: <       p>
 duu_dt: max(advec_uu) =   0.00000000    
 dlnrho_dt: SOLVE
Bcs for      lnrho,  x: <       s>, y: <       p>,  z: <       p>
 dlnrho_dt: diffrho_shock=   1.00000000    
 dlnrho_dt: max(diffus_diffrho ) =   0.00000000    
 dlnrho_dt: max(diffus_diffrho3) =   0.00000000    
 denergy_dt: SOLVE denergy_dt
Bcs for         ss,  x: <       s>, y: <       p>,  z: <       p>
 denergy_dt: lnTT,cs2,cp1=   11.1111116       66910.5312       1.17283905    
 calc_heatcond_shock: use shock diffusion
 calc_heatcond_shock: chi_shock=   1.00000000    
 calc_heatcond_shock: added thdiff

 ---it--------t-----------dt---------umax--------ekin--------ethm-------TTmax--------epsK-----visc_heatm----pdivum-------ruxm-------rhomin------rhomax-------ssm-----
      0   0.0000E+00  4.8336E-09  0.0000E+00  0.0000E+00  2.9153E+04  6.6911E+04  0.0000E+00  0.0000E+00  0.0000E+00  0.0000E+00  2.5000E-02  1.0000E+00  9.0000E+00
   1000   4.8336E-06  4.8336E-09  1.6510E+01  1.0464E+00  2.9152E+04  6.6911E+04  1.7915E+01  7.4569E+01  4.3198E+05  1.9396E-01  2.5000E-02  1.0000E+00  9.0000E+00
   2000   9.6672E-06  4.8336E-09  3.2849E+01  4.1579E+00  2.9148E+04  6.6911E+04  2.4212E+02  1.0085E+03  8.5270E+05  3.8792E-01  2.5000E-02  1.0000E+00  9.0001E+00
   3000   1.4335E-05  4.0481E-09  4.8368E+01  9.0498E+00  2.9143E+04  6.6911E+04  1.0631E+03  4.4262E+03  1.2394E+06  5.7522E-01  2.5000E-02  1.0000E+00  9.0003E+00
   4000   1.7766E-05  2.9541E-09  5.9581E+01  1.3766E+01  2.9138E+04  6.6911E+04  2.3718E+03  9.8652E+03  1.5073E+06  7.1288E-01  2.5000E-02  1.0000E+00  9.0006E+00
   5000   2.0411E-05  2.3862E-09  6.8235E+01  1.8016E+01  2.9134E+04  6.6911E+04  3.9766E+03  1.6516E+04  1.7030E+06  8.1903E-01  2.5000E-02  1.0000E+00  9.0008E+00
   6000   2.2609E-05  2.0341E-09  7.5256E+01  2.1932E+01  2.9130E+04  6.6911E+04  5.8119E+03  2.4092E+04  1.8579E+06  9.0723E-01  2.5000E-02  1.0000E+00  9.0009E+00
   7000   2.4517E-05  1.7942E-09  8.1675E+01  2.5601E+01  2.9126E+04  6.6911E+04  7.8280E+03  3.2414E+04  1.9865E+06  9.8379E-01  2.5000E-02  1.0000E+00  9.0011E+00
   8000   2.6219E-05  1.6181E-09  8.7130E+01  2.9079E+01  2.9122E+04  6.6911E+04  1.0022E+04  4.1422E+04  2.0965E+06  1.0521E+00  2.5000E-02  1.0000E+00  9.0013E+00
   9000   2.7766E-05  1.4818E-09  9.1638E+01  3.2399E+01  2.9119E+04  6.6911E+04  1.2329E+04  5.0938E+04  2.1926E+06  1.1142E+00  2.5000E-02  1.0000E+00  9.0015E+00
  10000   2.9191E-05  1.3721E-09  9.5892E+01  3.5586E+01  2.9115E+04  6.6911E+04  1.4692E+04  6.0815E+04  2.2776E+06  1.1714E+00  2.5000E-02  1.0000E+00  9.0017E+00
  11000   3.0517E-05  1.2821E-09  1.0007E+02  3.8659E+01  2.9112E+04  6.6911E+04  1.7113E+04  7.1043E+04  2.3540E+06  1.2246E+00  2.5000E-02  1.0000E+00  9.0019E+00
  12000   3.1761E-05  1.2067E-09  1.0363E+02  4.1631E+01  2.9108E+04  6.6911E+04  1.9670E+04  8.1750E+04  2.4234E+06  1.2745E+00  2.5000E-02  1.0000E+00  9.0021E+00
  13000   3.2934E-05  1.1418E-09  1.0667E+02  4.4513E+01  2.9105E+04  6.6911E+04  2.2302E+04  9.2787E+04  2.4864E+06  1.3215E+00  2.5000E-02  1.0000E+00  9.0022E+00
  14000   3.4047E-05  1.0857E-09  1.1010E+02  4.7316E+01  2.9102E+04  6.6911E+04  2.4909E+04  1.0394E+05  2.5442E+06  1.3662E+00  2.5000E-02  1.0000E+00  9.0024E+00
  15000   3.5108E-05  1.0373E-09  1.1322E+02  5.0045E+01  2.9099E+04  6.6911E+04  2.7556E+04  1.1534E+05  2.5978E+06  1.4088E+00  2.5000E-02  1.0000E+00  9.0026E+00
  16000   3.6123E-05  9.9403E-10  1.1599E+02  5.2710E+01  2.9096E+04  6.6911E+04  3.0241E+04  1.2696E+05  2.6475E+06  1.4495E+00  2.5000E-02  1.0000E+00  9.0028E+00
  17000   3.7098E-05  9.5555E-10  1.1840E+02  5.5315E+01  2.9093E+04  6.6911E+04  3.2994E+04  1.3884E+05  2.6937E+06  1.4886E+00  2.5000E-02  1.0000E+00  9.0029E+00
  18000   3.8036E-05  9.2133E-10  1.2073E+02  5.7865E+01  2.9091E+04  6.6911E+04  3.5764E+04  1.5089E+05  2.7369E+06  1.5263E+00  2.5000E-02  1.0000E+00  9.0031E+00
  19000   3.8941E-05  8.8985E-10  1.2337E+02  6.0363E+01  2.9088E+04  6.6911E+04  3.8530E+04  1.6304E+05  2.7776E+06  1.5626E+00  2.5000E-02  1.0000E+00  9.0033E+00
  20000   3.9817E-05  8.6171E-10  1.2572E+02  6.2814E+01  2.9085E+04  6.6911E+04  4.1304E+04  1.7531E+05  2.8159E+06  1.5977E+00  2.5000E-02  1.0000E+00  9.0035E+00
  21000   4.0665E-05  8.3537E-10  1.2787E+02  6.5221E+01  2.9082E+04  6.6911E+04  4.4096E+04  1.8770E+05  2.8519E+06  1.6318E+00  2.5000E-02  1.0000E+00  9.0037E+00
  22000   4.1488E-05  8.1123E-10  1.2996E+02  6.7584E+01  2.9080E+04  6.6911E+04  4.6884E+04  2.0018E+05  2.8858E+06  1.6648E+00  2.5000E-02  1.0000E+00  9.0038E+00
  23000   4.2289E-05  7.8942E-10  1.3201E+02  6.9909E+01  2.9077E+04  6.6911E+04  4.9676E+04  2.1276E+05  2.9180E+06  1.6969E+00  2.5000E-02  1.0000E+00  9.0040E+00
  24000   4.3068E-05  7.6977E-10  1.3393E+02  7.2197E+01  2.9075E+04  6.6911E+04  5.2478E+04  2.2543E+05  2.9486E+06  1.7282E+00  2.5000E-02  1.0000E+00  9.0042E+00
  25000   4.3828E-05  7.5102E-10  1.3579E+02  7.4451E+01  2.9072E+04  6.6911E+04  5.5280E+04  2.3819E+05  2.9777E+06  1.7587E+00  2.5000E-02  1.0000E+00  9.0044E+00
  26000   4.4571E-05  7.3427E-10  1.3755E+02  7.6675E+01  2.9070E+04  6.6911E+04  5.8079E+04  2.5101E+05  3.0054E+06  1.7885E+00  2.5000E-02  1.0000E+00  9.0046E+00
  27000   4.5297E-05  7.1822E-10  1.3936E+02  7.8869E+01  2.9067E+04  6.6911E+04  6.0875E+04  2.6389E+05  3.0318E+06  1.8176E+00  2.5000E-02  1.0000E+00  9.0047E+00
  28000   4.6008E-05  7.0331E-10  1.4099E+02  8.1035E+01  2.9065E+04  6.6911E+04  6.3666E+04  2.7682E+05  3.0569E+06  1.8461E+00  2.5000E-02  1.0000E+00  9.0049E+00
  29000   4.6704E-05  6.8973E-10  1.4269E+02  8.3174E+01  2.9062E+04  6.6911E+04  6.6447E+04  2.8979E+05  3.0811E+06  1.8741E+00  2.5000E-02  1.0000E+00  9.0051E+00
  30000   4.7387E-05  6.7618E-10  1.4421E+02  8.5288E+01  2.9060E+04  6.6911E+04  6.9214E+04  3.0280E+05  3.1042E+06  1.9015E+00  2.5000E-02  1.0000E+00  9.0053E+00
  31000   4.8057E-05  6.6400E-10  1.4575E+02  8.7378E+01  2.9058E+04  6.6911E+04  7.1971E+04  3.1584E+05  3.1263E+06  1.9283E+00  2.5000E-02  1.0000E+00  9.0055E+00
  32000   4.8715E-05  6.5253E-10  1.4721E+02  8.9444E+01  2.9055E+04  6.6911E+04  7.4720E+04  3.2891E+05  3.1475E+06  1.9547E+00  2.5000E-02  1.0000E+00  9.0057E+00
  33000   4.9363E-05  6.4157E-10  1.4858E+02  9.1490E+01  2.9053E+04  6.6911E+04  7.7462E+04  3.4202E+05  3.1679E+06  1.9807E+00  2.5000E-02  1.0000E+00  9.0058E+00
  34000   4.9999E-05  6.3106E-10  1.4999E+02  9.3514E+01  2.9051E+04  6.6911E+04  8.0193E+04  3.5515E+05  3.1876E+06  2.0062E+00  2.5000E-02  1.0000E+00  9.0060E+00
  35000   5.0625E-05  6.2131E-10  1.5124E+02  9.5518E+01  2.9048E+04  6.6911E+04  8.2916E+04  3.6830E+05  3.2066E+06  2.0313E+00  2.5000E-02  1.0000E+00  9.0062E+00
  36000   5.1242E-05  6.1215E-10  1.5255E+02  9.7503E+01  2.9046E+04  6.6911E+04  8.5623E+04  3.8146E+05  3.2250E+06  2.0561E+00  2.5000E-02  1.0000E+00  9.0064E+00
  37000   5.1849E-05  6.0277E-10  1.5375E+02  9.9469E+01  2.9044E+04  6.6911E+04  8.8313E+04  3.9463E+05  3.2427E+06  2.0804E+00  2.5000E-02  1.0000E+00  9.0066E+00
  38000   5.2448E-05  5.9459E-10  1.5502E+02  1.0142E+02  2.9042E+04  6.6911E+04  9.0978E+04  4.0777E+05  3.2597E+06  2.1045E+00  2.5000E-02  1.0000E+00  9.0068E+00
  39000   5.3038E-05  5.8632E-10  1.5617E+02  1.0335E+02  2.9040E+04  6.6911E+04  9.3625E+04  4.2091E+05  3.2762E+06  2.1281E+00  2.5000E-02  1.0000E+00  9.0070E+00
  40000   5.3621E-05  5.7849E-10  1.5744E+02  1.0526E+02  2.9037E+04  6.6911E+04  9.6250E+04  4.3401E+05  3.2921E+06  2.1515E+00  2.5000E-02  1.0000E+00  9.0072E+00
  41000   5.4195E-05  5.7095E-10  1.5854E+02  1.0716E+02  2.9035E+04  6.6911E+04  9.8852E+04  4.4711E+05  3.3075E+06  2.1746E+00  2.5000E-02  1.0000E+00  9.0074E+00
  42000   5.4763E-05  5.6400E-10  1.5972E+02  1.0904E+02  2.9033E+04  6.6911E+04  1.0143E+05  4.6018E+05  3.3224E+06  2.1973E+00  2.5000E-02  1.0000E+00  9.0076E+00
  43000   5.5323E-05  5.5697E-10  1.6079E+02  1.1091E+02  2.9031E+04  6.6911E+04  1.0400E+05  4.7322E+05  3.3368E+06  2.2198E+00  2.5000E-02  1.0000E+00  9.0078E+00
  44000   5.5877E-05  5.5073E-10  1.6184E+02  1.1277E+02  2.9029E+04  6.6911E+04  1.0654E+05  4.8623E+05  3.3506E+06  2.2420E+00  2.5000E-02  1.0000E+00  9.0079E+00
  45000   5.6424E-05  5.4432E-10  1.6290E+02  1.1461E+02  2.9027E+04  6.6911E+04  1.0906E+05  4.9923E+05  3.3640E+06  2.2639E+00  2.5000E-02  1.0000E+00  9.0081E+00
  46000   5.6966E-05  5.3833E-10  1.6384E+02  1.1643E+02  2.9025E+04  6.6911E+04  1.1156E+05  5.1220E+05  3.3770E+06  2.2857E+00  2.5000E-02  1.0000E+00  9.0083E+00
  47000   5.7501E-05  5.3239E-10  1.6489E+02  1.1825E+02  2.9023E+04  6.6911E+04  1.1404E+05  5.2511E+05  3.3896E+06  2.3071E+00  2.5000E-02  1.0000E+00  9.0085E+00
  48000   5.8031E-05  5.2684E-10  1.6582E+02  1.2005E+02  2.9021E+04  6.6911E+04  1.1650E+05  5.3799E+05  3.4019E+06  2.3284E+00  2.5000E-02  1.0000E+00  9.0087E+00
  49000   5.8555E-05  5.2140E-10  1.6675E+02  1.2184E+02  2.9018E+04  6.6911E+04  1.1893E+05  5.5084E+05  3.4139E+06  2.3494E+00  2.5000E-02  1.0000E+00  9.0089E+00
  50000   5.9073E-05  5.1615E-10  1.6769E+02  1.2361E+02  2.9016E+04  6.6911E+04  1.2135E+05  5.6365E+05  3.4256E+06  2.3702E+00  2.5000E-02  1.0000E+00  9.0091E+00
  51000   5.9587E-05  5.1104E-10  1.6854E+02  1.2538E+02  2.9014E+04  6.6911E+04  1.2375E+05  5.7642E+05  3.4369E+06  2.3908E+00  2.5000E-02  1.0000E+00  9.0093E+00
  52000   6.0096E-05  5.0643E-10  1.6947E+02  1.2713E+02  2.9012E+04  6.6911E+04  1.2614E+05  5.8916E+05  3.4479E+06  2.4113E+00  2.5000E-02  1.0000E+00  9.0095E+00
  53000   6.0600E-05  5.0160E-10  1.7031E+02  1.2888E+02  2.9010E+04  6.6911E+04  1.2850E+05  6.0187E+05  3.4586E+06  2.4315E+00  2.5000E-02  1.0000E+00  9.0097E+00
  54000   6.1099E-05  4.9695E-10  1.7116E+02  1.3061E+02  2.9009E+04  6.6911E+04  1.3084E+05  6.1453E+05  3.4690E+06  2.4515E+00  2.5000E-02  1.0000E+00  9.0099E+00
  55000   6.1594E-05  4.9273E-10  1.7198E+02  1.3233E+02  2.9007E+04  6.6911E+04  1.3317E+05  6.2714E+05  3.4792E+06  2.4713E+00  2.5000E-02  1.0000E+00  9.0101E+00
  56000   6.2085E-05  4.8874E-10  1.7283E+02  1.3404E+02  2.9005E+04  6.6911E+04  1.3548E+05  6.3973E+05  3.4891E+06  2.4910E+00  2.5000E-02  1.0000E+00  9.0103E+00
  57000   6.2571E-05  4.8461E-10  1.7363E+02  1.3574E+02  2.9003E+04  6.6911E+04  1.3777E+05  6.5228E+05  3.4987E+06  2.5105E+00  2.5000E-02  1.0000E+00  9.0105E+00
  58000   6.3054E-05  4.8060E-10  1.7446E+02  1.3744E+02  2.9001E+04  6.6911E+04  1.4005E+05  6.6480E+05  3.5081E+06  2.5299E+00  2.5000E-02  1.0000E+00  9.0108E+00
  59000   6.3533E-05  4.7681E-10  1.7524E+02  1.3912E+02  2.8999E+04  6.6911E+04  1.4231E+05  6.7729E+05  3.5173E+06  2.5491E+00  2.5000E-02  1.0000E+00  9.0110E+00
  60000   6.4008E-05  4.7305E-10  1.7606E+02  1.4080E+02  2.8997E+04  6.6911E+04  1.4455E+05  6.8970E+05  3.5262E+06  2.5681E+00  2.5000E-02  1.0000E+00  9.0112E+00
  61000   6.4479E-05  4.6962E-10  1.7684E+02  1.4246E+02  2.8995E+04  6.6911E+04  1.4678E+05  7.0212E+05  3.5350E+06  2.5870E+00  2.5000E-02  1.0000E+00  9.0114E+00
  62000   6.4947E-05  4.6593E-10  1.7759E+02  1.4412E+02  2.8993E+04  6.6911E+04  1.4899E+05  7.1448E+05  3.5435E+06  2.6058E+00  2.5000E-02  1.0000E+00  9.0116E+00
  63000   6.5411E-05  4.6270E-10  1.7840E+02  1.4577E+02  2.8991E+04  6.6911E+04  1.5117E+05  7.2679E+05  3.5518E+06  2.6244E+00  2.5000E-02  1.0000E+00  9.0118E+00
  64000   6.5872E-05  4.5925E-10  1.7908E+02  1.4742E+02  2.8989E+04  6.6911E+04  1.5333E+05  7.3905E+05  3.5600E+06  2.6429E+00  2.5000E-02  1.0000E+00  9.0120E+00
  65000   6.6329E-05  4.5591E-10  1.7990E+02  1.4905E+02  2.8987E+04  6.6911E+04  1.5547E+05  7.5124E+05  3.5680E+06  2.6613E+00  2.5000E-02  1.0000E+00  9.0122E+00
  66000   6.6784E-05  4.5280E-10  1.8061E+02  1.5068E+02  2.8986E+04  6.6911E+04  1.5758E+05  7.6337E+05  3.5759E+06  2.6795E+00  2.5000E-02  1.0000E+00  9.0124E+00
  67000   6.7235E-05  4.4972E-10  1.8136E+02  1.5230E+02  2.8984E+04  6.6911E+04  1.5968E+05  7.7545E+05  3.5835E+06  2.6976E+00  2.5000E-02  1.0000E+00  9.0126E+00
  68000   6.7683E-05  4.4665E-10  1.8209E+02  1.5391E+02  2.8982E+04  6.6911E+04  1.6174E+05  7.8745E+05  3.5909E+06  2.7156E+00  2.5000E-02  1.0000E+00  9.0128E+00
  69000   6.8128E-05  4.4382E-10  1.8275E+02  1.5551E+02  2.8980E+04  6.6911E+04  1.6379E+05  7.9941E+05  3.5982E+06  2.7334E+00  2.5000E-02  1.0000E+00  9.0130E+00
  70000   6.8571E-05  4.4109E-10  1.8352E+02  1.5711E+02  2.8978E+04  6.6911E+04  1.6581E+05  8.1130E+05  3.6054E+06  2.7512E+00  2.5000E-02  1.0000E+00  9.0133E+00
  71000   6.9011E-05  4.3820E-10  1.8416E+02  1.5870E+02  2.8976E+04  6.6911E+04  1.6781E+05  8.2314E+05  3.6124E+06  2.7688E+00  2.5000E-02  1.0000E+00  9.0135E+00
  72000   6.9447E-05  4.3548E-10  1.8489E+02  1.6028E+02  2.8975E+04  6.6911E+04  1.6979E+05  8.3493E+05  3.6192E+06  2.7863E+00  2.5000E-02  1.0000E+00  9.0137E+00
  73000   6.9882E-05  4.3281E-10  1.8557E+02  1.6186E+02  2.8973E+04  6.6911E+04  1.7174E+05  8.4665E+05  3.6259E+06  2.8038E+00  2.5000E-02  1.0000E+00  9.0139E+00
  74000   7.0313E-05  4.3021E-10  1.8619E+02  1.6343E+02  2.8971E+04  6.6911E+04  1.7368E+05  8.5835E+05  3.6325E+06  2.8211E+00  2.5000E-02  1.0000E+00  9.0141E+00
  75000   7.0742E-05  4.2768E-10  1.8691E+02  1.6499E+02  2.8969E+04  6.6911E+04  1.7559E+05  8.6995E+05  3.6389E+06  2.8383E+00  2.5000E-02  1.0000E+00  9.0143E+00
  76000   7.1168E-05  4.2513E-10  1.8752E+02  1.6655E+02  2.8967E+04  6.6911E+04  1.7748E+05  8.8152E+05  3.6452E+06  2.8554E+00  2.5000E-02  1.0000E+00  9.0145E+00
  77000   7.1592E-05  4.2284E-10  1.8819E+02  1.6810E+02  2.8966E+04  6.6911E+04  1.7934E+05  8.9301E+05  3.6514E+06  2.8724E+00  2.5000E-02  1.0000E+00  9.0147E+00
  78000   7.2014E-05  4.2026E-10  1.8884E+02  1.6965E+02  2.8964E+04  6.6911E+04  1.8120E+05  9.0448E+05  3.6575E+06  2.8893E+00  2.5000E-02  1.0000E+00  9.0149E+00
  79000   7.2433E-05  4.1811E-10  1.8939E+02  1.7118E+02  2.8962E+04  6.6911E+04  1.8302E+05  9.1586E+05  3.6634E+06  2.9061E+00  2.5000E-02  1.0000E+00  9.0152E+00
  80000   7.2850E-05  4.1585E-10  1.9008E+02  1.7272E+02  2.8960E+04  6.6911E+04  1.8483E+05  9.2723E+05  3.6692E+06  2.9228E+00  2.5000E-02  1.0000E+00  9.0154E+00
  81000   7.3265E-05  4.1360E-10  1.9068E+02  1.7424E+02  2.8959E+04  6.6911E+04  1.8662E+05  9.3850E+05  3.6749E+06  2.9394E+00  2.5000E-02  1.0000E+00  9.0156E+00
  82000   7.3677E-05  4.1152E-10  1.9126E+02  1.7577E+02  2.8957E+04  6.6911E+04  1.8838E+05  9.4975E+05  3.6804E+06  2.9560E+00  2.5000E-02  1.0000E+00  9.0158E+00
  83000   7.4088E-05  4.0915E-10  1.9191E+02  1.7728E+02  2.8955E+04  6.6911E+04  1.9012E+05  9.6091E+05  3.6859E+06  2.9724E+00  2.5000E-02  1.0000E+00  9.0160E+00
  84000   7.4496E-05  4.0713E-10  1.9246E+02  1.7879E+02  2.8953E+04  6.6911E+04  1.9185E+05  9.7206E+05  3.6913E+06  2.9888E+00  2.5000E-02  1.0000E+00  9.0162E+00
  85000   7.4902E-05  4.0495E-10  1.9309E+02  1.8030E+02  2.8952E+04  6.6911E+04  1.9353E+05  9.8311E+05  3.6967E+06  3.0051E+00  2.5000E-02  1.0000E+00  9.0164E+00
  86000   7.5306E-05  4.0285E-10  1.9368E+02  1.8180E+02  2.8950E+04  6.6911E+04  1.9521E+05  9.9413E+05  3.7019E+06  3.0213E+00  2.5000E-02  1.0000E+00  9.0166E+00
  87000   7.5708E-05  4.0115E-10  1.9421E+02  1.8329E+02  2.8948E+04  6.6911E+04  1.9685E+05  1.0050E+06  3.7070E+06  3.0374E+00  2.5000E-02  1.0000E+00  9.0169E+00
  88000   7.6108E-05  3.9920E-10  1.9487E+02  1.8478E+02  2.8946E+04  6.6911E+04  1.9849E+05  1.0159E+06  3.7120E+06  3.0535E+00  2.5000E-02  1.0000E+00  9.0171E+00
  89000   7.6506E-05  3.9748E-10  1.9543E+02  1.8627E+02  2.8945E+04  6.6911E+04  2.0008E+05  1.0267E+06  3.7169E+06  3.0694E+00  2.5000E-02  1.0000E+00  9.0173E+00
  90000   7.6903E-05  3.9562E-10  1.9599E+02  1.8775E+02  2.8943E+04  6.6911E+04  2.0167E+05  1.0375E+06  3.7218E+06  3.0853E+00  2.5000E-02  1.0000E+00  9.0175E+00
  91000   7.7297E-05  3.9373E-10  1.9661E+02  1.8923E+02  2.8941E+04  6.6911E+04  2.0322E+05  1.0482E+06  3.7265E+06  3.1012E+00  2.5000E-02  1.0000E+00  9.0177E+00
  92000   7.7690E-05  3.9208E-10  1.9713E+02  1.9070E+02  2.8940E+04  6.6911E+04  2.0475E+05  1.0588E+06  3.7312E+06  3.1169E+00  2.5000E-02  1.0000E+00  9.0179E+00
  93000   7.8082E-05  3.9022E-10  1.9772E+02  1.9216E+02  2.8938E+04  6.6911E+04  2.0625E+05  1.0693E+06  3.7358E+06  3.1326E+00  2.5000E-02  1.0000E+00  9.0181E+00
  94000   7.8471E-05  3.8859E-10  1.9829E+02  1.9362E+02  2.8936E+04  6.6911E+04  2.0774E+05  1.0798E+06  3.7403E+06  3.1482E+00  2.5000E-02  1.0000E+00  9.0183E+00
  95000   7.8859E-05  3.8695E-10  1.9877E+02  1.9508E+02  2.8934E+04  6.6911E+04  2.0921E+05  1.0902E+06  3.7449E+06  3.1638E+00  2.5000E-02  1.0000E+00  9.0186E+00
  96000   7.9245E-05  3.8522E-10  1.9937E+02  1.9653E+02  2.8933E+04  6.6911E+04  2.1065E+05  1.1005E+06  3.7493E+06  3.1793E+00  2.5000E-02  1.0000E+00  9.0188E+00
  97000   7.9629E-05  3.8381E-10  1.9990E+02  1.9798E+02  2.8931E+04  6.6911E+04  2.1207E+05  1.1108E+06  3.7538E+06  3.1947E+00  2.5000E-02  1.0000E+00  9.0190E+00
  98000   8.0012E-05  3.8211E-10  2.0039E+02  1.9943E+02  2.8929E+04  6.6911E+04  2.1346E+05  1.1210E+06  3.7581E+06  3.2101E+00  2.5000E-02  1.0000E+00  9.0192E+00
  99000   8.0393E-05  3.8052E-10  2.0098E+02  2.0087E+02  2.8928E+04  6.6911E+04  2.1484E+05  1.1311E+06  3.7624E+06  3.2253E+00  2.5000E-02  1.0000E+00  9.0194E+00
 100000   8.0773E-05  3.7904E-10  2.0146E+02  2.0231E+02  2.8926E+04  6.6911E+04  2.1618E+05  1.1412E+06  3.7665E+06  3.2406E+00  2.5000E-02  1.0000E+00  9.0196E+00
 101000   8.1152E-05  3.7748E-10  2.0201E+02  2.0374E+02  2.8924E+04  6.6911E+04  2.1751E+05  1.1512E+06  3.7706E+06  3.2557E+00  2.5000E-02  1.0000E+00  9.0198E+00
 102000   8.1528E-05  3.7603E-10  2.0255E+02  2.0517E+02  2.8923E+04  6.6911E+04  2.1882E+05  1.1611E+06  3.7746E+06  3.2708E+00  2.5000E-02  1.0000E+00  9.0200E+00
 103000   8.1904E-05  3.7453E-10  2.0298E+02  2.0659E+02  2.8921E+04  6.6911E+04  2.2010E+05  1.1709E+06  3.7786E+06  3.2859E+00  2.5000E-02  1.0000E+00  9.0203E+00
 104000   8.2277E-05  3.7320E-10  2.0358E+02  2.0801E+02  2.8919E+04  6.6911E+04  2.2137E+05  1.1807E+06  3.7826E+06  3.3009E+00  2.5000E-02  1.0000E+00  9.0205E+00
 105000   8.2650E-05  3.7182E-10  2.0407E+02  2.0943E+02  2.8918E+04  6.6911E+04  2.2261E+05  1.1903E+06  3.7865E+06  3.3158E+00  2.5000E-02  1.0000E+00  9.0207E+00
 106000   8.3021E-05  3.7043E-10  2.0455E+02  2.1084E+02  2.8916E+04  6.6911E+04  2.2384E+05  1.1999E+06  3.7904E+06  3.3307E+00  2.5000E-02  1.0000E+00  9.0209E+00
 107000   8.3391E-05  3.6908E-10  2.0510E+02  2.1225E+02  2.8914E+04  6.6911E+04  2.2504E+05  1.2095E+06  3.7942E+06  3.3455E+00  2.5000E-02  1.0000E+00  9.0211E+00
 108000   8.3759E-05  3.6779E-10  2.0553E+02  2.1366E+02  2.8913E+04  6.6911E+04  2.2622E+05  1.2189E+06  3.7979E+06  3.3603E+00  2.5000E-02  1.0000E+00  9.0213E+00
 109000   8.4127E-05  3.6666E-10  2.0606E+02  2.1506E+02  2.8911E+04  6.6911E+04  2.2739E+05  1.2284E+06  3.8016E+06  3.3750E+00  2.5000E-02  1.0000E+00  9.0215E+00
 110000   8.4493E-05  3.6534E-10  2.0656E+02  2.1646E+02  2.8910E+04  6.6911E+04  2.2854E+05  1.2377E+06  3.8053E+06  3.3897E+00  2.5000E-02  1.0000E+00  9.0217E+00
 111000   8.4857E-05  3.6420E-10  2.0694E+02  2.1786E+02  2.8908E+04  6.6911E+04  2.2969E+05  1.2470E+06  3.8089E+06  3.4043E+00  2.5000E-02  1.0000E+00  9.0219E+00
 112000   8.5221E-05  3.6302E-10  2.0750E+02  2.1925E+02  2.8906E+04  6.6911E+04  2.3081E+05  1.2562E+06  3.8124E+06  3.4189E+00  2.5000E-02  1.0000E+00  9.0222E+00
 113000   8.5583E-05  3.6182E-10  2.0795E+02  2.2064E+02  2.8905E+04  6.6911E+04  2.3191E+05  1.2654E+06  3.8160E+06  3.4335E+00  2.5000E-02  1.0000E+00  9.0224E+00
 114000   8.5945E-05  3.6079E-10  2.0836E+02  2.2203E+02  2.8903E+04  6.6911E+04  2.3302E+05  1.2746E+06  3.8194E+06  3.4479E+00  2.5000E-02  1.0000E+00  9.0226E+00
 115000   8.6305E-05  3.5961E-10  2.0888E+02  2.2341E+02  2.8901E+04  6.6911E+04  2.3410E+05  1.2837E+06  3.8228E+06  3.4624E+00  2.5000E-02  1.0000E+00  9.0228E+00
 116000   8.6664E-05  3.5865E-10  2.0927E+02  2.2479E+02  2.8900E+04  6.6911E+04  2.3519E+05  1.2928E+06  3.8262E+06  3.4768E+00  2.5000E-02  1.0000E+00  9.0230E+00
 117000   8.7022E-05  3.5763E-10  2.0971E+02  2.2617E+02  2.8898E+04  6.6911E+04  2.3626E+05  1.3018E+06  3.8294E+06  3.4912E+00  2.5000E-02  1.0000E+00  9.0232E+00
 118000   8.7379E-05  3.5662E-10  2.1016E+02  2.2755E+02  2.8897E+04  6.6911E+04  2.3732E+05  1.3108E+06  3.8326E+06  3.5055E+00  2.5000E-02  1.0000E+00  9.0234E+00
 119000   8.7735E-05  3.5579E-10  2.1049E+02  2.2893E+02  2.8895E+04  6.6911E+04  2.3839E+05  1.3198E+06  3.8358E+06  3.5198E+00  2.5000E-02  1.0000E+00  9.0236E+00
 120000   8.8091E-05  3.5479E-10  2.1096E+02  2.3030E+02  2.8893E+04  6.6911E+04  2.3943E+05  1.3287E+06  3.8390E+06  3.5340E+00  2.5000E-02  1.0000E+00  9.0239E+00
slurmstepd: error: *** STEP 5293232.1 ON c1108 CANCELLED AT 2025-10-20T23:58:24 DUE TO TIME LIMIT ***
