1 CPUs
HOSTNAME = c1108
USER = tranchau
Simple Linux Utility for Resource Management (SLURM) job
SLURM_NODELIST = c1108
SLURM_TASKS_PER_NODE = 1
Mahti - CSC, Kajaani, Finland
Running job: 5293229
Non-MPI version
datadir = data
-- DEBUG CONFIG --
$mpi            =  <0>
$ncpus          =  <1>
$npops          =  <>
$local_disc     =  <0>
$one_local_disc =  <0>
$remote_top     =  <0>
$local_binary   =  <0>
$datadir        =  <data>
$SCRATCH_DIR    =  </scratch/pencil-319727>
$hn             =  <c1108.mahti.csc.fi>
$masterhost     =  <>
$mpirun         =  <>
$mpirunops      =  <>
$mpirunops2     =  <>
$x_ops          =  <>
$NODELIST       =  <c1108>
$SSH            =  <ssh>
$SCP            =  <scp>
$PARENT_PID     =  <319727>
$copysnapshots  =  <copy-snapshots>
$particles      =  <0>
$pointmasses    =  <0>
--
Revision: 

Mon Oct 20 23:44:24 EEST 2025
    src/run.x 
SVN: -------            v.         (                   ) $Id$
SVN: -------            v.         (                   )                    
SVN: -------            v.         (                   )                    
WARNING:  run: quad precision suppressed!
SVN: -------            v.         (                   ) $Id$
SVN: -------            v.         (                   ) $Id$
SVN: -------            v.         (                   ) $Id$
SVN: -------            v.         (                   ) $Id$
SVN: -------            v.         (                   ) $Id$
SVN: -------            v.         (                   ) $Id$
SVN: -------            v.         (                   ) $Id$
SVN: -------            v.         (                   ) $Id$
SVN: -------            v.         (                   ) $Id$
SVN: -------            v.         (                   ) $Id$
SVN: -------            v.         (                   ) $Id$
SVN: -------            v.         (                   ) $Id$
SVN: -------            v.         (                   ) $Id$
SVN: -------            v.         (                   ) $Id$
SVN: -------            v.         (                   ) $Id$
SVN: -------            v.         (                   ) $Id$
SVN: -------            v.         (                   ) $Id$
SVN: -------            v.         (                   ) $Id$
SVN: -------            v.         (                   ) $Id$
SVN: -------            v.         (                   ) $Id$
SVN: -------            v.         (                   ) $Id$
SVN: -------            v.         (                   ) $Id$
SVN: -------            v.         (                   ) $Id$
SVN: -------            v.         (                   ) $Id$
SVN: -------            v.         (                   ) $Id$
SVN: -------            v.         (                   ) $Id$
SVN: -------            v.         (                   ) $Id$
SVN: -------            v.         (                   ) $Id$
SVN: -------            v.         (                   ) $Id$
 The verbose level is ip=          14  (ldebug= F )
 This is a 1-D run
 nxgrid, nygrid, nzgrid=        4000           1           1
 Lx, Ly, Lz=   1.00000000       1.00000000       1.00000000    
       Vbox=   1.00000000    
 rsnap: read snapshot var.dat in    0.0000000000000000       seconds
 setup_slices: slice_position = p
 setup_slices: ix_loc,iy_loc,iz_loc, (video files) = 4 4 4                                                                           
 units_general: unit_velocity=   97781.229948950713     
 units_general: unit_density=   1.6737236000000002E-024
 units_general: unit_length=   3.0856775800000002E+021
 units_general: unit_magnetic=   4.4843790064030054E-007
 units_eos: unit_temperature=   68.996576501564562     
 units_eos: cp, lnTT0, cs0, pp0, Rgas=   1.50000000       1.19209282E-07   1.00000000      0.600000083      0.600000024    
 alpha_fine =   7.2973525643000000E-003
 sigma_Thomson_cgs =   6.6524587321600003E-025
 diffusion: shock diffusion
WARNING:  initialize_density: For diffusion energy/momentum correction should use lmassdiff_fix=T!
 initialize_density: no need to read initial stratification for lanti_shockdiffusion=F.
 select_eos_variable: Using rho and ss
 initialize_energy: nheatc_max,iheatcond=           4 shock                                   nothing                                 nothing                                 nothing                                 
 heat conduction: shock
 viscous force: nu_shock*(XXXXXXXXXXX)
 pencil_consistency_check: checking pencil case
 pencil_consistency_check: checking requested pencils
 pencil_consistency_check: performing small pencil check
 pencil_consistency_check: the small pencil check reported no problems
 pencil_consistency_check: checking dependence on pencil initialization
 pencil_consistency_check: results are independent of pencil initialization
 pencil_consistency_check: checking diagnostics pencils
 pencil_consistency_check: performing small pencil check
 pencil_consistency_check: the small pencil check reported no problems
 pencil_consistency_check: set lpencil_check_diagnos_opti=T in run.in to report
 pencil_consistency_check: optimisation possibilities for diagnostics pencils
 pencil_consistency_check: checking dependence on pencil initialization
 pencil_consistency_check: diagnostics are independent of pencil initialization
 pencil_consistency_check: all tests passed
 pde: ENTER
SVN: -------            v.         (                   ) $Id$
 calc_pencils_energy: max(advec_cs2) =   1.07003314E+12
 duu_dt: SOLVE
Bcs for         ux,  x: <       a>, y: <       p>,  z: <       p>
Bcs for         uy,  x: <       s>, y: <       p>,  z: <       p>
Bcs for         uz,  x: <       s>, y: <       p>,  z: <       p>
 duu_dt: max(advec_uu) =   0.00000000    
 dlnrho_dt: SOLVE
Bcs for      lnrho,  x: <       s>, y: <       p>,  z: <       p>
 dlnrho_dt: diffrho_shock=   5.00000000    
 dlnrho_dt: max(diffus_diffrho ) =   0.00000000    
 dlnrho_dt: max(diffus_diffrho3) =   0.00000000    
 denergy_dt: SOLVE denergy_dt
Bcs for         ss,  x: <       s>, y: <       p>,  z: <       p>
 denergy_dt: lnTT,cs2,cp1=   11.1111116       66910.5312       1.17283905    
 calc_heatcond_shock: use shock diffusion
 calc_heatcond_shock: chi_shock=   5.00000000    
 calc_heatcond_shock: added thdiff

 ---it--------t-----------dt---------umax--------ekin--------ethm-------TTmax--------epsK-----visc_heatm----pdivum-------ruxm-------rhomin------rhomax-------ssm-----
      0   0.0000E+00  4.8336E-09  0.0000E+00  0.0000E+00  2.9153E+04  6.6911E+04  0.0000E+00  0.0000E+00  0.0000E+00  0.0000E+00  2.5000E-02  1.0000E+00  9.0000E+00
   1000   4.8336E-06  4.8336E-09  1.6535E+01  1.0462E+00  2.9152E+04  6.6911E+04  8.8031E+01  3.6605E+02  4.3197E+05  1.9395E-01  2.5000E-02  1.0000E+00  9.0001E+00
   2000   8.2754E-06  2.4715E-09  2.8525E+01  3.0513E+00  2.9149E+04  6.6911E+04  6.4653E+02  2.6530E+03  7.3315E+05  3.3198E-01  2.5000E-02  1.0000E+00  9.0002E+00
   3000   1.0352E-05  1.7825E-09  3.5838E+01  4.7536E+00  2.9147E+04  6.6911E+04  1.5628E+03  6.1454E+03  9.1033E+05  4.1518E-01  2.5000E-02  1.0000E+00  9.0003E+00
   4000   1.1953E-05  1.4529E-09  4.1309E+01  6.3123E+00  2.9146E+04  6.6911E+04  2.5573E+03  1.0062E+04  1.0439E+06  4.7931E-01  2.5000E-02  1.0000E+00  9.0005E+00
   5000   1.3300E-05  1.2534E-09  4.5606E+01  7.7832E+00  2.9144E+04  6.6911E+04  3.6005E+03  1.4271E+04  1.1538E+06  5.3317E-01  2.5000E-02  1.0000E+00  9.0006E+00
   6000   1.4481E-05  1.1168E-09  4.9509E+01  9.1920E+00  2.9142E+04  6.6911E+04  4.7306E+03  1.8808E+04  1.2483E+06  5.8040E-01  2.5000E-02  1.0000E+00  9.0008E+00
   7000   1.5546E-05  1.0173E-09  5.3280E+01  1.0554E+01  2.9140E+04  6.6911E+04  5.9004E+03  2.3554E+04  1.3319E+06  6.2293E-01  2.5000E-02  1.0000E+00  9.0009E+00
   8000   1.6523E-05  9.4126E-10  5.6952E+01  1.1880E+01  2.9139E+04  6.6911E+04  7.1293E+03  2.8518E+04  1.4074E+06  6.6196E-01  2.5000E-02  1.0000E+00  9.0010E+00
   9000   1.7434E-05  8.8138E-10  6.0235E+01  1.3177E+01  2.9137E+04  6.6911E+04  8.5398E+03  3.3907E+04  1.4762E+06  6.9826E-01  2.5000E-02  1.0000E+00  9.0012E+00
  10000   1.8290E-05  8.3223E-10  6.3295E+01  1.4451E+01  2.9135E+04  6.6911E+04  9.7146E+03  3.8937E+04  1.5400E+06  7.3237E-01  2.5000E-02  1.0000E+00  9.0013E+00
  11000   1.9101E-05  7.9147E-10  6.5980E+01  1.5706E+01  2.9134E+04  6.6911E+04  1.1184E+04  4.4568E+04  1.5989E+06  7.6468E-01  2.5000E-02  1.0000E+00  9.0015E+00
  12000   1.9875E-05  7.5640E-10  6.8636E+01  1.6945E+01  2.9132E+04  6.6911E+04  1.2309E+04  4.9613E+04  1.6543E+06  7.9546E-01  2.5000E-02  1.0000E+00  9.0016E+00
  13000   2.0616E-05  7.2626E-10  7.0960E+01  1.8169E+01  2.9130E+04  6.6911E+04  1.3825E+04  5.5438E+04  1.7061E+06  8.2494E-01  2.5000E-02  1.0000E+00  9.0018E+00
  14000   2.1328E-05  6.9985E-10  7.3370E+01  1.9380E+01  2.9129E+04  6.6911E+04  1.4898E+04  6.0485E+04  1.7553E+06  8.5326E-01  2.5000E-02  1.0000E+00  9.0019E+00
  15000   2.2016E-05  6.7648E-10  7.5687E+01  2.0581E+01  2.9127E+04  6.6911E+04  1.5964E+04  6.5593E+04  1.8022E+06  8.8059E-01  2.5000E-02  1.0000E+00  9.0020E+00
  16000   2.2682E-05  6.5571E-10  7.7786E+01  2.1771E+01  2.9126E+04  6.6911E+04  1.7580E+04  7.1682E+04  1.8468E+06  9.0702E-01  2.5000E-02  1.0000E+00  9.0022E+00
  17000   2.3329E-05  6.3701E-10  7.9767E+01  2.2953E+01  2.9124E+04  6.6911E+04  1.8539E+04  7.6661E+04  1.8892E+06  9.3265E-01  2.5000E-02  1.0000E+00  9.0023E+00
  18000   2.3957E-05  6.2020E-10  8.1690E+01  2.4125E+01  2.9122E+04  6.6911E+04  1.9749E+04  8.2080E+04  1.9301E+06  9.5755E-01  2.5000E-02  1.0000E+00  9.0025E+00
  19000   2.4569E-05  6.0481E-10  8.3608E+01  2.5291E+01  2.9121E+04  6.6911E+04  2.0908E+04  8.7446E+04  1.9691E+06  9.8181E-01  2.5000E-02  1.0000E+00  9.0026E+00
  20000   2.5167E-05  5.9094E-10  8.5527E+01  2.6450E+01  2.9119E+04  6.6911E+04  2.1956E+04  9.2657E+04  2.0065E+06  1.0055E+00  2.5000E-02  1.0000E+00  9.0028E+00
  21000   2.5751E-05  5.7795E-10  8.7342E+01  2.7603E+01  2.9118E+04  6.6911E+04  2.3387E+04  9.8503E+04  2.0422E+06  1.0286E+00  2.5000E-02  1.0000E+00  9.0029E+00
  22000   2.6324E-05  5.6624E-10  8.9017E+01  2.8750E+01  2.9116E+04  6.6911E+04  2.4405E+04  1.0368E+05  2.0766E+06  1.0512E+00  2.5000E-02  1.0000E+00  9.0031E+00
  23000   2.6884E-05  5.5525E-10  9.0597E+01  2.9892E+01  2.9115E+04  6.6911E+04  2.5371E+04  1.0878E+05  2.1102E+06  1.0734E+00  2.5000E-02  1.0000E+00  9.0032E+00
  24000   2.7434E-05  5.4522E-10  9.2134E+01  3.1029E+01  2.9113E+04  6.6911E+04  2.6539E+04  1.1420E+05  2.1428E+06  1.0951E+00  2.5000E-02  1.0000E+00  9.0034E+00
  25000   2.7975E-05  5.3577E-10  9.3646E+01  3.2161E+01  2.9112E+04  6.6911E+04  2.7610E+04  1.1947E+05  2.1740E+06  1.1165E+00  2.5000E-02  1.0000E+00  9.0036E+00
  26000   2.8506E-05  5.2687E-10  9.5127E+01  3.3290E+01  2.9110E+04  6.6911E+04  2.8621E+04  1.2466E+05  2.2043E+06  1.1374E+00  2.5000E-02  1.0000E+00  9.0037E+00
  27000   2.9029E-05  5.1864E-10  9.6550E+01  3.4415E+01  2.9109E+04  6.6911E+04  2.9696E+04  1.2994E+05  2.2336E+06  1.1580E+00  2.5000E-02  1.0000E+00  9.0039E+00
  28000   2.9544E-05  5.1090E-10  9.7914E+01  3.5535E+01  2.9107E+04  6.6911E+04  3.0816E+04  1.3528E+05  2.2621E+06  1.1783E+00  2.5000E-02  1.0000E+00  9.0040E+00
  29000   3.0051E-05  5.0357E-10  9.9227E+01  3.6653E+01  2.9106E+04  6.6911E+04  3.1752E+04  1.4034E+05  2.2896E+06  1.1983E+00  2.5000E-02  1.0000E+00  9.0042E+00
  30000   3.0551E-05  4.9684E-10  1.0052E+02  3.7767E+01  2.9104E+04  6.6911E+04  3.2643E+04  1.4531E+05  2.3163E+06  1.2180E+00  2.5000E-02  1.0000E+00  9.0043E+00
  31000   3.1044E-05  4.9026E-10  1.0180E+02  3.8878E+01  2.9102E+04  6.6911E+04  3.3586E+04  1.5036E+05  2.3420E+06  1.2375E+00  2.5000E-02  1.0000E+00  9.0045E+00
  32000   3.1532E-05  4.8420E-10  1.0306E+02  3.9986E+01  2.9101E+04  6.6911E+04  3.4612E+04  1.5553E+05  2.3669E+06  1.2566E+00  2.5000E-02  1.0000E+00  9.0046E+00
  33000   3.2013E-05  4.7841E-10  1.0428E+02  4.1091E+01  2.9099E+04  6.6911E+04  3.5541E+04  1.6055E+05  2.3913E+06  1.2756E+00  2.5000E-02  1.0000E+00  9.0048E+00
  34000   3.2488E-05  4.7290E-10  1.0548E+02  4.2193E+01  2.9098E+04  6.6911E+04  3.6431E+04  1.6550E+05  2.4151E+06  1.2943E+00  2.5000E-02  1.0000E+00  9.0049E+00
  35000   3.2959E-05  4.6762E-10  1.0663E+02  4.3293E+01  2.9096E+04  6.6911E+04  3.7315E+04  1.7043E+05  2.4382E+06  1.3128E+00  2.5000E-02  1.0000E+00  9.0051E+00
  36000   3.3424E-05  4.6282E-10  1.0772E+02  4.4390E+01  2.9095E+04  6.6911E+04  3.8257E+04  1.7544E+05  2.4607E+06  1.3310E+00  2.5000E-02  1.0000E+00  9.0053E+00
  37000   3.3884E-05  4.5797E-10  1.0874E+02  4.5485E+01  2.9093E+04  6.6911E+04  3.9167E+04  1.8040E+05  2.4826E+06  1.3491E+00  2.5000E-02  1.0000E+00  9.0054E+00
  38000   3.4340E-05  4.5355E-10  1.0970E+02  4.6578E+01  2.9092E+04  6.6911E+04  4.0023E+04  1.8526E+05  2.5041E+06  1.3670E+00  2.5000E-02  1.0000E+00  9.0056E+00
  39000   3.4791E-05  4.4909E-10  1.1072E+02  4.7669E+01  2.9090E+04  6.6911E+04  4.0854E+04  1.9008E+05  2.5250E+06  1.3847E+00  2.5000E-02  1.0000E+00  9.0058E+00
  40000   3.5238E-05  4.4514E-10  1.1174E+02  4.8758E+01  2.9089E+04  6.6911E+04  4.1664E+04  1.9485E+05  2.5456E+06  1.4023E+00  2.5000E-02  1.0000E+00  9.0059E+00
  41000   3.5681E-05  4.4109E-10  1.1274E+02  4.9846E+01  2.9087E+04  6.6911E+04  4.2476E+04  1.9962E+05  2.5656E+06  1.4197E+00  2.5000E-02  1.0000E+00  9.0061E+00
  42000   3.6121E-05  4.3726E-10  1.1372E+02  5.0931E+01  2.9086E+04  6.6911E+04  4.3297E+04  2.0437E+05  2.5852E+06  1.4369E+00  2.5000E-02  1.0000E+00  9.0062E+00
  43000   3.6556E-05  4.3362E-10  1.1467E+02  5.2016E+01  2.9084E+04  6.6911E+04  4.4085E+04  2.0908E+05  2.6043E+06  1.4539E+00  2.5000E-02  1.0000E+00  9.0064E+00
  44000   3.6988E-05  4.2996E-10  1.1560E+02  5.3097E+01  2.9083E+04  6.6911E+04  4.4855E+04  2.1373E+05  2.6231E+06  1.4709E+00  2.5000E-02  1.0000E+00  9.0066E+00
  45000   3.7416E-05  4.2653E-10  1.1649E+02  5.4178E+01  2.9081E+04  6.6911E+04  4.5613E+04  2.1835E+05  2.6415E+06  1.4876E+00  2.5000E-02  1.0000E+00  9.0067E+00
  46000   3.7841E-05  4.2318E-10  1.1737E+02  5.5256E+01  2.9079E+04  6.6911E+04  4.6361E+04  2.2294E+05  2.6596E+06  1.5043E+00  2.5000E-02  1.0000E+00  9.0069E+00
  47000   3.8263E-05  4.2004E-10  1.1832E+02  5.6333E+01  2.9078E+04  6.6911E+04  4.7118E+04  2.2753E+05  2.6772E+06  1.5208E+00  2.5000E-02  1.0000E+00  9.0070E+00
  48000   3.8681E-05  4.1700E-10  1.1925E+02  5.7409E+01  2.9076E+04  6.6911E+04  4.7855E+04  2.3208E+05  2.6945E+06  1.5372E+00  2.5000E-02  1.0000E+00  9.0072E+00
  49000   3.9097E-05  4.1403E-10  1.2016E+02  5.8483E+01  2.9075E+04  6.6911E+04  4.8569E+04  2.3658E+05  2.7113E+06  1.5535E+00  2.5000E-02  1.0000E+00  9.0074E+00
  50000   3.9509E-05  4.1112E-10  1.2103E+02  5.9556E+01  2.9073E+04  6.6911E+04  4.9273E+04  2.4104E+05  2.7278E+06  1.5696E+00  2.5000E-02  1.0000E+00  9.0075E+00
  51000   3.9919E-05  4.0841E-10  1.2186E+02  6.0628E+01  2.9072E+04  6.6911E+04  4.9974E+04  2.4548E+05  2.7440E+06  1.5856E+00  2.5000E-02  1.0000E+00  9.0077E+00
  52000   4.0326E-05  4.0576E-10  1.2263E+02  6.1697E+01  2.9070E+04  6.6911E+04  5.0664E+04  2.4990E+05  2.7599E+06  1.6016E+00  2.5000E-02  1.0000E+00  9.0079E+00
  53000   4.0730E-05  4.0326E-10  1.2336E+02  6.2766E+01  2.9069E+04  6.6911E+04  5.1345E+04  2.5429E+05  2.7755E+06  1.6174E+00  2.5000E-02  1.0000E+00  9.0080E+00
  54000   4.1132E-05  4.0063E-10  1.2420E+02  6.3833E+01  2.9067E+04  6.6911E+04  5.2013E+04  2.5863E+05  2.7908E+06  1.6331E+00  2.5000E-02  1.0000E+00  9.0082E+00
  55000   4.1532E-05  3.9823E-10  1.2504E+02  6.4899E+01  2.9066E+04  6.6911E+04  5.2664E+04  2.6294E+05  2.8058E+06  1.6487E+00  2.5000E-02  1.0000E+00  9.0084E+00
  56000   4.1929E-05  3.9589E-10  1.2588E+02  6.5964E+01  2.9064E+04  6.6911E+04  5.3303E+04  2.6722E+05  2.8206E+06  1.6642E+00  2.5000E-02  1.0000E+00  9.0085E+00
  57000   4.2324E-05  3.9354E-10  1.2670E+02  6.7028E+01  2.9063E+04  6.6911E+04  5.3935E+04  2.7147E+05  2.8350E+06  1.6796E+00  2.5000E-02  1.0000E+00  9.0087E+00
  58000   4.2716E-05  3.9127E-10  1.2748E+02  6.8090E+01  2.9061E+04  6.6911E+04  5.4565E+04  2.7570E+05  2.8491E+06  1.6949E+00  2.5000E-02  1.0000E+00  9.0089E+00
  59000   4.3106E-05  3.8916E-10  1.2823E+02  6.9151E+01  2.9060E+04  6.6911E+04  5.5193E+04  2.7990E+05  2.8630E+06  1.7102E+00  2.5000E-02  1.0000E+00  9.0091E+00
  60000   4.3494E-05  3.8709E-10  1.2892E+02  7.0211E+01  2.9058E+04  6.6911E+04  5.5810E+04  2.8408E+05  2.8765E+06  1.7253E+00  2.5000E-02  1.0000E+00  9.0092E+00
  61000   4.3880E-05  3.8504E-10  1.2959E+02  7.1270E+01  2.9057E+04  6.6911E+04  5.6413E+04  2.8823E+05  2.8899E+06  1.7404E+00  2.5000E-02  1.0000E+00  9.0094E+00
  62000   4.4264E-05  3.8305E-10  1.3034E+02  7.2328E+01  2.9055E+04  6.6911E+04  5.7001E+04  2.9233E+05  2.9031E+06  1.7553E+00  2.5000E-02  1.0000E+00  9.0096E+00
  63000   4.4647E-05  3.8120E-10  1.3107E+02  7.3385E+01  2.9054E+04  6.6911E+04  5.7578E+04  2.9641E+05  2.9160E+06  1.7702E+00  2.5000E-02  1.0000E+00  9.0097E+00
  64000   4.5027E-05  3.7942E-10  1.3175E+02  7.4441E+01  2.9052E+04  6.6911E+04  5.8155E+04  3.0047E+05  2.9287E+06  1.7851E+00  2.5000E-02  1.0000E+00  9.0099E+00
  65000   4.5405E-05  3.7751E-10  1.3238E+02  7.5496E+01  2.9051E+04  6.6911E+04  5.8728E+04  3.0449E+05  2.9412E+06  1.7998E+00  2.5000E-02  1.0000E+00  9.0101E+00
  66000   4.5782E-05  3.7579E-10  1.3307E+02  7.6550E+01  2.9049E+04  6.6911E+04  5.9292E+04  3.0848E+05  2.9535E+06  1.8145E+00  2.5000E-02  1.0000E+00  9.0102E+00
  67000   4.6157E-05  3.7399E-10  1.3380E+02  7.7603E+01  2.9048E+04  6.6911E+04  5.9845E+04  3.1245E+05  2.9656E+06  1.8291E+00  2.5000E-02  1.0000E+00  9.0104E+00
  68000   4.6530E-05  3.7235E-10  1.3448E+02  7.8655E+01  2.9046E+04  6.6911E+04  6.0385E+04  3.1639E+05  2.9775E+06  1.8437E+00  2.5000E-02  1.0000E+00  9.0106E+00
  69000   4.6902E-05  3.7074E-10  1.3512E+02  7.9707E+01  2.9045E+04  6.6911E+04  6.0916E+04  3.2030E+05  2.9892E+06  1.8581E+00  2.5000E-02  1.0000E+00  9.0108E+00
  70000   4.7271E-05  3.6923E-10  1.3572E+02  8.0757E+01  2.9044E+04  6.6911E+04  6.1435E+04  3.2417E+05  3.0008E+06  1.8725E+00  2.5000E-02  1.0000E+00  9.0109E+00
  71000   4.7640E-05  3.6762E-10  1.3630E+02  8.1806E+01  2.9042E+04  6.6911E+04  6.1948E+04  3.2799E+05  3.0122E+06  1.8869E+00  2.5000E-02  1.0000E+00  9.0111E+00
  72000   4.8007E-05  3.6604E-10  1.3699E+02  8.2855E+01  2.9041E+04  6.6911E+04  6.2454E+04  3.3180E+05  3.0234E+06  1.9011E+00  2.5000E-02  1.0000E+00  9.0113E+00
  73000   4.8372E-05  3.6455E-10  1.3765E+02  8.3903E+01  2.9039E+04  6.6911E+04  6.2952E+04  3.3559E+05  3.0344E+06  1.9153E+00  2.5000E-02  1.0000E+00  9.0114E+00
  74000   4.8736E-05  3.6304E-10  1.3830E+02  8.4950E+01  2.9038E+04  6.6911E+04  6.3443E+04  3.3936E+05  3.0453E+06  1.9295E+00  2.5000E-02  1.0000E+00  9.0116E+00
  75000   4.9098E-05  3.6158E-10  1.3892E+02  8.5996E+01  2.9036E+04  6.6911E+04  6.3929E+04  3.4309E+05  3.0561E+06  1.9436E+00  2.5000E-02  1.0000E+00  9.0118E+00
  76000   4.9459E-05  3.6022E-10  1.3951E+02  8.7042E+01  2.9035E+04  6.6911E+04  6.4409E+04  3.4681E+05  3.0666E+06  1.9576E+00  2.5000E-02  1.0000E+00  9.0120E+00
  77000   4.9819E-05  3.5883E-10  1.4006E+02  8.8086E+01  2.9033E+04  6.6911E+04  6.4880E+04  3.5049E+05  3.0769E+06  1.9716E+00  2.5000E-02  1.0000E+00  9.0121E+00
  78000   5.0177E-05  3.5752E-10  1.4069E+02  8.9130E+01  2.9032E+04  6.6911E+04  6.5342E+04  3.5414E+05  3.0871E+06  1.9855E+00  2.5000E-02  1.0000E+00  9.0123E+00
  79000   5.0534E-05  3.5619E-10  1.4131E+02  9.0173E+01  2.9030E+04  6.6911E+04  6.5803E+04  3.5777E+05  3.0971E+06  1.9994E+00  2.5000E-02  1.0000E+00  9.0125E+00
  80000   5.0889E-05  3.5498E-10  1.4190E+02  9.1216E+01  2.9029E+04  6.6911E+04  6.6258E+04  3.6137E+05  3.1070E+06  2.0132E+00  2.5000E-02  1.0000E+00  9.0126E+00
  81000   5.1243E-05  3.5371E-10  1.4245E+02  9.2258E+01  2.9027E+04  6.6911E+04  6.6704E+04  3.6495E+05  3.1168E+06  2.0270E+00  2.5000E-02  1.0000E+00  9.0128E+00
  82000   5.1597E-05  3.5248E-10  1.4296E+02  9.3299E+01  2.9026E+04  6.6911E+04  6.7139E+04  3.6850E+05  3.1264E+06  2.0407E+00  2.5000E-02  1.0000E+00  9.0130E+00
  83000   5.1948E-05  3.5132E-10  1.4358E+02  9.4341E+01  2.9024E+04  6.6911E+04  6.7565E+04  3.7203E+05  3.1359E+06  2.0544E+00  2.5000E-02  1.0000E+00  9.0132E+00
  84000   5.2299E-05  3.5013E-10  1.4416E+02  9.5380E+01  2.9023E+04  6.6911E+04  6.7985E+04  3.7554E+05  3.1451E+06  2.0681E+00  2.5000E-02  1.0000E+00  9.0133E+00
  85000   5.2649E-05  3.4894E-10  1.4471E+02  9.6419E+01  2.9021E+04  6.6911E+04  6.8402E+04  3.7902E+05  3.1542E+06  2.0816E+00  2.5000E-02  1.0000E+00  9.0135E+00
  86000   5.2997E-05  3.4773E-10  1.4525E+02  9.7458E+01  2.9020E+04  6.6911E+04  6.8810E+04  3.8248E+05  3.1633E+06  2.0952E+00  2.5000E-02  1.0000E+00  9.0137E+00
  87000   5.3344E-05  3.4657E-10  1.4577E+02  9.8496E+01  2.9018E+04  6.6911E+04  6.9219E+04  3.8593E+05  3.1722E+06  2.1087E+00  2.5000E-02  1.0000E+00  9.0139E+00
  88000   5.3690E-05  3.4538E-10  1.4631E+02  9.9533E+01  2.9017E+04  6.6911E+04  6.9616E+04  3.8934E+05  3.1810E+06  2.1221E+00  2.5000E-02  1.0000E+00  9.0140E+00
  89000   5.4035E-05  3.4424E-10  1.4689E+02  1.0057E+02  2.9015E+04  6.6911E+04  7.0003E+04  3.9273E+05  3.1897E+06  2.1355E+00  2.5000E-02  1.0000E+00  9.0142E+00
  90000   5.4379E-05  3.4322E-10  1.4745E+02  1.0161E+02  2.9014E+04  6.6911E+04  7.0381E+04  3.9609E+05  3.1983E+06  2.1489E+00  2.5000E-02  1.0000E+00  9.0144E+00
  91000   5.4721E-05  3.4217E-10  1.4800E+02  1.0264E+02  2.9013E+04  6.6911E+04  7.0760E+04  3.9943E+05  3.2068E+06  2.1622E+00  2.5000E-02  1.0000E+00  9.0146E+00
  92000   5.5063E-05  3.4125E-10  1.4854E+02  1.0367E+02  2.9011E+04  6.6911E+04  7.1139E+04  4.0274E+05  3.2152E+06  2.1755E+00  2.5000E-02  1.0000E+00  9.0147E+00
  93000   5.5404E-05  3.4035E-10  1.4903E+02  1.0471E+02  2.9010E+04  6.6911E+04  7.1517E+04  4.0603E+05  3.2235E+06  2.1887E+00  2.5000E-02  1.0000E+00  9.0149E+00
  94000   5.5744E-05  3.3952E-10  1.4953E+02  1.0574E+02  2.9008E+04  6.6911E+04  7.1885E+04  4.0930E+05  3.2316E+06  2.2019E+00  2.5000E-02  1.0000E+00  9.0151E+00
  95000   5.6083E-05  3.3858E-10  1.5008E+02  1.0677E+02  2.9007E+04  6.6911E+04  7.2243E+04  4.1254E+05  3.2397E+06  2.2150E+00  2.5000E-02  1.0000E+00  9.0152E+00
  96000   5.6421E-05  3.3765E-10  1.5063E+02  1.0780E+02  2.9005E+04  6.6911E+04  7.2596E+04  4.1577E+05  3.2476E+06  2.2281E+00  2.5000E-02  1.0000E+00  9.0154E+00
  97000   5.6758E-05  3.3674E-10  1.5113E+02  1.0884E+02  2.9004E+04  6.6911E+04  7.2949E+04  4.1900E+05  3.2554E+06  2.2412E+00  2.5000E-02  1.0000E+00  9.0156E+00
  98000   5.7095E-05  3.3578E-10  1.5157E+02  1.0987E+02  2.9002E+04  6.6911E+04  7.3292E+04  4.2219E+05  3.2631E+06  2.2543E+00  2.5000E-02  1.0000E+00  9.0158E+00
  99000   5.7430E-05  3.3489E-10  1.5202E+02  1.1090E+02  2.9001E+04  6.6911E+04  7.3625E+04  4.2536E+05  3.2707E+06  2.2673E+00  2.5000E-02  1.0000E+00  9.0159E+00
 100000   5.7764E-05  3.3397E-10  1.5253E+02  1.1193E+02  2.9000E+04  6.6911E+04  7.3950E+04  4.2850E+05  3.2782E+06  2.2802E+00  2.5000E-02  1.0000E+00  9.0161E+00
 101000   5.8098E-05  3.3301E-10  1.5302E+02  1.1296E+02  2.8998E+04  6.6911E+04  7.4271E+04  4.3164E+05  3.2857E+06  2.2932E+00  2.5000E-02  1.0000E+00  9.0163E+00
 102000   5.8430E-05  3.3205E-10  1.5347E+02  1.1399E+02  2.8997E+04  6.6911E+04  7.4592E+04  4.3476E+05  3.2931E+06  2.3061E+00  2.5000E-02  1.0000E+00  9.0165E+00
 103000   5.8762E-05  3.3118E-10  1.5388E+02  1.1501E+02  2.8995E+04  6.6911E+04  7.4907E+04  4.3784E+05  3.3003E+06  2.3189E+00  2.5000E-02  1.0000E+00  9.0166E+00
 104000   5.9093E-05  3.3040E-10  1.5438E+02  1.1604E+02  2.8994E+04  6.6911E+04  7.5220E+04  4.4091E+05  3.3075E+06  2.3317E+00  2.5000E-02  1.0000E+00  9.0168E+00
 105000   5.9423E-05  3.2964E-10  1.5488E+02  1.1707E+02  2.8992E+04  6.6911E+04  7.5525E+04  4.4394E+05  3.3146E+06  2.3445E+00  2.5000E-02  1.0000E+00  9.0170E+00
 106000   5.9752E-05  3.2894E-10  1.5536E+02  1.1809E+02  2.8991E+04  6.6911E+04  7.5833E+04  4.4697E+05  3.3216E+06  2.3573E+00  2.5000E-02  1.0000E+00  9.0172E+00
 107000   6.0081E-05  3.2823E-10  1.5580E+02  1.1912E+02  2.8989E+04  6.6911E+04  7.6136E+04  4.4999E+05  3.3285E+06  2.3700E+00  2.5000E-02  1.0000E+00  9.0173E+00
 108000   6.0408E-05  3.2746E-10  1.5622E+02  1.2014E+02  2.8988E+04  6.6911E+04  7.6429E+04  4.5297E+05  3.3353E+06  2.3827E+00  2.5000E-02  1.0000E+00  9.0175E+00
 109000   6.0736E-05  3.2675E-10  1.5666E+02  1.2117E+02  2.8987E+04  6.6911E+04  7.6720E+04  4.5595E+05  3.3420E+06  2.3954E+00  2.5000E-02  1.0000E+00  9.0177E+00
 110000   6.1062E-05  3.2598E-10  1.5716E+02  1.2219E+02  2.8985E+04  6.6911E+04  7.7004E+04  4.5891E+05  3.3487E+06  2.4080E+00  2.5000E-02  1.0000E+00  9.0179E+00
 111000   6.1388E-05  3.2523E-10  1.5765E+02  1.2322E+02  2.8984E+04  6.6911E+04  7.7287E+04  4.6186E+05  3.3553E+06  2.4206E+00  2.5000E-02  1.0000E+00  9.0180E+00
 112000   6.1712E-05  3.2441E-10  1.5812E+02  1.2424E+02  2.8982E+04  6.6911E+04  7.7566E+04  4.6480E+05  3.3618E+06  2.4332E+00  2.5000E-02  1.0000E+00  9.0182E+00
 113000   6.2036E-05  3.2358E-10  1.5855E+02  1.2526E+02  2.8981E+04  6.6911E+04  7.7839E+04  4.6772E+05  3.3682E+06  2.4458E+00  2.5000E-02  1.0000E+00  9.0184E+00
 114000   6.2360E-05  3.2282E-10  1.5896E+02  1.2629E+02  2.8979E+04  6.6911E+04  7.8111E+04  4.7064E+05  3.3745E+06  2.4583E+00  2.5000E-02  1.0000E+00  9.0186E+00
 115000   6.2682E-05  3.2199E-10  1.5939E+02  1.2731E+02  2.8978E+04  6.6911E+04  7.8376E+04  4.7352E+05  3.3807E+06  2.4708E+00  2.5000E-02  1.0000E+00  9.0188E+00
 116000   6.3004E-05  3.2128E-10  1.5987E+02  1.2833E+02  2.8977E+04  6.6911E+04  7.8636E+04  4.7639E+05  3.3869E+06  2.4832E+00  2.5000E-02  1.0000E+00  9.0189E+00
 117000   6.3324E-05  3.2061E-10  1.6032E+02  1.2935E+02  2.8975E+04  6.6911E+04  7.8890E+04  4.7924E+05  3.3930E+06  2.4957E+00  2.5000E-02  1.0000E+00  9.0191E+00
 118000   6.3645E-05  3.1993E-10  1.6073E+02  1.3037E+02  2.8974E+04  6.6911E+04  7.9147E+04  4.8210E+05  3.3991E+06  2.5081E+00  2.5000E-02  1.0000E+00  9.0193E+00
 119000   6.3964E-05  3.1927E-10  1.6109E+02  1.3139E+02  2.8972E+04  6.6911E+04  7.9400E+04  4.8493E+05  3.4050E+06  2.5204E+00  2.5000E-02  1.0000E+00  9.0195E+00
 120000   6.4283E-05  3.1861E-10  1.6150E+02  1.3240E+02  2.8971E+04  6.6911E+04  7.9646E+04  4.8774E+05  3.4109E+06  2.5328E+00  2.5000E-02  1.0000E+00  9.0196E+00
 121000   6.4602E-05  3.1795E-10  1.6194E+02  1.3342E+02  2.8969E+04  6.6911E+04  7.9884E+04  4.9053E+05  3.4168E+06  2.5451E+00  2.5000E-02  1.0000E+00  9.0198E+00
 122000   6.4919E-05  3.1725E-10  1.6236E+02  1.3444E+02  2.8968E+04  6.6911E+04  8.0123E+04  4.9332E+05  3.4226E+06  2.5574E+00  2.5000E-02  1.0000E+00  9.0200E+00
 123000   6.5236E-05  3.1658E-10  1.6275E+02  1.3546E+02  2.8967E+04  6.6911E+04  8.0362E+04  4.9609E+05  3.4283E+06  2.5697E+00  2.5000E-02  1.0000E+00  9.0202E+00
 124000   6.5552E-05  3.1587E-10  1.6308E+02  1.3648E+02  2.8965E+04  6.6911E+04  8.0594E+04  4.9885E+05  3.4340E+06  2.5819E+00  2.5000E-02  1.0000E+00  9.0203E+00
 125000   6.5868E-05  3.1516E-10  1.6350E+02  1.3749E+02  2.8964E+04  6.6911E+04  8.0821E+04  5.0160E+05  3.4396E+06  2.5941E+00  2.5000E-02  1.0000E+00  9.0205E+00
 126000   6.6183E-05  3.1453E-10  1.6392E+02  1.3851E+02  2.8962E+04  6.6911E+04  8.1042E+04  5.0432E+05  3.4450E+06  2.6063E+00  2.5000E-02  1.0000E+00  9.0207E+00
 127000   6.6497E-05  3.1414E-10  1.6433E+02  1.3952E+02  2.8961E+04  6.6911E+04  8.1269E+04  5.0704E+05  3.4505E+06  2.6185E+00  2.5000E-02  1.0000E+00  9.0209E+00
 128000   6.6811E-05  3.1371E-10  1.6469E+02  1.4054E+02  2.8960E+04  6.6911E+04  8.1495E+04  5.0974E+05  3.4560E+06  2.6307E+00  2.5000E-02  1.0000E+00  9.0210E+00
 129000   6.7124E-05  3.1326E-10  1.6500E+02  1.4155E+02  2.8958E+04  6.6911E+04  8.1715E+04  5.1243E+05  3.4614E+06  2.6428E+00  2.5000E-02  1.0000E+00  9.0212E+00
 130000   6.7437E-05  3.1275E-10  1.6542E+02  1.4257E+02  2.8957E+04  6.6911E+04  8.1930E+04  5.1510E+05  3.4667E+06  2.6549E+00  2.5000E-02  1.0000E+00  9.0214E+00
 131000   6.7750E-05  3.1221E-10  1.6583E+02  1.4358E+02  2.8955E+04  6.6911E+04  8.2142E+04  5.1777E+05  3.4719E+06  2.6670E+00  2.5000E-02  1.0000E+00  9.0216E+00
 132000   6.8062E-05  3.1166E-10  1.6619E+02  1.4460E+02  2.8954E+04  6.6911E+04  8.2355E+04  5.2043E+05  3.4771E+06  2.6790E+00  2.5000E-02  1.0000E+00  9.0217E+00
 133000   6.8373E-05  3.1104E-10  1.6651E+02  1.4561E+02  2.8953E+04  6.6911E+04  8.2560E+04  5.2307E+05  3.4823E+06  2.6911E+00  2.5000E-02  1.0000E+00  9.0219E+00
 134000   6.8684E-05  3.1045E-10  1.6687E+02  1.4662E+02  2.8951E+04  6.6911E+04  8.2762E+04  5.2570E+05  3.4874E+06  2.7031E+00  2.5000E-02  1.0000E+00  9.0221E+00
 135000   6.8994E-05  3.0994E-10  1.6727E+02  1.4764E+02  2.8950E+04  6.6911E+04  8.2956E+04  5.2832E+05  3.4924E+06  2.7151E+00  2.5000E-02  1.0000E+00  9.0223E+00
 136000   6.9304E-05  3.0937E-10  1.6764E+02  1.4865E+02  2.8948E+04  6.6911E+04  8.3147E+04  5.3093E+05  3.4974E+06  2.7271E+00  2.5000E-02  1.0000E+00  9.0224E+00
 137000   6.9613E-05  3.0882E-10  1.6798E+02  1.4966E+02  2.8947E+04  6.6911E+04  8.3339E+04  5.3353E+05  3.5022E+06  2.7390E+00  2.5000E-02  1.0000E+00  9.0226E+00
 138000   6.9921E-05  3.0824E-10  1.6827E+02  1.5067E+02  2.8946E+04  6.6911E+04  8.3522E+04  5.3611E+05  3.5071E+06  2.7510E+00  2.5000E-02  1.0000E+00  9.0228E+00
 139000   7.0229E-05  3.0763E-10  1.6867E+02  1.5168E+02  2.8944E+04  6.6911E+04  8.3704E+04  5.3869E+05  3.5118E+06  2.7629E+00  2.5000E-02  1.0000E+00  9.0230E+00
 140000   7.0537E-05  3.0707E-10  1.6903E+02  1.5269E+02  2.8943E+04  6.6911E+04  8.3878E+04  5.4125E+05  3.5165E+06  2.7748E+00  2.5000E-02  1.0000E+00  9.0231E+00
 141000   7.0843E-05  3.0651E-10  1.6937E+02  1.5370E+02  2.8941E+04  6.6911E+04  8.4052E+04  5.4381E+05  3.5213E+06  2.7866E+00  2.5000E-02  1.0000E+00  9.0233E+00
 142000   7.1150E-05  3.0592E-10  1.6967E+02  1.5471E+02  2.8940E+04  6.6911E+04  8.4223E+04  5.4636E+05  3.5260E+06  2.7985E+00  2.5000E-02  1.0000E+00  9.0235E+00
 143000   7.1455E-05  3.0538E-10  1.7002E+02  1.5572E+02  2.8939E+04  6.6911E+04  8.4392E+04  5.4888E+05  3.5307E+06  2.8103E+00  2.5000E-02  1.0000E+00  9.0237E+00
 144000   7.1760E-05  3.0485E-10  1.7038E+02  1.5672E+02  2.8937E+04  6.6911E+04  8.4553E+04  5.5139E+05  3.5353E+06  2.8221E+00  2.5000E-02  1.0000E+00  9.0238E+00
 145000   7.2065E-05  3.0434E-10  1.7073E+02  1.5773E+02  2.8936E+04  6.6911E+04  8.4717E+04  5.5390E+05  3.5399E+06  2.8339E+00  2.5000E-02  1.0000E+00  9.0240E+00
 146000   7.2369E-05  3.0379E-10  1.7105E+02  1.5874E+02  2.8935E+04  6.6911E+04  8.4874E+04  5.5640E+05  3.5444E+06  2.8457E+00  2.5000E-02  1.0000E+00  9.0242E+00
 147000   7.2673E-05  3.0329E-10  1.7133E+02  1.5974E+02  2.8933E+04  6.6911E+04  8.5032E+04  5.5889E+05  3.5489E+06  2.8574E+00  2.5000E-02  1.0000E+00  9.0244E+00
 148000   7.2976E-05  3.0277E-10  1.7170E+02  1.6075E+02  2.8932E+04  6.6911E+04  8.5183E+04  5.6136E+05  3.5533E+06  2.8691E+00  2.5000E-02  1.0000E+00  9.0245E+00
 149000   7.3278E-05  3.0228E-10  1.7206E+02  1.6175E+02  2.8930E+04  6.6911E+04  8.5328E+04  5.6382E+05  3.5578E+06  2.8808E+00  2.5000E-02  1.0000E+00  9.0247E+00
 150000   7.3580E-05  3.0185E-10  1.7239E+02  1.6276E+02  2.8929E+04  6.6911E+04  8.5479E+04  5.6627E+05  3.5622E+06  2.8925E+00  2.5000E-02  1.0000E+00  9.0249E+00
 151000   7.3882E-05  3.0127E-10  1.7270E+02  1.6376E+02  2.8928E+04  6.6911E+04  8.5627E+04  5.6871E+05  3.5665E+06  2.9041E+00  2.5000E-02  1.0000E+00  9.0251E+00
 152000   7.4183E-05  3.0077E-10  1.7298E+02  1.6476E+02  2.8926E+04  6.6911E+04  8.5769E+04  5.7114E+05  3.5708E+06  2.9158E+00  2.5000E-02  1.0000E+00  9.0252E+00
 153000   7.4483E-05  3.0026E-10  1.7334E+02  1.6576E+02  2.8925E+04  6.6911E+04  8.5910E+04  5.7356E+05  3.5750E+06  2.9274E+00  2.5000E-02  1.0000E+00  9.0254E+00
 154000   7.4783E-05  2.9978E-10  1.7370E+02  1.6677E+02  2.8924E+04  6.6911E+04  8.6045E+04  5.7596E+05  3.5792E+06  2.9390E+00  2.5000E-02  1.0000E+00  9.0256E+00
 155000   7.5083E-05  2.9929E-10  1.7402E+02  1.6777E+02  2.8922E+04  6.6911E+04  8.6180E+04  5.7837E+05  3.5834E+06  2.9506E+00  2.5000E-02  1.0000E+00  9.0258E+00
 156000   7.5382E-05  2.9878E-10  1.7432E+02  1.6877E+02  2.8921E+04  6.6911E+04  8.6312E+04  5.8077E+05  3.5875E+06  2.9621E+00  2.5000E-02  1.0000E+00  9.0259E+00
 157000   7.5680E-05  2.9827E-10  1.7458E+02  1.6977E+02  2.8920E+04  6.6911E+04  8.6441E+04  5.8315E+05  3.5916E+06  2.9737E+00  2.5000E-02  1.0000E+00  9.0261E+00
 158000   7.5978E-05  2.9776E-10  1.7495E+02  1.7076E+02  2.8918E+04  6.6911E+04  8.6566E+04  5.8553E+05  3.5955E+06  2.9852E+00  2.5000E-02  1.0000E+00  9.0263E+00
 159000   7.6276E-05  2.9728E-10  1.7528E+02  1.7176E+02  2.8917E+04  6.6911E+04  8.6688E+04  5.8790E+05  3.5995E+06  2.9967E+00  2.5000E-02  1.0000E+00  9.0265E+00
 160000   7.6573E-05  2.9676E-10  1.7559E+02  1.7276E+02  2.8915E+04  6.6911E+04  8.6807E+04  5.9025E+05  3.6034E+06  3.0081E+00  2.5000E-02  1.0000E+00  9.0267E+00
 161000   7.6870E-05  2.9625E-10  1.7585E+02  1.7376E+02  2.8914E+04  6.6911E+04  8.6926E+04  5.9261E+05  3.6074E+06  3.0196E+00  2.5000E-02  1.0000E+00  9.0268E+00
 162000   7.7166E-05  2.9576E-10  1.7613E+02  1.7475E+02  2.8913E+04  6.6911E+04  8.7043E+04  5.9496E+05  3.6113E+06  3.0311E+00  2.5000E-02  1.0000E+00  9.0270E+00
 163000   7.7461E-05  2.9529E-10  1.7647E+02  1.7575E+02  2.8912E+04  6.6911E+04  8.7154E+04  5.9729E+05  3.6152E+06  3.0425E+00  2.5000E-02  1.0000E+00  9.0272E+00
 164000   7.7756E-05  2.9492E-10  1.7678E+02  1.7675E+02  2.8910E+04  6.6911E+04  8.7268E+04  5.9960E+05  3.6189E+06  3.0539E+00  2.5000E-02  1.0000E+00  9.0274E+00
 165000   7.8051E-05  2.9446E-10  1.7705E+02  1.7774E+02  2.8909E+04  6.6911E+04  8.7379E+04  6.0192E+05  3.6227E+06  3.0653E+00  2.5000E-02  1.0000E+00  9.0275E+00
 166000   7.8345E-05  2.9403E-10  1.7729E+02  1.7874E+02  2.8907E+04  6.6911E+04  8.7490E+04  6.0422E+05  3.6263E+06  3.0767E+00  2.5000E-02  1.0000E+00  9.0277E+00
 167000   7.8639E-05  2.9361E-10  1.7760E+02  1.7973E+02  2.8906E+04  6.6911E+04  8.7598E+04  6.0652E+05  3.6300E+06  3.0881E+00  2.5000E-02  1.0000E+00  9.0279E+00
 168000   7.8932E-05  2.9320E-10  1.7792E+02  1.8073E+02  2.8905E+04  6.6911E+04  8.7702E+04  6.0881E+05  3.6336E+06  3.0994E+00  2.5000E-02  1.0000E+00  9.0281E+00
 169000   7.9225E-05  2.9283E-10  1.7821E+02  1.8172E+02  2.8904E+04  6.6911E+04  8.7809E+04  6.1109E+05  3.6372E+06  3.1107E+00  2.5000E-02  1.0000E+00  9.0282E+00
 170000   7.9518E-05  2.9248E-10  1.7847E+02  1.8272E+02  2.8902E+04  6.6911E+04  8.7919E+04  6.1337E+05  3.6408E+06  3.1221E+00  2.5000E-02  1.0000E+00  9.0284E+00
 171000   7.9810E-05  2.9213E-10  1.7872E+02  1.8371E+02  2.8901E+04  6.6911E+04  8.8022E+04  6.1563E+05  3.6443E+06  3.1334E+00  2.5000E-02  1.0000E+00  9.0286E+00
 172000   8.0102E-05  2.9175E-10  1.7904E+02  1.8470E+02  2.8900E+04  6.6911E+04  8.8125E+04  6.1789E+05  3.6479E+06  3.1446E+00  2.5000E-02  1.0000E+00  9.0288E+00
 173000   8.0394E-05  2.9138E-10  1.7934E+02  1.8569E+02  2.8898E+04  6.6911E+04  8.8226E+04  6.2014E+05  3.6514E+06  3.1559E+00  2.5000E-02  1.0000E+00  9.0289E+00
 174000   8.0685E-05  2.9104E-10  1.7961E+02  1.8668E+02  2.8897E+04  6.6911E+04  8.8328E+04  6.2240E+05  3.6549E+06  3.1672E+00  2.5000E-02  1.0000E+00  9.0291E+00
 175000   8.0976E-05  2.9068E-10  1.7985E+02  1.8767E+02  2.8896E+04  6.6911E+04  8.8425E+04  6.2464E+05  3.6583E+06  3.1784E+00  2.5000E-02  1.0000E+00  9.0293E+00
 176000   8.1266E-05  2.9031E-10  1.8011E+02  1.8867E+02  2.8894E+04  6.6911E+04  8.8522E+04  6.2688E+05  3.6617E+06  3.1896E+00  2.5000E-02  1.0000E+00  9.0295E+00
 177000   8.1556E-05  2.8995E-10  1.8042E+02  1.8966E+02  2.8893E+04  6.6911E+04  8.8618E+04  6.2912E+05  3.6650E+06  3.2008E+00  2.5000E-02  1.0000E+00  9.0296E+00
 178000   8.1846E-05  2.8957E-10  1.8071E+02  1.9065E+02  2.8892E+04  6.6911E+04  8.8710E+04  6.3134E+05  3.6683E+06  3.2120E+00  2.5000E-02  1.0000E+00  9.0298E+00
 179000   8.2136E-05  2.8922E-10  1.8097E+02  1.9164E+02  2.8890E+04  6.6911E+04  8.8805E+04  6.3358E+05  3.6717E+06  3.2232E+00  2.5000E-02  1.0000E+00  9.0300E+00
 180000   8.2425E-05  2.8888E-10  1.8119E+02  1.9263E+02  2.8889E+04  6.6911E+04  8.8896E+04  6.3579E+05  3.6749E+06  3.2344E+00  2.5000E-02  1.0000E+00  9.0302E+00
 181000   8.2713E-05  2.8852E-10  1.8145E+02  1.9362E+02  2.8888E+04  6.6911E+04  8.8985E+04  6.3800E+05  3.6782E+06  3.2455E+00  2.5000E-02  1.0000E+00  9.0303E+00
 182000   8.3002E-05  2.8811E-10  1.8175E+02  1.9460E+02  2.8886E+04  6.6911E+04  8.9072E+04  6.4021E+05  3.6815E+06  3.2567E+00  2.5000E-02  1.0000E+00  9.0305E+00
 183000   8.3290E-05  2.8770E-10  1.8201E+02  1.9559E+02  2.8885E+04  6.6911E+04  8.9158E+04  6.4240E+05  3.6846E+06  3.2678E+00  2.5000E-02  1.0000E+00  9.0307E+00
 184000   8.3577E-05  2.8723E-10  1.8224E+02  1.9658E+02  2.8884E+04  6.6911E+04  8.9245E+04  6.4460E+05  3.6878E+06  3.2789E+00  2.5000E-02  1.0000E+00  9.0309E+00
 185000   8.3864E-05  2.8682E-10  1.8243E+02  1.9756E+02  2.8882E+04  6.6911E+04  8.9329E+04  6.4679E+05  3.6910E+06  3.2899E+00  2.5000E-02  1.0000E+00  9.0310E+00
 186000   8.4151E-05  2.8645E-10  1.8273E+02  1.9855E+02  2.8881E+04  6.6911E+04  8.9408E+04  6.4897E+05  3.6941E+06  3.3010E+00  2.5000E-02  1.0000E+00  9.0312E+00
 187000   8.4437E-05  2.8601E-10  1.8300E+02  1.9953E+02  2.8880E+04  6.6911E+04  8.9488E+04  6.5116E+05  3.6973E+06  3.3121E+00  2.5000E-02  1.0000E+00  9.0314E+00
 188000   8.4723E-05  2.8556E-10  1.8323E+02  2.0052E+02  2.8878E+04  6.6911E+04  8.9570E+04  6.5333E+05  3.7003E+06  3.3231E+00  2.5000E-02  1.0000E+00  9.0316E+00
 189000   8.5008E-05  2.8512E-10  1.8343E+02  2.0150E+02  2.8877E+04  6.6911E+04  8.9648E+04  6.5551E+05  3.7034E+06  3.3341E+00  2.5000E-02  1.0000E+00  9.0317E+00
 190000   8.5293E-05  2.8474E-10  1.8368E+02  2.0248E+02  2.8876E+04  6.6911E+04  8.9727E+04  6.5769E+05  3.7064E+06  3.3451E+00  2.5000E-02  1.0000E+00  9.0319E+00
 191000   8.5578E-05  2.8432E-10  1.8395E+02  2.0347E+02  2.8875E+04  6.6911E+04  8.9798E+04  6.5984E+05  3.7095E+06  3.3561E+00  2.5000E-02  1.0000E+00  9.0321E+00
 192000   8.5862E-05  2.8388E-10  1.8419E+02  2.0445E+02  2.8873E+04  6.6911E+04  8.9874E+04  6.6201E+05  3.7124E+06  3.3671E+00  2.5000E-02  1.0000E+00  9.0323E+00
 193000   8.6145E-05  2.8347E-10  1.8439E+02  2.0543E+02  2.8872E+04  6.6911E+04  8.9948E+04  6.6418E+05  3.7154E+06  3.3780E+00  2.5000E-02  1.0000E+00  9.0324E+00
 194000   8.6429E-05  2.8305E-10  1.8460E+02  2.0641E+02  2.8871E+04  6.6911E+04  9.0017E+04  6.6633E+05  3.7183E+06  3.3890E+00  2.5000E-02  1.0000E+00  9.0326E+00
 195000   8.6711E-05  2.8262E-10  1.8487E+02  2.0739E+02  2.8869E+04  6.6911E+04  9.0086E+04  6.6848E+05  3.7211E+06  3.3999E+00  2.5000E-02  1.0000E+00  9.0328E+00
 196000   8.6994E-05  2.8221E-10  1.8511E+02  2.0836E+02  2.8868E+04  6.6911E+04  9.0153E+04  6.7063E+05  3.7240E+06  3.4108E+00  2.5000E-02  1.0000E+00  9.0330E+00
 197000   8.7276E-05  2.8180E-10  1.8533E+02  2.0934E+02  2.8867E+04  6.6911E+04  9.0223E+04  6.7279E+05  3.7268E+06  3.4217E+00  2.5000E-02  1.0000E+00  9.0331E+00
 198000   8.7557E-05  2.8136E-10  1.8551E+02  2.1032E+02  2.8865E+04  6.6911E+04  9.0289E+04  6.7493E+05  3.7296E+06  3.4326E+00  2.5000E-02  1.0000E+00  9.0333E+00
 199000   8.7839E-05  2.8095E-10  1.8577E+02  2.1130E+02  2.8864E+04  6.6911E+04  9.0349E+04  6.7707E+05  3.7325E+06  3.4434E+00  2.5000E-02  1.0000E+00  9.0335E+00
 200000   8.8119E-05  2.8054E-10  1.8602E+02  2.1227E+02  2.8863E+04  6.6911E+04  9.0413E+04  6.7921E+05  3.7353E+06  3.4543E+00  2.5000E-02  1.0000E+00  9.0337E+00
 201000   8.8400E-05  2.8014E-10  1.8625E+02  2.1325E+02  2.8862E+04  6.6911E+04  9.0473E+04  6.8135E+05  3.7381E+06  3.4651E+00  2.5000E-02  1.0000E+00  9.0338E+00
 202000   8.8680E-05  2.7971E-10  1.8645E+02  2.1422E+02  2.8860E+04  6.6911E+04  9.0536E+04  6.8349E+05  3.7408E+06  3.4759E+00  2.5000E-02  1.0000E+00  9.0340E+00
 203000   8.8959E-05  2.7929E-10  1.8664E+02  2.1520E+02  2.8859E+04  6.6911E+04  9.0598E+04  6.8563E+05  3.7435E+06  3.4867E+00  2.5000E-02  1.0000E+00  9.0342E+00
 204000   8.9238E-05  2.7890E-10  1.8690E+02  2.1617E+02  2.8858E+04  6.6911E+04  9.0651E+04  6.8776E+05  3.7461E+06  3.4975E+00  2.5000E-02  1.0000E+00  9.0344E+00
 205000   8.9517E-05  2.7845E-10  1.8715E+02  2.1714E+02  2.8856E+04  6.6911E+04  9.0708E+04  6.8989E+05  3.7487E+06  3.5082E+00  2.5000E-02  1.0000E+00  9.0345E+00
 206000   8.9795E-05  2.7804E-10  1.8737E+02  2.1811E+02  2.8855E+04  6.6911E+04  9.0767E+04  6.9202E+05  3.7513E+06  3.5190E+00  2.5000E-02  1.0000E+00  9.0347E+00
 207000   9.0073E-05  2.7764E-10  1.8758E+02  2.1908E+02  2.8854E+04  6.6911E+04  9.0838E+04  6.9418E+05  3.7538E+06  3.5297E+00  2.5000E-02  1.0000E+00  9.0349E+00
 208000   9.0350E-05  2.7724E-10  1.8776E+02  2.2005E+02  2.8853E+04  6.6911E+04  9.0891E+04  6.9631E+05  3.7564E+06  3.5404E+00  2.5000E-02  1.0000E+00  9.0351E+00
 209000   9.0627E-05  2.7687E-10  1.8800E+02  2.2102E+02  2.8851E+04  6.6911E+04  9.0933E+04  6.9839E+05  3.7589E+06  3.5511E+00  2.5000E-02  1.0000E+00  9.0352E+00
 210000   9.0904E-05  2.7653E-10  1.8824E+02  2.2199E+02  2.8850E+04  6.6911E+04  9.0990E+04  7.0051E+05  3.7615E+06  3.5618E+00  2.5000E-02  1.0000E+00  9.0354E+00
 211000   9.1181E-05  2.7618E-10  1.8847E+02  2.2296E+02  2.8849E+04  6.6911E+04  9.1050E+04  7.0263E+05  3.7640E+06  3.5725E+00  2.5000E-02  1.0000E+00  9.0356E+00
 212000   9.1457E-05  2.7585E-10  1.8867E+02  2.2392E+02  2.8848E+04  6.6911E+04  9.1107E+04  7.0474E+05  3.7664E+06  3.5832E+00  2.5000E-02  1.0000E+00  9.0358E+00
 213000   9.1732E-05  2.7550E-10  1.8886E+02  2.2489E+02  2.8846E+04  6.6911E+04  9.1168E+04  7.0686E+05  3.7689E+06  3.5938E+00  2.5000E-02  1.0000E+00  9.0359E+00
 214000   9.2008E-05  2.7519E-10  1.8907E+02  2.2585E+02  2.8845E+04  6.6911E+04  9.1229E+04  7.0896E+05  3.7713E+06  3.6044E+00  2.5000E-02  1.0000E+00  9.0361E+00
 215000   9.2283E-05  2.7490E-10  1.8930E+02  2.2682E+02  2.8844E+04  6.6911E+04  9.1288E+04  7.1107E+05  3.7737E+06  3.6151E+00  2.5000E-02  1.0000E+00  9.0363E+00
 216000   9.2557E-05  2.7459E-10  1.8952E+02  2.2778E+02  2.8842E+04  6.6911E+04  9.1351E+04  7.1318E+05  3.7761E+06  3.6257E+00  2.5000E-02  1.0000E+00  9.0364E+00
 217000   9.2832E-05  2.7422E-10  1.8971E+02  2.2875E+02  2.8841E+04  6.6911E+04  9.1413E+04  7.1528E+05  3.7784E+06  3.6363E+00  2.5000E-02  1.0000E+00  9.0366E+00
 218000   9.3106E-05  2.7391E-10  1.8986E+02  2.2971E+02  2.8840E+04  6.6911E+04  9.1479E+04  7.1739E+05  3.7808E+06  3.6468E+00  2.5000E-02  1.0000E+00  9.0368E+00
 219000   9.3380E-05  2.7363E-10  1.9009E+02  2.3067E+02  2.8839E+04  6.6911E+04  9.1572E+04  7.1955E+05  3.7831E+06  3.6574E+00  2.5000E-02  1.0000E+00  9.0370E+00
 220000   9.3653E-05  2.7326E-10  1.9030E+02  2.3163E+02  2.8837E+04  6.6911E+04  9.1654E+04  7.2169E+05  3.7853E+06  3.6680E+00  2.5000E-02  1.0000E+00  9.0371E+00
 221000   9.3926E-05  2.7295E-10  1.9048E+02  2.3259E+02  2.8836E+04  6.6911E+04  9.1711E+04  7.2378E+05  3.7876E+06  3.6785E+00  2.5000E-02  1.0000E+00  9.0373E+00
 222000   9.4199E-05  2.7265E-10  1.9062E+02  2.3356E+02  2.8835E+04  6.6911E+04  9.1752E+04  7.2584E+05  3.7899E+06  3.6890E+00  2.5000E-02  1.0000E+00  9.0375E+00
 223000   9.4471E-05  2.7231E-10  1.9083E+02  2.3452E+02  2.8834E+04  6.6911E+04  9.1794E+04  7.2789E+05  3.7922E+06  3.6995E+00  2.5000E-02  1.0000E+00  9.0377E+00
 224000   9.4744E-05  2.7198E-10  1.9104E+02  2.3548E+02  2.8832E+04  6.6911E+04  9.1847E+04  7.2997E+05  3.7945E+06  3.7101E+00  2.5000E-02  1.0000E+00  9.0378E+00
 225000   9.5015E-05  2.7168E-10  1.9120E+02  2.3643E+02  2.8831E+04  6.6911E+04  9.1913E+04  7.3208E+05  3.7967E+06  3.7206E+00  2.5000E-02  1.0000E+00  9.0380E+00
 226000   9.5287E-05  2.7137E-10  1.9133E+02  2.3739E+02  2.8830E+04  6.6911E+04  9.1976E+04  7.3418E+05  3.7989E+06  3.7310E+00  2.5000E-02  1.0000E+00  9.0382E+00
 227000   9.5558E-05  2.7105E-10  1.9154E+02  2.3835E+02  2.8829E+04  6.6911E+04  9.2040E+04  7.3628E+05  3.8011E+06  3.7415E+00  2.5000E-02  1.0000E+00  9.0383E+00
 228000   9.5829E-05  2.7074E-10  1.9173E+02  2.3931E+02  2.8827E+04  6.6911E+04  9.2106E+04  7.3839E+05  3.8033E+06  3.7520E+00  2.5000E-02  1.0000E+00  9.0385E+00
 229000   9.6100E-05  2.7043E-10  1.9189E+02  2.4027E+02  2.8826E+04  6.6911E+04  9.2171E+04  7.4050E+05  3.8054E+06  3.7624E+00  2.5000E-02  1.0000E+00  9.0387E+00
 230000   9.6370E-05  2.7013E-10  1.9202E+02  2.4122E+02  2.8825E+04  6.6911E+04  9.2233E+04  7.4260E+05  3.8076E+06  3.7729E+00  2.5000E-02  1.0000E+00  9.0389E+00
 231000   9.6640E-05  2.6982E-10  1.9222E+02  2.4218E+02  2.8824E+04  6.6911E+04  9.2307E+04  7.4472E+05  3.8097E+06  3.7833E+00  2.5000E-02  1.0000E+00  9.0390E+00
 232000   9.6910E-05  2.6952E-10  1.9240E+02  2.4314E+02  2.8822E+04  6.6911E+04  9.2401E+04  7.4689E+05  3.8118E+06  3.7937E+00  2.5000E-02  1.0000E+00  9.0392E+00
 233000   9.7179E-05  2.6921E-10  1.9254E+02  2.4409E+02  2.8821E+04  6.6911E+04  9.2476E+04  7.4901E+05  3.8139E+06  3.8041E+00  2.5000E-02  1.0000E+00  9.0394E+00
 234000   9.7448E-05  2.6889E-10  1.9269E+02  2.4504E+02  2.8820E+04  6.6911E+04  9.2526E+04  7.5110E+05  3.8160E+06  3.8145E+00  2.5000E-02  1.0000E+00  9.0396E+00
 235000   9.7717E-05  2.6858E-10  1.9287E+02  2.4599E+02  2.8819E+04  6.6911E+04  9.2567E+04  7.5316E+05  3.8181E+06  3.8249E+00  2.5000E-02  1.0000E+00  9.0397E+00
 236000   9.7985E-05  2.6828E-10  1.9305E+02  2.4695E+02  2.8817E+04  6.6911E+04  9.2621E+04  7.5525E+05  3.8202E+06  3.8352E+00  2.5000E-02  1.0000E+00  9.0399E+00
 237000   9.8253E-05  2.6797E-10  1.9318E+02  2.4790E+02  2.8816E+04  6.6911E+04  9.2685E+04  7.5736E+05  3.8222E+06  3.8456E+00  2.5000E-02  1.0000E+00  9.0401E+00
 238000   9.8521E-05  2.6768E-10  1.9334E+02  2.4885E+02  2.8815E+04  6.6911E+04  9.2751E+04  7.5947E+05  3.8243E+06  3.8559E+00  2.5000E-02  1.0000E+00  9.0402E+00
 239000   9.8789E-05  2.6737E-10  1.9352E+02  2.4980E+02  2.8814E+04  6.6911E+04  9.2817E+04  7.6158E+05  3.8264E+06  3.8663E+00  2.5000E-02  1.0000E+00  9.0404E+00
 240000   9.9056E-05  2.6705E-10  1.9369E+02  2.5076E+02  2.8812E+04  6.6911E+04  9.2885E+04  7.6370E+05  3.8284E+06  3.8766E+00  2.5000E-02  1.0000E+00  9.0406E+00
 241000   9.9323E-05  2.6671E-10  1.9382E+02  2.5170E+02  2.8811E+04  6.6911E+04  9.2954E+04  7.6581E+05  3.8305E+06  3.8869E+00  2.5000E-02  1.0000E+00  9.0408E+00
srun: Job step aborted: Waiting up to 62 seconds for job step to finish.
slurmstepd: error: *** STEP 5293229.1 ON c1108 CANCELLED AT 2025-10-20T23:58:24 DUE TO TIME LIMIT ***
