1 CPUs
HOSTNAME = c1108
USER = tranchau
Simple Linux Utility for Resource Management (SLURM) job
SLURM_NODELIST = c1108
SLURM_TASKS_PER_NODE = 1
Mahti - CSC, Kajaani, Finland
Running job: 5293240
Non-MPI version
datadir = data
-- DEBUG CONFIG --
$mpi            =  <0>
$ncpus          =  <1>
$npops          =  <>
$local_disc     =  <0>
$one_local_disc =  <0>
$remote_top     =  <0>
$local_binary   =  <0>
$datadir        =  <data>
$SCRATCH_DIR    =  </scratch/pencil-319725>
$hn             =  <c1108.mahti.csc.fi>
$masterhost     =  <>
$mpirun         =  <>
$mpirunops      =  <>
$mpirunops2     =  <>
$x_ops          =  <>
$NODELIST       =  <c1108>
$SSH            =  <ssh>
$SCP            =  <scp>
$PARENT_PID     =  <319725>
$copysnapshots  =  <copy-snapshots>
$particles      =  <0>
$pointmasses    =  <0>
--
Revision: 

Mon Oct 20 23:44:24 EEST 2025
    src/run.x 
SVN: -------            v.         (                   ) $Id$
SVN: -------            v.         (                   )                    
SVN: -------            v.         (                   )                    
WARNING:  run: quad precision suppressed!
SVN: -------            v.         (                   ) $Id$
SVN: -------            v.         (                   ) $Id$
SVN: -------            v.         (                   ) $Id$
SVN: -------            v.         (                   ) $Id$
SVN: -------            v.         (                   ) $Id$
SVN: -------            v.         (                   ) $Id$
SVN: -------            v.         (                   ) $Id$
SVN: -------            v.         (                   ) $Id$
SVN: -------            v.         (                   ) $Id$
SVN: -------            v.         (                   ) $Id$
SVN: -------            v.         (                   ) $Id$
SVN: -------            v.         (                   ) $Id$
SVN: -------            v.         (                   ) $Id$
SVN: -------            v.         (                   ) $Id$
SVN: -------            v.         (                   ) $Id$
SVN: -------            v.         (                   ) $Id$
SVN: -------            v.         (                   ) $Id$
SVN: -------            v.         (                   ) $Id$
SVN: -------            v.         (                   ) $Id$
SVN: -------            v.         (                   ) $Id$
SVN: -------            v.         (                   ) $Id$
SVN: -------            v.         (                   ) $Id$
SVN: -------            v.         (                   ) $Id$
SVN: -------            v.         (                   ) $Id$
SVN: -------            v.         (                   ) $Id$
SVN: -------            v.         (                   ) $Id$
SVN: -------            v.         (                   ) $Id$
SVN: -------            v.         (                   ) $Id$
SVN: -------            v.         (                   ) $Id$
 The verbose level is ip=          14  (ldebug= F )
 This is a 1-D run
 nxgrid, nygrid, nzgrid=        4000           1           1
 Lx, Ly, Lz=   1.00000000       1.00000000       1.00000000    
       Vbox=   1.00000000    
 rsnap: read snapshot var.dat in    0.0000000000000000       seconds
 setup_slices: slice_position = p
 setup_slices: ix_loc,iy_loc,iz_loc, (video files) = 4 4 4                                                                           
 units_general: unit_velocity=   97781.229948950713     
 units_general: unit_density=   1.6737236000000002E-024
 units_general: unit_length=   3.0856775800000002E+021
 units_general: unit_magnetic=   4.4843790064030054E-007
 units_eos: unit_temperature=   68.996576501564562     
 units_eos: cp, lnTT0, cs0, pp0, Rgas=   1.50000000       1.19209282E-07   1.00000000      0.600000083      0.600000024    
 alpha_fine =   7.2973525643000000E-003
 sigma_Thomson_cgs =   6.6524587321600003E-025
 diffusion: shock diffusion
WARNING:  initialize_density: For diffusion energy/momentum correction should use lmassdiff_fix=T!
 initialize_density: no need to read initial stratification for lanti_shockdiffusion=F.
 select_eos_variable: Using rho and ss
 initialize_energy: nheatc_max,iheatcond=           4 shock                                   nothing                                 nothing                                 nothing                                 
 heat conduction: shock
 viscous force: nu_shock*(XXXXXXXXXXX)
 pencil_consistency_check: checking pencil case
 pencil_consistency_check: checking requested pencils
 pencil_consistency_check: performing small pencil check
 pencil_consistency_check: the small pencil check reported no problems
 pencil_consistency_check: checking dependence on pencil initialization
 pencil_consistency_check: results are independent of pencil initialization
 pencil_consistency_check: checking diagnostics pencils
 pencil_consistency_check: performing small pencil check
 pencil_consistency_check: the small pencil check reported no problems
 pencil_consistency_check: set lpencil_check_diagnos_opti=T in run.in to report
 pencil_consistency_check: optimisation possibilities for diagnostics pencils
 pencil_consistency_check: checking dependence on pencil initialization
 pencil_consistency_check: diagnostics are independent of pencil initialization
 pencil_consistency_check: all tests passed
 pde: ENTER
SVN: -------            v.         (                   ) $Id$
 calc_pencils_energy: max(advec_cs2) =   1.07003314E+12
 duu_dt: SOLVE
Bcs for         ux,  x: <       a>, y: <       p>,  z: <       p>
Bcs for         uy,  x: <       s>, y: <       p>,  z: <       p>
Bcs for         uz,  x: <       s>, y: <       p>,  z: <       p>
 duu_dt: max(advec_uu) =   0.00000000    
 dlnrho_dt: SOLVE
Bcs for      lnrho,  x: <       s>, y: <       p>,  z: <       p>
 dlnrho_dt: diffrho_shock=   1.00000000    
 dlnrho_dt: max(diffus_diffrho ) =   0.00000000    
 dlnrho_dt: max(diffus_diffrho3) =   0.00000000    
 denergy_dt: SOLVE denergy_dt
Bcs for         ss,  x: <       s>, y: <       p>,  z: <       p>
 denergy_dt: lnTT,cs2,cp1=   11.1111116       66910.5312       1.17283905    
 calc_heatcond_shock: use shock diffusion
 calc_heatcond_shock: chi_shock=   1.00000000    
 calc_heatcond_shock: added thdiff

 ---it--------t-----------dt---------umax--------ekin--------ethm-------TTmax--------epsK-----visc_heatm----pdivum-------ruxm-------rhomin------rhomax-------ssm-----
      0   0.0000E+00  4.8336E-09  0.0000E+00  0.0000E+00  2.9153E+04  6.6911E+04  0.0000E+00  0.0000E+00  0.0000E+00  0.0000E+00  2.5000E-02  1.0000E+00  9.0000E+00
   1000   4.8336E-06  4.8336E-09  1.6511E+01  1.0464E+00  2.9152E+04  6.6911E+04  1.7872E+01  7.4403E+01  4.3197E+05  1.9396E-01  2.5000E-02  1.0000E+00  9.0000E+00
   2000   9.6672E-06  4.8336E-09  3.2866E+01  4.1566E+00  2.9148E+04  6.6911E+04  2.3829E+02  9.9390E+02  8.5259E+05  3.8788E-01  2.5000E-02  1.0000E+00  9.0002E+00
   3000   1.4376E-05  4.1618E-09  4.8575E+01  9.0918E+00  2.9143E+04  6.6911E+04  1.0275E+03  4.2961E+03  1.2422E+06  5.7671E-01  2.5000E-02  1.0000E+00  9.0004E+00
   4000   1.7927E-05  3.0775E-09  6.0260E+01  1.3986E+01  2.9138E+04  6.6911E+04  2.2715E+03  9.5237E+03  1.5184E+06  7.1902E-01  2.5000E-02  1.0000E+00  9.0006E+00
   5000   2.0700E-05  2.5181E-09  6.9282E+01  1.8464E+01  2.9133E+04  6.6911E+04  3.7601E+03  1.5811E+04  1.7219E+06  8.3005E-01  2.5000E-02  1.0000E+00  9.0009E+00
   6000   2.3032E-05  2.1695E-09  7.6748E+01  2.2647E+01  2.9129E+04  6.6911E+04  5.4148E+03  2.2846E+04  1.8842E+06  9.2335E-01  2.5000E-02  1.0000E+00  9.0011E+00
   7000   2.5075E-05  1.9303E-09  8.3374E+01  2.6609E+01  2.9124E+04  6.6911E+04  7.1790E+03  3.0426E+04  2.0194E+06  1.0050E+00  2.5000E-02  1.0000E+00  9.0013E+00
   8000   2.6913E-05  1.7545E-09  8.8650E+01  3.0396E+01  2.9120E+04  6.6911E+04  9.0306E+03  3.8447E+04  2.1354E+06  1.0785E+00  2.5000E-02  1.0000E+00  9.0016E+00
   9000   2.8597E-05  1.6181E-09  9.3715E+01  3.4041E+01  2.9116E+04  6.6911E+04  1.0924E+04  4.6771E+04  2.2369E+06  1.1457E+00  2.5000E-02  1.0000E+00  9.0018E+00
  10000   3.0159E-05  1.5094E-09  9.8472E+01  3.7564E+01  2.9112E+04  6.6911E+04  1.2834E+04  5.5319E+04  2.3270E+06  1.2080E+00  2.5000E-02  1.0000E+00  9.0020E+00
  11000   3.1622E-05  1.4202E-09  1.0264E+02  4.0985E+01  2.9108E+04  6.6911E+04  1.4776E+04  6.4089E+04  2.4081E+06  1.2663E+00  2.5000E-02  1.0000E+00  9.0023E+00
  12000   3.3003E-05  1.3453E-09  1.0623E+02  4.4315E+01  2.9104E+04  6.6911E+04  1.6728E+04  7.3021E+04  2.4815E+06  1.3213E+00  2.5000E-02  1.0000E+00  9.0025E+00
  13000   3.4316E-05  1.2815E-09  1.0989E+02  4.7565E+01  2.9101E+04  6.6911E+04  1.8692E+04  8.2101E+04  2.5485E+06  1.3735E+00  2.5000E-02  1.0000E+00  9.0027E+00
  14000   3.5569E-05  1.2265E-09  1.1338E+02  5.0743E+01  2.9097E+04  6.6911E+04  2.0647E+04  9.1275E+04  2.6101E+06  1.4234E+00  2.5000E-02  1.0000E+00  9.0030E+00
  15000   3.6771E-05  1.1784E-09  1.1635E+02  5.3857E+01  2.9093E+04  6.6911E+04  2.2581E+04  1.0051E+05  2.6670E+06  1.4712E+00  2.5000E-02  1.0000E+00  9.0032E+00
  16000   3.7928E-05  1.1360E-09  1.1908E+02  5.6913E+01  2.9090E+04  6.6911E+04  2.4506E+04  1.0981E+05  2.7199E+06  1.5171E+00  2.5000E-02  1.0000E+00  9.0034E+00
  17000   3.9045E-05  1.0984E-09  1.2172E+02  5.9915E+01  2.9086E+04  6.6911E+04  2.6415E+04  1.1915E+05  2.7691E+06  1.5614E+00  2.5000E-02  1.0000E+00  9.0037E+00
  18000   4.0126E-05  1.0646E-09  1.2453E+02  6.2869E+01  2.9083E+04  6.6911E+04  2.8306E+04  1.2853E+05  2.8152E+06  1.6043E+00  2.5000E-02  1.0000E+00  9.0039E+00
  19000   4.1175E-05  1.0339E-09  1.2711E+02  6.5777E+01  2.9080E+04  6.6911E+04  3.0176E+04  1.3792E+05  2.8583E+06  1.6459E+00  2.5000E-02  1.0000E+00  9.0042E+00
  20000   4.2195E-05  1.0059E-09  1.2948E+02  6.8642E+01  2.9076E+04  6.6911E+04  3.2021E+04  1.4732E+05  2.8989E+06  1.6863E+00  2.5000E-02  1.0000E+00  9.0044E+00
  21000   4.3188E-05  9.8045E-10  1.3171E+02  7.1467E+01  2.9073E+04  6.6911E+04  3.3842E+04  1.5672E+05  2.9372E+06  1.7256E+00  2.5000E-02  1.0000E+00  9.0046E+00
  22000   4.4157E-05  9.5726E-10  1.3389E+02  7.4253E+01  2.9070E+04  6.6911E+04  3.5636E+04  1.6611E+05  2.9732E+06  1.7640E+00  2.5000E-02  1.0000E+00  9.0049E+00
  23000   4.5103E-05  9.3558E-10  1.3591E+02  7.7005E+01  2.9066E+04  6.6911E+04  3.7400E+04  1.7548E+05  3.0074E+06  1.8014E+00  2.5000E-02  1.0000E+00  9.0051E+00
  24000   4.6029E-05  9.1567E-10  1.3795E+02  7.9723E+01  2.9063E+04  6.6911E+04  3.9133E+04  1.8483E+05  3.0398E+06  1.8380E+00  2.5000E-02  1.0000E+00  9.0054E+00
  25000   4.6935E-05  8.9718E-10  1.3977E+02  8.2410E+01  2.9060E+04  6.6911E+04  4.0836E+04  1.9414E+05  3.0705E+06  1.8738E+00  2.5000E-02  1.0000E+00  9.0056E+00
  26000   4.7823E-05  8.7978E-10  1.4166E+02  8.5066E+01  2.9057E+04  6.6911E+04  4.2505E+04  2.0342E+05  3.0998E+06  1.9088E+00  2.5000E-02  1.0000E+00  9.0059E+00
  27000   4.8695E-05  8.6397E-10  1.4333E+02  8.7695E+01  2.9054E+04  6.6911E+04  4.4144E+04  2.1265E+05  3.1278E+06  1.9432E+00  2.5000E-02  1.0000E+00  9.0061E+00
  28000   4.9552E-05  8.4896E-10  1.4510E+02  9.0297E+01  2.9051E+04  6.6911E+04  4.5750E+04  2.2184E+05  3.1544E+06  1.9770E+00  2.5000E-02  1.0000E+00  9.0064E+00
  29000   5.0394E-05  8.3502E-10  1.4665E+02  9.2873E+01  2.9048E+04  6.6911E+04  4.7326E+04  2.3099E+05  3.1799E+06  2.0102E+00  2.5000E-02  1.0000E+00  9.0066E+00
  30000   5.1222E-05  8.2179E-10  1.4831E+02  9.5426E+01  2.9044E+04  6.6911E+04  4.8869E+04  2.4008E+05  3.2043E+06  2.0428E+00  2.5000E-02  1.0000E+00  9.0069E+00
  31000   5.2037E-05  8.0895E-10  1.4977E+02  9.7955E+01  2.9041E+04  6.6911E+04  5.0380E+04  2.4912E+05  3.2276E+06  2.0749E+00  2.5000E-02  1.0000E+00  9.0072E+00
  32000   5.2840E-05  7.9697E-10  1.5132E+02  1.0046E+02  2.9038E+04  6.6911E+04  5.1860E+04  2.5810E+05  3.2500E+06  2.1065E+00  2.5000E-02  1.0000E+00  9.0074E+00
  33000   5.3632E-05  7.8566E-10  1.5272E+02  1.0294E+02  2.9035E+04  6.6911E+04  5.3306E+04  2.6702E+05  3.2715E+06  2.1376E+00  2.5000E-02  1.0000E+00  9.0077E+00
  34000   5.4412E-05  7.7519E-10  1.5417E+02  1.0541E+02  2.9033E+04  6.6911E+04  5.4720E+04  2.7587E+05  3.2921E+06  2.1683E+00  2.5000E-02  1.0000E+00  9.0079E+00
  35000   5.5182E-05  7.6525E-10  1.5552E+02  1.0785E+02  2.9030E+04  6.6911E+04  5.6101E+04  2.8466E+05  3.3119E+06  2.1986E+00  2.5000E-02  1.0000E+00  9.0082E+00
  36000   5.5942E-05  7.5556E-10  1.5689E+02  1.1027E+02  2.9027E+04  6.6911E+04  5.7450E+04  2.9338E+05  3.3310E+06  2.2285E+00  2.5000E-02  1.0000E+00  9.0085E+00
  37000   5.6693E-05  7.4618E-10  1.5817E+02  1.1268E+02  2.9024E+04  6.6911E+04  5.8768E+04  3.0204E+05  3.3493E+06  2.2579E+00  2.5000E-02  1.0000E+00  9.0087E+00
  38000   5.7435E-05  7.3752E-10  1.5950E+02  1.1507E+02  2.9021E+04  6.6911E+04  6.0055E+04  3.1063E+05  3.3670E+06  2.2871E+00  2.5000E-02  1.0000E+00  9.0090E+00
  39000   5.8168E-05  7.2916E-10  1.6068E+02  1.1744E+02  2.9018E+04  6.6911E+04  6.1312E+04  3.1915E+05  3.3841E+06  2.3158E+00  2.5000E-02  1.0000E+00  9.0093E+00
  40000   5.8894E-05  7.2112E-10  1.6196E+02  1.1979E+02  2.9015E+04  6.6911E+04  6.2538E+04  3.2760E+05  3.4005E+06  2.3443E+00  2.5000E-02  1.0000E+00  9.0096E+00
  41000   5.9611E-05  7.1352E-10  1.6304E+02  1.2213E+02  2.9012E+04  6.6911E+04  6.3738E+04  3.3598E+05  3.4164E+06  2.3724E+00  2.5000E-02  1.0000E+00  9.0098E+00
  42000   6.0321E-05  7.0603E-10  1.6425E+02  1.2445E+02  2.9010E+04  6.6911E+04  6.4905E+04  3.4429E+05  3.4317E+06  2.4002E+00  2.5000E-02  1.0000E+00  9.0101E+00
  43000   6.1023E-05  6.9893E-10  1.6525E+02  1.2676E+02  2.9007E+04  6.6911E+04  6.6045E+04  3.5252E+05  3.4466E+06  2.4277E+00  2.5000E-02  1.0000E+00  9.0104E+00
  44000   6.1719E-05  6.9218E-10  1.6638E+02  1.2905E+02  2.9004E+04  6.6911E+04  6.7156E+04  3.6067E+05  3.4610E+06  2.4549E+00  2.5000E-02  1.0000E+00  9.0107E+00
  45000   6.2407E-05  6.8553E-10  1.6732E+02  1.3133E+02  2.9001E+04  6.6911E+04  6.8240E+04  3.6875E+05  3.4750E+06  2.4819E+00  2.5000E-02  1.0000E+00  9.0109E+00
  46000   6.3090E-05  6.7920E-10  1.6840E+02  1.3359E+02  2.8999E+04  6.6911E+04  6.9298E+04  3.7676E+05  3.4885E+06  2.5086E+00  2.5000E-02  1.0000E+00  9.0112E+00
  47000   6.3766E-05  6.7316E-10  1.6933E+02  1.3584E+02  2.8996E+04  6.6911E+04  7.0329E+04  3.8469E+05  3.5016E+06  2.5351E+00  2.5000E-02  1.0000E+00  9.0115E+00
  48000   6.4436E-05  6.6719E-10  1.7034E+02  1.3808E+02  2.8993E+04  6.6911E+04  7.1333E+04  3.9253E+05  3.5144E+06  2.5613E+00  2.5000E-02  1.0000E+00  9.0118E+00
  49000   6.5101E-05  6.6165E-10  1.7127E+02  1.4030E+02  2.8990E+04  6.6911E+04  7.2311E+04  4.0030E+05  3.5268E+06  2.5872E+00  2.5000E-02  1.0000E+00  9.0121E+00
  50000   6.5759E-05  6.5611E-10  1.7221E+02  1.4251E+02  2.8988E+04  6.6911E+04  7.3266E+04  4.0799E+05  3.5388E+06  2.6130E+00  2.5000E-02  1.0000E+00  9.0123E+00
  51000   6.6413E-05  6.5079E-10  1.7313E+02  1.4471E+02  2.8985E+04  6.6911E+04  7.4195E+04  4.1560E+05  3.5504E+06  2.6385E+00  2.5000E-02  1.0000E+00  9.0126E+00
  52000   6.7061E-05  6.4577E-10  1.7401E+02  1.4690E+02  2.8982E+04  6.6911E+04  7.5107E+04  4.2314E+05  3.5618E+06  2.6639E+00  2.5000E-02  1.0000E+00  9.0129E+00
  53000   6.7704E-05  6.4097E-10  1.7490E+02  1.4908E+02  2.8980E+04  6.6911E+04  7.5994E+04  4.3059E+05  3.5729E+06  2.6890E+00  2.5000E-02  1.0000E+00  9.0132E+00
  54000   6.8343E-05  6.3615E-10  1.7575E+02  1.5124E+02  2.8977E+04  6.6911E+04  7.6860E+04  4.3797E+05  3.5836E+06  2.7139E+00  2.5000E-02  1.0000E+00  9.0135E+00
  55000   6.8977E-05  6.3172E-10  1.7659E+02  1.5340E+02  2.8974E+04  6.6911E+04  7.7708E+04  4.4527E+05  3.5941E+06  2.7386E+00  2.5000E-02  1.0000E+00  9.0137E+00
  56000   6.9606E-05  6.2719E-10  1.7743E+02  1.5554E+02  2.8972E+04  6.6911E+04  7.8536E+04  4.5250E+05  3.6044E+06  2.7632E+00  2.5000E-02  1.0000E+00  9.0140E+00
  57000   7.0231E-05  6.2288E-10  1.7823E+02  1.5768E+02  2.8969E+04  6.6911E+04  7.9342E+04  4.5964E+05  3.6144E+06  2.7876E+00  2.5000E-02  1.0000E+00  9.0143E+00
  58000   7.0852E-05  6.1880E-10  1.7906E+02  1.5980E+02  2.8966E+04  6.6911E+04  8.0128E+04  4.6671E+05  3.6242E+06  2.8118E+00  2.5000E-02  1.0000E+00  9.0146E+00
  59000   7.1469E-05  6.1474E-10  1.7980E+02  1.6192E+02  2.8964E+04  6.6911E+04  8.0899E+04  4.7372E+05  3.6337E+06  2.8358E+00  2.5000E-02  1.0000E+00  9.0149E+00
  60000   7.2082E-05  6.1090E-10  1.8063E+02  1.6403E+02  2.8961E+04  6.6911E+04  8.1648E+04  4.8064E+05  3.6430E+06  2.8597E+00  2.5000E-02  1.0000E+00  9.0152E+00
  61000   7.2691E-05  6.0726E-10  1.8131E+02  1.6612E+02  2.8958E+04  6.6911E+04  8.2380E+04  4.8748E+05  3.6522E+06  2.8834E+00  2.5000E-02  1.0000E+00  9.0154E+00
  62000   7.3296E-05  6.0356E-10  1.8214E+02  1.6821E+02  2.8956E+04  6.6911E+04  8.3094E+04  4.9424E+05  3.6611E+06  2.9070E+00  2.5000E-02  1.0000E+00  9.0157E+00
  63000   7.3898E-05  5.9993E-10  1.8280E+02  1.7029E+02  2.8953E+04  6.6911E+04  8.3786E+04  5.0094E+05  3.6697E+06  2.9304E+00  2.5000E-02  1.0000E+00  9.0160E+00
  64000   7.4496E-05  5.9660E-10  1.8357E+02  1.7237E+02  2.8951E+04  6.6911E+04  8.4459E+04  5.0756E+05  3.6782E+06  2.9537E+00  2.5000E-02  1.0000E+00  9.0163E+00
  65000   7.5091E-05  5.9324E-10  1.8423E+02  1.7443E+02  2.8948E+04  6.6911E+04  8.5115E+04  5.1411E+05  3.6865E+06  2.9769E+00  2.5000E-02  1.0000E+00  9.0166E+00
  66000   7.5683E-05  5.8995E-10  1.8493E+02  1.7649E+02  2.8946E+04  6.6911E+04  8.5751E+04  5.2059E+05  3.6947E+06  2.9999E+00  2.5000E-02  1.0000E+00  9.0169E+00
  67000   7.6271E-05  5.8708E-10  1.8560E+02  1.7854E+02  2.8943E+04  6.6911E+04  8.6368E+04  5.2700E+05  3.7027E+06  3.0228E+00  2.5000E-02  1.0000E+00  9.0172E+00
  68000   7.6857E-05  5.8394E-10  1.8622E+02  1.8058E+02  2.8940E+04  6.6911E+04  8.6968E+04  5.3333E+05  3.7104E+06  3.0456E+00  2.5000E-02  1.0000E+00  9.0175E+00
  69000   7.7439E-05  5.8104E-10  1.8692E+02  1.8262E+02  2.8938E+04  6.6911E+04  8.7548E+04  5.3959E+05  3.7180E+06  3.0682E+00  2.5000E-02  1.0000E+00  9.0177E+00
  70000   7.8019E-05  5.7824E-10  1.8749E+02  1.8464E+02  2.8935E+04  6.6911E+04  8.8111E+04  5.4579E+05  3.7255E+06  3.0908E+00  2.5000E-02  1.0000E+00  9.0180E+00
  71000   7.8596E-05  5.7539E-10  1.8820E+02  1.8667E+02  2.8933E+04  6.6911E+04  8.8656E+04  5.5194E+05  3.7328E+06  3.1132E+00  2.5000E-02  1.0000E+00  9.0183E+00
  72000   7.9170E-05  5.7266E-10  1.8874E+02  1.8868E+02  2.8930E+04  6.6911E+04  8.9175E+04  5.5801E+05  3.7399E+06  3.1355E+00  2.5000E-02  1.0000E+00  9.0186E+00
  73000   7.9741E-05  5.6998E-10  1.8944E+02  1.9069E+02  2.8928E+04  6.6911E+04  8.9676E+04  5.6403E+05  3.7468E+06  3.1578E+00  2.5000E-02  1.0000E+00  9.0189E+00
  74000   8.0310E-05  5.6723E-10  1.8999E+02  1.9269E+02  2.8925E+04  6.6911E+04  9.0158E+04  5.7000E+05  3.7537E+06  3.1799E+00  2.5000E-02  1.0000E+00  9.0192E+00
  75000   8.0876E-05  5.6489E-10  1.9067E+02  1.9469E+02  2.8923E+04  6.6911E+04  9.0620E+04  5.7590E+05  3.7604E+06  3.2019E+00  2.5000E-02  1.0000E+00  9.0195E+00
  76000   8.1439E-05  5.6230E-10  1.9122E+02  1.9668E+02  2.8920E+04  6.6911E+04  9.1064E+04  5.8174E+05  3.7669E+06  3.2237E+00  2.5000E-02  1.0000E+00  9.0198E+00
  77000   8.2000E-05  5.5989E-10  1.9188E+02  1.9867E+02  2.8918E+04  6.6911E+04  9.1492E+04  5.8753E+05  3.7733E+06  3.2456E+00  2.5000E-02  1.0000E+00  9.0201E+00
  78000   8.2559E-05  5.5754E-10  1.9243E+02  2.0065E+02  2.8916E+04  6.6911E+04  9.1896E+04  5.9326E+05  3.7796E+06  3.2673E+00  2.5000E-02  1.0000E+00  9.0204E+00
  79000   8.3115E-05  5.5510E-10  1.9308E+02  2.0262E+02  2.8913E+04  6.6911E+04  9.2281E+04  5.9892E+05  3.7857E+06  3.2889E+00  2.5000E-02  1.0000E+00  9.0207E+00
  80000   8.3669E-05  5.5278E-10  1.9360E+02  2.0459E+02  2.8911E+04  6.6911E+04  9.2650E+04  6.0453E+05  3.7918E+06  3.3104E+00  2.5000E-02  1.0000E+00  9.0210E+00
  81000   8.4221E-05  5.5048E-10  1.9425E+02  2.0655E+02  2.8908E+04  6.6911E+04  9.3001E+04  6.1010E+05  3.7977E+06  3.3318E+00  2.5000E-02  1.0000E+00  9.0213E+00
  82000   8.4770E-05  5.4818E-10  1.9473E+02  2.0850E+02  2.8906E+04  6.6911E+04  9.3339E+04  6.1562E+05  3.8035E+06  3.3531E+00  2.5000E-02  1.0000E+00  9.0215E+00
  83000   8.5317E-05  5.4602E-10  1.9538E+02  2.1045E+02  2.8903E+04  6.6911E+04  9.3657E+04  6.2108E+05  3.8091E+06  3.3743E+00  2.5000E-02  1.0000E+00  9.0218E+00
  84000   8.5862E-05  5.4374E-10  1.9587E+02  2.1239E+02  2.8901E+04  6.6911E+04  9.3962E+04  6.2649E+05  3.8147E+06  3.3955E+00  2.5000E-02  1.0000E+00  9.0221E+00
  85000   8.6405E-05  5.4160E-10  1.9647E+02  2.1433E+02  2.8898E+04  6.6911E+04  9.4255E+04  6.3187E+05  3.8202E+06  3.4165E+00  2.5000E-02  1.0000E+00  9.0224E+00
  86000   8.6945E-05  5.3936E-10  1.9696E+02  2.1626E+02  2.8896E+04  6.6911E+04  9.4529E+04  6.3718E+05  3.8255E+06  3.4375E+00  2.5000E-02  1.0000E+00  9.0227E+00
  87000   8.7484E-05  5.3724E-10  1.9750E+02  2.1819E+02  2.8894E+04  6.6911E+04  9.4793E+04  6.4247E+05  3.8308E+06  3.4584E+00  2.5000E-02  1.0000E+00  9.0230E+00
  88000   8.8020E-05  5.3513E-10  1.9801E+02  2.2011E+02  2.8891E+04  6.6911E+04  9.5046E+04  6.4771E+05  3.8361E+06  3.4792E+00  2.5000E-02  1.0000E+00  9.0233E+00
  89000   8.8554E-05  5.3305E-10  1.9848E+02  2.2203E+02  2.8889E+04  6.6911E+04  9.5286E+04  6.5290E+05  3.8412E+06  3.4999E+00  2.5000E-02  1.0000E+00  9.0236E+00
  90000   8.9086E-05  5.3117E-10  1.9899E+02  2.2394E+02  2.8886E+04  6.6911E+04  9.5518E+04  6.5805E+05  3.8463E+06  3.5205E+00  2.5000E-02  1.0000E+00  9.0239E+00
  91000   8.9616E-05  5.2904E-10  1.9940E+02  2.2585E+02  2.8884E+04  6.6911E+04  9.5741E+04  6.6316E+05  3.8512E+06  3.5411E+00  2.5000E-02  1.0000E+00  9.0242E+00
  92000   9.0144E-05  5.2719E-10  1.9991E+02  2.2775E+02  2.8882E+04  6.6911E+04  9.5953E+04  6.6824E+05  3.8562E+06  3.5616E+00  2.5000E-02  1.0000E+00  9.0245E+00
  93000   9.0671E-05  5.2522E-10  2.0027E+02  2.2965E+02  2.8879E+04  6.6911E+04  9.6159E+04  6.7327E+05  3.8610E+06  3.5820E+00  2.5000E-02  1.0000E+00  9.0248E+00
  94000   9.1195E-05  5.2334E-10  2.0077E+02  2.3154E+02  2.8877E+04  6.6911E+04  9.6356E+04  6.7827E+05  3.8658E+06  3.6023E+00  2.5000E-02  1.0000E+00  9.0250E+00
  95000   9.1717E-05  5.2151E-10  2.0110E+02  2.3343E+02  2.8874E+04  6.6911E+04  9.6546E+04  6.8322E+05  3.8706E+06  3.6226E+00  2.5000E-02  1.0000E+00  9.0253E+00
  96000   9.2238E-05  5.1963E-10  2.0159E+02  2.3532E+02  2.8872E+04  6.6911E+04  9.6730E+04  6.8815E+05  3.8752E+06  3.6428E+00  2.5000E-02  1.0000E+00  9.0256E+00
  97000   9.2757E-05  5.1794E-10  2.0193E+02  2.3719E+02  2.8870E+04  6.6911E+04  9.6908E+04  6.9303E+05  3.8798E+06  3.6629E+00  2.5000E-02  1.0000E+00  9.0259E+00
  98000   9.3274E-05  5.1609E-10  2.0238E+02  2.3907E+02  2.8867E+04  6.6911E+04  9.7080E+04  6.9785E+05  3.8844E+06  3.6829E+00  2.5000E-02  1.0000E+00  9.0262E+00
  99000   9.3789E-05  5.1441E-10  2.0273E+02  2.4094E+02  2.8865E+04  6.6911E+04  9.7248E+04  7.0265E+05  3.8889E+06  3.7029E+00  2.5000E-02  1.0000E+00  9.0265E+00
 100000   9.4302E-05  5.1263E-10  2.0316E+02  2.4280E+02  2.8863E+04  6.6911E+04  9.7413E+04  7.0741E+05  3.8932E+06  3.7228E+00  2.5000E-02  1.0000E+00  9.0268E+00
 101000   9.4814E-05  5.1091E-10  2.0351E+02  2.4466E+02  2.8860E+04  6.6911E+04  9.7571E+04  7.1211E+05  3.8976E+06  3.7427E+00  2.5000E-02  1.0000E+00  9.0271E+00
 102000   9.5324E-05  5.0929E-10  2.0391E+02  2.4652E+02  2.8858E+04  6.6911E+04  9.7724E+04  7.1679E+05  3.9018E+06  3.7624E+00  2.5000E-02  1.0000E+00  9.0274E+00
 103000   9.5833E-05  5.0768E-10  2.0428E+02  2.4837E+02  2.8856E+04  6.6911E+04  9.7877E+04  7.2144E+05  3.9061E+06  3.7821E+00  2.5000E-02  1.0000E+00  9.0276E+00
 104000   9.6340E-05  5.0622E-10  2.0466E+02  2.5022E+02  2.8853E+04  6.6911E+04  9.8022E+04  7.2603E+05  3.9102E+06  3.8018E+00  2.5000E-02  1.0000E+00  9.0279E+00
 105000   9.6845E-05  5.0461E-10  2.0504E+02  2.5206E+02  2.8851E+04  6.6911E+04  9.8168E+04  7.3060E+05  3.9143E+06  3.8214E+00  2.5000E-02  1.0000E+00  9.0282E+00
 106000   9.7349E-05  5.0320E-10  2.0541E+02  2.5390E+02  2.8849E+04  6.6911E+04  9.8306E+04  7.3514E+05  3.9183E+06  3.8409E+00  2.5000E-02  1.0000E+00  9.0285E+00
 107000   9.7851E-05  5.0168E-10  2.0580E+02  2.5574E+02  2.8846E+04  6.6911E+04  9.8444E+04  7.3965E+05  3.9222E+06  3.8604E+00  2.5000E-02  1.0000E+00  9.0288E+00
 108000   9.8352E-05  5.0018E-10  2.0615E+02  2.5757E+02  2.8844E+04  6.6911E+04  9.8578E+04  7.4414E+05  3.9260E+06  3.8798E+00  2.5000E-02  1.0000E+00  9.0291E+00
 109000   9.8852E-05  4.9887E-10  2.0653E+02  2.5940E+02  2.8842E+04  6.6911E+04  9.8706E+04  7.4860E+05  3.9299E+06  3.8991E+00  2.5000E-02  1.0000E+00  9.0294E+00
 110000   9.9350E-05  4.9728E-10  2.0687E+02  2.6123E+02  2.8839E+04  6.6911E+04  9.8836E+04  7.5305E+05  3.9336E+06  3.9184E+00  2.5000E-02  1.0000E+00  9.0296E+00
 111000   9.9847E-05  4.9607E-10  2.0724E+02  2.6305E+02  2.8837E+04  6.6911E+04  9.8956E+04  7.5746E+05  3.9374E+06  3.9377E+00  2.5000E-02  1.0000E+00  9.0299E+00
 112000   1.0034E-04  4.9452E-10  2.0759E+02  2.6486E+02  2.8835E+04  6.6911E+04  9.9079E+04  7.6187E+05  3.9410E+06  3.9569E+00  2.5000E-02  1.0000E+00  9.0302E+00
 113000   1.0084E-04  4.9327E-10  2.0795E+02  2.6668E+02  2.8832E+04  6.6911E+04  9.9192E+04  7.6625E+05  3.9446E+06  3.9760E+00  2.5000E-02  1.0000E+00  9.0305E+00
 114000   1.0133E-04  4.9180E-10  2.0831E+02  2.6849E+02  2.8830E+04  6.6911E+04  9.9306E+04  7.7062E+05  3.9482E+06  3.9951E+00  2.5000E-02  1.0000E+00  9.0308E+00
 115000   1.0182E-04  4.9051E-10  2.0865E+02  2.7030E+02  2.8828E+04  6.6911E+04  9.9415E+04  7.7496E+05  3.9517E+06  4.0141E+00  2.5000E-02  1.0000E+00  9.0311E+00
 116000   1.0231E-04  4.8907E-10  2.0904E+02  2.7210E+02  2.8826E+04  6.6911E+04  9.9519E+04  7.7929E+05  3.9552E+06  4.0331E+00  2.5000E-02  1.0000E+00  9.0314E+00
 117000   1.0280E-04  4.8776E-10  2.0935E+02  2.7390E+02  2.8823E+04  6.6911E+04  9.9622E+04  7.8360E+05  3.9587E+06  4.0520E+00  2.5000E-02  1.0000E+00  9.0317E+00
 118000   1.0328E-04  4.8642E-10  2.0976E+02  2.7570E+02  2.8821E+04  6.6911E+04  9.9719E+04  7.8787E+05  3.9621E+06  4.0709E+00  2.5000E-02  1.0000E+00  9.0319E+00
 119000   1.0377E-04  4.8517E-10  2.1006E+02  2.7749E+02  2.8819E+04  6.6911E+04  9.9817E+04  7.9215E+05  3.9655E+06  4.0897E+00  2.5000E-02  1.0000E+00  9.0322E+00
 120000   1.0426E-04  4.8394E-10  2.1047E+02  2.7928E+02  2.8816E+04  6.6911E+04  9.9909E+04  7.9640E+05  3.9688E+06  4.1085E+00  2.5000E-02  1.0000E+00  9.0325E+00
 121000   1.0474E-04  4.8271E-10  2.1076E+02  2.8107E+02  2.8814E+04  6.6911E+04  1.0000E+05  8.0063E+05  3.9720E+06  4.1272E+00  2.5000E-02  1.0000E+00  9.0328E+00
 122000   1.0522E-04  4.8147E-10  2.1116E+02  2.8285E+02  2.8812E+04  6.6911E+04  1.0009E+05  8.0484E+05  3.9753E+06  4.1459E+00  2.5000E-02  1.0000E+00  9.0331E+00
 123000   1.0570E-04  4.8029E-10  2.1145E+02  2.8463E+02  2.8810E+04  6.6911E+04  1.0017E+05  8.0904E+05  3.9785E+06  4.1645E+00  2.5000E-02  1.0000E+00  9.0334E+00
 124000   1.0618E-04  4.7905E-10  2.1185E+02  2.8641E+02  2.8807E+04  6.6911E+04  1.0026E+05  8.1323E+05  3.9817E+06  4.1831E+00  2.5000E-02  1.0000E+00  9.0336E+00
 125000   1.0666E-04  4.7790E-10  2.1214E+02  2.8818E+02  2.8805E+04  6.6911E+04  1.0034E+05  8.1740E+05  3.9848E+06  4.2016E+00  2.5000E-02  1.0000E+00  9.0339E+00
 126000   1.0714E-04  4.7669E-10  2.1253E+02  2.8996E+02  2.8803E+04  6.6911E+04  1.0041E+05  8.2156E+05  3.9879E+06  4.2201E+00  2.5000E-02  1.0000E+00  9.0342E+00
 127000   1.0761E-04  4.7557E-10  2.1285E+02  2.9172E+02  2.8801E+04  6.6911E+04  1.0049E+05  8.2572E+05  3.9909E+06  4.2386E+00  2.5000E-02  1.0000E+00  9.0345E+00
 128000   1.0809E-04  4.7437E-10  2.1322E+02  2.9349E+02  2.8798E+04  6.6911E+04  1.0056E+05  8.2985E+05  3.9940E+06  4.2570E+00  2.5000E-02  1.0000E+00  9.0348E+00
 129000   1.0856E-04  4.7327E-10  2.1355E+02  2.9525E+02  2.8796E+04  6.6911E+04  1.0062E+05  8.3398E+05  3.9970E+06  4.2753E+00  2.5000E-02  1.0000E+00  9.0351E+00
 130000   1.0903E-04  4.7204E-10  2.1391E+02  2.9701E+02  2.8794E+04  6.6911E+04  1.0069E+05  8.3809E+05  4.0000E+06  4.2936E+00  2.5000E-02  1.0000E+00  9.0353E+00
 131000   1.0951E-04  4.7096E-10  2.1424E+02  2.9876E+02  2.8792E+04  6.6911E+04  1.0075E+05  8.4219E+05  4.0029E+06  4.3119E+00  2.5000E-02  1.0000E+00  9.0356E+00
 132000   1.0998E-04  4.6977E-10  2.1459E+02  3.0052E+02  2.8790E+04  6.6911E+04  1.0081E+05  8.4628E+05  4.0058E+06  4.3301E+00  2.5000E-02  1.0000E+00  9.0359E+00
 133000   1.1045E-04  4.6873E-10  2.1492E+02  3.0227E+02  2.8787E+04  6.6911E+04  1.0087E+05  8.5035E+05  4.0086E+06  4.3483E+00  2.5000E-02  1.0000E+00  9.0362E+00
 134000   1.1091E-04  4.6757E-10  2.1526E+02  3.0401E+02  2.8785E+04  6.6911E+04  1.0092E+05  8.5441E+05  4.0115E+06  4.3665E+00  2.5000E-02  1.0000E+00  9.0365E+00
 135000   1.1138E-04  4.6659E-10  2.1558E+02  3.0576E+02  2.8783E+04  6.6911E+04  1.0097E+05  8.5845E+05  4.0143E+06  4.3846E+00  2.5000E-02  1.0000E+00  9.0367E+00
 136000   1.1185E-04  4.6543E-10  2.1592E+02  3.0750E+02  2.8781E+04  6.6911E+04  1.0103E+05  8.6249E+05  4.0171E+06  4.4026E+00  2.5000E-02  1.0000E+00  9.0370E+00
 137000   1.1231E-04  4.6449E-10  2.1623E+02  3.0924E+02  2.8779E+04  6.6911E+04  1.0108E+05  8.6651E+05  4.0198E+06  4.4207E+00  2.5000E-02  1.0000E+00  9.0373E+00
 138000   1.1278E-04  4.6334E-10  2.1657E+02  3.1098E+02  2.8776E+04  6.6911E+04  1.0112E+05  8.7052E+05  4.0225E+06  4.4386E+00  2.5000E-02  1.0000E+00  9.0376E+00
 139000   1.1324E-04  4.6240E-10  2.1686E+02  3.1271E+02  2.8774E+04  6.6911E+04  1.0117E+05  8.7453E+05  4.0253E+06  4.4566E+00  2.5000E-02  1.0000E+00  9.0379E+00
 140000   1.1370E-04  4.6127E-10  2.1721E+02  3.1444E+02  2.8772E+04  6.6911E+04  1.0121E+05  8.7851E+05  4.0279E+06  4.4745E+00  2.5000E-02  1.0000E+00  9.0381E+00
 141000   1.1416E-04  4.6031E-10  2.1748E+02  3.1617E+02  2.8770E+04  6.6911E+04  1.0126E+05  8.8251E+05  4.0306E+06  4.4924E+00  2.5000E-02  1.0000E+00  9.0384E+00
 142000   1.1462E-04  4.5919E-10  2.1784E+02  3.1789E+02  2.8768E+04  6.6911E+04  1.0129E+05  8.8647E+05  4.0332E+06  4.5102E+00  2.5000E-02  1.0000E+00  9.0387E+00
 143000   1.1508E-04  4.5829E-10  2.1809E+02  3.1962E+02  2.8765E+04  6.6911E+04  1.0134E+05  8.9046E+05  4.0357E+06  4.5280E+00  2.5000E-02  1.0000E+00  9.0390E+00
 144000   1.1554E-04  4.5718E-10  2.1845E+02  3.2133E+02  2.8763E+04  6.6911E+04  1.0137E+05  8.9440E+05  4.0383E+06  4.5457E+00  2.5000E-02  1.0000E+00  9.0393E+00
 145000   1.1599E-04  4.5627E-10  2.1868E+02  3.2305E+02  2.8761E+04  6.6911E+04  1.0140E+05  8.9837E+05  4.0408E+06  4.5634E+00  2.5000E-02  1.0000E+00  9.0395E+00
 146000   1.1645E-04  4.5519E-10  2.1904E+02  3.2477E+02  2.8759E+04  6.6911E+04  1.0144E+05  9.0231E+05  4.0433E+06  4.5811E+00  2.5000E-02  1.0000E+00  9.0398E+00
 147000   1.1690E-04  4.5426E-10  2.1925E+02  3.2648E+02  2.8757E+04  6.6911E+04  1.0147E+05  9.0625E+05  4.0458E+06  4.5987E+00  2.5000E-02  1.0000E+00  9.0401E+00
 148000   1.1736E-04  4.5318E-10  2.1963E+02  3.2818E+02  2.8755E+04  6.6911E+04  1.0150E+05  9.1018E+05  4.0482E+06  4.6163E+00  2.5000E-02  1.0000E+00  9.0404E+00
 149000   1.1781E-04  4.5226E-10  2.1984E+02  3.2989E+02  2.8752E+04  6.6911E+04  1.0152E+05  9.1409E+05  4.0505E+06  4.6338E+00  2.5000E-02  1.0000E+00  9.0406E+00
 150000   1.1826E-04  4.5123E-10  2.2019E+02  3.3159E+02  2.8750E+04  6.6911E+04  1.0155E+05  9.1801E+05  4.0529E+06  4.6513E+00  2.5000E-02  1.0000E+00  9.0409E+00
 151000   1.1871E-04  4.5037E-10  2.2041E+02  3.3329E+02  2.8748E+04  6.6911E+04  1.0157E+05  9.2190E+05  4.0552E+06  4.6688E+00  2.5000E-02  1.0000E+00  9.0412E+00
 152000   1.1916E-04  4.4938E-10  2.2075E+02  3.3499E+02  2.8746E+04  6.6911E+04  1.0160E+05  9.2581E+05  4.0575E+06  4.6863E+00  2.5000E-02  1.0000E+00  9.0415E+00
 153000   1.1961E-04  4.4853E-10  2.2097E+02  3.3669E+02  2.8744E+04  6.6911E+04  1.0163E+05  9.2970E+05  4.0598E+06  4.7037E+00  2.5000E-02  1.0000E+00  9.0417E+00
 154000   1.2006E-04  4.4756E-10  2.2130E+02  3.3838E+02  2.8742E+04  6.6911E+04  1.0165E+05  9.3359E+05  4.0621E+06  4.7211E+00  2.5000E-02  1.0000E+00  9.0420E+00
 155000   1.2051E-04  4.4671E-10  2.2152E+02  3.4007E+02  2.8740E+04  6.6911E+04  1.0166E+05  9.3746E+05  4.0643E+06  4.7384E+00  2.5000E-02  1.0000E+00  9.0423E+00
 156000   1.2095E-04  4.4577E-10  2.2184E+02  3.4176E+02  2.8738E+04  6.6911E+04  1.0168E+05  9.4132E+05  4.0664E+06  4.7557E+00  2.5000E-02  1.0000E+00  9.0426E+00
 157000   1.2140E-04  4.4490E-10  2.2206E+02  3.4344E+02  2.8735E+04  6.6911E+04  1.0170E+05  9.4519E+05  4.0686E+06  4.7729E+00  2.5000E-02  1.0000E+00  9.0428E+00
 158000   1.2184E-04  4.4399E-10  2.2236E+02  3.4512E+02  2.8733E+04  6.6911E+04  1.0171E+05  9.4903E+05  4.0709E+06  4.7902E+00  2.5000E-02  1.0000E+00  9.0431E+00
 159000   1.2229E-04  4.4311E-10  2.2259E+02  3.4680E+02  2.8731E+04  6.6911E+04  1.0173E+05  9.5288E+05  4.0731E+06  4.8074E+00  2.5000E-02  1.0000E+00  9.0434E+00
 160000   1.2273E-04  4.4224E-10  2.2288E+02  3.4848E+02  2.8729E+04  6.6911E+04  1.0175E+05  9.5671E+05  4.0753E+06  4.8245E+00  2.5000E-02  1.0000E+00  9.0437E+00
 161000   1.2317E-04  4.4134E-10  2.2312E+02  3.5015E+02  2.8727E+04  6.6911E+04  1.0177E+05  9.6055E+05  4.0774E+06  4.8416E+00  2.5000E-02  1.0000E+00  9.0439E+00
 162000   1.2361E-04  4.4051E-10  2.2339E+02  3.5183E+02  2.8725E+04  6.6911E+04  1.0178E+05  9.6433E+05  4.0795E+06  4.8587E+00  2.5000E-02  1.0000E+00  9.0442E+00
 163000   1.2405E-04  4.3960E-10  2.2364E+02  3.5350E+02  2.8723E+04  6.6911E+04  1.0179E+05  9.6813E+05  4.0816E+06  4.8758E+00  2.5000E-02  1.0000E+00  9.0445E+00
 164000   1.2449E-04  4.3880E-10  2.2389E+02  3.5517E+02  2.8720E+04  6.6911E+04  1.0180E+05  9.7190E+05  4.0837E+06  4.8928E+00  2.5000E-02  1.0000E+00  9.0448E+00
 165000   1.2493E-04  4.3787E-10  2.2415E+02  3.5683E+02  2.8718E+04  6.6911E+04  1.0182E+05  9.7567E+05  4.0859E+06  4.9098E+00  2.5000E-02  1.0000E+00  9.0450E+00
 166000   1.2537E-04  4.3709E-10  2.2437E+02  3.5849E+02  2.8716E+04  6.6911E+04  1.0184E+05  9.7943E+05  4.0880E+06  4.9268E+00  2.5000E-02  1.0000E+00  9.0453E+00
 167000   1.2580E-04  4.3620E-10  2.2465E+02  3.6016E+02  2.8714E+04  6.6911E+04  1.0186E+05  9.8317E+05  4.0901E+06  4.9437E+00  2.5000E-02  1.0000E+00  9.0456E+00
 168000   1.2624E-04  4.3545E-10  2.2484E+02  3.6182E+02  2.8712E+04  6.6911E+04  1.0187E+05  9.8691E+05  4.0922E+06  4.9606E+00  2.5000E-02  1.0000E+00  9.0458E+00
 169000   1.2668E-04  4.3459E-10  2.2514E+02  3.6347E+02  2.8710E+04  6.6911E+04  1.0189E+05  9.9059E+05  4.0942E+06  4.9775E+00  2.5000E-02  1.0000E+00  9.0461E+00
 170000   1.2711E-04  4.3387E-10  2.2529E+02  3.6513E+02  2.8708E+04  6.6911E+04  1.0191E+05  9.9431E+05  4.0962E+06  4.9943E+00  2.5000E-02  1.0000E+00  9.0464E+00
 171000   1.2754E-04  4.3302E-10  2.2562E+02  3.6678E+02  2.8706E+04  6.6911E+04  1.0193E+05  9.9798E+05  4.0982E+06  5.0111E+00  2.5000E-02  1.0000E+00  9.0466E+00
 172000   1.2798E-04  4.3231E-10  2.2579E+02  3.6843E+02  2.8704E+04  6.6911E+04  1.0195E+05  1.0017E+06  4.1003E+06  5.0279E+00  2.5000E-02  1.0000E+00  9.0469E+00
 173000   1.2841E-04  4.3151E-10  2.2608E+02  3.7008E+02  2.8701E+04  6.6911E+04  1.0197E+05  1.0053E+06  4.1022E+06  5.0446E+00  2.5000E-02  1.0000E+00  9.0472E+00
 174000   1.2884E-04  4.3078E-10  2.2628E+02  3.7173E+02  2.8699E+04  6.6911E+04  1.0201E+05  1.0090E+06  4.1042E+06  5.0614E+00  2.5000E-02  1.0000E+00  9.0474E+00
 175000   1.2927E-04  4.3004E-10  2.2652E+02  3.7337E+02  2.8697E+04  6.6911E+04  1.0203E+05  1.0126E+06  4.1061E+06  5.0780E+00  2.5000E-02  1.0000E+00  9.0477E+00
 176000   1.2970E-04  4.2928E-10  2.2675E+02  3.7501E+02  2.8695E+04  6.6911E+04  1.0206E+05  1.0163E+06  4.1079E+06  5.0947E+00  2.5000E-02  1.0000E+00  9.0480E+00
 177000   1.3013E-04  4.2861E-10  2.2696E+02  3.7665E+02  2.8693E+04  6.6911E+04  1.0208E+05  1.0198E+06  4.1098E+06  5.1113E+00  2.5000E-02  1.0000E+00  9.0482E+00
 178000   1.3056E-04  4.2786E-10  2.2721E+02  3.7829E+02  2.8691E+04  6.6911E+04  1.0212E+05  1.0235E+06  4.1118E+06  5.1279E+00  2.5000E-02  1.0000E+00  9.0485E+00
 179000   1.3098E-04  4.2718E-10  2.2739E+02  3.7992E+02  2.8689E+04  6.6911E+04  1.0215E+05  1.0271E+06  4.1137E+06  5.1445E+00  2.5000E-02  1.0000E+00  9.0488E+00
 180000   1.3141E-04  4.2645E-10  2.2767E+02  3.8156E+02  2.8687E+04  6.6911E+04  1.0219E+05  1.0307E+06  4.1156E+06  5.1611E+00  2.5000E-02  1.0000E+00  9.0490E+00
 181000   1.3184E-04  4.2577E-10  2.2782E+02  3.8319E+02  2.8685E+04  6.6911E+04  1.0222E+05  1.0343E+06  4.1173E+06  5.1776E+00  2.5000E-02  1.0000E+00  9.0493E+00
 182000   1.3226E-04  4.2509E-10  2.2812E+02  3.8482E+02  2.8683E+04  6.6911E+04  1.0227E+05  1.0378E+06  4.1191E+06  5.1941E+00  2.5000E-02  1.0000E+00  9.0495E+00
 183000   1.3269E-04  4.2438E-10  2.2828E+02  3.8645E+02  2.8681E+04  6.6911E+04  1.0231E+05  1.0414E+06  4.1208E+06  5.2106E+00  2.5000E-02  1.0000E+00  9.0498E+00
 184000   1.3311E-04  4.2373E-10  2.2856E+02  3.8808E+02  2.8678E+04  6.6911E+04  1.0235E+05  1.0450E+06  4.1227E+06  5.2271E+00  2.5000E-02  1.0000E+00  9.0501E+00
 185000   1.3353E-04  4.2304E-10  2.2874E+02  3.8971E+02  2.8676E+04  6.6911E+04  1.0238E+05  1.0485E+06  4.1245E+06  5.2435E+00  2.5000E-02  1.0000E+00  9.0503E+00
 186000   1.3396E-04  4.2237E-10  2.2901E+02  3.9133E+02  2.8674E+04  6.6911E+04  1.0243E+05  1.0521E+06  4.1263E+06  5.2599E+00  2.5000E-02  1.0000E+00  9.0506E+00
 187000   1.3438E-04  4.2174E-10  2.2920E+02  3.9295E+02  2.8672E+04  6.6911E+04  1.0247E+05  1.0557E+06  4.1281E+06  5.2763E+00  2.5000E-02  1.0000E+00  9.0509E+00
 188000   1.3480E-04  4.2107E-10  2.2946E+02  3.9457E+02  2.8670E+04  6.6911E+04  1.0252E+05  1.0592E+06  4.1298E+06  5.2926E+00  2.5000E-02  1.0000E+00  9.0511E+00
 189000   1.3522E-04  4.2046E-10  2.2967E+02  3.9619E+02  2.8668E+04  6.6911E+04  1.0258E+05  1.0628E+06  4.1314E+06  5.3089E+00  2.5000E-02  1.0000E+00  9.0514E+00
 190000   1.3564E-04  4.1978E-10  2.2991E+02  3.9780E+02  2.8666E+04  6.6911E+04  1.0263E+05  1.0663E+06  4.1331E+06  5.3252E+00  2.5000E-02  1.0000E+00  9.0516E+00
 191000   1.3606E-04  4.1918E-10  2.3013E+02  3.9942E+02  2.8664E+04  6.6911E+04  1.0268E+05  1.0698E+06  4.1348E+06  5.3415E+00  2.5000E-02  1.0000E+00  9.0519E+00
 192000   1.3648E-04  4.1851E-10  2.3036E+02  4.0103E+02  2.8662E+04  6.6911E+04  1.0273E+05  1.0733E+06  4.1365E+06  5.3578E+00  2.5000E-02  1.0000E+00  9.0522E+00
 193000   1.3690E-04  4.1791E-10  2.3060E+02  4.0264E+02  2.8660E+04  6.6911E+04  1.0278E+05  1.0769E+06  4.1383E+06  5.3740E+00  2.5000E-02  1.0000E+00  9.0524E+00
 194000   1.3732E-04  4.1725E-10  2.3081E+02  4.0425E+02  2.8658E+04  6.6911E+04  1.0283E+05  1.0804E+06  4.1399E+06  5.3902E+00  2.5000E-02  1.0000E+00  9.0527E+00
 195000   1.3773E-04  4.1662E-10  2.3107E+02  4.0585E+02  2.8656E+04  6.6911E+04  1.0289E+05  1.0839E+06  4.1416E+06  5.4064E+00  2.5000E-02  1.0000E+00  9.0530E+00
 196000   1.3815E-04  4.1598E-10  2.3126E+02  4.0746E+02  2.8654E+04  6.6911E+04  1.0295E+05  1.0874E+06  4.1432E+06  5.4226E+00  2.5000E-02  1.0000E+00  9.0532E+00
 197000   1.3856E-04  4.1536E-10  2.3153E+02  4.0906E+02  2.8652E+04  6.6911E+04  1.0300E+05  1.0910E+06  4.1448E+06  5.4387E+00  2.5000E-02  1.0000E+00  9.0535E+00
 198000   1.3898E-04  4.1469E-10  2.3170E+02  4.1067E+02  2.8650E+04  6.6911E+04  1.0306E+05  1.0944E+06  4.1464E+06  5.4548E+00  2.5000E-02  1.0000E+00  9.0537E+00
 199000   1.3939E-04  4.1408E-10  2.3199E+02  4.1227E+02  2.8648E+04  6.6911E+04  1.0311E+05  1.0979E+06  4.1481E+06  5.4710E+00  2.5000E-02  1.0000E+00  9.0540E+00
 200000   1.3981E-04  4.1340E-10  2.3213E+02  4.1387E+02  2.8646E+04  6.6911E+04  1.0317E+05  1.1014E+06  4.1497E+06  5.4870E+00  2.5000E-02  1.0000E+00  9.0543E+00
 201000   1.4022E-04  4.1281E-10  2.3245E+02  4.1546E+02  2.8644E+04  6.6911E+04  1.0322E+05  1.1049E+06  4.1513E+06  5.5031E+00  2.5000E-02  1.0000E+00  9.0545E+00
 202000   1.4063E-04  4.1209E-10  2.3260E+02  4.1706E+02  2.8642E+04  6.6911E+04  1.0328E+05  1.1084E+06  4.1529E+06  5.5191E+00  2.5000E-02  1.0000E+00  9.0548E+00
 203000   1.4104E-04  4.1157E-10  2.3289E+02  4.1865E+02  2.8640E+04  6.6911E+04  1.0335E+05  1.1119E+06  4.1545E+06  5.5351E+00  2.5000E-02  1.0000E+00  9.0550E+00
 204000   1.4146E-04  4.1092E-10  2.3307E+02  4.2024E+02  2.8638E+04  6.6911E+04  1.0341E+05  1.1153E+06  4.1561E+06  5.5511E+00  2.5000E-02  1.0000E+00  9.0553E+00
 205000   1.4187E-04  4.1044E-10  2.3332E+02  4.2183E+02  2.8636E+04  6.6911E+04  1.0347E+05  1.1188E+06  4.1576E+06  5.5670E+00  2.5000E-02  1.0000E+00  9.0556E+00
 206000   1.4228E-04  4.0978E-10  2.3352E+02  4.2342E+02  2.8634E+04  6.6911E+04  1.0353E+05  1.1222E+06  4.1592E+06  5.5830E+00  2.5000E-02  1.0000E+00  9.0558E+00
 207000   1.4269E-04  4.0930E-10  2.3373E+02  4.2501E+02  2.8632E+04  6.6911E+04  1.0359E+05  1.1257E+06  4.1608E+06  5.5989E+00  2.5000E-02  1.0000E+00  9.0561E+00
 208000   1.4310E-04  4.0864E-10  2.3396E+02  4.2659E+02  2.8630E+04  6.6911E+04  1.0365E+05  1.1291E+06  4.1623E+06  5.6148E+00  2.5000E-02  1.0000E+00  9.0563E+00
 209000   1.4350E-04  4.0819E-10  2.3412E+02  4.2817E+02  2.8628E+04  6.6911E+04  1.0371E+05  1.1326E+06  4.1639E+06  5.6307E+00  2.5000E-02  1.0000E+00  9.0566E+00
 210000   1.4391E-04  4.0755E-10  2.3438E+02  4.2976E+02  2.8626E+04  6.6911E+04  1.0378E+05  1.1360E+06  4.1653E+06  5.6465E+00  2.5000E-02  1.0000E+00  9.0568E+00
 211000   1.4432E-04  4.0710E-10  2.3450E+02  4.3134E+02  2.8624E+04  6.6911E+04  1.0385E+05  1.1394E+06  4.1669E+06  5.6624E+00  2.5000E-02  1.0000E+00  9.0571E+00
 212000   1.4473E-04  4.0647E-10  2.3479E+02  4.3292E+02  2.8622E+04  6.6911E+04  1.0391E+05  1.1428E+06  4.1684E+06  5.6782E+00  2.5000E-02  1.0000E+00  9.0573E+00
 213000   1.4513E-04  4.0601E-10  2.3491E+02  4.3449E+02  2.8620E+04  6.6911E+04  1.0398E+05  1.1462E+06  4.1700E+06  5.6940E+00  2.5000E-02  1.0000E+00  9.0576E+00
 214000   1.4554E-04  4.0543E-10  2.3517E+02  4.3607E+02  2.8618E+04  6.6911E+04  1.0405E+05  1.1496E+06  4.1715E+06  5.7097E+00  2.5000E-02  1.0000E+00  9.0579E+00
 215000   1.4594E-04  4.0493E-10  2.3533E+02  4.3764E+02  2.8616E+04  6.6911E+04  1.0412E+05  1.1530E+06  4.1729E+06  5.7255E+00  2.5000E-02  1.0000E+00  9.0581E+00
 216000   1.4635E-04  4.0440E-10  2.3553E+02  4.3921E+02  2.8614E+04  6.6911E+04  1.0418E+05  1.1564E+06  4.1743E+06  5.7412E+00  2.5000E-02  1.0000E+00  9.0584E+00
 217000   1.4675E-04  4.0385E-10  2.3572E+02  4.4079E+02  2.8612E+04  6.6911E+04  1.0426E+05  1.1598E+06  4.1757E+06  5.7569E+00  2.5000E-02  1.0000E+00  9.0586E+00
 218000   1.4716E-04  4.0339E-10  2.3587E+02  4.4235E+02  2.8610E+04  6.6911E+04  1.0433E+05  1.1631E+06  4.1772E+06  5.7726E+00  2.5000E-02  1.0000E+00  9.0589E+00
 219000   1.4756E-04  4.0280E-10  2.3607E+02  4.4392E+02  2.8608E+04  6.6911E+04  1.0441E+05  1.1665E+06  4.1787E+06  5.7883E+00  2.5000E-02  1.0000E+00  9.0591E+00
 220000   1.4796E-04  4.0239E-10  2.3621E+02  4.4549E+02  2.8606E+04  6.6911E+04  1.0448E+05  1.1699E+06  4.1802E+06  5.8040E+00  2.5000E-02  1.0000E+00  9.0594E+00
 221000   1.4836E-04  4.0178E-10  2.3639E+02  4.4706E+02  2.8604E+04  6.6911E+04  1.0456E+05  1.1733E+06  4.1815E+06  5.8196E+00  2.5000E-02  1.0000E+00  9.0596E+00
 222000   1.4876E-04  4.0139E-10  2.3658E+02  4.4862E+02  2.8602E+04  6.6911E+04  1.0463E+05  1.1766E+06  4.1829E+06  5.8352E+00  2.5000E-02  1.0000E+00  9.0599E+00
 223000   1.4917E-04  4.0079E-10  2.3673E+02  4.5019E+02  2.8600E+04  6.6911E+04  1.0471E+05  1.1800E+06  4.1843E+06  5.8508E+00  2.5000E-02  1.0000E+00  9.0601E+00
 224000   1.4957E-04  4.0037E-10  2.3698E+02  4.5175E+02  2.8599E+04  6.6911E+04  1.0479E+05  1.1833E+06  4.1856E+06  5.8664E+00  2.5000E-02  1.0000E+00  9.0604E+00
 225000   1.4997E-04  3.9981E-10  2.3712E+02  4.5331E+02  2.8597E+04  6.6911E+04  1.0487E+05  1.1867E+06  4.1870E+06  5.8820E+00  2.5000E-02  1.0000E+00  9.0606E+00
 226000   1.5037E-04  3.9937E-10  2.3741E+02  4.5487E+02  2.8595E+04  6.6911E+04  1.0496E+05  1.1900E+06  4.1883E+06  5.8975E+00  2.5000E-02  1.0000E+00  9.0609E+00
 227000   1.5077E-04  3.9885E-10  2.3754E+02  4.5643E+02  2.8593E+04  6.6911E+04  1.0503E+05  1.1933E+06  4.1897E+06  5.9131E+00  2.5000E-02  1.0000E+00  9.0612E+00
 228000   1.5116E-04  3.9838E-10  2.3782E+02  4.5799E+02  2.8591E+04  6.6911E+04  1.0511E+05  1.1966E+06  4.1910E+06  5.9286E+00  2.5000E-02  1.0000E+00  9.0614E+00
 229000   1.5156E-04  3.9790E-10  2.3797E+02  4.5954E+02  2.8589E+04  6.6911E+04  1.0519E+05  1.2000E+06  4.1923E+06  5.9441E+00  2.5000E-02  1.0000E+00  9.0617E+00
 230000   1.5196E-04  3.9742E-10  2.3823E+02  4.6110E+02  2.8587E+04  6.6911E+04  1.0527E+05  1.2033E+06  4.1936E+06  5.9596E+00  2.5000E-02  1.0000E+00  9.0619E+00
 231000   1.5236E-04  3.9697E-10  2.3839E+02  4.6265E+02  2.8585E+04  6.6911E+04  1.0535E+05  1.2066E+06  4.1949E+06  5.9750E+00  2.5000E-02  1.0000E+00  9.0622E+00
 232000   1.5275E-04  3.9649E-10  2.3864E+02  4.6420E+02  2.8583E+04  6.6911E+04  1.0544E+05  1.2099E+06  4.1962E+06  5.9904E+00  2.5000E-02  1.0000E+00  9.0624E+00
 233000   1.5315E-04  3.9605E-10  2.3881E+02  4.6575E+02  2.8581E+04  6.6911E+04  1.0552E+05  1.2132E+06  4.1975E+06  6.0059E+00  2.5000E-02  1.0000E+00  9.0627E+00
 234000   1.5355E-04  3.9557E-10  2.3904E+02  4.6729E+02  2.8579E+04  6.6911E+04  1.0560E+05  1.2165E+06  4.1987E+06  6.0213E+00  2.5000E-02  1.0000E+00  9.0629E+00
 235000   1.5394E-04  3.9516E-10  2.3922E+02  4.6884E+02  2.8577E+04  6.6911E+04  1.0568E+05  1.2198E+06  4.1999E+06  6.0366E+00  2.5000E-02  1.0000E+00  9.0632E+00
 236000   1.5434E-04  3.9467E-10  2.3943E+02  4.7039E+02  2.8575E+04  6.6911E+04  1.0575E+05  1.2230E+06  4.2011E+06  6.0520E+00  2.5000E-02  1.0000E+00  9.0634E+00
 237000   1.5473E-04  3.9427E-10  2.3963E+02  4.7193E+02  2.8573E+04  6.6911E+04  1.0583E+05  1.2263E+06  4.2023E+06  6.0673E+00  2.5000E-02  1.0000E+00  9.0637E+00
 238000   1.5512E-04  3.9376E-10  2.3982E+02  4.7347E+02  2.8571E+04  6.6911E+04  1.0591E+05  1.2296E+06  4.2035E+06  6.0827E+00  2.5000E-02  1.0000E+00  9.0639E+00
 239000   1.5552E-04  3.9335E-10  2.4003E+02  4.7502E+02  2.8570E+04  6.6911E+04  1.0599E+05  1.2329E+06  4.2048E+06  6.0980E+00  2.5000E-02  1.0000E+00  9.0642E+00
 240000   1.5591E-04  3.9287E-10  2.4020E+02  4.7656E+02  2.8568E+04  6.6911E+04  1.0608E+05  1.2361E+06  4.2060E+06  6.1133E+00  2.5000E-02  1.0000E+00  9.0644E+00
 241000   1.5630E-04  3.9245E-10  2.4043E+02  4.7809E+02  2.8566E+04  6.6911E+04  1.0616E+05  1.2394E+06  4.2072E+06  6.1285E+00  2.5000E-02  1.0000E+00  9.0647E+00
slurmstepd: error: *** STEP 5293240.1 ON c1108 CANCELLED AT 2025-10-20T23:58:24 DUE TO TIME LIMIT ***
