2025-10-14 23:29:43.575 | INFO     | src.core.logging:setup_file_logging:61 - 📝 Logging to file: logs/generation/shocktube_phase1/2025-10-14_23-29-43_generation.log
2025-10-14 23:29:43.576 | DEBUG    | src.core.logging:setup_file_logging:62 - Log directory: logs/generation/shocktube_phase1
2025-10-14 23:29:43.576 | INFO     | src.experiment.generator:run_suite:104 - Loading experiment plan from: /scratch/project_2008296/chau/pencil_platform/config/shocktube_phase1/plan/sweep.yaml
2025-10-14 23:29:43.773 | INFO     | src.experiment.generator:run_suite:110 - Loaded 7 config file(s) from base experiment 'shocktube_base'
2025-10-14 23:29:43.854 | INFO     | src.experiment.generator:run_suite:118 - Loaded 7 config file(s) from specific experiment 'shocktube_phase1'
2025-10-14 23:29:43.854 | INFO     | src.experiment.generator:run_suite:122 -   Merging 'video_in.yaml': base + specific overrides
2025-10-14 23:29:43.855 | INFO     | src.experiment.generator:run_suite:122 -   Merging 'run_in.yaml': base + specific overrides
2025-10-14 23:29:43.855 | INFO     | src.experiment.generator:run_suite:122 -   Merging 'print_in.yaml': base + specific overrides
2025-10-14 23:29:43.855 | INFO     | src.experiment.generator:run_suite:122 -   Merging 'start_in.yaml': base + specific overrides
2025-10-14 23:29:43.856 | INFO     | src.experiment.generator:run_suite:122 -   Merging 'Makefile_local.yaml': base + specific overrides
2025-10-14 23:29:43.856 | INFO     | src.experiment.generator:run_suite:122 -   Merging 'yzaver_in.yaml': base + specific overrides
2025-10-14 23:29:43.856 | INFO     | src.experiment.generator:run_suite:122 -   Merging 'cparam_local.yaml': base + specific overrides
2025-10-14 23:29:43.875 | INFO     | src.experiment.generator:run_suite:197 - Removing existing experiment directory: /scratch/project_2008296/chau/pencil_platform/runs/shocktube_phase1
2025-10-14 23:29:44.311 | SUCCESS  | src.experiment.generator:run_suite:206 - Generated config files for 12 run(s) in '/scratch/project_2008296/chau/pencil_platform/runs/shocktube_phase1/generated_configs'
2025-10-14 23:29:44.313 | SUCCESS  | src.experiment.generator:run_suite:210 - Generated run manifest at '/scratch/project_2008296/chau/pencil_platform/runs/shocktube_phase1/run_manifest.txt'
2025-10-14 23:29:44.332 | SUCCESS  | src.experiment.generator:run_suite:225 - Generated submission script at '/scratch/project_2008296/chau/pencil_platform/runs/shocktube_phase1/submit_suite.sh'
2025-10-14 23:29:44.332 | INFO     | src.experiment.generator:run_suite:226 - --- Experiment Summary ---
Total Simulations to Generate: 12
2025-10-14 23:29:44.340 | INFO     | src.core.logging:setup_file_logging:61 - 📝 Logging to file: logs/submission/shocktube_phase1/2025-10-14_23-29-44_submission.log
2025-10-14 23:29:44.340 | DEBUG    | src.core.logging:setup_file_logging:62 - Log directory: logs/submission/shocktube_phase1
2025-10-14 23:29:44.340 | INFO     | src.experiment.job_manager:submit_suite:20 - Attempting to submit job to SLURM...
2025-10-14 23:29:44.369 | INFO     | src.experiment.job_manager:submit_suite:32 - ==================================================
2025-10-14 23:29:44.370 | INFO     | src.experiment.job_manager:submit_suite:33 -            JOB SUBMITTED SUCCESSFULLY
2025-10-14 23:29:44.370 | INFO     | src.experiment.job_manager:submit_suite:34 - ==================================================
2025-10-14 23:29:44.370 | INFO     | src.experiment.job_manager:submit_suite:35 -   Submission Script: /scratch/project_2008296/chau/pencil_platform/runs/shocktube_phase1/submit_suite.sh
2025-10-14 23:29:44.371 | INFO     | src.experiment.job_manager:submit_suite:36 -   HPC Run Directory: /scratch/project_2008296/chau/runs/shocktube_phase1
2025-10-14 23:29:44.371 | INFO     | src.experiment.job_manager:submit_suite:37 -   SLURM Batch Job ID: 5249764
2025-10-14 23:29:44.372 | INFO     | src.experiment.job_manager:submit_suite:38 -   You can check the status with: python main.py shocktube_phase1 --check
2025-10-14 23:29:44.372 | INFO     | __main__:main:170 - Auto-check enabled, checking job status...
2025-10-14 23:29:44.380 | INFO     | src.core.logging:setup_file_logging:61 - 📝 Logging to file: logs/status/shocktube_phase1/2025-10-14_23-29-44_status.log
2025-10-14 23:29:44.381 | DEBUG    | src.core.logging:setup_file_logging:62 - Log directory: logs/status/shocktube_phase1
2025-10-14 23:29:44.381 | INFO     | src.experiment.job_manager:check_suite_status:63 - --- STATUS CHECK MODE for 'shocktube_phase1' ---
2025-10-14 23:29:44.383 | INFO     | src.experiment.job_manager:check_suite_status:81 - Querying SLURM for batch job ID: 5249764
2025-10-14 23:29:44.397 | WARNING  | src.experiment.job_manager:check_suite_status:113 - No active or recent job tasks found for Job ID 5249764.
2025-10-14 23:29:44.398 | WARNING  | src.experiment.job_manager:check_suite_status:114 - This usually means the job array has completed successfully and is no longer in the recent accounting database.
2025-10-14 23:29:44.398 | INFO     | src.experiment.job_manager:check_suite_status:135 - --- Job Status Summary ---
2025-10-14 23:29:44.399 | INFO     | src.experiment.job_manager:check_suite_status:136 -   Total Simulations: 12
2025-10-14 23:29:44.399 | INFO     | src.experiment.job_manager:check_suite_status:137 -   Completed: 12
2025-10-14 23:29:44.400 | INFO     | src.experiment.job_manager:check_suite_status:138 -   Failed/Cancelled: 0
2025-10-14 23:29:44.400 | INFO     | src.experiment.job_manager:check_suite_status:139 -   Running: 0
2025-10-14 23:29:44.400 | INFO     | src.experiment.job_manager:check_suite_status:140 -   Pending: 0
2025-10-14 23:29:44.401 | INFO     | __main__:main:174 - Auto-postprocessing enabled.
2025-10-14 23:29:44.401 | INFO     | __main__:main:175 - Note: Postprocessing should be run after jobs complete.
2025-10-14 23:29:44.402 | INFO     | __main__:main:176 - To run analysis: python main.py shocktube_phase1 --analyze
2025-10-14 23:29:44.402 | INFO     | __main__:main:177 - To run visualization: python main.py shocktube_phase1 --viz
