2025-10-14 23:55:32.567 | INFO     | src.core.logging:setup_file_logging:61 - 📝 Logging to file: logs/submission/shocktube_phase2/2025-10-14_23-55-32_submission.log
2025-10-14 23:55:32.567 | DEBUG    | src.core.logging:setup_file_logging:62 - Log directory: logs/submission/shocktube_phase2
2025-10-14 23:55:32.567 | INFO     | src.experiment.job_manager:submit_suite:20 - Attempting to submit job to SLURM...
2025-10-14 23:55:32.596 | INFO     | src.experiment.job_manager:submit_suite:32 - ==================================================
2025-10-14 23:55:32.596 | INFO     | src.experiment.job_manager:submit_suite:33 -            JOB SUBMITTED SUCCESSFULLY
2025-10-14 23:55:32.597 | INFO     | src.experiment.job_manager:submit_suite:34 - ==================================================
2025-10-14 23:55:32.597 | INFO     | src.experiment.job_manager:submit_suite:35 -   Submission Script: /scratch/project_2008296/chau/pencil_platform/runs/shocktube_phase2/submit_suite.sh
2025-10-14 23:55:32.598 | INFO     | src.experiment.job_manager:submit_suite:36 -   HPC Run Directory: /scratch/project_2008296/chau/runs/shocktube_phase2
2025-10-14 23:55:32.598 | INFO     | src.experiment.job_manager:submit_suite:37 -   SLURM Batch Job ID: 5249902
2025-10-14 23:55:32.598 | INFO     | src.experiment.job_manager:submit_suite:38 -   You can check the status with: python main.py shocktube_phase2 --check
2025-10-14 23:55:32.599 | INFO     | __main__:main:170 - Auto-check enabled, checking job status...
2025-10-14 23:55:32.607 | INFO     | src.core.logging:setup_file_logging:61 - 📝 Logging to file: logs/status/shocktube_phase2/2025-10-14_23-55-32_status.log
2025-10-14 23:55:32.608 | DEBUG    | src.core.logging:setup_file_logging:62 - Log directory: logs/status/shocktube_phase2
2025-10-14 23:55:32.608 | INFO     | src.experiment.job_manager:check_suite_status:63 - --- STATUS CHECK MODE for 'shocktube_phase2' ---
2025-10-14 23:55:32.610 | INFO     | src.experiment.job_manager:check_suite_status:81 - Querying SLURM for batch job ID: 5249902
2025-10-14 23:55:32.625 | WARNING  | src.experiment.job_manager:check_suite_status:113 - No active or recent job tasks found for Job ID 5249902.
2025-10-14 23:55:32.626 | WARNING  | src.experiment.job_manager:check_suite_status:114 - This usually means the job array has completed successfully and is no longer in the recent accounting database.
2025-10-14 23:55:32.626 | INFO     | src.experiment.job_manager:check_suite_status:135 - --- Job Status Summary ---
2025-10-14 23:55:32.627 | INFO     | src.experiment.job_manager:check_suite_status:136 -   Total Simulations: 4
2025-10-14 23:55:32.627 | INFO     | src.experiment.job_manager:check_suite_status:137 -   Completed: 4
2025-10-14 23:55:32.628 | INFO     | src.experiment.job_manager:check_suite_status:138 -   Failed/Cancelled: 0
2025-10-14 23:55:32.628 | INFO     | src.experiment.job_manager:check_suite_status:139 -   Running: 0
2025-10-14 23:55:32.629 | INFO     | src.experiment.job_manager:check_suite_status:140 -   Pending: 0
2025-10-14 23:55:32.629 | INFO     | __main__:main:174 - Auto-postprocessing enabled.
2025-10-14 23:55:32.629 | INFO     | __main__:main:175 - Note: Postprocessing should be run after jobs complete.
2025-10-14 23:55:32.630 | INFO     | __main__:main:176 - To run analysis: python main.py shocktube_phase2 --analyze
2025-10-14 23:55:32.632 | INFO     | __main__:main:177 - To run visualization: python main.py shocktube_phase2 --viz
