1 CPUs
HOSTNAME = c1108
USER = tranchau
Simple Linux Utility for Resource Management (SLURM) job
SLURM_NODELIST = c1108
SLURM_TASKS_PER_NODE = 1
Mahti - CSC, Kajaani, Finland
Running job: 5293239
Non-MPI version
datadir = data
-- DEBUG CONFIG --
$mpi            =  <0>
$ncpus          =  <1>
$npops          =  <>
$local_disc     =  <0>
$one_local_disc =  <0>
$remote_top     =  <0>
$local_binary   =  <0>
$datadir        =  <data>
$SCRATCH_DIR    =  </scratch/pencil-320899>
$hn             =  <c1108.mahti.csc.fi>
$masterhost     =  <>
$mpirun         =  <>
$mpirunops      =  <>
$mpirunops2     =  <>
$x_ops          =  <>
$NODELIST       =  <c1108>
$SSH            =  <ssh>
$SCP            =  <scp>
$PARENT_PID     =  <320899>
$copysnapshots  =  <copy-snapshots>
$particles      =  <0>
$pointmasses    =  <0>
--
Revision: 

Mon Oct 20 23:44:28 EEST 2025
    src/run.x 
SVN: -------            v.         (                   ) $Id$
SVN: -------            v.         (                   )                    
SVN: -------            v.         (                   )                    
WARNING:  run: quad precision suppressed!
SVN: -------            v.         (                   ) $Id$
SVN: -------            v.         (                   ) $Id$
SVN: -------            v.         (                   ) $Id$
SVN: -------            v.         (                   ) $Id$
SVN: -------            v.         (                   ) $Id$
SVN: -------            v.         (                   ) $Id$
SVN: -------            v.         (                   ) $Id$
SVN: -------            v.         (                   ) $Id$
SVN: -------            v.         (                   ) $Id$
SVN: -------            v.         (                   ) $Id$
SVN: -------            v.         (                   ) $Id$
SVN: -------            v.         (                   ) $Id$
SVN: -------            v.         (                   ) $Id$
SVN: -------            v.         (                   ) $Id$
SVN: -------            v.         (                   ) $Id$
SVN: -------            v.         (                   ) $Id$
SVN: -------            v.         (                   ) $Id$
SVN: -------            v.         (                   ) $Id$
SVN: -------            v.         (                   ) $Id$
SVN: -------            v.         (                   ) $Id$
SVN: -------            v.         (                   ) $Id$
SVN: -------            v.         (                   ) $Id$
SVN: -------            v.         (                   ) $Id$
SVN: -------            v.         (                   ) $Id$
SVN: -------            v.         (                   ) $Id$
SVN: -------            v.         (                   ) $Id$
SVN: -------            v.         (                   ) $Id$
SVN: -------            v.         (                   ) $Id$
SVN: -------            v.         (                   ) $Id$
 The verbose level is ip=          14  (ldebug= F )
 This is a 1-D run
 nxgrid, nygrid, nzgrid=        4000           1           1
 Lx, Ly, Lz=   1.00000000       1.00000000       1.00000000    
       Vbox=   1.00000000    
 rsnap: read snapshot var.dat in    6.2500000000000000E-002  seconds
 setup_slices: slice_position = p
 setup_slices: ix_loc,iy_loc,iz_loc, (video files) = 4 4 4                                                                           
 units_general: unit_velocity=   97781.229948950713     
 units_general: unit_density=   1.6737236000000002E-024
 units_general: unit_length=   3.0856775800000002E+021
 units_general: unit_magnetic=   4.4843790064030054E-007
 units_eos: unit_temperature=   68.996576501564562     
 units_eos: cp, lnTT0, cs0, pp0, Rgas=   1.50000000       1.19209282E-07   1.00000000      0.600000083      0.600000024    
 alpha_fine =   7.2973525643000000E-003
 sigma_Thomson_cgs =   6.6524587321600003E-025
 diffusion: shock diffusion
WARNING:  initialize_density: For diffusion energy/momentum correction should use lmassdiff_fix=T!
 initialize_density: no need to read initial stratification for lanti_shockdiffusion=F.
 select_eos_variable: Using rho and ss
 initialize_energy: nheatc_max,iheatcond=           4 shock                                   nothing                                 nothing                                 nothing                                 
 heat conduction: shock
 viscous force: nu_shock*(XXXXXXXXXXX)
 pencil_consistency_check: checking pencil case
 pencil_consistency_check: checking requested pencils
 pencil_consistency_check: performing small pencil check
 pencil_consistency_check: the small pencil check reported no problems
 pencil_consistency_check: checking dependence on pencil initialization
 pencil_consistency_check: results are independent of pencil initialization
 pencil_consistency_check: checking diagnostics pencils
 pencil_consistency_check: performing small pencil check
 pencil_consistency_check: the small pencil check reported no problems
 pencil_consistency_check: set lpencil_check_diagnos_opti=T in run.in to report
 pencil_consistency_check: optimisation possibilities for diagnostics pencils
 pencil_consistency_check: checking dependence on pencil initialization
 pencil_consistency_check: diagnostics are independent of pencil initialization
 pencil_consistency_check: all tests passed
 pde: ENTER
SVN: -------            v.         (                   ) $Id$
 calc_pencils_energy: max(advec_cs2) =   1.07003314E+12
 duu_dt: SOLVE
Bcs for         ux,  x: <       a>, y: <       p>,  z: <       p>
Bcs for         uy,  x: <       s>, y: <       p>,  z: <       p>
Bcs for         uz,  x: <       s>, y: <       p>,  z: <       p>
 duu_dt: max(advec_uu) =   0.00000000    
 dlnrho_dt: SOLVE
Bcs for      lnrho,  x: <       s>, y: <       p>,  z: <       p>
 dlnrho_dt: diffrho_shock=  0.500000000    
 dlnrho_dt: max(diffus_diffrho ) =   0.00000000    
 dlnrho_dt: max(diffus_diffrho3) =   0.00000000    
 denergy_dt: SOLVE denergy_dt
Bcs for         ss,  x: <       s>, y: <       p>,  z: <       p>
 denergy_dt: lnTT,cs2,cp1=   11.1111116       66910.5312       1.17283905    
 calc_heatcond_shock: use shock diffusion
 calc_heatcond_shock: chi_shock=  0.500000000    
 calc_heatcond_shock: added thdiff

 ---it--------t-----------dt---------umax--------ekin--------ethm-------TTmax--------epsK-----visc_heatm----pdivum-------ruxm-------rhomin------rhomax-------ssm-----
      0   0.0000E+00  4.8336E-09  0.0000E+00  0.0000E+00  2.9153E+04  6.6911E+04  0.0000E+00  0.0000E+00  0.0000E+00  0.0000E+00  2.5000E-02  1.0000E+00  9.0000E+00
   1000   4.8336E-06  4.8336E-09  1.6509E+01  1.0464E+00  2.9152E+04  6.6911E+04  8.9519E+00  3.7275E+01  4.3197E+05  1.9396E-01  2.5000E-02  1.0000E+00  9.0000E+00
   2000   9.6672E-06  4.8336E-09  3.2834E+01  4.1571E+00  2.9148E+04  6.6911E+04  1.2055E+02  5.0333E+02  8.5260E+05  3.8790E-01  2.5000E-02  1.0000E+00  9.0001E+00
   3000   1.4496E-05  4.8106E-09  4.8812E+01  9.2455E+00  2.9143E+04  6.6911E+04  5.4777E+02  2.2961E+03  1.2519E+06  5.8161E-01  2.5000E-02  1.0000E+00  9.0003E+00
   4000   1.9255E-05  4.5960E-09  6.4126E+01  1.6075E+01  2.9136E+04  6.6911E+04  1.5628E+03  6.5867E+03  1.6179E+06  7.7241E-01  2.5000E-02  1.0000E+00  9.0006E+00
   5000   2.3298E-05  3.5881E-09  7.6726E+01  2.3184E+01  2.9129E+04  6.6911E+04  3.1185E+03  1.3225E+04  1.9038E+06  9.3444E-01  2.5000E-02  1.0000E+00  9.0009E+00
   6000   2.6563E-05  2.9869E-09  8.6730E+01  2.9723E+01  2.9122E+04  6.6911E+04  4.9615E+03  2.1179E+04  2.1166E+06  1.0651E+00  2.5000E-02  1.0000E+00  9.0013E+00
   7000   2.9342E-05  2.5965E-09  9.4884E+01  3.5806E+01  2.9115E+04  6.6911E+04  7.0020E+03  3.0090E+04  2.2849E+06  1.1763E+00  2.5000E-02  1.0000E+00  9.0016E+00
   8000   3.1793E-05  2.3197E-09  1.0168E+02  4.1535E+01  2.9109E+04  6.6911E+04  9.1878E+03  3.9755E+04  2.4234E+06  1.2743E+00  2.5000E-02  1.0000E+00  9.0019E+00
   9000   3.4004E-05  2.1119E-09  1.0788E+02  4.6977E+01  2.9103E+04  6.6911E+04  1.1475E+04  5.0011E+04  2.5406E+06  1.3626E+00  2.5000E-02  1.0000E+00  9.0022E+00
  10000   3.6032E-05  1.9489E-09  1.1330E+02  5.2177E+01  2.9097E+04  6.6911E+04  1.3833E+04  6.0738E+04  2.6418E+06  1.4435E+00  2.5000E-02  1.0000E+00  9.0025E+00
  11000   3.7912E-05  1.8165E-09  1.1820E+02  5.7168E+01  2.9092E+04  6.6911E+04  1.6240E+04  7.1846E+04  2.7305E+06  1.5185E+00  2.5000E-02  1.0000E+00  9.0028E+00
  12000   3.9673E-05  1.7072E-09  1.2266E+02  6.1978E+01  2.9087E+04  6.6911E+04  1.8676E+04  8.3257E+04  2.8091E+06  1.5887E+00  2.5000E-02  1.0000E+00  9.0031E+00
  13000   4.1333E-05  1.6156E-09  1.2669E+02  6.6629E+01  2.9082E+04  6.6911E+04  2.1125E+04  9.4916E+04  2.8793E+06  1.6548E+00  2.5000E-02  1.0000E+00  9.0034E+00
  14000   4.2908E-05  1.5367E-09  1.3038E+02  7.1138E+01  2.9077E+04  6.6911E+04  2.3573E+04  1.0677E+05  2.9427E+06  1.7174E+00  2.5000E-02  1.0000E+00  9.0037E+00
  15000   4.4410E-05  1.4681E-09  1.3384E+02  7.5520E+01  2.9072E+04  6.6911E+04  2.6013E+04  1.1878E+05  3.0002E+06  1.7771E+00  2.5000E-02  1.0000E+00  9.0040E+00
  16000   4.5848E-05  1.4084E-09  1.3710E+02  7.9786E+01  2.9067E+04  6.6911E+04  2.8438E+04  1.3090E+05  3.0527E+06  1.8342E+00  2.5000E-02  1.0000E+00  9.0043E+00
  17000   4.7229E-05  1.3557E-09  1.4010E+02  8.3947E+01  2.9062E+04  6.6911E+04  3.0842E+04  1.4312E+05  3.1010E+06  1.8891E+00  2.5000E-02  1.0000E+00  9.0047E+00
  18000   4.8561E-05  1.3088E-09  1.4292E+02  8.8013E+01  2.9058E+04  6.6911E+04  3.3221E+04  1.5540E+05  3.1455E+06  1.9419E+00  2.5000E-02  1.0000E+00  9.0050E+00
  19000   4.9848E-05  1.2663E-09  1.4559E+02  9.1990E+01  2.9053E+04  6.6911E+04  3.5567E+04  1.6773E+05  3.1867E+06  1.9929E+00  2.5000E-02  1.0000E+00  9.0053E+00
  20000   5.1095E-05  1.2280E-09  1.4810E+02  9.5886E+01  2.9049E+04  6.6911E+04  3.7878E+04  1.8006E+05  3.2250E+06  2.0423E+00  2.5000E-02  1.0000E+00  9.0056E+00
  21000   5.2305E-05  1.1934E-09  1.5049E+02  9.9706E+01  2.9045E+04  6.6911E+04  4.0149E+04  1.9241E+05  3.2606E+06  2.0902E+00  2.5000E-02  1.0000E+00  9.0059E+00
  22000   5.3483E-05  1.1614E-09  1.5280E+02  1.0346E+02  2.9040E+04  6.6911E+04  4.2378E+04  2.0474E+05  3.2939E+06  2.1367E+00  2.5000E-02  1.0000E+00  9.0062E+00
  23000   5.4629E-05  1.1327E-09  1.5499E+02  1.0714E+02  2.9036E+04  6.6911E+04  4.4566E+04  2.1703E+05  3.3252E+06  2.1821E+00  2.5000E-02  1.0000E+00  9.0066E+00
  24000   5.5749E-05  1.1057E-09  1.5705E+02  1.1076E+02  2.9032E+04  6.6911E+04  4.6709E+04  2.2929E+05  3.3546E+06  2.2263E+00  2.5000E-02  1.0000E+00  9.0069E+00
  25000   5.6842E-05  1.0812E-09  1.5897E+02  1.1433E+02  2.9028E+04  6.6911E+04  4.8806E+04  2.4149E+05  3.3823E+06  2.2694E+00  2.5000E-02  1.0000E+00  9.0072E+00
  26000   5.7912E-05  1.0583E-09  1.6076E+02  1.1784E+02  2.9024E+04  6.6911E+04  5.0855E+04  2.5363E+05  3.4084E+06  2.3116E+00  2.5000E-02  1.0000E+00  9.0075E+00
  27000   5.8960E-05  1.0375E-09  1.6253E+02  1.2130E+02  2.9020E+04  6.6911E+04  5.2854E+04  2.6570E+05  3.4331E+06  2.3529E+00  2.5000E-02  1.0000E+00  9.0079E+00
  28000   5.9987E-05  1.0180E-09  1.6424E+02  1.2472E+02  2.9016E+04  6.6911E+04  5.4804E+04  2.7768E+05  3.4565E+06  2.3934E+00  2.5000E-02  1.0000E+00  9.0082E+00
  29000   6.0996E-05  9.9959E-10  1.6589E+02  1.2809E+02  2.9012E+04  6.6911E+04  5.6703E+04  2.8958E+05  3.4788E+06  2.4331E+00  2.5000E-02  1.0000E+00  9.0085E+00
  30000   6.1987E-05  9.8250E-10  1.6748E+02  1.3142E+02  2.9008E+04  6.6911E+04  5.8550E+04  3.0138E+05  3.4999E+06  2.4721E+00  2.5000E-02  1.0000E+00  9.0089E+00
  31000   6.2962E-05  9.6623E-10  1.6907E+02  1.3470E+02  2.9004E+04  6.6911E+04  6.0345E+04  3.1308E+05  3.5201E+06  2.5104E+00  2.5000E-02  1.0000E+00  9.0092E+00
  32000   6.3920E-05  9.5116E-10  1.7063E+02  1.3795E+02  2.9001E+04  6.6911E+04  6.2087E+04  3.2467E+05  3.5393E+06  2.5481E+00  2.5000E-02  1.0000E+00  9.0096E+00
  33000   6.4865E-05  9.3681E-10  1.7210E+02  1.4117E+02  2.8997E+04  6.6911E+04  6.3778E+04  3.3613E+05  3.5576E+06  2.5852E+00  2.5000E-02  1.0000E+00  9.0099E+00
  34000   6.5795E-05  9.2335E-10  1.7348E+02  1.4434E+02  2.8993E+04  6.6911E+04  6.5417E+04  3.4748E+05  3.5750E+06  2.6217E+00  2.5000E-02  1.0000E+00  9.0102E+00
  35000   6.6712E-05  9.1054E-10  1.7481E+02  1.4749E+02  2.8989E+04  6.6911E+04  6.7005E+04  3.5869E+05  3.5917E+06  2.6577E+00  2.5000E-02  1.0000E+00  9.0106E+00
  36000   6.7616E-05  8.9842E-10  1.7614E+02  1.5060E+02  2.8986E+04  6.6911E+04  6.8539E+04  3.6977E+05  3.6077E+06  2.6932E+00  2.5000E-02  1.0000E+00  9.0109E+00
  37000   6.8509E-05  8.8696E-10  1.7739E+02  1.5368E+02  2.8982E+04  6.6911E+04  7.0019E+04  3.8070E+05  3.6230E+06  2.7282E+00  2.5000E-02  1.0000E+00  9.0113E+00
  38000   6.9390E-05  8.7599E-10  1.7855E+02  1.5674E+02  2.8979E+04  6.6911E+04  7.1445E+04  3.9149E+05  3.6376E+06  2.7627E+00  2.5000E-02  1.0000E+00  9.0116E+00
  39000   7.0261E-05  8.6548E-10  1.7974E+02  1.5976E+02  2.8975E+04  6.6911E+04  7.2818E+04  4.0213E+05  3.6517E+06  2.7968E+00  2.5000E-02  1.0000E+00  9.0120E+00
  40000   7.1121E-05  8.5524E-10  1.8091E+02  1.6276E+02  2.8971E+04  6.6911E+04  7.4138E+04  4.1261E+05  3.6653E+06  2.8304E+00  2.5000E-02  1.0000E+00  9.0123E+00
  41000   7.1971E-05  8.4591E-10  1.8201E+02  1.6573E+02  2.8968E+04  6.6911E+04  7.5406E+04  4.2295E+05  3.6783E+06  2.8637E+00  2.5000E-02  1.0000E+00  9.0127E+00
  42000   7.2813E-05  8.3663E-10  1.8310E+02  1.6868E+02  2.8965E+04  6.6911E+04  7.6624E+04  4.3313E+05  3.6909E+06  2.8966E+00  2.5000E-02  1.0000E+00  9.0130E+00
  43000   7.3645E-05  8.2802E-10  1.8420E+02  1.7160E+02  2.8961E+04  6.6911E+04  7.7795E+04  4.4315E+05  3.7031E+06  2.9292E+00  2.5000E-02  1.0000E+00  9.0134E+00
  44000   7.4469E-05  8.1980E-10  1.8523E+02  1.7450E+02  2.8958E+04  6.6911E+04  7.8918E+04  4.5302E+05  3.7148E+06  2.9614E+00  2.5000E-02  1.0000E+00  9.0138E+00
  45000   7.5285E-05  8.1183E-10  1.8618E+02  1.7738E+02  2.8954E+04  6.6911E+04  7.9997E+04  4.6273E+05  3.7262E+06  2.9933E+00  2.5000E-02  1.0000E+00  9.0141E+00
  46000   7.6093E-05  8.0435E-10  1.8720E+02  1.8024E+02  2.8951E+04  6.6911E+04  8.1033E+04  4.7229E+05  3.7372E+06  3.0248E+00  2.5000E-02  1.0000E+00  9.0145E+00
  47000   7.6893E-05  7.9694E-10  1.8813E+02  1.8308E+02  2.8947E+04  6.6911E+04  8.2027E+04  4.8170E+05  3.7478E+06  3.0561E+00  2.5000E-02  1.0000E+00  9.0148E+00
  48000   7.7687E-05  7.8991E-10  1.8895E+02  1.8590E+02  2.8944E+04  6.6911E+04  8.2980E+04  4.9096E+05  3.7581E+06  3.0870E+00  2.5000E-02  1.0000E+00  9.0152E+00
  49000   7.8474E-05  7.8332E-10  1.8987E+02  1.8870E+02  2.8941E+04  6.6911E+04  8.3892E+04  5.0008E+05  3.7680E+06  3.1177E+00  2.5000E-02  1.0000E+00  9.0156E+00
  50000   7.9254E-05  7.7705E-10  1.9072E+02  1.9148E+02  2.8937E+04  6.6911E+04  8.4763E+04  5.0905E+05  3.7777E+06  3.1482E+00  2.5000E-02  1.0000E+00  9.0159E+00
  51000   8.0028E-05  7.7101E-10  1.9149E+02  1.9425E+02  2.8934E+04  6.6911E+04  8.5593E+04  5.1789E+05  3.7870E+06  3.1783E+00  2.5000E-02  1.0000E+00  9.0163E+00
  52000   8.0795E-05  7.6495E-10  1.9235E+02  1.9700E+02  2.8931E+04  6.6911E+04  8.6383E+04  5.2660E+05  3.7960E+06  3.2083E+00  2.5000E-02  1.0000E+00  9.0166E+00
  53000   8.1558E-05  7.5915E-10  1.9317E+02  1.9973E+02  2.8927E+04  6.6911E+04  8.7134E+04  5.3518E+05  3.8048E+06  3.2380E+00  2.5000E-02  1.0000E+00  9.0170E+00
  54000   8.2314E-05  7.5364E-10  1.9393E+02  2.0245E+02  2.8924E+04  6.6911E+04  8.7845E+04  5.4363E+05  3.8133E+06  3.2674E+00  2.5000E-02  1.0000E+00  9.0174E+00
  55000   8.3065E-05  7.4837E-10  1.9477E+02  2.0515E+02  2.8921E+04  6.6911E+04  8.8522E+04  5.5196E+05  3.8216E+06  3.2967E+00  2.5000E-02  1.0000E+00  9.0177E+00
  56000   8.3811E-05  7.4341E-10  1.9557E+02  2.0784E+02  2.8918E+04  6.6911E+04  8.9163E+04  5.6017E+05  3.8297E+06  3.3257E+00  2.5000E-02  1.0000E+00  9.0181E+00
  57000   8.4552E-05  7.3826E-10  1.9633E+02  2.1052E+02  2.8914E+04  6.6911E+04  8.9775E+04  5.6826E+05  3.8375E+06  3.3546E+00  2.5000E-02  1.0000E+00  9.0185E+00
  58000   8.5287E-05  7.3331E-10  1.9715E+02  2.1318E+02  2.8911E+04  6.6911E+04  9.0355E+04  5.7625E+05  3.8452E+06  3.3832E+00  2.5000E-02  1.0000E+00  9.0188E+00
  59000   8.6019E-05  7.2866E-10  1.9791E+02  2.1583E+02  2.8908E+04  6.6911E+04  9.0905E+04  5.8413E+05  3.8527E+06  3.4117E+00  2.5000E-02  1.0000E+00  9.0192E+00
  60000   8.6745E-05  7.2419E-10  1.9862E+02  2.1846E+02  2.8905E+04  6.6911E+04  9.1429E+04  5.9191E+05  3.8601E+06  3.4399E+00  2.5000E-02  1.0000E+00  9.0196E+00
  61000   8.7467E-05  7.1978E-10  1.9940E+02  2.2108E+02  2.8902E+04  6.6911E+04  9.1927E+04  5.9958E+05  3.8672E+06  3.4680E+00  2.5000E-02  1.0000E+00  9.0199E+00
  62000   8.8184E-05  7.1532E-10  2.0010E+02  2.2369E+02  2.8899E+04  6.6911E+04  9.2400E+04  6.0715E+05  3.8742E+06  3.4959E+00  2.5000E-02  1.0000E+00  9.0203E+00
  63000   8.8898E-05  7.1101E-10  2.0074E+02  2.2629E+02  2.8895E+04  6.6911E+04  9.2848E+04  6.1464E+05  3.8811E+06  3.5237E+00  2.5000E-02  1.0000E+00  9.0207E+00
  64000   8.9607E-05  7.0695E-10  2.0146E+02  2.2887E+02  2.8892E+04  6.6911E+04  9.3273E+04  6.2204E+05  3.8878E+06  3.5512E+00  2.5000E-02  1.0000E+00  9.0210E+00
  65000   9.0311E-05  7.0304E-10  2.0209E+02  2.3145E+02  2.8889E+04  6.6911E+04  9.3673E+04  6.2935E+05  3.8942E+06  3.5786E+00  2.5000E-02  1.0000E+00  9.0214E+00
  66000   9.1012E-05  6.9897E-10  2.0267E+02  2.3401E+02  2.8886E+04  6.6911E+04  9.4050E+04  6.3658E+05  3.9006E+06  3.6059E+00  2.5000E-02  1.0000E+00  9.0218E+00
  67000   9.1710E-05  6.9517E-10  2.0333E+02  2.3656E+02  2.8883E+04  6.6911E+04  9.4407E+04  6.4373E+05  3.9068E+06  3.6330E+00  2.5000E-02  1.0000E+00  9.0222E+00
  68000   9.2403E-05  6.9154E-10  2.0392E+02  2.3910E+02  2.8880E+04  6.6911E+04  9.4743E+04  6.5079E+05  3.9129E+06  3.6599E+00  2.5000E-02  1.0000E+00  9.0225E+00
  69000   9.3093E-05  6.8811E-10  2.0447E+02  2.4164E+02  2.8877E+04  6.6911E+04  9.5061E+04  6.5779E+05  3.9188E+06  3.6867E+00  2.5000E-02  1.0000E+00  9.0229E+00
  70000   9.3779E-05  6.8444E-10  2.0510E+02  2.4416E+02  2.8874E+04  6.6911E+04  9.5358E+04  6.6471E+05  3.9246E+06  3.7133E+00  2.5000E-02  1.0000E+00  9.0233E+00
  71000   9.4462E-05  6.8095E-10  2.0565E+02  2.4667E+02  2.8871E+04  6.6911E+04  9.5636E+04  6.7157E+05  3.9304E+06  3.7399E+00  2.5000E-02  1.0000E+00  9.0236E+00
  72000   9.5141E-05  6.7764E-10  2.0621E+02  2.4917E+02  2.8868E+04  6.6911E+04  9.5898E+04  6.7835E+05  3.9360E+06  3.7663E+00  2.5000E-02  1.0000E+00  9.0240E+00
  73000   9.5817E-05  6.7441E-10  2.0680E+02  2.5167E+02  2.8865E+04  6.6911E+04  9.6143E+04  6.8508E+05  3.9414E+06  3.7925E+00  2.5000E-02  1.0000E+00  9.0244E+00
  74000   9.6490E-05  6.7103E-10  2.0733E+02  2.5415E+02  2.8862E+04  6.6911E+04  9.6374E+04  6.9176E+05  3.9468E+06  3.8186E+00  2.5000E-02  1.0000E+00  9.0247E+00
  75000   9.7159E-05  6.6781E-10  2.0791E+02  2.5662E+02  2.8859E+04  6.6911E+04  9.6587E+04  6.9838E+05  3.9520E+06  3.8446E+00  2.5000E-02  1.0000E+00  9.0251E+00
  76000   9.7825E-05  6.6481E-10  2.0848E+02  2.5909E+02  2.8856E+04  6.6911E+04  9.6790E+04  7.0496E+05  3.9572E+06  3.8705E+00  2.5000E-02  1.0000E+00  9.0255E+00
  77000   9.8489E-05  6.6173E-10  2.0900E+02  2.6155E+02  2.8853E+04  6.6911E+04  9.6977E+04  7.1148E+05  3.9622E+06  3.8962E+00  2.5000E-02  1.0000E+00  9.0258E+00
  78000   9.9149E-05  6.5863E-10  2.0960E+02  2.6399E+02  2.8850E+04  6.6911E+04  9.7150E+04  7.1796E+05  3.9671E+06  3.9218E+00  2.5000E-02  1.0000E+00  9.0262E+00
  79000   9.9806E-05  6.5569E-10  2.1013E+02  2.6643E+02  2.8847E+04  6.6911E+04  9.7311E+04  7.2440E+05  3.9720E+06  3.9474E+00  2.5000E-02  1.0000E+00  9.0266E+00
  80000   1.0046E-04  6.5298E-10  2.1067E+02  2.6886E+02  2.8844E+04  6.6911E+04  9.7464E+04  7.3080E+05  3.9768E+06  3.9728E+00  2.5000E-02  1.0000E+00  9.0269E+00
  81000   1.0111E-04  6.4993E-10  2.1123E+02  2.7129E+02  2.8841E+04  6.6911E+04  9.7607E+04  7.3717E+05  3.9816E+06  3.9980E+00  2.5000E-02  1.0000E+00  9.0273E+00
  82000   1.0176E-04  6.4707E-10  2.1170E+02  2.7370E+02  2.8838E+04  6.6911E+04  9.7743E+04  7.4349E+05  3.9862E+06  4.0232E+00  2.5000E-02  1.0000E+00  9.0277E+00
  83000   1.0241E-04  6.4440E-10  2.1226E+02  2.7611E+02  2.8835E+04  6.6911E+04  9.7869E+04  7.4978E+05  3.9908E+06  4.0483E+00  2.5000E-02  1.0000E+00  9.0280E+00
  84000   1.0305E-04  6.4166E-10  2.1276E+02  2.7851E+02  2.8832E+04  6.6911E+04  9.7992E+04  7.5604E+05  3.9954E+06  4.0732E+00  2.5000E-02  1.0000E+00  9.0284E+00
  85000   1.0369E-04  6.3893E-10  2.1321E+02  2.8090E+02  2.8829E+04  6.6911E+04  9.8108E+04  7.6226E+05  3.9998E+06  4.0981E+00  2.5000E-02  1.0000E+00  9.0288E+00
  86000   1.0433E-04  6.3638E-10  2.1374E+02  2.8329E+02  2.8826E+04  6.6911E+04  9.8217E+04  7.6845E+05  4.0041E+06  4.1228E+00  2.5000E-02  1.0000E+00  9.0291E+00
  87000   1.0496E-04  6.3394E-10  2.1421E+02  2.8566E+02  2.8823E+04  6.6911E+04  9.8320E+04  7.7462E+05  4.0084E+06  4.1475E+00  2.5000E-02  1.0000E+00  9.0295E+00
  88000   1.0559E-04  6.3123E-10  2.1464E+02  2.8803E+02  2.8821E+04  6.6911E+04  9.8419E+04  7.8077E+05  4.0126E+06  4.1720E+00  2.5000E-02  1.0000E+00  9.0298E+00
  89000   1.0622E-04  6.2877E-10  2.1514E+02  2.9040E+02  2.8818E+04  6.6911E+04  9.8516E+04  7.8690E+05  4.0168E+06  4.1965E+00  2.5000E-02  1.0000E+00  9.0302E+00
  90000   1.0685E-04  6.2648E-10  2.1559E+02  2.9275E+02  2.8815E+04  6.6911E+04  9.8606E+04  7.9298E+05  4.0209E+06  4.2209E+00  2.5000E-02  1.0000E+00  9.0306E+00
  91000   1.0748E-04  6.2391E-10  2.1599E+02  2.9510E+02  2.8812E+04  6.6911E+04  9.8691E+04  7.9905E+05  4.0249E+06  4.2451E+00  2.5000E-02  1.0000E+00  9.0309E+00
  92000   1.0810E-04  6.2149E-10  2.1648E+02  2.9744E+02  2.8809E+04  6.6911E+04  9.8775E+04  8.0509E+05  4.0289E+06  4.2693E+00  2.5000E-02  1.0000E+00  9.0313E+00
  93000   1.0872E-04  6.1927E-10  2.1690E+02  2.9977E+02  2.8806E+04  6.6911E+04  9.8853E+04  8.1108E+05  4.0327E+06  4.2933E+00  2.5000E-02  1.0000E+00  9.0316E+00
  94000   1.0934E-04  6.1689E-10  2.1727E+02  3.0210E+02  2.8803E+04  6.6911E+04  9.8927E+04  8.1705E+05  4.0366E+06  4.3173E+00  2.5000E-02  1.0000E+00  9.0320E+00
  95000   1.0995E-04  6.1452E-10  2.1774E+02  3.0442E+02  2.8801E+04  6.6911E+04  9.8998E+04  8.2299E+05  4.0403E+06  4.3412E+00  2.5000E-02  1.0000E+00  9.0324E+00
  96000   1.1057E-04  6.1237E-10  2.1811E+02  3.0674E+02  2.8798E+04  6.6911E+04  9.9067E+04  8.2891E+05  4.0441E+06  4.3650E+00  2.5000E-02  1.0000E+00  9.0327E+00
  97000   1.1118E-04  6.1014E-10  2.1848E+02  3.0904E+02  2.8795E+04  6.6911E+04  9.9132E+04  8.3478E+05  4.0478E+06  4.3887E+00  2.5000E-02  1.0000E+00  9.0331E+00
  98000   1.1179E-04  6.0786E-10  2.1891E+02  3.1135E+02  2.8792E+04  6.6911E+04  9.9194E+04  8.4063E+05  4.0515E+06  4.4124E+00  2.5000E-02  1.0000E+00  9.0334E+00
  99000   1.1240E-04  6.0580E-10  2.1926E+02  3.1364E+02  2.8789E+04  6.6911E+04  9.9256E+04  8.4649E+05  4.0550E+06  4.4359E+00  2.5000E-02  1.0000E+00  9.0338E+00
 100000   1.1300E-04  6.0370E-10  2.1962E+02  3.1593E+02  2.8787E+04  6.6911E+04  9.9313E+04  8.5230E+05  4.0585E+06  4.4594E+00  2.5000E-02  1.0000E+00  9.0342E+00
 101000   1.1360E-04  6.0151E-10  2.2003E+02  3.1821E+02  2.8784E+04  6.6911E+04  9.9368E+04  8.5810E+05  4.0620E+06  4.4828E+00  2.5000E-02  1.0000E+00  9.0345E+00
 102000   1.1420E-04  5.9957E-10  2.2038E+02  3.2049E+02  2.8781E+04  6.6911E+04  9.9420E+04  8.6389E+05  4.0655E+06  4.5061E+00  2.5000E-02  1.0000E+00  9.0349E+00
 103000   1.1480E-04  5.9757E-10  2.2073E+02  3.2276E+02  2.8778E+04  6.6911E+04  9.9471E+04  8.6968E+05  4.0689E+06  4.5293E+00  2.5000E-02  1.0000E+00  9.0352E+00
 104000   1.1540E-04  5.9547E-10  2.2113E+02  3.2503E+02  2.8775E+04  6.6911E+04  9.9519E+04  8.7544E+05  4.0722E+06  4.5525E+00  2.5000E-02  1.0000E+00  9.0356E+00
 105000   1.1599E-04  5.9363E-10  2.2149E+02  3.2729E+02  2.8773E+04  6.6911E+04  9.9565E+04  8.8119E+05  4.0755E+06  4.5756E+00  2.5000E-02  1.0000E+00  9.0359E+00
 106000   1.1659E-04  5.9169E-10  2.2181E+02  3.2954E+02  2.8770E+04  6.6911E+04  9.9612E+04  8.8695E+05  4.0788E+06  4.5986E+00  2.5000E-02  1.0000E+00  9.0363E+00
 107000   1.1718E-04  5.8967E-10  2.2222E+02  3.3179E+02  2.8767E+04  6.6911E+04  9.9654E+04  8.9267E+05  4.0821E+06  4.6215E+00  2.5000E-02  1.0000E+00  9.0366E+00
 108000   1.1776E-04  5.8793E-10  2.2260E+02  3.3403E+02  2.8764E+04  6.6911E+04  9.9696E+04  8.9840E+05  4.0853E+06  4.6443E+00  2.5000E-02  1.0000E+00  9.0370E+00
 109000   1.1835E-04  5.8603E-10  2.2291E+02  3.3627E+02  2.8762E+04  6.6911E+04  9.9736E+04  9.0411E+05  4.0884E+06  4.6671E+00  2.5000E-02  1.0000E+00  9.0374E+00
 110000   1.1894E-04  5.8410E-10  2.2334E+02  3.3851E+02  2.8759E+04  6.6911E+04  9.9775E+04  9.0981E+05  4.0915E+06  4.6899E+00  2.5000E-02  1.0000E+00  9.0377E+00
 111000   1.1952E-04  5.8245E-10  2.2372E+02  3.4073E+02  2.8756E+04  6.6911E+04  9.9813E+04  9.1550E+05  4.0946E+06  4.7125E+00  2.5000E-02  1.0000E+00  9.0381E+00
 112000   1.2010E-04  5.8055E-10  2.2404E+02  3.4296E+02  2.8754E+04  6.6911E+04  9.9850E+04  9.2118E+05  4.0977E+06  4.7351E+00  2.5000E-02  1.0000E+00  9.0384E+00
 113000   1.2068E-04  5.7872E-10  2.2448E+02  3.4517E+02  2.8751E+04  6.6911E+04  9.9887E+04  9.2685E+05  4.1007E+06  4.7576E+00  2.5000E-02  1.0000E+00  9.0388E+00
 114000   1.2126E-04  5.7717E-10  2.2481E+02  3.4739E+02  2.8748E+04  6.6911E+04  9.9923E+04  9.3250E+05  4.1037E+06  4.7800E+00  2.5000E-02  1.0000E+00  9.0391E+00
 115000   1.2184E-04  5.7528E-10  2.2520E+02  3.4959E+02  2.8746E+04  6.6911E+04  9.9958E+04  9.3814E+05  4.1066E+06  4.8024E+00  2.5000E-02  1.0000E+00  9.0395E+00
 116000   1.2241E-04  5.7356E-10  2.2557E+02  3.5179E+02  2.8743E+04  6.6911E+04  9.9997E+04  9.4377E+05  4.1097E+06  4.8247E+00  2.5000E-02  1.0000E+00  9.0398E+00
 117000   1.2298E-04  5.7209E-10  2.2589E+02  3.5399E+02  2.8740E+04  6.6911E+04  1.0004E+05  9.4938E+05  4.1127E+06  4.8470E+00  2.5000E-02  1.0000E+00  9.0402E+00
 118000   1.2355E-04  5.7023E-10  2.2630E+02  3.5618E+02  2.8737E+04  6.6911E+04  1.0008E+05  9.5497E+05  4.1156E+06  4.8691E+00  2.5000E-02  1.0000E+00  9.0405E+00
 119000   1.2412E-04  5.6864E-10  2.2660E+02  3.5837E+02  2.8735E+04  6.6911E+04  1.0012E+05  9.6054E+05  4.1185E+06  4.8912E+00  2.5000E-02  1.0000E+00  9.0408E+00
 120000   1.2469E-04  5.6718E-10  2.2701E+02  3.6056E+02  2.8732E+04  6.6911E+04  1.0017E+05  9.6610E+05  4.1213E+06  4.9133E+00  2.5000E-02  1.0000E+00  9.0412E+00
 121000   1.2526E-04  5.6544E-10  2.2734E+02  3.6273E+02  2.8729E+04  6.6911E+04  1.0021E+05  9.7163E+05  4.1242E+06  4.9353E+00  2.5000E-02  1.0000E+00  9.0415E+00
 122000   1.2582E-04  5.6398E-10  2.2769E+02  3.6491E+02  2.8727E+04  6.6911E+04  1.0027E+05  9.7716E+05  4.1271E+06  4.9572E+00  2.5000E-02  1.0000E+00  9.0419E+00
 123000   1.2639E-04  5.6249E-10  2.2806E+02  3.6708E+02  2.8724E+04  6.6911E+04  1.0032E+05  9.8268E+05  4.1299E+06  4.9791E+00  2.5000E-02  1.0000E+00  9.0422E+00
 124000   1.2695E-04  5.6089E-10  2.2834E+02  3.6924E+02  2.8722E+04  6.6911E+04  1.0037E+05  9.8818E+05  4.1325E+06  5.0009E+00  2.5000E-02  1.0000E+00  9.0426E+00
 125000   1.2751E-04  5.5950E-10  2.2874E+02  3.7141E+02  2.8719E+04  6.6911E+04  1.0043E+05  9.9368E+05  4.1352E+06  5.0227E+00  2.5000E-02  1.0000E+00  9.0429E+00
 126000   1.2807E-04  5.5799E-10  2.2903E+02  3.7356E+02  2.8716E+04  6.6911E+04  1.0049E+05  9.9916E+05  4.1379E+06  5.0444E+00  2.5000E-02  1.0000E+00  9.0433E+00
 127000   1.2862E-04  5.5649E-10  2.2938E+02  3.7571E+02  2.8714E+04  6.6911E+04  1.0055E+05  1.0046E+06  4.1405E+06  5.0661E+00  2.5000E-02  1.0000E+00  9.0436E+00
 128000   1.2918E-04  5.5523E-10  2.2971E+02  3.7786E+02  2.8711E+04  6.6911E+04  1.0062E+05  1.0101E+06  4.1431E+06  5.0877E+00  2.5000E-02  1.0000E+00  9.0439E+00
 129000   1.2973E-04  5.5364E-10  2.2997E+02  3.8000E+02  2.8708E+04  6.6911E+04  1.0068E+05  1.0156E+06  4.1456E+06  5.1092E+00  2.5000E-02  1.0000E+00  9.0443E+00
 130000   1.3029E-04  5.5223E-10  2.3034E+02  3.8214E+02  2.8706E+04  6.6911E+04  1.0075E+05  1.0211E+06  4.1480E+06  5.1307E+00  2.5000E-02  1.0000E+00  9.0446E+00
 131000   1.3084E-04  5.5106E-10  2.3061E+02  3.8428E+02  2.8703E+04  6.6911E+04  1.0082E+05  1.0266E+06  4.1506E+06  5.1521E+00  2.5000E-02  1.0000E+00  9.0450E+00
 132000   1.3139E-04  5.4950E-10  2.3091E+02  3.8641E+02  2.8701E+04  6.6911E+04  1.0090E+05  1.0321E+06  4.1531E+06  5.1735E+00  2.5000E-02  1.0000E+00  9.0453E+00
 133000   1.3194E-04  5.4819E-10  2.3123E+02  3.8854E+02  2.8698E+04  6.6911E+04  1.0097E+05  1.0376E+06  4.1555E+06  5.1948E+00  2.5000E-02  1.0000E+00  9.0457E+00
 134000   1.3248E-04  5.4691E-10  2.3151E+02  3.9066E+02  2.8695E+04  6.6911E+04  1.0105E+05  1.0430E+06  4.1578E+06  5.2161E+00  2.5000E-02  1.0000E+00  9.0460E+00
 135000   1.3303E-04  5.4547E-10  2.3179E+02  3.9278E+02  2.8693E+04  6.6911E+04  1.0113E+05  1.0485E+06  4.1601E+06  5.2373E+00  2.5000E-02  1.0000E+00  9.0463E+00
 136000   1.3358E-04  5.4428E-10  2.3215E+02  3.9490E+02  2.8690E+04  6.6911E+04  1.0121E+05  1.0540E+06  4.1625E+06  5.2585E+00  2.5000E-02  1.0000E+00  9.0467E+00
 137000   1.3412E-04  5.4291E-10  2.3250E+02  3.9701E+02  2.8688E+04  6.6911E+04  1.0130E+05  1.0595E+06  4.1648E+06  5.2796E+00  2.5000E-02  1.0000E+00  9.0470E+00
 138000   1.3466E-04  5.4154E-10  2.3280E+02  3.9912E+02  2.8685E+04  6.6911E+04  1.0138E+05  1.0650E+06  4.1672E+06  5.3007E+00  2.5000E-02  1.0000E+00  9.0474E+00
 139000   1.3520E-04  5.4045E-10  2.3317E+02  4.0122E+02  2.8682E+04  6.6911E+04  1.0147E+05  1.0705E+06  4.1694E+06  5.3217E+00  2.5000E-02  1.0000E+00  9.0477E+00
 140000   1.3574E-04  5.3902E-10  2.3354E+02  4.0332E+02  2.8680E+04  6.6911E+04  1.0156E+05  1.0760E+06  4.1716E+06  5.3427E+00  2.5000E-02  1.0000E+00  9.0480E+00
 141000   1.3628E-04  5.3776E-10  2.3380E+02  4.0542E+02  2.8677E+04  6.6911E+04  1.0165E+05  1.0815E+06  4.1739E+06  5.3636E+00  2.5000E-02  1.0000E+00  9.0484E+00
 142000   1.3682E-04  5.3657E-10  2.3423E+02  4.0752E+02  2.8675E+04  6.6911E+04  1.0174E+05  1.0869E+06  4.1762E+06  5.3845E+00  2.5000E-02  1.0000E+00  9.0487E+00
 143000   1.3735E-04  5.3523E-10  2.3452E+02  4.0961E+02  2.8672E+04  6.6911E+04  1.0183E+05  1.0924E+06  4.1784E+06  5.4054E+00  2.5000E-02  1.0000E+00  9.0490E+00
 144000   1.3789E-04  5.3413E-10  2.3486E+02  4.1169E+02  2.8670E+04  6.6911E+04  1.0192E+05  1.0979E+06  4.1805E+06  5.4262E+00  2.5000E-02  1.0000E+00  9.0494E+00
 145000   1.3842E-04  5.3283E-10  2.3520E+02  4.1377E+02  2.8667E+04  6.6911E+04  1.0202E+05  1.1033E+06  4.1826E+06  5.4469E+00  2.5000E-02  1.0000E+00  9.0497E+00
 146000   1.3895E-04  5.3158E-10  2.3544E+02  4.1585E+02  2.8665E+04  6.6911E+04  1.0211E+05  1.1088E+06  4.1848E+06  5.4676E+00  2.5000E-02  1.0000E+00  9.0500E+00
 147000   1.3949E-04  5.3049E-10  2.3582E+02  4.1793E+02  2.8662E+04  6.6911E+04  1.0221E+05  1.1142E+06  4.1869E+06  5.4883E+00  2.5000E-02  1.0000E+00  9.0504E+00
 148000   1.4002E-04  5.2919E-10  2.3605E+02  4.2000E+02  2.8660E+04  6.6911E+04  1.0231E+05  1.1197E+06  4.1890E+06  5.5089E+00  2.5000E-02  1.0000E+00  9.0507E+00
 149000   1.4054E-04  5.2807E-10  2.3640E+02  4.2207E+02  2.8657E+04  6.6911E+04  1.0241E+05  1.1251E+06  4.1910E+06  5.5295E+00  2.5000E-02  1.0000E+00  9.0510E+00
 150000   1.4107E-04  5.2689E-10  2.3666E+02  4.2413E+02  2.8655E+04  6.6911E+04  1.0251E+05  1.1305E+06  4.1930E+06  5.5500E+00  2.5000E-02  1.0000E+00  9.0514E+00
 151000   1.4160E-04  5.2567E-10  2.3694E+02  4.2619E+02  2.8652E+04  6.6911E+04  1.0262E+05  1.1360E+06  4.1951E+06  5.5705E+00  2.5000E-02  1.0000E+00  9.0517E+00
 152000   1.4212E-04  5.2469E-10  2.3723E+02  4.2825E+02  2.8649E+04  6.6911E+04  1.0272E+05  1.1414E+06  4.1972E+06  5.5909E+00  2.5000E-02  1.0000E+00  9.0520E+00
 153000   1.4265E-04  5.2342E-10  2.3744E+02  4.3031E+02  2.8647E+04  6.6911E+04  1.0284E+05  1.1468E+06  4.1992E+06  5.6113E+00  2.5000E-02  1.0000E+00  9.0523E+00
 154000   1.4317E-04  5.2234E-10  2.3775E+02  4.3236E+02  2.8645E+04  6.6911E+04  1.0295E+05  1.1521E+06  4.2011E+06  5.6316E+00  2.5000E-02  1.0000E+00  9.0527E+00
 155000   1.4369E-04  5.2123E-10  2.3794E+02  4.3441E+02  2.8642E+04  6.6911E+04  1.0306E+05  1.1575E+06  4.2031E+06  5.6519E+00  2.5000E-02  1.0000E+00  9.0530E+00
 156000   1.4421E-04  5.2007E-10  2.3821E+02  4.3645E+02  2.8639E+04  6.6911E+04  1.0319E+05  1.1629E+06  4.2050E+06  5.6722E+00  2.5000E-02  1.0000E+00  9.0533E+00
 157000   1.4473E-04  5.1916E-10  2.3845E+02  4.3849E+02  2.8637E+04  6.6911E+04  1.0331E+05  1.1682E+06  4.2070E+06  5.6924E+00  2.5000E-02  1.0000E+00  9.0537E+00
 158000   1.4525E-04  5.1795E-10  2.3867E+02  4.4053E+02  2.8635E+04  6.6911E+04  1.0343E+05  1.1736E+06  4.2089E+06  5.7126E+00  2.5000E-02  1.0000E+00  9.0540E+00
 159000   1.4577E-04  5.1692E-10  2.3894E+02  4.4256E+02  2.8632E+04  6.6911E+04  1.0356E+05  1.1789E+06  4.2107E+06  5.7328E+00  2.5000E-02  1.0000E+00  9.0543E+00
 160000   1.4628E-04  5.1592E-10  2.3925E+02  4.4459E+02  2.8630E+04  6.6911E+04  1.0368E+05  1.1842E+06  4.2126E+06  5.7529E+00  2.5000E-02  1.0000E+00  9.0546E+00
 161000   1.4680E-04  5.1478E-10  2.3951E+02  4.4662E+02  2.8627E+04  6.6911E+04  1.0381E+05  1.1895E+06  4.2144E+06  5.7729E+00  2.5000E-02  1.0000E+00  9.0550E+00
 162000   1.4731E-04  5.1390E-10  2.3982E+02  4.4865E+02  2.8625E+04  6.6911E+04  1.0394E+05  1.1948E+06  4.2162E+06  5.7929E+00  2.5000E-02  1.0000E+00  9.0553E+00
 163000   1.4783E-04  5.1278E-10  2.4014E+02  4.5067E+02  2.8622E+04  6.6911E+04  1.0407E+05  1.2001E+06  4.2181E+06  5.8129E+00  2.5000E-02  1.0000E+00  9.0556E+00
 164000   1.4834E-04  5.1177E-10  2.4037E+02  4.5268E+02  2.8620E+04  6.6911E+04  1.0421E+05  1.2054E+06  4.2198E+06  5.8328E+00  2.5000E-02  1.0000E+00  9.0559E+00
 165000   1.4885E-04  5.1087E-10  2.4074E+02  4.5470E+02  2.8617E+04  6.6911E+04  1.0434E+05  1.2106E+06  4.2216E+06  5.8527E+00  2.5000E-02  1.0000E+00  9.0563E+00
 166000   1.4936E-04  5.0977E-10  2.4101E+02  4.5671E+02  2.8615E+04  6.6911E+04  1.0447E+05  1.2158E+06  4.2233E+06  5.8726E+00  2.5000E-02  1.0000E+00  9.0566E+00
 167000   1.4987E-04  5.0893E-10  2.4129E+02  4.5872E+02  2.8612E+04  6.6911E+04  1.0461E+05  1.2210E+06  4.2251E+06  5.8924E+00  2.5000E-02  1.0000E+00  9.0569E+00
 168000   1.5038E-04  5.0789E-10  2.4162E+02  4.6073E+02  2.8610E+04  6.6911E+04  1.0474E+05  1.2262E+06  4.2269E+06  5.9122E+00  2.5000E-02  1.0000E+00  9.0572E+00
 169000   1.5089E-04  5.0691E-10  2.4185E+02  4.6273E+02  2.8607E+04  6.6911E+04  1.0488E+05  1.2313E+06  4.2286E+06  5.9320E+00  2.5000E-02  1.0000E+00  9.0575E+00
 170000   1.5139E-04  5.0611E-10  2.4218E+02  4.6473E+02  2.8605E+04  6.6911E+04  1.0502E+05  1.2364E+06  4.2303E+06  5.9517E+00  2.5000E-02  1.0000E+00  9.0579E+00
 171000   1.5190E-04  5.0504E-10  2.4246E+02  4.6673E+02  2.8602E+04  6.6911E+04  1.0515E+05  1.2415E+06  4.2319E+06  5.9714E+00  2.5000E-02  1.0000E+00  9.0582E+00
 172000   1.5240E-04  5.0426E-10  2.4271E+02  4.6872E+02  2.8600E+04  6.6911E+04  1.0529E+05  1.2466E+06  4.2335E+06  5.9910E+00  2.5000E-02  1.0000E+00  9.0585E+00
 173000   1.5291E-04  5.0329E-10  2.4303E+02  4.7071E+02  2.8597E+04  6.6911E+04  1.0544E+05  1.2517E+06  4.2352E+06  6.0106E+00  2.5000E-02  1.0000E+00  9.0588E+00
 174000   1.5341E-04  5.0239E-10  2.4321E+02  4.7270E+02  2.8595E+04  6.6911E+04  1.0558E+05  1.2567E+06  4.2369E+06  6.0302E+00  2.5000E-02  1.0000E+00  9.0591E+00
 175000   1.5391E-04  5.0165E-10  2.4354E+02  4.7469E+02  2.8593E+04  6.6911E+04  1.0573E+05  1.2618E+06  4.2385E+06  6.0497E+00  2.5000E-02  1.0000E+00  9.0595E+00
 176000   1.5441E-04  5.0064E-10  2.4376E+02  4.7667E+02  2.8590E+04  6.6911E+04  1.0587E+05  1.2668E+06  4.2401E+06  6.0693E+00  2.5000E-02  1.0000E+00  9.0598E+00
 177000   1.5491E-04  4.9992E-10  2.4397E+02  4.7866E+02  2.8588E+04  6.6911E+04  1.0602E+05  1.2718E+06  4.2417E+06  6.0888E+00  2.5000E-02  1.0000E+00  9.0601E+00
 178000   1.5541E-04  4.9902E-10  2.4427E+02  4.8064E+02  2.8585E+04  6.6911E+04  1.0616E+05  1.2767E+06  4.2432E+06  6.1082E+00  2.5000E-02  1.0000E+00  9.0604E+00
 179000   1.5591E-04  4.9816E-10  2.4456E+02  4.8261E+02  2.8583E+04  6.6911E+04  1.0631E+05  1.2817E+06  4.2448E+06  6.1276E+00  2.5000E-02  1.0000E+00  9.0607E+00
 180000   1.5641E-04  4.9744E-10  2.4477E+02  4.8459E+02  2.8580E+04  6.6911E+04  1.0646E+05  1.2866E+06  4.2463E+06  6.1470E+00  2.5000E-02  1.0000E+00  9.0610E+00
 181000   1.5691E-04  4.9649E-10  2.4513E+02  4.8656E+02  2.8578E+04  6.6911E+04  1.0661E+05  1.2916E+06  4.2479E+06  6.1664E+00  2.5000E-02  1.0000E+00  9.0614E+00
 182000   1.5740E-04  4.9584E-10  2.4542E+02  4.8853E+02  2.8576E+04  6.6911E+04  1.0675E+05  1.2964E+06  4.2494E+06  6.1857E+00  2.5000E-02  1.0000E+00  9.0617E+00
 183000   1.5790E-04  4.9495E-10  2.4566E+02  4.9049E+02  2.8573E+04  6.6911E+04  1.0689E+05  1.3013E+06  4.2509E+06  6.2051E+00  2.5000E-02  1.0000E+00  9.0620E+00
 184000   1.5839E-04  4.9416E-10  2.4600E+02  4.9246E+02  2.8571E+04  6.6911E+04  1.0703E+05  1.3062E+06  4.2524E+06  6.2243E+00  2.5000E-02  1.0000E+00  9.0623E+00
 185000   1.5889E-04  4.9346E-10  2.4621E+02  4.9442E+02  2.8568E+04  6.6911E+04  1.0718E+05  1.3110E+06  4.2538E+06  6.2436E+00  2.5000E-02  1.0000E+00  9.0626E+00
 186000   1.5938E-04  4.9256E-10  2.4654E+02  4.9638E+02  2.8566E+04  6.6911E+04  1.0732E+05  1.3158E+06  4.2553E+06  6.2628E+00  2.5000E-02  1.0000E+00  9.0629E+00
 187000   1.5987E-04  4.9199E-10  2.4680E+02  4.9834E+02  2.8564E+04  6.6911E+04  1.0746E+05  1.3206E+06  4.2568E+06  6.2820E+00  2.5000E-02  1.0000E+00  9.0632E+00
 188000   1.6036E-04  4.9109E-10  2.4705E+02  5.0029E+02  2.8561E+04  6.6911E+04  1.0759E+05  1.3253E+06  4.2581E+06  6.3011E+00  2.5000E-02  1.0000E+00  9.0636E+00
 189000   1.6085E-04  4.9037E-10  2.4736E+02  5.0224E+02  2.8559E+04  6.6911E+04  1.0772E+05  1.3301E+06  4.2595E+06  6.3202E+00  2.5000E-02  1.0000E+00  9.0639E+00
 190000   1.6134E-04  4.8968E-10  2.4753E+02  5.0419E+02  2.8556E+04  6.6911E+04  1.0786E+05  1.3348E+06  4.2609E+06  6.3393E+00  2.5000E-02  1.0000E+00  9.0642E+00
 191000   1.6183E-04  4.8884E-10  2.4789E+02  5.0614E+02  2.8554E+04  6.6911E+04  1.0799E+05  1.3395E+06  4.2622E+06  6.3584E+00  2.5000E-02  1.0000E+00  9.0645E+00
 192000   1.6232E-04  4.8831E-10  2.4811E+02  5.0809E+02  2.8552E+04  6.6911E+04  1.0813E+05  1.3442E+06  4.2636E+06  6.3774E+00  2.5000E-02  1.0000E+00  9.0648E+00
 193000   1.6281E-04  4.8742E-10  2.4841E+02  5.1003E+02  2.8549E+04  6.6911E+04  1.0825E+05  1.3488E+06  4.2649E+06  6.3965E+00  2.5000E-02  1.0000E+00  9.0651E+00
 194000   1.6330E-04  4.8678E-10  2.4867E+02  5.1197E+02  2.8547E+04  6.6911E+04  1.0838E+05  1.3534E+06  4.2661E+06  6.4154E+00  2.5000E-02  1.0000E+00  9.0654E+00
 195000   1.6378E-04  4.8607E-10  2.4890E+02  5.1391E+02  2.8544E+04  6.6911E+04  1.0850E+05  1.3580E+06  4.2674E+06  6.4344E+00  2.5000E-02  1.0000E+00  9.0657E+00
 196000   1.6427E-04  4.8531E-10  2.4921E+02  5.1584E+02  2.8542E+04  6.6911E+04  1.0863E+05  1.3626E+06  4.2686E+06  6.4533E+00  2.5000E-02  1.0000E+00  9.0660E+00
 197000   1.6475E-04  4.8476E-10  2.4939E+02  5.1778E+02  2.8540E+04  6.6911E+04  1.0875E+05  1.3671E+06  4.2700E+06  6.4722E+00  2.5000E-02  1.0000E+00  9.0664E+00
 198000   1.6524E-04  4.8393E-10  2.4973E+02  5.1971E+02  2.8537E+04  6.6911E+04  1.0888E+05  1.3716E+06  4.2712E+06  6.4911E+00  2.5000E-02  1.0000E+00  9.0667E+00
 199000   1.6572E-04  4.8336E-10  2.4994E+02  5.2164E+02  2.8535E+04  6.6911E+04  1.0899E+05  1.3761E+06  4.2724E+06  6.5099E+00  2.5000E-02  1.0000E+00  9.0670E+00
 200000   1.6620E-04  4.8263E-10  2.5024E+02  5.2357E+02  2.8532E+04  6.6911E+04  1.0911E+05  1.3806E+06  4.2736E+06  6.5287E+00  2.5000E-02  1.0000E+00  9.0673E+00
 201000   1.6669E-04  4.8194E-10  2.5049E+02  5.2549E+02  2.8530E+04  6.6911E+04  1.0922E+05  1.3850E+06  4.2748E+06  6.5475E+00  2.5000E-02  1.0000E+00  9.0676E+00
 202000   1.6717E-04  4.8138E-10  2.5074E+02  5.2742E+02  2.8528E+04  6.6911E+04  1.0934E+05  1.3894E+06  4.2760E+06  6.5663E+00  2.5000E-02  1.0000E+00  9.0679E+00
 203000   1.6765E-04  4.8061E-10  2.5101E+02  5.2934E+02  2.8525E+04  6.6911E+04  1.0946E+05  1.3938E+06  4.2772E+06  6.5851E+00  2.5000E-02  1.0000E+00  9.0682E+00
 204000   1.6813E-04  4.8011E-10  2.5122E+02  5.3126E+02  2.8523E+04  6.6911E+04  1.0957E+05  1.3981E+06  4.2784E+06  6.6038E+00  2.5000E-02  1.0000E+00  9.0685E+00
 205000   1.6861E-04  4.7935E-10  2.5152E+02  5.3318E+02  2.8520E+04  6.6911E+04  1.0968E+05  1.4024E+06  4.2795E+06  6.6225E+00  2.5000E-02  1.0000E+00  9.0688E+00
 206000   1.6909E-04  4.7876E-10  2.5169E+02  5.3510E+02  2.8518E+04  6.6911E+04  1.0979E+05  1.4067E+06  4.2805E+06  6.6412E+00  2.5000E-02  1.0000E+00  9.0691E+00
 207000   1.6957E-04  4.7818E-10  2.5202E+02  5.3702E+02  2.8516E+04  6.6911E+04  1.0990E+05  1.4110E+06  4.2816E+06  6.6599E+00  2.5000E-02  1.0000E+00  9.0694E+00
 208000   1.7004E-04  4.7747E-10  2.5219E+02  5.3893E+02  2.8513E+04  6.6911E+04  1.1002E+05  1.4152E+06  4.2828E+06  6.6786E+00  2.5000E-02  1.0000E+00  9.0697E+00
 209000   1.7052E-04  4.7702E-10  2.5248E+02  5.4084E+02  2.8511E+04  6.6911E+04  1.1013E+05  1.4195E+06  4.2839E+06  6.6972E+00  2.5000E-02  1.0000E+00  9.0700E+00
 210000   1.7100E-04  4.7628E-10  2.5268E+02  5.4275E+02  2.8509E+04  6.6911E+04  1.1025E+05  1.4237E+06  4.2850E+06  6.7158E+00  2.5000E-02  1.0000E+00  9.0704E+00
 211000   1.7147E-04  4.7576E-10  2.5291E+02  5.4466E+02  2.8506E+04  6.6911E+04  1.1036E+05  1.4278E+06  4.2860E+06  6.7344E+00  2.5000E-02  1.0000E+00  9.0707E+00
 212000   1.7195E-04  4.7516E-10  2.5315E+02  5.4656E+02  2.8504E+04  6.6911E+04  1.1047E+05  1.4320E+06  4.2870E+06  6.7529E+00  2.5000E-02  1.0000E+00  9.0710E+00
 213000   1.7242E-04  4.7452E-10  2.5331E+02  5.4847E+02  2.8502E+04  6.6911E+04  1.1058E+05  1.4361E+06  4.2881E+06  6.7714E+00  2.5000E-02  1.0000E+00  9.0713E+00
 214000   1.7290E-04  4.7407E-10  2.5358E+02  5.5037E+02  2.8499E+04  6.6911E+04  1.1070E+05  1.4403E+06  4.2892E+06  6.7899E+00  2.5000E-02  1.0000E+00  9.0716E+00
 215000   1.7337E-04  4.7338E-10  2.5370E+02  5.5227E+02  2.8497E+04  6.6911E+04  1.1082E+05  1.4444E+06  4.2903E+06  6.8084E+00  2.5000E-02  1.0000E+00  9.0719E+00
 216000   1.7385E-04  4.7296E-10  2.5397E+02  5.5417E+02  2.8495E+04  6.6911E+04  1.1093E+05  1.4484E+06  4.2913E+06  6.8269E+00  2.5000E-02  1.0000E+00  9.0722E+00
 217000   1.7432E-04  4.7232E-10  2.5413E+02  5.5606E+02  2.8492E+04  6.6911E+04  1.1104E+05  1.4525E+06  4.2922E+06  6.8454E+00  2.5000E-02  1.0000E+00  9.0725E+00
 218000   1.7479E-04  4.7176E-10  2.5434E+02  5.5796E+02  2.8490E+04  6.6911E+04  1.1116E+05  1.4565E+06  4.2932E+06  6.8638E+00  2.5000E-02  1.0000E+00  9.0728E+00
 219000   1.7526E-04  4.7129E-10  2.5453E+02  5.5985E+02  2.8487E+04  6.6911E+04  1.1128E+05  1.4605E+06  4.2943E+06  6.8822E+00  2.5000E-02  1.0000E+00  9.0731E+00
 220000   1.7573E-04  4.7066E-10  2.5468E+02  5.6175E+02  2.8485E+04  6.6911E+04  1.1140E+05  1.4645E+06  4.2954E+06  6.9006E+00  2.5000E-02  1.0000E+00  9.0734E+00
 221000   1.7620E-04  4.7029E-10  2.5491E+02  5.6364E+02  2.8483E+04  6.6911E+04  1.1151E+05  1.4684E+06  4.2964E+06  6.9190E+00  2.5000E-02  1.0000E+00  9.0737E+00
 222000   1.7667E-04  4.6966E-10  2.5501E+02  5.6553E+02  2.8481E+04  6.6911E+04  1.1164E+05  1.4724E+06  4.2974E+06  6.9374E+00  2.5000E-02  1.0000E+00  9.0740E+00
 223000   1.7714E-04  4.6920E-10  2.5527E+02  5.6742E+02  2.8478E+04  6.6911E+04  1.1175E+05  1.4763E+06  4.2983E+06  6.9557E+00  2.5000E-02  1.0000E+00  9.0743E+00
 224000   1.7761E-04  4.6870E-10  2.5540E+02  5.6931E+02  2.8476E+04  6.6911E+04  1.1187E+05  1.4802E+06  4.2993E+06  6.9740E+00  2.5000E-02  1.0000E+00  9.0746E+00
 225000   1.7808E-04  4.6813E-10  2.5560E+02  5.7119E+02  2.8474E+04  6.6911E+04  1.1199E+05  1.4841E+06  4.3004E+06  6.9924E+00  2.5000E-02  1.0000E+00  9.0749E+00
 226000   1.7855E-04  4.6774E-10  2.5580E+02  5.7308E+02  2.8471E+04  6.6911E+04  1.1210E+05  1.4879E+06  4.3014E+06  7.0107E+00  2.5000E-02  1.0000E+00  9.0752E+00
slurmstepd: error: *** STEP 5293239.1 ON c1108 CANCELLED AT 2025-10-20T23:58:24 DUE TO TIME LIMIT ***
