1 CPUs
HOSTNAME = c4305
USER = tranchau
Simple Linux Utility for Resource Management (SLURM) job
SLURM_NODELIST = c4305
SLURM_TASKS_PER_NODE = 1
Mahti - CSC, Kajaani, Finland
Running job: 5293408
Non-MPI version
datadir = data
-- DEBUG CONFIG --
$mpi            =  <0>
$ncpus          =  <1>
$npops          =  <>
$local_disc     =  <0>
$one_local_disc =  <0>
$remote_top     =  <0>
$local_binary   =  <0>
$datadir        =  <data>
$SCRATCH_DIR    =  </scratch/pencil-2444253>
$hn             =  <c4305.mahti.csc.fi>
$masterhost     =  <>
$mpirun         =  <>
$mpirunops      =  <>
$mpirunops2     =  <>
$x_ops          =  <>
$NODELIST       =  <c4305>
$SSH            =  <ssh>
$SCP            =  <scp>
$PARENT_PID     =  <2444253>
$copysnapshots  =  <copy-snapshots>
$particles      =  <0>
$pointmasses    =  <0>
--
Revision: 

Tue Oct 21 00:23:07 EEST 2025
    src/run.x 
SVN: -------            v.         (                   ) $Id$
SVN: -------            v.         (                   )                    
SVN: -------            v.         (                   )                    
WARNING:  run: quad precision suppressed!
SVN: -------            v.         (                   ) $Id$
SVN: -------            v.         (                   ) $Id$
SVN: -------            v.         (                   ) $Id$
SVN: -------            v.         (                   ) $Id$
SVN: -------            v.         (                   ) $Id$
SVN: -------            v.         (                   ) $Id$
SVN: -------            v.         (                   ) $Id$
SVN: -------            v.         (                   ) $Id$
SVN: -------            v.         (                   ) $Id$
SVN: -------            v.         (                   ) $Id$
SVN: -------            v.         (                   ) $Id$
SVN: -------            v.         (                   ) $Id$
SVN: -------            v.         (                   ) $Id$
SVN: -------            v.         (                   ) $Id$
SVN: -------            v.         (                   ) $Id$
SVN: -------            v.         (                   ) $Id$
SVN: -------            v.         (                   ) $Id$
SVN: -------            v.         (                   ) $Id$
SVN: -------            v.         (                   ) $Id$
SVN: -------            v.         (                   ) $Id$
SVN: -------            v.         (                   ) $Id$
SVN: -------            v.         (                   ) $Id$
SVN: -------            v.         (                   ) $Id$
SVN: -------            v.         (                   ) $Id$
SVN: -------            v.         (                   ) $Id$
SVN: -------            v.         (                   ) $Id$
SVN: -------            v.         (                   ) $Id$
SVN: -------            v.         (                   ) $Id$
SVN: -------            v.         (                   ) $Id$
 The verbose level is ip=          14  (ldebug= F )
 This is a 1-D run
 nxgrid, nygrid, nzgrid=        4000           1           1
 Lx, Ly, Lz=   1.00000000       1.00000000       1.00000000    
       Vbox=   1.00000000    
 rsnap: read snapshot var.dat in    0.0000000000000000       seconds
 setup_slices: slice_position = p
 setup_slices: ix_loc,iy_loc,iz_loc, (video files) = 4 4 4                                                                           
 units_general: unit_velocity=   97781.229948950713     
 units_general: unit_density=   1.6737236000000002E-024
 units_general: unit_length=   3.0856775800000002E+021
 units_general: unit_magnetic=   4.4843790064030054E-007
 units_eos: unit_temperature=   68.996576501564562     
 units_eos: cp, lnTT0, cs0, pp0, Rgas=   1.50000000       1.19209282E-07   1.00000000      0.600000083      0.600000024    
 alpha_fine =   7.2973525643000000E-003
 sigma_Thomson_cgs =   6.6524587321600003E-025
 diffusion: shock diffusion
WARNING:  initialize_density: set lgamma_is_1=F if gamma/=1 with entropy!
 initialize_density: no need to read initial stratification for lanti_shockdiffusion=F.
 select_eos_variable: Using rho and ss
 initialize_energy: nheatc_max,iheatcond=           4 shock                                   nothing                                 nothing                                 nothing                                 
 heat conduction: shock
 viscous force: nu_shock*(XXXXXXXXXXX)
 pencil_consistency_check: checking pencil case
 pencil_consistency_check: checking requested pencils
 pencil_consistency_check: performing small pencil check
 pencil_consistency_check: the small pencil check reported no problems
 pencil_consistency_check: checking dependence on pencil initialization
 pencil_consistency_check: results are independent of pencil initialization
 pencil_consistency_check: checking diagnostics pencils
 pencil_consistency_check: performing small pencil check
 pencil_consistency_check: the small pencil check reported no problems
 pencil_consistency_check: set lpencil_check_diagnos_opti=T in run.in to report
 pencil_consistency_check: optimisation possibilities for diagnostics pencils
 pencil_consistency_check: checking dependence on pencil initialization
 pencil_consistency_check: diagnostics are independent of pencil initialization
 pencil_consistency_check: all tests passed
 pde: ENTER
SVN: -------            v.         (                   ) $Id$
 calc_pencils_energy: max(advec_cs2) =   1.07003314E+12
 duu_dt: SOLVE
Bcs for         ux,  x: <       a>, y: <       p>,  z: <       p>
Bcs for         uy,  x: <       s>, y: <       p>,  z: <       p>
Bcs for         uz,  x: <       s>, y: <       p>,  z: <       p>
 duu_dt: max(advec_uu) =   0.00000000    
 dlnrho_dt: SOLVE
Bcs for      lnrho,  x: <       s>, y: <       p>,  z: <       p>
 dlnrho_dt: diffrho_shock=   1.00000000    
 dlnrho_dt: max(diffus_diffrho ) =   0.00000000    
 dlnrho_dt: max(diffus_diffrho3) =   0.00000000    
 denergy_dt: SOLVE denergy_dt
Bcs for         ss,  x: <       s>, y: <       p>,  z: <       p>
 denergy_dt: lnTT,cs2,cp1=   11.1111116       66910.5312       1.17283905    
 calc_heatcond_shock: use shock diffusion
 calc_heatcond_shock: chi_shock=   1.00000000    
 calc_heatcond_shock: added thdiff

 ---it--------t-----------dt---------umax--------ekin--------ethm-------TTmax--------epsK-----visc_heatm----pdivum-------ruxm-------rhomin------rhomax-------ssm-----
      0   0.0000E+00  4.8336E-09  0.0000E+00  0.0000E+00  2.9153E+04  6.6911E+04  0.0000E+00  0.0000E+00  0.0000E+00  0.0000E+00  2.5000E-02  1.0000E+00  9.0000E+00
   1000   4.8336E-06  4.8336E-09  1.6510E+01  1.0464E+00  2.9152E+04  6.6911E+04  1.7915E+01  7.4569E+01  4.3198E+05  1.9396E-01  2.5000E-02  1.0000E+00  9.0000E+00
   2000   9.6672E-06  4.8336E-09  3.2849E+01  4.1579E+00  2.9148E+04  6.6911E+04  2.4212E+02  1.0085E+03  8.5270E+05  3.8792E-01  2.5000E-02  1.0000E+00  9.0001E+00
   3000   1.4335E-05  4.0481E-09  4.8368E+01  9.0498E+00  2.9143E+04  6.6911E+04  1.0631E+03  4.4262E+03  1.2394E+06  5.7522E-01  2.5000E-02  1.0000E+00  9.0003E+00
   4000   1.7766E-05  2.9541E-09  5.9581E+01  1.3766E+01  2.9138E+04  6.6911E+04  2.3718E+03  9.8652E+03  1.5073E+06  7.1288E-01  2.5000E-02  1.0000E+00  9.0006E+00
   5000   2.0411E-05  2.3862E-09  6.8235E+01  1.8016E+01  2.9134E+04  6.6911E+04  3.9766E+03  1.6516E+04  1.7030E+06  8.1903E-01  2.5000E-02  1.0000E+00  9.0008E+00
   6000   2.2609E-05  2.0341E-09  7.5256E+01  2.1932E+01  2.9130E+04  6.6911E+04  5.8119E+03  2.4092E+04  1.8579E+06  9.0723E-01  2.5000E-02  1.0000E+00  9.0009E+00
   7000   2.4517E-05  1.7942E-09  8.1675E+01  2.5601E+01  2.9126E+04  6.6911E+04  7.8280E+03  3.2414E+04  1.9865E+06  9.8379E-01  2.5000E-02  1.0000E+00  9.0011E+00
   8000   2.6219E-05  1.6181E-09  8.7130E+01  2.9079E+01  2.9122E+04  6.6911E+04  1.0022E+04  4.1422E+04  2.0965E+06  1.0521E+00  2.5000E-02  1.0000E+00  9.0013E+00
   9000   2.7766E-05  1.4818E-09  9.1638E+01  3.2399E+01  2.9119E+04  6.6911E+04  1.2329E+04  5.0938E+04  2.1926E+06  1.1142E+00  2.5000E-02  1.0000E+00  9.0015E+00
  10000   2.9191E-05  1.3721E-09  9.5892E+01  3.5586E+01  2.9115E+04  6.6911E+04  1.4692E+04  6.0815E+04  2.2776E+06  1.1714E+00  2.5000E-02  1.0000E+00  9.0017E+00
  11000   3.0517E-05  1.2821E-09  1.0007E+02  3.8659E+01  2.9112E+04  6.6911E+04  1.7113E+04  7.1043E+04  2.3540E+06  1.2246E+00  2.5000E-02  1.0000E+00  9.0019E+00
  12000   3.1761E-05  1.2067E-09  1.0363E+02  4.1631E+01  2.9108E+04  6.6911E+04  1.9670E+04  8.1750E+04  2.4234E+06  1.2745E+00  2.5000E-02  1.0000E+00  9.0021E+00
  13000   3.2934E-05  1.1418E-09  1.0667E+02  4.4513E+01  2.9105E+04  6.6911E+04  2.2302E+04  9.2787E+04  2.4864E+06  1.3215E+00  2.5000E-02  1.0000E+00  9.0022E+00
  14000   3.4047E-05  1.0857E-09  1.1010E+02  4.7316E+01  2.9102E+04  6.6911E+04  2.4909E+04  1.0394E+05  2.5442E+06  1.3662E+00  2.5000E-02  1.0000E+00  9.0024E+00
  15000   3.5108E-05  1.0373E-09  1.1322E+02  5.0045E+01  2.9099E+04  6.6911E+04  2.7556E+04  1.1534E+05  2.5978E+06  1.4088E+00  2.5000E-02  1.0000E+00  9.0026E+00
  16000   3.6123E-05  9.9403E-10  1.1599E+02  5.2710E+01  2.9096E+04  6.6911E+04  3.0241E+04  1.2696E+05  2.6475E+06  1.4495E+00  2.5000E-02  1.0000E+00  9.0028E+00
  17000   3.7098E-05  9.5555E-10  1.1840E+02  5.5315E+01  2.9093E+04  6.6911E+04  3.2994E+04  1.3884E+05  2.6937E+06  1.4886E+00  2.5000E-02  1.0000E+00  9.0029E+00
  18000   3.8036E-05  9.2133E-10  1.2073E+02  5.7865E+01  2.9091E+04  6.6911E+04  3.5764E+04  1.5089E+05  2.7369E+06  1.5263E+00  2.5000E-02  1.0000E+00  9.0031E+00
  19000   3.8941E-05  8.8985E-10  1.2337E+02  6.0363E+01  2.9088E+04  6.6911E+04  3.8530E+04  1.6304E+05  2.7776E+06  1.5626E+00  2.5000E-02  1.0000E+00  9.0033E+00
  20000   3.9817E-05  8.6171E-10  1.2572E+02  6.2814E+01  2.9085E+04  6.6911E+04  4.1304E+04  1.7531E+05  2.8159E+06  1.5977E+00  2.5000E-02  1.0000E+00  9.0035E+00
  21000   4.0665E-05  8.3537E-10  1.2787E+02  6.5221E+01  2.9082E+04  6.6911E+04  4.4096E+04  1.8770E+05  2.8519E+06  1.6318E+00  2.5000E-02  1.0000E+00  9.0037E+00
  22000   4.1488E-05  8.1123E-10  1.2996E+02  6.7584E+01  2.9080E+04  6.6911E+04  4.6884E+04  2.0018E+05  2.8858E+06  1.6648E+00  2.5000E-02  1.0000E+00  9.0038E+00
  23000   4.2289E-05  7.8942E-10  1.3201E+02  6.9909E+01  2.9077E+04  6.6911E+04  4.9676E+04  2.1276E+05  2.9180E+06  1.6969E+00  2.5000E-02  1.0000E+00  9.0040E+00
  24000   4.3068E-05  7.6977E-10  1.3393E+02  7.2197E+01  2.9075E+04  6.6911E+04  5.2478E+04  2.2543E+05  2.9486E+06  1.7282E+00  2.5000E-02  1.0000E+00  9.0042E+00
  25000   4.3828E-05  7.5102E-10  1.3579E+02  7.4451E+01  2.9072E+04  6.6911E+04  5.5280E+04  2.3819E+05  2.9777E+06  1.7587E+00  2.5000E-02  1.0000E+00  9.0044E+00
  26000   4.4571E-05  7.3427E-10  1.3755E+02  7.6675E+01  2.9070E+04  6.6911E+04  5.8079E+04  2.5101E+05  3.0054E+06  1.7885E+00  2.5000E-02  1.0000E+00  9.0046E+00
  27000   4.5297E-05  7.1822E-10  1.3936E+02  7.8869E+01  2.9067E+04  6.6911E+04  6.0875E+04  2.6389E+05  3.0318E+06  1.8176E+00  2.5000E-02  1.0000E+00  9.0047E+00
  28000   4.6008E-05  7.0331E-10  1.4099E+02  8.1035E+01  2.9065E+04  6.6911E+04  6.3666E+04  2.7682E+05  3.0569E+06  1.8461E+00  2.5000E-02  1.0000E+00  9.0049E+00
  29000   4.6704E-05  6.8973E-10  1.4269E+02  8.3174E+01  2.9062E+04  6.6911E+04  6.6447E+04  2.8979E+05  3.0811E+06  1.8741E+00  2.5000E-02  1.0000E+00  9.0051E+00
  30000   4.7387E-05  6.7618E-10  1.4421E+02  8.5288E+01  2.9060E+04  6.6911E+04  6.9214E+04  3.0280E+05  3.1042E+06  1.9015E+00  2.5000E-02  1.0000E+00  9.0053E+00
  31000   4.8057E-05  6.6400E-10  1.4575E+02  8.7378E+01  2.9058E+04  6.6911E+04  7.1971E+04  3.1584E+05  3.1263E+06  1.9283E+00  2.5000E-02  1.0000E+00  9.0055E+00
  32000   4.8715E-05  6.5253E-10  1.4721E+02  8.9444E+01  2.9055E+04  6.6911E+04  7.4720E+04  3.2891E+05  3.1475E+06  1.9547E+00  2.5000E-02  1.0000E+00  9.0057E+00
  33000   4.9363E-05  6.4157E-10  1.4858E+02  9.1490E+01  2.9053E+04  6.6911E+04  7.7462E+04  3.4202E+05  3.1679E+06  1.9807E+00  2.5000E-02  1.0000E+00  9.0058E+00
  34000   4.9999E-05  6.3106E-10  1.4999E+02  9.3514E+01  2.9051E+04  6.6911E+04  8.0193E+04  3.5515E+05  3.1876E+06  2.0062E+00  2.5000E-02  1.0000E+00  9.0060E+00
  35000   5.0625E-05  6.2131E-10  1.5124E+02  9.5518E+01  2.9048E+04  6.6911E+04  8.2916E+04  3.6830E+05  3.2066E+06  2.0313E+00  2.5000E-02  1.0000E+00  9.0062E+00
  36000   5.1242E-05  6.1215E-10  1.5255E+02  9.7503E+01  2.9046E+04  6.6911E+04  8.5623E+04  3.8146E+05  3.2250E+06  2.0561E+00  2.5000E-02  1.0000E+00  9.0064E+00
  37000   5.1849E-05  6.0277E-10  1.5375E+02  9.9469E+01  2.9044E+04  6.6911E+04  8.8313E+04  3.9463E+05  3.2427E+06  2.0804E+00  2.5000E-02  1.0000E+00  9.0066E+00
  38000   5.2448E-05  5.9459E-10  1.5502E+02  1.0142E+02  2.9042E+04  6.6911E+04  9.0978E+04  4.0777E+05  3.2597E+06  2.1045E+00  2.5000E-02  1.0000E+00  9.0068E+00
  39000   5.3038E-05  5.8632E-10  1.5617E+02  1.0335E+02  2.9040E+04  6.6911E+04  9.3625E+04  4.2091E+05  3.2762E+06  2.1281E+00  2.5000E-02  1.0000E+00  9.0070E+00
  40000   5.3621E-05  5.7849E-10  1.5744E+02  1.0526E+02  2.9037E+04  6.6911E+04  9.6250E+04  4.3401E+05  3.2921E+06  2.1515E+00  2.5000E-02  1.0000E+00  9.0072E+00
  41000   5.4195E-05  5.7095E-10  1.5854E+02  1.0716E+02  2.9035E+04  6.6911E+04  9.8852E+04  4.4711E+05  3.3075E+06  2.1746E+00  2.5000E-02  1.0000E+00  9.0074E+00
  42000   5.4763E-05  5.6400E-10  1.5972E+02  1.0904E+02  2.9033E+04  6.6911E+04  1.0143E+05  4.6018E+05  3.3224E+06  2.1973E+00  2.5000E-02  1.0000E+00  9.0076E+00
  43000   5.5323E-05  5.5697E-10  1.6079E+02  1.1091E+02  2.9031E+04  6.6911E+04  1.0400E+05  4.7322E+05  3.3368E+06  2.2198E+00  2.5000E-02  1.0000E+00  9.0078E+00
  44000   5.5877E-05  5.5073E-10  1.6184E+02  1.1277E+02  2.9029E+04  6.6911E+04  1.0654E+05  4.8623E+05  3.3506E+06  2.2420E+00  2.5000E-02  1.0000E+00  9.0079E+00
  45000   5.6424E-05  5.4432E-10  1.6290E+02  1.1461E+02  2.9027E+04  6.6911E+04  1.0906E+05  4.9923E+05  3.3640E+06  2.2639E+00  2.5000E-02  1.0000E+00  9.0081E+00
  46000   5.6966E-05  5.3833E-10  1.6384E+02  1.1643E+02  2.9025E+04  6.6911E+04  1.1156E+05  5.1220E+05  3.3770E+06  2.2857E+00  2.5000E-02  1.0000E+00  9.0083E+00
  47000   5.7501E-05  5.3239E-10  1.6489E+02  1.1825E+02  2.9023E+04  6.6911E+04  1.1404E+05  5.2511E+05  3.3896E+06  2.3071E+00  2.5000E-02  1.0000E+00  9.0085E+00
  48000   5.8031E-05  5.2684E-10  1.6582E+02  1.2005E+02  2.9021E+04  6.6911E+04  1.1650E+05  5.3799E+05  3.4019E+06  2.3284E+00  2.5000E-02  1.0000E+00  9.0087E+00
  49000   5.8555E-05  5.2140E-10  1.6675E+02  1.2184E+02  2.9018E+04  6.6911E+04  1.1893E+05  5.5084E+05  3.4139E+06  2.3494E+00  2.5000E-02  1.0000E+00  9.0089E+00
  50000   5.9073E-05  5.1615E-10  1.6769E+02  1.2361E+02  2.9016E+04  6.6911E+04  1.2135E+05  5.6365E+05  3.4256E+06  2.3702E+00  2.5000E-02  1.0000E+00  9.0091E+00
  51000   5.9587E-05  5.1104E-10  1.6854E+02  1.2538E+02  2.9014E+04  6.6911E+04  1.2375E+05  5.7642E+05  3.4369E+06  2.3908E+00  2.5000E-02  1.0000E+00  9.0093E+00
  52000   6.0096E-05  5.0643E-10  1.6947E+02  1.2713E+02  2.9012E+04  6.6911E+04  1.2614E+05  5.8916E+05  3.4479E+06  2.4113E+00  2.5000E-02  1.0000E+00  9.0095E+00
  53000   6.0600E-05  5.0160E-10  1.7031E+02  1.2888E+02  2.9010E+04  6.6911E+04  1.2850E+05  6.0187E+05  3.4586E+06  2.4315E+00  2.5000E-02  1.0000E+00  9.0097E+00
  54000   6.1099E-05  4.9695E-10  1.7116E+02  1.3061E+02  2.9009E+04  6.6911E+04  1.3084E+05  6.1453E+05  3.4690E+06  2.4515E+00  2.5000E-02  1.0000E+00  9.0099E+00
  55000   6.1594E-05  4.9273E-10  1.7198E+02  1.3233E+02  2.9007E+04  6.6911E+04  1.3317E+05  6.2714E+05  3.4792E+06  2.4713E+00  2.5000E-02  1.0000E+00  9.0101E+00
  56000   6.2085E-05  4.8874E-10  1.7283E+02  1.3404E+02  2.9005E+04  6.6911E+04  1.3548E+05  6.3973E+05  3.4891E+06  2.4910E+00  2.5000E-02  1.0000E+00  9.0103E+00
  57000   6.2571E-05  4.8461E-10  1.7363E+02  1.3574E+02  2.9003E+04  6.6911E+04  1.3777E+05  6.5228E+05  3.4987E+06  2.5105E+00  2.5000E-02  1.0000E+00  9.0105E+00
  58000   6.3054E-05  4.8060E-10  1.7446E+02  1.3744E+02  2.9001E+04  6.6911E+04  1.4005E+05  6.6480E+05  3.5081E+06  2.5299E+00  2.5000E-02  1.0000E+00  9.0108E+00
  59000   6.3533E-05  4.7681E-10  1.7524E+02  1.3912E+02  2.8999E+04  6.6911E+04  1.4231E+05  6.7729E+05  3.5173E+06  2.5491E+00  2.5000E-02  1.0000E+00  9.0110E+00
  60000   6.4008E-05  4.7305E-10  1.7606E+02  1.4080E+02  2.8997E+04  6.6911E+04  1.4455E+05  6.8970E+05  3.5262E+06  2.5681E+00  2.5000E-02  1.0000E+00  9.0112E+00
  61000   6.4479E-05  4.6962E-10  1.7684E+02  1.4246E+02  2.8995E+04  6.6911E+04  1.4678E+05  7.0212E+05  3.5350E+06  2.5870E+00  2.5000E-02  1.0000E+00  9.0114E+00
  62000   6.4947E-05  4.6593E-10  1.7759E+02  1.4412E+02  2.8993E+04  6.6911E+04  1.4899E+05  7.1448E+05  3.5435E+06  2.6058E+00  2.5000E-02  1.0000E+00  9.0116E+00
  63000   6.5411E-05  4.6270E-10  1.7840E+02  1.4577E+02  2.8991E+04  6.6911E+04  1.5117E+05  7.2679E+05  3.5518E+06  2.6244E+00  2.5000E-02  1.0000E+00  9.0118E+00
  64000   6.5872E-05  4.5925E-10  1.7908E+02  1.4742E+02  2.8989E+04  6.6911E+04  1.5333E+05  7.3905E+05  3.5600E+06  2.6429E+00  2.5000E-02  1.0000E+00  9.0120E+00
  65000   6.6329E-05  4.5591E-10  1.7990E+02  1.4905E+02  2.8987E+04  6.6911E+04  1.5547E+05  7.5124E+05  3.5680E+06  2.6613E+00  2.5000E-02  1.0000E+00  9.0122E+00
  66000   6.6784E-05  4.5280E-10  1.8061E+02  1.5068E+02  2.8986E+04  6.6911E+04  1.5758E+05  7.6337E+05  3.5759E+06  2.6795E+00  2.5000E-02  1.0000E+00  9.0124E+00
  67000   6.7235E-05  4.4972E-10  1.8136E+02  1.5230E+02  2.8984E+04  6.6911E+04  1.5968E+05  7.7545E+05  3.5835E+06  2.6976E+00  2.5000E-02  1.0000E+00  9.0126E+00
slurmstepd: error: *** STEP 5293408.1 ON c4305 CANCELLED AT 2025-10-21T00:37:03 DUE TO TIME LIMIT ***
