1 CPUs
HOSTNAME = c1108
USER = tranchau
Simple Linux Utility for Resource Management (SLURM) job
SLURM_NODELIST = c1108
SLURM_TASKS_PER_NODE = 1
Mahti - CSC, Kajaani, Finland
Running job: 5293235
Non-MPI version
datadir = data
-- DEBUG CONFIG --
$mpi            =  <0>
$ncpus          =  <1>
$npops          =  <>
$local_disc     =  <0>
$one_local_disc =  <0>
$remote_top     =  <0>
$local_binary   =  <0>
$datadir        =  <data>
$SCRATCH_DIR    =  </scratch/pencil-321249>
$hn             =  <c1108.mahti.csc.fi>
$masterhost     =  <>
$mpirun         =  <>
$mpirunops      =  <>
$mpirunops2     =  <>
$x_ops          =  <>
$NODELIST       =  <c1108>
$SSH            =  <ssh>
$SCP            =  <scp>
$PARENT_PID     =  <321249>
$copysnapshots  =  <copy-snapshots>
$particles      =  <0>
$pointmasses    =  <0>
--
Revision: 

Mon Oct 20 23:44:28 EEST 2025
    src/run.x 
SVN: -------            v.         (                   ) $Id$
SVN: -------            v.         (                   )                    
SVN: -------            v.         (                   )                    
WARNING:  run: quad precision suppressed!
SVN: -------            v.         (                   ) $Id$
SVN: -------            v.         (                   ) $Id$
SVN: -------            v.         (                   ) $Id$
SVN: -------            v.         (                   ) $Id$
SVN: -------            v.         (                   ) $Id$
SVN: -------            v.         (                   ) $Id$
SVN: -------            v.         (                   ) $Id$
SVN: -------            v.         (                   ) $Id$
SVN: -------            v.         (                   ) $Id$
SVN: -------            v.         (                   ) $Id$
SVN: -------            v.         (                   ) $Id$
SVN: -------            v.         (                   ) $Id$
SVN: -------            v.         (                   ) $Id$
SVN: -------            v.         (                   ) $Id$
SVN: -------            v.         (                   ) $Id$
SVN: -------            v.         (                   ) $Id$
SVN: -------            v.         (                   ) $Id$
SVN: -------            v.         (                   ) $Id$
SVN: -------            v.         (                   ) $Id$
SVN: -------            v.         (                   ) $Id$
SVN: -------            v.         (                   ) $Id$
SVN: -------            v.         (                   ) $Id$
SVN: -------            v.         (                   ) $Id$
SVN: -------            v.         (                   ) $Id$
SVN: -------            v.         (                   ) $Id$
SVN: -------            v.         (                   ) $Id$
SVN: -------            v.         (                   ) $Id$
SVN: -------            v.         (                   ) $Id$
SVN: -------            v.         (                   ) $Id$
 The verbose level is ip=          14  (ldebug= F )
 This is a 1-D run
 nxgrid, nygrid, nzgrid=        4000           1           1
 Lx, Ly, Lz=   1.00000000       1.00000000       1.00000000    
       Vbox=   1.00000000    
 rsnap: read snapshot var.dat in    0.0000000000000000       seconds
 setup_slices: slice_position = p
 setup_slices: ix_loc,iy_loc,iz_loc, (video files) = 4 4 4                                                                           
 units_general: unit_velocity=   97781.229948950713     
 units_general: unit_density=   1.6737236000000002E-024
 units_general: unit_length=   3.0856775800000002E+021
 units_general: unit_magnetic=   4.4843790064030054E-007
 units_eos: unit_temperature=   68.996576501564562     
 units_eos: cp, lnTT0, cs0, pp0, Rgas=   1.50000000       1.19209282E-07   1.00000000      0.600000083      0.600000024    
 alpha_fine =   7.2973525643000000E-003
 sigma_Thomson_cgs =   6.6524587321600003E-025
 diffusion: shock diffusion
WARNING:  initialize_density: set lgamma_is_1=F if gamma/=1 with entropy!
 initialize_density: no need to read initial stratification for lanti_shockdiffusion=F.
 select_eos_variable: Using rho and ss
 initialize_energy: nheatc_max,iheatcond=           4 shock                                   nothing                                 nothing                                 nothing                                 
 heat conduction: shock
 viscous force: nu_shock*(XXXXXXXXXXX)
 pencil_consistency_check: checking pencil case
 pencil_consistency_check: checking requested pencils
 pencil_consistency_check: performing small pencil check
 pencil_consistency_check: the small pencil check reported no problems
 pencil_consistency_check: checking dependence on pencil initialization
 pencil_consistency_check: results are independent of pencil initialization
 pencil_consistency_check: checking diagnostics pencils
 pencil_consistency_check: performing small pencil check
 pencil_consistency_check: the small pencil check reported no problems
 pencil_consistency_check: set lpencil_check_diagnos_opti=T in run.in to report
 pencil_consistency_check: optimisation possibilities for diagnostics pencils
 pencil_consistency_check: checking dependence on pencil initialization
 pencil_consistency_check: diagnostics are independent of pencil initialization
 pencil_consistency_check: all tests passed
 pde: ENTER
SVN: -------            v.         (                   ) $Id$
 calc_pencils_energy: max(advec_cs2) =   1.07003314E+12
 duu_dt: SOLVE
Bcs for         ux,  x: <       a>, y: <       p>,  z: <       p>
Bcs for         uy,  x: <       s>, y: <       p>,  z: <       p>
Bcs for         uz,  x: <       s>, y: <       p>,  z: <       p>
 duu_dt: max(advec_uu) =   0.00000000    
 dlnrho_dt: SOLVE
Bcs for      lnrho,  x: <       s>, y: <       p>,  z: <       p>
 dlnrho_dt: diffrho_shock=  0.500000000    
 dlnrho_dt: max(diffus_diffrho ) =   0.00000000    
 dlnrho_dt: max(diffus_diffrho3) =   0.00000000    
 denergy_dt: SOLVE denergy_dt
Bcs for         ss,  x: <       s>, y: <       p>,  z: <       p>
 denergy_dt: lnTT,cs2,cp1=   11.1111116       66910.5312       1.17283905    
 calc_heatcond_shock: use shock diffusion
 calc_heatcond_shock: chi_shock=  0.500000000    
 calc_heatcond_shock: added thdiff

 ---it--------t-----------dt---------umax--------ekin--------ethm-------TTmax--------epsK-----visc_heatm----pdivum-------ruxm-------rhomin------rhomax-------ssm-----
      0   0.0000E+00  4.8336E-09  0.0000E+00  0.0000E+00  2.9153E+04  6.6911E+04  0.0000E+00  0.0000E+00  0.0000E+00  0.0000E+00  2.5000E-02  1.0000E+00  9.0000E+00
   1000   4.8336E-06  4.8336E-09  1.6508E+01  1.0464E+00  2.9152E+04  6.6911E+04  8.9627E+00  3.7317E+01  4.3198E+05  1.9396E-01  2.5000E-02  1.0000E+00  9.0000E+00
   2000   9.6672E-06  4.8336E-09  3.2826E+01  4.1578E+00  2.9148E+04  6.6911E+04  1.2154E+02  5.0710E+02  8.5266E+05  3.8792E-01  2.5000E-02  1.0000E+00  9.0001E+00
   3000   1.4496E-05  4.8106E-09  4.8777E+01  9.2500E+00  2.9143E+04  6.6911E+04  5.6156E+02  2.3485E+03  1.2522E+06  5.8169E-01  2.5000E-02  1.0000E+00  9.0003E+00
   4000   1.9235E-05  4.4500E-09  6.3987E+01  1.6060E+01  2.9136E+04  6.6911E+04  1.6417E+03  6.8819E+03  1.6171E+06  7.7183E-01  2.5000E-02  1.0000E+00  9.0006E+00
   5000   2.3117E-05  3.4145E-09  7.6076E+01  2.2881E+01  2.9129E+04  6.6911E+04  3.3032E+03  1.3871E+04  1.8929E+06  9.2760E-01  2.5000E-02  1.0000E+00  9.0009E+00
   6000   2.6205E-05  2.8094E-09  8.5334E+01  2.9046E+01  2.9123E+04  6.6911E+04  5.3231E+03  2.2385E+04  2.0964E+06  1.0515E+00  2.5000E-02  1.0000E+00  9.0012E+00
   7000   2.8806E-05  2.4177E-09  9.3102E+01  3.4711E+01  2.9117E+04  6.6911E+04  7.6192E+03  3.2101E+04  2.2565E+06  1.1559E+00  2.5000E-02  1.0000E+00  9.0014E+00
   8000   3.1077E-05  2.1379E-09  9.9743E+01  3.9987E+01  2.9111E+04  6.6911E+04  1.0140E+04  4.2820E+04  2.3879E+06  1.2470E+00  2.5000E-02  1.0000E+00  9.0017E+00
   9000   3.3105E-05  1.9269E-09  1.0558E+02  4.4946E+01  2.9106E+04  6.6911E+04  1.2855E+04  5.4408E+04  2.4988E+06  1.3284E+00  2.5000E-02  1.0000E+00  9.0019E+00
  10000   3.4946E-05  1.7603E-09  1.1064E+02  4.9635E+01  2.9101E+04  6.6911E+04  1.5737E+04  6.6758E+04  2.5943E+06  1.4023E+00  2.5000E-02  1.0000E+00  9.0022E+00
  11000   3.6637E-05  1.6261E-09  1.1519E+02  5.4094E+01  2.9096E+04  6.6911E+04  1.8764E+04  7.9781E+04  2.6776E+06  1.4701E+00  2.5000E-02  1.0000E+00  9.0024E+00
  12000   3.8206E-05  1.5161E-09  1.1943E+02  5.8355E+01  2.9092E+04  6.6911E+04  2.1913E+04  9.3400E+04  2.7514E+06  1.5331E+00  2.5000E-02  1.0000E+00  9.0027E+00
  13000   3.9674E-05  1.4237E-09  1.2327E+02  6.2445E+01  2.9087E+04  6.6911E+04  2.5168E+04  1.0755E+05  2.8174E+06  1.5920E+00  2.5000E-02  1.0000E+00  9.0029E+00
  14000   4.1057E-05  1.3450E-09  1.2680E+02  6.6384E+01  2.9083E+04  6.6911E+04  2.8510E+04  1.2217E+05  2.8769E+06  1.6475E+00  2.5000E-02  1.0000E+00  9.0031E+00
  15000   4.2367E-05  1.2767E-09  1.3004E+02  7.0189E+01  2.9079E+04  6.6911E+04  3.1925E+04  1.3721E+05  2.9310E+06  1.7000E+00  2.5000E-02  1.0000E+00  9.0034E+00
  16000   4.3613E-05  1.2169E-09  1.3306E+02  7.3874E+01  2.9075E+04  6.6911E+04  3.5403E+04  1.5263E+05  2.9804E+06  1.7500E+00  2.5000E-02  1.0000E+00  9.0036E+00
  17000   4.4803E-05  1.1638E-09  1.3579E+02  7.7449E+01  2.9071E+04  6.6911E+04  3.8941E+04  1.6841E+05  3.0258E+06  1.7978E+00  2.5000E-02  1.0000E+00  9.0038E+00
  18000   4.5943E-05  1.1169E-09  1.3860E+02  8.0925E+01  2.9068E+04  6.6911E+04  4.2525E+04  1.8452E+05  3.0678E+06  1.8435E+00  2.5000E-02  1.0000E+00  9.0041E+00
  19000   4.7038E-05  1.0746E-09  1.4118E+02  8.4308E+01  2.9064E+04  6.6911E+04  4.6149E+04  2.0090E+05  3.1066E+06  1.8875E+00  2.5000E-02  1.0000E+00  9.0043E+00
  20000   4.8094E-05  1.0367E-09  1.4360E+02  8.7608E+01  2.9060E+04  6.6911E+04  4.9799E+04  2.1753E+05  3.1427E+06  1.9298E+00  2.5000E-02  1.0000E+00  9.0046E+00
  21000   4.9113E-05  1.0019E-09  1.4594E+02  9.0829E+01  2.9057E+04  6.6911E+04  5.3470E+04  2.3437E+05  3.1764E+06  1.9707E+00  2.5000E-02  1.0000E+00  9.0048E+00
  22000   5.0099E-05  9.7087E-10  1.4817E+02  9.3977E+01  2.9053E+04  6.6911E+04  5.7156E+04  2.5141E+05  3.2079E+06  2.0103E+00  2.5000E-02  1.0000E+00  9.0050E+00
  23000   5.1055E-05  9.4168E-10  1.5028E+02  9.7059E+01  2.9050E+04  6.6911E+04  6.0852E+04  2.6862E+05  3.2375E+06  2.0486E+00  2.5000E-02  1.0000E+00  9.0053E+00
  24000   5.1983E-05  9.1511E-10  1.5224E+02  1.0008E+02  2.9047E+04  6.6911E+04  6.4556E+04  2.8599E+05  3.2654E+06  2.0859E+00  2.5000E-02  1.0000E+00  9.0055E+00
  25000   5.2886E-05  8.9071E-10  1.5416E+02  1.0304E+02  2.9044E+04  6.6911E+04  6.8261E+04  3.0350E+05  3.2916E+06  2.1221E+00  2.5000E-02  1.0000E+00  9.0057E+00
  26000   5.3765E-05  8.6835E-10  1.5595E+02  1.0595E+02  2.9041E+04  6.6911E+04  7.1966E+04  3.2113E+05  3.3163E+06  2.1574E+00  2.5000E-02  1.0000E+00  9.0060E+00
  27000   5.4623E-05  8.4706E-10  1.5763E+02  1.0880E+02  2.9037E+04  6.6911E+04  7.5666E+04  3.3887E+05  3.3397E+06  2.1918E+00  2.5000E-02  1.0000E+00  9.0062E+00
  28000   5.5460E-05  8.2740E-10  1.5924E+02  1.1161E+02  2.9034E+04  6.6911E+04  7.9359E+04  3.5670E+05  3.3620E+06  2.2254E+00  2.5000E-02  1.0000E+00  9.0065E+00
  29000   5.6278E-05  8.0946E-10  1.6079E+02  1.1437E+02  2.9031E+04  6.6911E+04  8.3036E+04  3.7460E+05  3.3831E+06  2.2582E+00  2.5000E-02  1.0000E+00  9.0067E+00
  30000   5.7079E-05  7.9226E-10  1.6229E+02  1.1708E+02  2.9028E+04  6.6911E+04  8.6686E+04  3.9253E+05  3.4032E+06  2.2903E+00  2.5000E-02  1.0000E+00  9.0069E+00
  31000   5.7863E-05  7.7627E-10  1.6376E+02  1.1976E+02  2.9025E+04  6.6911E+04  9.0310E+04  4.1047E+05  3.4224E+06  2.3218E+00  2.5000E-02  1.0000E+00  9.0072E+00
  32000   5.8632E-05  7.6150E-10  1.6524E+02  1.2240E+02  2.9023E+04  6.6911E+04  9.3897E+04  4.2841E+05  3.4407E+06  2.3527E+00  2.5000E-02  1.0000E+00  9.0074E+00
  33000   5.9387E-05  7.4758E-10  1.6670E+02  1.2500E+02  2.9020E+04  6.6911E+04  9.7450E+04  4.4633E+05  3.4581E+06  2.3829E+00  2.5000E-02  1.0000E+00  9.0077E+00
  34000   6.0127E-05  7.3415E-10  1.6817E+02  1.2757E+02  2.9017E+04  6.6911E+04  1.0097E+05  4.6422E+05  3.4748E+06  2.4127E+00  2.5000E-02  1.0000E+00  9.0079E+00
  35000   6.0855E-05  7.2181E-10  1.6959E+02  1.3011E+02  2.9014E+04  6.6911E+04  1.0445E+05  4.8209E+05  3.4908E+06  2.4419E+00  2.5000E-02  1.0000E+00  9.0082E+00
  36000   6.1571E-05  7.1007E-10  1.7098E+02  1.3262E+02  2.9011E+04  6.6911E+04  1.0791E+05  4.9993E+05  3.5061E+06  2.4706E+00  2.5000E-02  1.0000E+00  9.0084E+00
  37000   6.2276E-05  6.9873E-10  1.7225E+02  1.3509E+02  2.9009E+04  6.6911E+04  1.1132E+05  5.1774E+05  3.5208E+06  2.4988E+00  2.5000E-02  1.0000E+00  9.0087E+00
  38000   6.2969E-05  6.8839E-10  1.7354E+02  1.3754E+02  2.9006E+04  6.6911E+04  1.1470E+05  5.3549E+05  3.5348E+06  2.5267E+00  2.5000E-02  1.0000E+00  9.0089E+00
  39000   6.3653E-05  6.7852E-10  1.7471E+02  1.3996E+02  2.9003E+04  6.6911E+04  1.1805E+05  5.5319E+05  3.5484E+06  2.5541E+00  2.5000E-02  1.0000E+00  9.0092E+00
  40000   6.4326E-05  6.6902E-10  1.7582E+02  1.4236E+02  2.9001E+04  6.6911E+04  1.2135E+05  5.7080E+05  3.5614E+06  2.5811E+00  2.5000E-02  1.0000E+00  9.0094E+00
  41000   6.4991E-05  6.6043E-10  1.7694E+02  1.4473E+02  2.8998E+04  6.6911E+04  1.2462E+05  5.8836E+05  3.5739E+06  2.6078E+00  2.5000E-02  1.0000E+00  9.0097E+00
  42000   6.5647E-05  6.5176E-10  1.7807E+02  1.4708E+02  2.8995E+04  6.6911E+04  1.2784E+05  6.0583E+05  3.5860E+06  2.6341E+00  2.5000E-02  1.0000E+00  9.0099E+00
  43000   6.6295E-05  6.4351E-10  1.7913E+02  1.4941E+02  2.8993E+04  6.6911E+04  1.3103E+05  6.2323E+05  3.5977E+06  2.6601E+00  2.5000E-02  1.0000E+00  9.0102E+00
  44000   6.6934E-05  6.3588E-10  1.8013E+02  1.5172E+02  2.8990E+04  6.6911E+04  1.3416E+05  6.4051E+05  3.6090E+06  2.6857E+00  2.5000E-02  1.0000E+00  9.0104E+00
  45000   6.7566E-05  6.2822E-10  1.8120E+02  1.5400E+02  2.8988E+04  6.6911E+04  1.3726E+05  6.5769E+05  3.6199E+06  2.7111E+00  2.5000E-02  1.0000E+00  9.0107E+00
  46000   6.8191E-05  6.2121E-10  1.8212E+02  1.5627E+02  2.8985E+04  6.6911E+04  1.4030E+05  6.7477E+05  3.6304E+06  2.7362E+00  2.5000E-02  1.0000E+00  9.0110E+00
  47000   6.8809E-05  6.1415E-10  1.8305E+02  1.5852E+02  2.8983E+04  6.6911E+04  1.4330E+05  6.9173E+05  3.6406E+06  2.7609E+00  2.5000E-02  1.0000E+00  9.0112E+00
  48000   6.9420E-05  6.0755E-10  1.8395E+02  1.6075E+02  2.8980E+04  6.6911E+04  1.4626E+05  7.0858E+05  3.6505E+06  2.7855E+00  2.5000E-02  1.0000E+00  9.0115E+00
  49000   7.0024E-05  6.0116E-10  1.8479E+02  1.6296E+02  2.8978E+04  6.6911E+04  1.4916E+05  7.2530E+05  3.6601E+06  2.8097E+00  2.5000E-02  1.0000E+00  9.0117E+00
  50000   7.0622E-05  5.9507E-10  1.8568E+02  1.6515E+02  2.8975E+04  6.6911E+04  1.5203E+05  7.4190E+05  3.6693E+06  2.8337E+00  2.5000E-02  1.0000E+00  9.0120E+00
  51000   7.1214E-05  5.8941E-10  1.8654E+02  1.6733E+02  2.8973E+04  6.6911E+04  1.5484E+05  7.5837E+05  3.6783E+06  2.8575E+00  2.5000E-02  1.0000E+00  9.0123E+00
  52000   7.1801E-05  5.8341E-10  1.8731E+02  1.6949E+02  2.8970E+04  6.6911E+04  1.5761E+05  7.7472E+05  3.6870E+06  2.8810E+00  2.5000E-02  1.0000E+00  9.0125E+00
  53000   7.2381E-05  5.7821E-10  1.8814E+02  1.7164E+02  2.8968E+04  6.6911E+04  1.6035E+05  7.9097E+05  3.6954E+06  2.9043E+00  2.5000E-02  1.0000E+00  9.0128E+00
  54000   7.2957E-05  5.7278E-10  1.8884E+02  1.7377E+02  2.8966E+04  6.6911E+04  1.6305E+05  8.0712E+05  3.7036E+06  2.9274E+00  2.5000E-02  1.0000E+00  9.0131E+00
  55000   7.3527E-05  5.6785E-10  1.8959E+02  1.7589E+02  2.8963E+04  6.6911E+04  1.6571E+05  8.2317E+05  3.7115E+06  2.9502E+00  2.5000E-02  1.0000E+00  9.0133E+00
  56000   7.4092E-05  5.6315E-10  1.9041E+02  1.7800E+02  2.8961E+04  6.6911E+04  1.6834E+05  8.3913E+05  3.7193E+06  2.9729E+00  2.5000E-02  1.0000E+00  9.0136E+00
  57000   7.4653E-05  5.5845E-10  1.9126E+02  1.8009E+02  2.8959E+04  6.6911E+04  1.7093E+05  8.5497E+05  3.7268E+06  2.9954E+00  2.5000E-02  1.0000E+00  9.0138E+00
  58000   7.5210E-05  5.5405E-10  1.9204E+02  1.8217E+02  2.8956E+04  6.6911E+04  1.7348E+05  8.7071E+05  3.7341E+06  3.0178E+00  2.5000E-02  1.0000E+00  9.0141E+00
  59000   7.5761E-05  5.4958E-10  1.9280E+02  1.8424E+02  2.8954E+04  6.6911E+04  1.7598E+05  8.8636E+05  3.7411E+06  3.0399E+00  2.5000E-02  1.0000E+00  9.0144E+00
  60000   7.6309E-05  5.4556E-10  1.9346E+02  1.8629E+02  2.8952E+04  6.6911E+04  1.7845E+05  9.0191E+05  3.7481E+06  3.0619E+00  2.5000E-02  1.0000E+00  9.0147E+00
  61000   7.6852E-05  5.4129E-10  1.9418E+02  1.8833E+02  2.8949E+04  6.6911E+04  1.8087E+05  9.1735E+05  3.7549E+06  3.0837E+00  2.5000E-02  1.0000E+00  9.0149E+00
  62000   7.7392E-05  5.3759E-10  1.9477E+02  1.9037E+02  2.8947E+04  6.6911E+04  1.8326E+05  9.3270E+05  3.7615E+06  3.1053E+00  2.5000E-02  1.0000E+00  9.0152E+00
  63000   7.7927E-05  5.3353E-10  1.9548E+02  1.9239E+02  2.8945E+04  6.6911E+04  1.8560E+05  9.4795E+05  3.7679E+06  3.1268E+00  2.5000E-02  1.0000E+00  9.0155E+00
  64000   7.8459E-05  5.2995E-10  1.9623E+02  1.9440E+02  2.8943E+04  6.6911E+04  1.8790E+05  9.6309E+05  3.7741E+06  3.1481E+00  2.5000E-02  1.0000E+00  9.0157E+00
  65000   7.8987E-05  5.2608E-10  1.9693E+02  1.9640E+02  2.8940E+04  6.6911E+04  1.9015E+05  9.7809E+05  3.7801E+06  3.1693E+00  2.5000E-02  1.0000E+00  9.0160E+00
  66000   7.9511E-05  5.2259E-10  1.9769E+02  1.9839E+02  2.8938E+04  6.6911E+04  1.9236E+05  9.9300E+05  3.7862E+06  3.1903E+00  2.5000E-02  1.0000E+00  9.0163E+00
  67000   8.0032E-05  5.1907E-10  1.9838E+02  2.0037E+02  2.8936E+04  6.6911E+04  1.9451E+05  1.0078E+06  3.7921E+06  3.2112E+00  2.5000E-02  1.0000E+00  9.0165E+00
  68000   8.0550E-05  5.1569E-10  1.9913E+02  2.0234E+02  2.8934E+04  6.6911E+04  1.9661E+05  1.0224E+06  3.7978E+06  3.2320E+00  2.5000E-02  1.0000E+00  9.0168E+00
  69000   8.1063E-05  5.1217E-10  1.9979E+02  2.0429E+02  2.8932E+04  6.6911E+04  1.9866E+05  1.0369E+06  3.8035E+06  3.2526E+00  2.5000E-02  1.0000E+00  9.0171E+00
  70000   8.1574E-05  5.0895E-10  2.0053E+02  2.0625E+02  2.8929E+04  6.6911E+04  2.0065E+05  1.0513E+06  3.8089E+06  3.2731E+00  2.5000E-02  1.0000E+00  9.0173E+00
  71000   8.2081E-05  5.0570E-10  2.0118E+02  2.0819E+02  2.8927E+04  6.6911E+04  2.0259E+05  1.0655E+06  3.8143E+06  3.2934E+00  2.5000E-02  1.0000E+00  9.0176E+00
  72000   8.2586E-05  5.0261E-10  2.0188E+02  2.1012E+02  2.8925E+04  6.6911E+04  2.0448E+05  1.0796E+06  3.8195E+06  3.3137E+00  2.5000E-02  1.0000E+00  9.0179E+00
  73000   8.3087E-05  4.9955E-10  2.0251E+02  2.1204E+02  2.8923E+04  6.6911E+04  2.0632E+05  1.0935E+06  3.8247E+06  3.3338E+00  2.5000E-02  1.0000E+00  9.0181E+00
  74000   8.3585E-05  4.9658E-10  2.0315E+02  2.1395E+02  2.8921E+04  6.6911E+04  2.0812E+05  1.1074E+06  3.8298E+06  3.3537E+00  2.5000E-02  1.0000E+00  9.0184E+00
  75000   8.4080E-05  4.9369E-10  2.0375E+02  2.1586E+02  2.8919E+04  6.6911E+04  2.0988E+05  1.1211E+06  3.8347E+06  3.3736E+00  2.5000E-02  1.0000E+00  9.0187E+00
  76000   8.4572E-05  4.9086E-10  2.0434E+02  2.1775E+02  2.8917E+04  6.6911E+04  2.1160E+05  1.1347E+06  3.8395E+06  3.3934E+00  2.5000E-02  1.0000E+00  9.0189E+00
  77000   8.5062E-05  4.8816E-10  2.0487E+02  2.1964E+02  2.8914E+04  6.6911E+04  2.1328E+05  1.1482E+06  3.8442E+06  3.4130E+00  2.5000E-02  1.0000E+00  9.0192E+00
  78000   8.5549E-05  4.8557E-10  2.0537E+02  2.2152E+02  2.8912E+04  6.6911E+04  2.1493E+05  1.1615E+06  3.8488E+06  3.4325E+00  2.5000E-02  1.0000E+00  9.0195E+00
  79000   8.6033E-05  4.8312E-10  2.0593E+02  2.2340E+02  2.8910E+04  6.6911E+04  2.1656E+05  1.1748E+06  3.8534E+06  3.4519E+00  2.5000E-02  1.0000E+00  9.0198E+00
  80000   8.6515E-05  4.8065E-10  2.0648E+02  2.2526E+02  2.8908E+04  6.6911E+04  2.1816E+05  1.1880E+06  3.8579E+06  3.4713E+00  2.5000E-02  1.0000E+00  9.0200E+00
  81000   8.6994E-05  4.7844E-10  2.0701E+02  2.2712E+02  2.8906E+04  6.6911E+04  2.1974E+05  1.2011E+06  3.8622E+06  3.4905E+00  2.5000E-02  1.0000E+00  9.0203E+00
  82000   8.7471E-05  4.7600E-10  2.0761E+02  2.2897E+02  2.8904E+04  6.6911E+04  2.2129E+05  1.2142E+06  3.8665E+06  3.5096E+00  2.5000E-02  1.0000E+00  9.0206E+00
  83000   8.7946E-05  4.7404E-10  2.0803E+02  2.3082E+02  2.8902E+04  6.6911E+04  2.2283E+05  1.2271E+06  3.8706E+06  3.5287E+00  2.5000E-02  1.0000E+00  9.0208E+00
  84000   8.8419E-05  4.7165E-10  2.0865E+02  2.3266E+02  2.8900E+04  6.6911E+04  2.2435E+05  1.2400E+06  3.8747E+06  3.5476E+00  2.5000E-02  1.0000E+00  9.0211E+00
  85000   8.8890E-05  4.6984E-10  2.0908E+02  2.3449E+02  2.8898E+04  6.6911E+04  2.2584E+05  1.2529E+06  3.8788E+06  3.5665E+00  2.5000E-02  1.0000E+00  9.0214E+00
  86000   8.9359E-05  4.6763E-10  2.0962E+02  2.3632E+02  2.8895E+04  6.6911E+04  2.2734E+05  1.2657E+06  3.8828E+06  3.5853E+00  2.5000E-02  1.0000E+00  9.0216E+00
  87000   8.9825E-05  4.6587E-10  2.1008E+02  2.3814E+02  2.8893E+04  6.6911E+04  2.2881E+05  1.2785E+06  3.8867E+06  3.6040E+00  2.5000E-02  1.0000E+00  9.0219E+00
  88000   9.0290E-05  4.6376E-10  2.1054E+02  2.3996E+02  2.8891E+04  6.6911E+04  2.3027E+05  1.2912E+06  3.8905E+06  3.6227E+00  2.5000E-02  1.0000E+00  9.0222E+00
  89000   9.0753E-05  4.6200E-10  2.1105E+02  2.4177E+02  2.8889E+04  6.6911E+04  2.3173E+05  1.3039E+06  3.8943E+06  3.6412E+00  2.5000E-02  1.0000E+00  9.0225E+00
  90000   9.1214E-05  4.6005E-10  2.1143E+02  2.4358E+02  2.8887E+04  6.6911E+04  2.3317E+05  1.3166E+06  3.8980E+06  3.6597E+00  2.5000E-02  1.0000E+00  9.0227E+00
  91000   9.1673E-05  4.5833E-10  2.1199E+02  2.4538E+02  2.8885E+04  6.6911E+04  2.3461E+05  1.3293E+06  3.9017E+06  3.6781E+00  2.5000E-02  1.0000E+00  9.0230E+00
  92000   9.2131E-05  4.5649E-10  2.1232E+02  2.4717E+02  2.8883E+04  6.6911E+04  2.3602E+05  1.3420E+06  3.9053E+06  3.6965E+00  2.5000E-02  1.0000E+00  9.0233E+00
slurmstepd: error: *** STEP 5293235.1 ON c1108 CANCELLED AT 2025-10-20T23:58:24 DUE TO TIME LIMIT ***
